Generating 21-mers
...

All 21-mers generated!

Wed Jan 30 17:19:51 2019: Highest coverage kmer is: GTTGAGGAGATGCTGGCATGA, with worth: 1190 and coverage: 1190
Wed Jan 30 17:20:35 2019: Highest coverage kmer is: AAAAAAGTTGAGGAGGTGCTC, with worth: 897 and coverage: 897
Wed Jan 30 17:21:11 2019: Highest coverage kmer is: AAACCATGGCGTCAAAAAGGA, with worth: 475 and coverage: 475
Wed Jan 30 17:21:37 2019: Highest coverage kmer is: GCCGCGCGACTACAGCCAGCG, with worth: 469 and coverage: 469
Wed Jan 30 17:22:23 2019: Highest coverage kmer is: AGAAGGGCACCGGCCGCGCCC, with worth: 278 and coverage: 324
Wed Jan 30 17:22:46 2019: Highest coverage kmer is: TTCGAGGAGCTGCTGGGATGA, with worth: 268 and coverage: 268
Wed Jan 30 17:23:19 2019: Highest coverage kmer is: AACGAAGCTCTTGTACACCAA, with worth: 248 and coverage: 293
Wed Jan 30 17:23:38 2019: Highest coverage kmer is: AAGGGTACGGGCCGCGCTCGT, with worth: 212 and coverage: 212
Wed Jan 30 17:24:15 2019: Highest coverage kmer is: CAGCGCACCCCCAAGAAGATG, with worth: 186 and coverage: 251
Wed Jan 30 17:24:50 2019: Highest coverage kmer is: AAACCATGGCGTCAAAAAGGT, with worth: 161 and coverage: 165
Wed Jan 30 17:25:12 2019: Highest coverage kmer is: TCAACAAGAAGATGTACCGCG, with worth: 112 and coverage: 169
Wed Jan 30 17:25:44 2019: Highest coverage kmer is: ACCCCGAAGAAGATGAAGGCC, with worth: 87 and coverage: 199
Wed Jan 30 17:26:08 2019: Highest coverage kmer is: AAACCTTGGAGACAAAAAGGT, with worth: 78 and coverage: 78
Wed Jan 30 17:26:36 2019: Highest coverage kmer is: AAGATGTACAAGCAGAAGGGT, with worth: 74 and coverage: 192
Wed Jan 30 17:27:02 2019: Highest coverage kmer is: AAAACCTTGGCGTCAAAAAGG, with worth: 71 and coverage: 71
Wed Jan 30 17:27:29 2019: Highest coverage kmer is: GTACAAGCAGAAGGGCACCGG, with worth: 70 and coverage: 100
Wed Jan 30 17:27:43 2019: Highest coverage kmer is: AAGGCCATCGTTTTAGACAGC, with worth: 70 and coverage: 70
Wed Jan 30 17:28:00 2019: Highest coverage kmer is: GTAGAGGAGGTGCTTGCATAA, with worth: 66 and coverage: 164
Wed Jan 30 17:28:19 2019: Highest coverage kmer is: GAAGCCGTGGCGCCAGAAGGG, with worth: 66 and coverage: 153
Wed Jan 30 17:28:32 2019: Highest coverage kmer is: AAAGCACAGAAGTATTCTAAA, with worth: 65 and coverage: 65
Wed Jan 30 17:28:48 2019: Highest coverage kmer is: GTCGAGGAGTGGCTGGCATGA, with worth: 59 and coverage: 59
Wed Jan 30 17:29:04 2019: Highest coverage kmer is: ACAAAAAGGAACAGGTAGAGC, with worth: 58 and coverage: 58
Wed Jan 30 17:29:31 2019: Highest coverage kmer is: CCACAATGGCGTGGTGGTGGT, with worth: 57 and coverage: 301
Wed Jan 30 17:29:53 2019: Highest coverage kmer is: CTACTCGACCAAGAAGATCTA, with worth: 51 and coverage: 51
Wed Jan 30 17:30:12 2019: Highest coverage kmer is: CAGCGCACCCCGAAGAAGATG, with worth: 48 and coverage: 145
Wed Jan 30 17:30:26 2019: Highest coverage kmer is: AAGCCATGGCGCCAAAAAGGT, with worth: 48 and coverage: 49
Wed Jan 30 17:30:36 2019: Highest coverage kmer is: AAATAAAAATGTATATTTGTC, with worth: 48 and coverage: 48
Wed Jan 30 17:30:50 2019: Highest coverage kmer is: GCCGCGTGACTACAGCCAGCG, with worth: 46 and coverage: 96
Wed Jan 30 17:31:00 2019: Highest coverage kmer is: ATCGAGGAGGTGTACGCATAA, with worth: 46 and coverage: 46
Wed Jan 30 17:31:12 2019: Highest coverage kmer is: AAAAAGTAAACCGTAAAATGT, with worth: 40 and coverage: 200
Wed Jan 30 17:31:19 2019: Highest coverage kmer is: AAATAAAAACGTATATTTGTC, with worth: 39 and coverage: 39
Wed Jan 30 17:31:26 2019: Highest coverage kmer is: AAGAAGTTCGGTCGCCAGAAG, with worth: 39 and coverage: 39
Wed Jan 30 17:31:38 2019: Highest coverage kmer is: GGTAAGAAGCCATGGCGTCAA, with worth: 38 and coverage: 38
Wed Jan 30 17:32:02 2019: Highest coverage kmer is: AAGCCGTACCGCCAGAAGGGC, with worth: 36 and coverage: 237
Wed Jan 30 17:32:27 2019: Highest coverage kmer is: AAACCTTGGAAACAAAAAGGT, with worth: 34 and coverage: 40
Wed Jan 30 17:32:51 2019: Highest coverage kmer is: AAGCCGTGGCGTCAGAAGGGT, with worth: 31 and coverage: 50
Wed Jan 30 17:33:14 2019: Highest coverage kmer is: ATTGAGGAGGTGTACGCATAA, with worth: 31 and coverage: 36
Wed Jan 30 17:33:25 2019: Highest coverage kmer is: AAAATTCAGGAGGTCTACAGT, with worth: 30 and coverage: 30
Wed Jan 30 17:33:41 2019: Highest coverage kmer is: GGTCGTGCTCGTCAAGGTTCT, with worth: 29 and coverage: 54
Wed Jan 30 17:33:56 2019: Highest coverage kmer is: ATTGAGGAGGTGCTTGCATAA, with worth: 28 and coverage: 161
Wed Jan 30 17:34:07 2019: Highest coverage kmer is: ACTAAAAAGCCTTTTAGACAA, with worth: 28 and coverage: 28
Wed Jan 30 17:34:19 2019: Highest coverage kmer is: GTTCAGAAGGTAGAGGAGGTG, with worth: 27 and coverage: 31
Wed Jan 30 17:34:30 2019: Highest coverage kmer is: ATTGAGGAGGTGTATGCATAA, with worth: 26 and coverage: 26
Wed Jan 30 17:34:38 2019: Highest coverage kmer is: AAATAATAATGTATATTTGTC, with worth: 25 and coverage: 25
Wed Jan 30 17:35:00 2019: Highest coverage kmer is: AAAGCCATGGCGTCAAAAAGG, with worth: 24 and coverage: 30
Wed Jan 30 17:35:22 2019: Highest coverage kmer is: CTAAGAAAATTGAGGTAGAAC, with worth: 23 and coverage: 203
Wed Jan 30 17:35:40 2019: Highest coverage kmer is: AATATGGAAGGCAAAGAAGTT, with worth: 23 and coverage: 29
Wed Jan 30 17:35:52 2019: Highest coverage kmer is: AGTATTAAATACATCAGGAAA, with worth: 23 and coverage: 23
Wed Jan 30 17:36:14 2019: Highest coverage kmer is: CCAGCTCAACACCTACGACGT, with worth: 21 and coverage: 138
Wed Jan 30 17:36:36 2019: Highest coverage kmer is: ATCCGTTCACCACAATGGCGT, with worth: 20 and coverage: 114
Wed Jan 30 17:36:57 2019: Highest coverage kmer is: AGAAGGTCAACCGCAAGATGT, with worth: 20 and coverage: 64
Wed Jan 30 17:37:12 2019: Highest coverage kmer is: TGAACAAGAAGATGTACCGCG, with worth: 19 and coverage: 71
Wed Jan 30 17:37:23 2019: Highest coverage kmer is: CGCCGACATCCTGCACCGCGT, with worth: 19 and coverage: 38
Wed Jan 30 17:37:33 2019: Highest coverage kmer is: CAGCGCACGCCCAAGAAGATG, with worth: 17 and coverage: 76
Wed Jan 30 17:37:39 2019: Highest coverage kmer is: AAAACTAAAACAGTATCAGAA, with worth: 17 and coverage: 17
Wed Jan 30 17:37:48 2019: Highest coverage kmer is: TCAACAAGAAGATGTATCGCG, with worth: 16 and coverage: 98
Wed Jan 30 17:37:55 2019: Highest coverage kmer is: CCGGCGGCGGCAAGAAGCCGT, with worth: 16 and coverage: 67
Wed Jan 30 17:38:02 2019: Highest coverage kmer is: ATGACATCCTCAAGCGTGACA, with worth: 16 and coverage: 34
Wed Jan 30 17:38:07 2019: Highest coverage kmer is: AAGAAAACCTTTCAAACAAAA, with worth: 16 and coverage: 16
Wed Jan 30 17:38:12 2019: Highest coverage kmer is: ACAGGTGCCAAGGTGCAACTT, with worth: 16 and coverage: 16
Wed Jan 30 17:38:21 2019: Highest coverage kmer is: GTAGAGGAGGTGCTCGCATAA, with worth: 15 and coverage: 72
Wed Jan 30 17:38:30 2019: Highest coverage kmer is: CAGCGCACCCCTAAGAAGATG, with worth: 15 and coverage: 27
Wed Jan 30 17:38:38 2019: Highest coverage kmer is: TAATAAAAAAATGTACAAACG, with worth: 15 and coverage: 16
Wed Jan 30 17:38:43 2019: Highest coverage kmer is: ACCCGCCGAAGGCCGAGAAGG, with worth: 15 and coverage: 15
Wed Jan 30 17:38:53 2019: Highest coverage kmer is: AAAGGAACTGGACGTGCTCGT, with worth: 14 and coverage: 193
Wed Jan 30 17:39:03 2019: Highest coverage kmer is: AAGCCTTGGAAACAAAAAGGT, with worth: 14 and coverage: 26
Wed Jan 30 17:39:17 2019: Highest coverage kmer is: AACGTCTATGACATCCTGAAG, with worth: 14 and coverage: 24
Wed Jan 30 17:39:34 2019: Highest coverage kmer is: GGCGGCGGCAAGAAGCCCTGG, with worth: 14 and coverage: 20
Wed Jan 30 17:39:45 2019: Highest coverage kmer is: CTCTTGAGGAGCGTTTTAAAT, with worth: 14 and coverage: 14
Wed Jan 30 17:40:03 2019: Highest coverage kmer is: TAAGCCATGGCGTCAAAAAGG, with worth: 13 and coverage: 155
Wed Jan 30 17:40:21 2019: Highest coverage kmer is: AGAAGGGCACCGGCCGTGCCC, with worth: 13 and coverage: 36
Wed Jan 30 17:40:33 2019: Highest coverage kmer is: CCGAACATCGACGTGCTGCCG, with worth: 13 and coverage: 23
Wed Jan 30 17:40:43 2019: Highest coverage kmer is: AAAACCATGGAGACAAAAAGG, with worth: 13 and coverage: 19
Wed Jan 30 17:40:55 2019: Highest coverage kmer is: AAAGCCTTGGAGACAAAAAGG, with worth: 13 and coverage: 18
Wed Jan 30 17:41:08 2019: Highest coverage kmer is: TTGGAAGCAAAAGGGTACTGG, with worth: 13 and coverage: 13
Wed Jan 30 17:41:26 2019: Highest coverage kmer is: CCGCAGTTCCGCGGCGGCGGC, with worth: 12 and coverage: 98
Wed Jan 30 17:41:43 2019: Highest coverage kmer is: AGAAGGGTACCGGCCGCGCTC, with worth: 12 and coverage: 46
Wed Jan 30 17:42:00 2019: Highest coverage kmer is: AAGCCTTGGAGACAAAAGGGT, with worth: 12 and coverage: 39
Wed Jan 30 17:42:17 2019: Highest coverage kmer is: AACGTCTACGACATCCTGAAG, with worth: 12 and coverage: 27
Wed Jan 30 17:42:34 2019: Highest coverage kmer is: AAAGTGAACCGTAAAATGTAC, with worth: 12 and coverage: 15
Wed Jan 30 17:42:51 2019: Highest coverage kmer is: GCGTCAAAAAGGCACAGGTCG, with worth: 12 and coverage: 13
Wed Jan 30 17:43:02 2019: Highest coverage kmer is: CGGTGCTCGTCGTGGTGATAT, with worth: 12 and coverage: 12
Wed Jan 30 17:43:19 2019: Highest coverage kmer is: GGCGTCAGAAGGGCACCGGTC, with worth: 11 and coverage: 59
Wed Jan 30 17:43:36 2019: Highest coverage kmer is: CAACGTCTACGACATCCTGCG, with worth: 11 and coverage: 30
Wed Jan 30 17:43:52 2019: Highest coverage kmer is: CGTAAGATTAAAAAACAAAAA, with worth: 11 and coverage: 26
Wed Jan 30 17:44:08 2019: Highest coverage kmer is: GATCACAGCCAAAAAGTTAAC, with worth: 11 and coverage: 21
Wed Jan 30 17:44:24 2019: Highest coverage kmer is: ATCGAGGAGTGGCTGGCATGA, with worth: 11 and coverage: 19
Wed Jan 30 17:44:36 2019: Highest coverage kmer is: AAAGCCTTGGAAGCAAAAAGG, with worth: 11 and coverage: 11
Wed Jan 30 17:44:45 2019: Highest coverage kmer is: AGATATTACAGGAAAAGATAC, with worth: 11 and coverage: 11
Wed Jan 30 17:45:01 2019: Highest coverage kmer is: ATGAAGAGCATTCTTTCTGAG, with worth: 10 and coverage: 91
Wed Jan 30 17:45:16 2019: Highest coverage kmer is: CAAGAAGATCTATCGCCAGAA, with worth: 10 and coverage: 39
Wed Jan 30 17:45:32 2019: Highest coverage kmer is: CGCCCGTCAGGGTTCGATCCG, with worth: 10 and coverage: 28
Wed Jan 30 17:45:47 2019: Highest coverage kmer is: ATCAGCTCAACACCTACGATG, with worth: 10 and coverage: 18
Wed Jan 30 17:46:02 2019: Highest coverage kmer is: AAATAATAACGTATATTTGTC, with worth: 9 and coverage: 10
Wed Jan 30 17:46:18 2019: Highest coverage kmer is: GAACAAGAAGATGTATCGCGC, with worth: 8 and coverage: 92
Wed Jan 30 17:46:33 2019: Highest coverage kmer is: AAGCCGTGGCGCCAGAAGGGC, with worth: 8 and coverage: 63
Wed Jan 30 17:46:48 2019: Highest coverage kmer is: ATGGCGCCAAAAAGGAACTGG, with worth: 8 and coverage: 32
Wed Jan 30 17:47:03 2019: Highest coverage kmer is: GCACCAAAGCCAAGAGATTAT, with worth: 8 and coverage: 20
Wed Jan 30 17:47:18 2019: Highest coverage kmer is: AAACAAAAAGGTACTGGTGGT, with worth: 8 and coverage: 16
Wed Jan 30 17:47:33 2019: Highest coverage kmer is: ACGTCGTGGTGATATCAACTC, with worth: 8 and coverage: 13
Wed Jan 30 17:47:47 2019: Highest coverage kmer is: AACAAGCTGCTTTAAGACAAG, with worth: 8 and coverage: 10
Wed Jan 30 17:47:54 2019: Highest coverage kmer is: AACTTCCAGCTATTTTTAATG, with worth: 8 and coverage: 8
Wed Jan 30 17:48:09 2019: Highest coverage kmer is: TAAACCATGGCGTCAAAAAGG, with worth: 7 and coverage: 382
Wed Jan 30 17:48:23 2019: Highest coverage kmer is: CCAGCTGAACACCTACGACGT, with worth: 7 and coverage: 87
Wed Jan 30 17:48:38 2019: Highest coverage kmer is: TTCGAGGAGAAGCTGGCATGA, with worth: 7 and coverage: 18
Wed Jan 30 17:48:52 2019: Highest coverage kmer is: ATCGAGGAGATGCTGGGATGA, with worth: 7 and coverage: 17
Wed Jan 30 17:49:07 2019: Highest coverage kmer is: GGTGGTGGTCGTGTATTCGGT, with worth: 7 and coverage: 15
Wed Jan 30 17:49:21 2019: Highest coverage kmer is: AAATCAAAAGAAAGAAGCGAA, with worth: 7 and coverage: 14
Wed Jan 30 17:49:33 2019: Highest coverage kmer is: GAATAAAAATGTATATTTGTC, with worth: 7 and coverage: 10
Wed Jan 30 17:49:44 2019: Highest coverage kmer is: CGAGGAGGTGGCCGACCGATG, with worth: 7 and coverage: 9
Wed Jan 30 17:49:50 2019: Highest coverage kmer is: AAAGCCTTGGCGTCAAAAAGG, with worth: 7 and coverage: 7
Wed Jan 30 17:49:56 2019: Highest coverage kmer is: AACTTGAGGAGCAATGGGTAT, with worth: 7 and coverage: 7
Wed Jan 30 17:50:03 2019: Highest coverage kmer is: AAGCCTTATAGGCAGAAGCAT, with worth: 7 and coverage: 7
Wed Jan 30 17:50:09 2019: Highest coverage kmer is: ACCGCCCGGACCTGATCGCCC, with worth: 7 and coverage: 7
Wed Jan 30 17:50:16 2019: Highest coverage kmer is: CTACACCCTGCCCCGCAAGGT, with worth: 7 and coverage: 7
Wed Jan 30 17:50:22 2019: Highest coverage kmer is: CTGAAGGAGCGCCTGGCATGA, with worth: 7 and coverage: 7
Wed Jan 30 17:50:36 2019: Highest coverage kmer is: CAGGGCACGCACAAGACCAAG, with worth: 6 and coverage: 178
Wed Jan 30 17:50:49 2019: Highest coverage kmer is: AAACCTTGGCGTCAAAAAGGT, with worth: 6 and coverage: 70
Wed Jan 30 17:51:03 2019: Highest coverage kmer is: CTACAAGCAGAAGGGCACCGG, with worth: 6 and coverage: 46
Wed Jan 30 17:51:16 2019: Highest coverage kmer is: CTGGAGGCTCGCCTGAAATGA, with worth: 6 and coverage: 34
Wed Jan 30 17:51:29 2019: Highest coverage kmer is: CGGCGGTGGTAAGGCTCACGG, with worth: 6 and coverage: 30
Wed Jan 30 17:51:42 2019: Highest coverage kmer is: AACGTCTATGACATCCTGCGC, with worth: 6 and coverage: 26
Wed Jan 30 17:51:55 2019: Highest coverage kmer is: AAAGCCTTGGAGACAGAAGGG, with worth: 6 and coverage: 19
Wed Jan 30 17:52:08 2019: Highest coverage kmer is: CGACGACTTCGAGGACCTCGT, with worth: 6 and coverage: 13
Wed Jan 30 17:52:21 2019: Highest coverage kmer is: AAGAAAACCTTGGAGACAAAA, with worth: 6 and coverage: 11
Wed Jan 30 17:52:34 2019: Highest coverage kmer is: ACTCTTAACGAGAATATCTTC, with worth: 6 and coverage: 11
Wed Jan 30 17:52:47 2019: Highest coverage kmer is: ATCGAGGAGGTGTATGCATAA, with worth: 6 and coverage: 9
Wed Jan 30 17:52:59 2019: Highest coverage kmer is: CGTGCTGAAGTACGTGGTGGT, with worth: 6 and coverage: 9
Wed Jan 30 17:53:12 2019: Highest coverage kmer is: AAAGGTGGTGGTACCATCTTC, with worth: 6 and coverage: 8
Wed Jan 30 17:53:24 2019: Highest coverage kmer is: CAAACCCTGGCGGCAAAAAGG, with worth: 6 and coverage: 8
Wed Jan 30 17:53:33 2019: Highest coverage kmer is: GTGGTGGTGGTAAGAAGCCTT, with worth: 6 and coverage: 8
Wed Jan 30 17:53:43 2019: Highest coverage kmer is: AAGCCATGGAGACAAAAAGGT, with worth: 6 and coverage: 7
Wed Jan 30 17:53:49 2019: Highest coverage kmer is: GGTGGTGGTGCTAAGCCATGG, with worth: 6 and coverage: 7
Wed Jan 30 17:53:55 2019: Highest coverage kmer is: AAAGCACAGAAGTACTCAAAA, with worth: 6 and coverage: 6
Wed Jan 30 17:54:05 2019: Highest coverage kmer is: ACCAGCGCCAGGGTACGCACA, with worth: 6 and coverage: 6
Wed Jan 30 17:54:17 2019: Highest coverage kmer is: CAAAAAGGAACAGGTCGTGCT, with worth: 5 and coverage: 850
Wed Jan 30 17:54:30 2019: Highest coverage kmer is: TGGCGCCAGAAAGGCACCGGC, with worth: 5 and coverage: 542
Wed Jan 30 17:54:39 2019: Highest coverage kmer is: CAGCTCAACACCTATGACGTG, with worth: 5 and coverage: 391
Wed Jan 30 17:54:45 2019: Highest coverage kmer is: CAAAAAGGAACTGGTCGTGCT, with worth: 5 and coverage: 98
Wed Jan 30 17:54:52 2019: Highest coverage kmer is: CGCTCGTCAGGGCTCGATCCG, with worth: 5 and coverage: 54
Wed Jan 30 17:54:58 2019: Highest coverage kmer is: TCCGCAGTTCCGCGGCGGTGG, with worth: 5 and coverage: 46
Wed Jan 30 17:55:05 2019: Highest coverage kmer is: ATTGAGGAGATGCTGGCATGA, with worth: 5 and coverage: 28
Wed Jan 30 17:55:11 2019: Highest coverage kmer is: CAAACCTTGGCGGCAAAAAGG, with worth: 5 and coverage: 22
Wed Jan 30 17:55:18 2019: Highest coverage kmer is: AAAGCAGGGGAGGTGCTTGCA, with worth: 5 and coverage: 19
Wed Jan 30 17:55:24 2019: Highest coverage kmer is: AAACCATGGCGTCAAAAGGGT, with worth: 5 and coverage: 18
Wed Jan 30 17:55:30 2019: Highest coverage kmer is: GAAGCAGAAGGGCACCGGCCG, with worth: 5 and coverage: 16
Wed Jan 30 17:55:36 2019: Highest coverage kmer is: AAGCCATGGCGCCAAAAAGGC, with worth: 5 and coverage: 12
Wed Jan 30 17:55:42 2019: Highest coverage kmer is: CGGCAAGAAGCCTTGGCGTCA, with worth: 5 and coverage: 10
Wed Jan 30 17:55:48 2019: Highest coverage kmer is: AAGAAGATGTACAAGCAAAAG, with worth: 5 and coverage: 9
Wed Jan 30 17:55:54 2019: Highest coverage kmer is: ACCGCGTCGTCCGCTGGCAGC, with worth: 5 and coverage: 9
Wed Jan 30 17:56:00 2019: Highest coverage kmer is: GTGGTGGTGGTAAAAAACCAT, with worth: 5 and coverage: 9
Wed Jan 30 17:56:06 2019: Highest coverage kmer is: TCTTGAAGTTTCCGAAGCTAC, with worth: 5 and coverage: 9
Wed Jan 30 17:56:12 2019: Highest coverage kmer is: AAACCTTGAAAACAAAAAGGT, with worth: 5 and coverage: 8
Wed Jan 30 17:56:20 2019: Highest coverage kmer is: ACGAGATCTTCGGTCTCGAGC, with worth: 5 and coverage: 8
Wed Jan 30 17:56:32 2019: Highest coverage kmer is: GGACATCCTGCACCGCATGGT, with worth: 5 and coverage: 8
Wed Jan 30 17:56:40 2019: Highest coverage kmer is: GGTAGAGCTAGACAAGGTTCT, with worth: 5 and coverage: 8
Wed Jan 30 17:56:46 2019: Highest coverage kmer is: AAGGGCACCGGCAACGCACGT, with worth: 5 and coverage: 7
Wed Jan 30 17:56:51 2019: Highest coverage kmer is: CAAGCGCCGCGCCGGCACCCA, with worth: 5 and coverage: 7
Wed Jan 30 17:56:57 2019: Highest coverage kmer is: AACTGGTCGTGCCCGTCAAGG, with worth: 5 and coverage: 6
Wed Jan 30 17:57:03 2019: Highest coverage kmer is: CCTTGGAAACAAAAAGGAACC, with worth: 5 and coverage: 6
Wed Jan 30 17:57:05 2019: Highest coverage kmer is: AAAAATTGAGTATTTTGCATG, with worth: 5 and coverage: 5
Wed Jan 30 17:57:08 2019: Highest coverage kmer is: AACCATCCAGGAGGTCTACGG, with worth: 5 and coverage: 5
Wed Jan 30 17:57:10 2019: Highest coverage kmer is: AACCGTAAGGCTTACCGTGCT, with worth: 5 and coverage: 5
Wed Jan 30 17:57:13 2019: Highest coverage kmer is: ATGCCTAAAGTAGCTTTATAT, with worth: 5 and coverage: 5
Wed Jan 30 17:57:19 2019: Highest coverage kmer is: CTTGAGGAGCGTTTCAAATGA, with worth: 4 and coverage: 76
Wed Jan 30 17:57:24 2019: Highest coverage kmer is: AAAGTGGAGGAGGTGTACGCA, with worth: 4 and coverage: 50
Wed Jan 30 17:57:30 2019: Highest coverage kmer is: TCAGCTCAACACCTACGACGT, with worth: 4 and coverage: 45
Wed Jan 30 17:57:35 2019: Highest coverage kmer is: AAGCGGTGGTGGTAAAAAACC, with worth: 4 and coverage: 31
Wed Jan 30 17:57:46 2019: Highest coverage kmer is: GTTGTCGAGCCGCGTTACGCC, with worth: 4 and coverage: 28
Wed Jan 30 17:57:56 2019: Highest coverage kmer is: CCGTTCACCACAATGGGTTGG, with worth: 4 and coverage: 20
Wed Jan 30 17:58:06 2019: Highest coverage kmer is: AAAAAACAAAAAGGAACAGGT, with worth: 4 and coverage: 16
Wed Jan 30 17:58:16 2019: Highest coverage kmer is: GAAGCCGTTCCGTCAGAAGGG, with worth: 4 and coverage: 15
Wed Jan 30 17:58:26 2019: Highest coverage kmer is: AAAAGGGTACAGGTCGTGCTC, with worth: 4 and coverage: 12
Wed Jan 30 17:58:37 2019: Highest coverage kmer is: AAGTGGCAAAACAAAAGATGC, with worth: 4 and coverage: 12
Wed Jan 30 17:58:47 2019: Highest coverage kmer is: TGGAGACAGAAAGGAACAGGT, with worth: 4 and coverage: 11
Wed Jan 30 17:58:57 2019: Highest coverage kmer is: GTGGTGGCCGTGTATTCGGTC, with worth: 4 and coverage: 10
Wed Jan 30 17:59:06 2019: Highest coverage kmer is: AAAATCAACAAAAAACAAAAG, with worth: 4 and coverage: 9
Wed Jan 30 17:59:16 2019: Highest coverage kmer is: TAAGCCTTGGAGACAAAAAGG, with worth: 4 and coverage: 8
Wed Jan 30 17:59:26 2019: Highest coverage kmer is: TGGAGACAAAAAGGAACAGGA, with worth: 4 and coverage: 8
Wed Jan 30 17:59:36 2019: Highest coverage kmer is: AAGAAGCCTTGGCGTCAAAAA, with worth: 4 and coverage: 7
Wed Jan 30 17:59:46 2019: Highest coverage kmer is: AGAAGCTGAACAAGAAAATGT, with worth: 4 and coverage: 7
Wed Jan 30 17:59:56 2019: Highest coverage kmer is: CGGCGGCAAAAAGCCGTGGCG, with worth: 4 and coverage: 7
Wed Jan 30 18:00:05 2019: Highest coverage kmer is: AAAAGGGAACCGGTCGCGCTC, with worth: 4 and coverage: 6
Wed Jan 30 18:00:15 2019: Highest coverage kmer is: CAAGCCCTGGCGCCAGAAGGG, with worth: 4 and coverage: 6
Wed Jan 30 18:00:25 2019: Highest coverage kmer is: ACCCACAAGGTGAAGGGCATG, with worth: 4 and coverage: 5
Wed Jan 30 18:00:34 2019: Highest coverage kmer is: ATGGAAGTAATCGTATATAAC, with worth: 4 and coverage: 5
Wed Jan 30 18:00:42 2019: Highest coverage kmer is: CAAAGGCGAAGACACCGGCCG, with worth: 4 and coverage: 5
Wed Jan 30 18:00:52 2019: Highest coverage kmer is: GGAAGCAGAAGGGCACGGGCC, with worth: 4 and coverage: 5
Wed Jan 30 18:00:59 2019: Highest coverage kmer is: GGCGGCGGACGCAAGCCGTGG, with worth: 4 and coverage: 5
Wed Jan 30 18:01:08 2019: Highest coverage kmer is: GGTAGAAAACCTTGGAGACAA, with worth: 4 and coverage: 5
Wed Jan 30 18:01:12 2019: Highest coverage kmer is: AAAAACCATAGACCTTACAGG, with worth: 4 and coverage: 4
Wed Jan 30 18:01:17 2019: Highest coverage kmer is: ACCGGAAGAGCAAGACACGGT, with worth: 4 and coverage: 4
Wed Jan 30 18:01:21 2019: Highest coverage kmer is: AGTGCTATAGAGAGGCTTAGG, with worth: 4 and coverage: 4
Wed Jan 30 18:01:26 2019: Highest coverage kmer is: ATCAGAGACAAGGTACGCACA, with worth: 4 and coverage: 4
Wed Jan 30 18:01:34 2019: Highest coverage kmer is: CTCAAAAAGGTACTGGTAACG, with worth: 4 and coverage: 4
Wed Jan 30 18:01:43 2019: Highest coverage kmer is: ATTGAGGAGGTTCTTGCATAA, with worth: 3 and coverage: 100
Wed Jan 30 18:01:52 2019: Highest coverage kmer is: AGCGGACCCCCAAGAAGATGA, with worth: 3 and coverage: 71
Wed Jan 30 18:02:01 2019: Highest coverage kmer is: AAAAAGTAAATAAAAAACAAA, with worth: 3 and coverage: 57
Wed Jan 30 18:02:10 2019: Highest coverage kmer is: ACTGGCCGTGCTCGTGCTGGT, with worth: 3 and coverage: 43
Wed Jan 30 18:02:19 2019: Highest coverage kmer is: GCCGCGCAGCTTCGAGCAGAA, with worth: 3 and coverage: 42
Wed Jan 30 18:02:28 2019: Highest coverage kmer is: ATAACATTAAAGGTGAAGACA, with worth: 3 and coverage: 39
Wed Jan 30 18:02:37 2019: Highest coverage kmer is: CCAAAAAGGCACCGGTGGCGC, with worth: 3 and coverage: 18
Wed Jan 30 18:02:45 2019: Highest coverage kmer is: ATGAAAGTAGCAGTTTTAGAT, with worth: 3 and coverage: 17
Wed Jan 30 18:02:54 2019: Highest coverage kmer is: GTTCGCTGGCAGCTTGCAAAG, with worth: 3 and coverage: 17
Wed Jan 30 18:03:03 2019: Highest coverage kmer is: TTCGAAGCTCCAAAAACAAAA, with worth: 3 and coverage: 17
Wed Jan 30 18:03:11 2019: Highest coverage kmer is: TTCGGTCGTGAATACAACGAA, with worth: 3 and coverage: 17
Wed Jan 30 18:03:20 2019: Highest coverage kmer is: AACGTGCATCAATGCGTCAAG, with worth: 3 and coverage: 15
Wed Jan 30 18:03:28 2019: Highest coverage kmer is: CGCACCGGCAAGAAGTTCGGC, with worth: 3 and coverage: 14
Wed Jan 30 18:03:37 2019: Highest coverage kmer is: GGTGGTGGTAAAAAGCCATGG, with worth: 3 and coverage: 12
Wed Jan 30 18:03:45 2019: Highest coverage kmer is: CCACAATGGGTTGGCGGTGGT, with worth: 3 and coverage: 10
Wed Jan 30 18:03:53 2019: Highest coverage kmer is: AAGCCCTGGCGCCAGAAAGGC, with worth: 3 and coverage: 9
Wed Jan 30 18:04:02 2019: Highest coverage kmer is: AACGAGCCTCTGGTTCATCAG, with worth: 3 and coverage: 8
Wed Jan 30 18:04:09 2019: Highest coverage kmer is: AGAGGTGGAGGAAGAAAGCCT, with worth: 3 and coverage: 8
Wed Jan 30 18:04:13 2019: Highest coverage kmer is: AAAAAGTATTTTTTCTGAATT, with worth: 3 and coverage: 6
Wed Jan 30 18:04:18 2019: Highest coverage kmer is: AAAAATTGGCAAGGAGAGCAA, with worth: 3 and coverage: 6
Wed Jan 30 18:04:22 2019: Highest coverage kmer is: TAATAAAAACGTATATTTGTC, with worth: 3 and coverage: 6
Wed Jan 30 18:04:26 2019: Highest coverage kmer is: CAATTTGGGTAGGTGGTGGTA, with worth: 3 and coverage: 5
Wed Jan 30 18:04:30 2019: Highest coverage kmer is: CCCAGGCAAACCGGAAACAGG, with worth: 3 and coverage: 5
Wed Jan 30 18:04:35 2019: Highest coverage kmer is: CGGACCGACTCCGCGCAGCTA, with worth: 3 and coverage: 5
Wed Jan 30 18:04:39 2019: Highest coverage kmer is: AAAAAGCCCTGGCGTCAAAAA, with worth: 3 and coverage: 4
Wed Jan 30 18:04:45 2019: Highest coverage kmer is: AAAATTAAAAAGCAAAAAGGT, with worth: 3 and coverage: 4
Wed Jan 30 18:04:53 2019: Highest coverage kmer is: AAAGCCCTGGAGACAGAAGGG, with worth: 3 and coverage: 4
Wed Jan 30 18:05:00 2019: Highest coverage kmer is: ACAGCCAGCACCAAAACCCGT, with worth: 3 and coverage: 4
Wed Jan 30 18:05:08 2019: Highest coverage kmer is: ACGATTTCAAACTGAACCGTA, with worth: 3 and coverage: 4
Wed Jan 30 18:05:16 2019: Highest coverage kmer is: ACTACAGCTACACCCTGCCCA, with worth: 3 and coverage: 4
Wed Jan 30 18:05:24 2019: Highest coverage kmer is: AGCCAAATGATCACGCTATCT, with worth: 3 and coverage: 4
Wed Jan 30 18:05:31 2019: Highest coverage kmer is: AGCTTCAAACTGAACAAGAAA, with worth: 3 and coverage: 4
Wed Jan 30 18:05:39 2019: Highest coverage kmer is: ATCAAGTGGTCACTGCTTATT, with worth: 3 and coverage: 4
Wed Jan 30 18:05:46 2019: Highest coverage kmer is: ATCGCCAAAAAGGCACAGGTG, with worth: 3 and coverage: 4
Wed Jan 30 18:05:52 2019: Highest coverage kmer is: CACCGCCAGCACCAAGACCCG, with worth: 3 and coverage: 4
Wed Jan 30 18:05:59 2019: Highest coverage kmer is: TAGGTGTTTATGATGATGTAA, with worth: 3 and coverage: 4
Wed Jan 30 18:06:06 2019: Highest coverage kmer is: TCAGCGTCAGGGTACGCACAA, with worth: 3 and coverage: 4
Wed Jan 30 18:06:08 2019: Highest coverage kmer is: AAAAAGATCGAGGAATGGTTG, with worth: 3 and coverage: 3
Wed Jan 30 18:06:09 2019: Highest coverage kmer is: AAAAAGTTTTGGTTATTCTTG, with worth: 3 and coverage: 3
Wed Jan 30 18:06:11 2019: Highest coverage kmer is: AAAATCCAGGAGGTTTACGGT, with worth: 3 and coverage: 3
Wed Jan 30 18:06:13 2019: Highest coverage kmer is: AAAATTAAATAAAAGTGAAAA, with worth: 3 and coverage: 3
Wed Jan 30 18:06:15 2019: Highest coverage kmer is: AAAATTTGATCAGCATGTTCG, with worth: 3 and coverage: 3
Wed Jan 30 18:06:16 2019: Highest coverage kmer is: AAAGCCTTGGCGCCAAAAAGG, with worth: 3 and coverage: 3
Wed Jan 30 18:06:18 2019: Highest coverage kmer is: AAAGGAGAAGATACCGGCAAG, with worth: 3 and coverage: 3
Wed Jan 30 18:06:20 2019: Highest coverage kmer is: AAAGGTAATATCCGTAACCCT, with worth: 3 and coverage: 3
Wed Jan 30 18:06:21 2019: Highest coverage kmer is: AAAGGTACAGGTAGAGCAAGG, with worth: 3 and coverage: 3
Wed Jan 30 18:06:23 2019: Highest coverage kmer is: AAAGGTACTGGTAATGCACGT, with worth: 3 and coverage: 3
Wed Jan 30 18:06:25 2019: Highest coverage kmer is: AAGCCGTGGCGTCAGAAGGGA, with worth: 3 and coverage: 3
Wed Jan 30 18:06:27 2019: Highest coverage kmer is: AAGGGTACCGGTAACGCTCGT, with worth: 3 and coverage: 3
Wed Jan 30 18:06:28 2019: Highest coverage kmer is: AATCAGCAGCGACAGGTTGTG, with worth: 3 and coverage: 3
Wed Jan 30 18:06:30 2019: Highest coverage kmer is: ACCGCCCGTCATGGCGATCGT, with worth: 3 and coverage: 3
Wed Jan 30 18:06:32 2019: Highest coverage kmer is: ACCGGTAATGCCCGTATGGGT, with worth: 3 and coverage: 3
Wed Jan 30 18:06:33 2019: Highest coverage kmer is: ATCAAAATTTGATTTTTCAGG, with worth: 3 and coverage: 3
Wed Jan 30 18:06:35 2019: Highest coverage kmer is: ATGGAAAAGAAAGTCTATTCA, with worth: 3 and coverage: 3
Wed Jan 30 18:06:37 2019: Highest coverage kmer is: CCGAGTTCGGCGGGAAGATCA, with worth: 3 and coverage: 3
Wed Jan 30 18:06:39 2019: Highest coverage kmer is: GCCAAGATCCAGGAGGTTTAC, with worth: 3 and coverage: 3
Wed Jan 30 18:06:42 2019: Highest coverage kmer is: GGCGGCGCTCGTCACGGTTCT, with worth: 3 and coverage: 3
Wed Jan 30 18:06:46 2019: Highest coverage kmer is: GGCGGTGGTAAAAAGCCTTGG, with worth: 3 and coverage: 3
Wed Jan 30 18:06:50 2019: Highest coverage kmer is: GGTGGTGGACGCAAGCCTTGG, with worth: 3 and coverage: 3
Wed Jan 30 18:06:57 2019: Highest coverage kmer is: CAAAAAGGTACTGGTCGCGCT, with worth: 2 and coverage: 215
Wed Jan 30 18:07:04 2019: Highest coverage kmer is: GCGCCAGAAAGGTACCGGCCG, with worth: 2 and coverage: 195
Wed Jan 30 18:07:10 2019: Highest coverage kmer is: ATGGAATTGGTAATGAAAGAC, with worth: 2 and coverage: 104
Wed Jan 30 18:07:17 2019: Highest coverage kmer is: CTGCCGATCCAGGGCATCAAC, with worth: 2 and coverage: 79
Wed Jan 30 18:07:23 2019: Highest coverage kmer is: ATCATCATGCAACGTGCTTCA, with worth: 2 and coverage: 68
Wed Jan 30 18:07:30 2019: Highest coverage kmer is: AAAGATTTACTAGATGAAAAA, with worth: 2 and coverage: 58
Wed Jan 30 18:07:36 2019: Highest coverage kmer is: ACAGGTAGAGCAAGACAAGGT, with worth: 2 and coverage: 56
Wed Jan 30 18:07:43 2019: Highest coverage kmer is: ACAGGTCGTGCCCGTCAAGGT, with worth: 2 and coverage: 55
Wed Jan 30 18:07:49 2019: Highest coverage kmer is: AAAATCAATAAAAAACAAAAA, with worth: 2 and coverage: 50
Wed Jan 30 18:07:56 2019: Highest coverage kmer is: CCTTGGAAACAAAAAGGAACA, with worth: 2 and coverage: 46
Wed Jan 30 18:08:02 2019: Highest coverage kmer is: GAAGCCCTGGCGCCAGAAGGG, with worth: 2 and coverage: 46
Wed Jan 30 18:08:09 2019: Highest coverage kmer is: CAAGCCCTTCAAGCAGAAGGG, with worth: 2 and coverage: 41
Wed Jan 30 18:08:15 2019: Highest coverage kmer is: AAGGGTACTGGTCGTGCTCGT, with worth: 2 and coverage: 40
Wed Jan 30 18:08:21 2019: Highest coverage kmer is: AGAAGGGCACCGGTCGTGCCC, with worth: 2 and coverage: 32
Wed Jan 30 18:08:28 2019: Highest coverage kmer is: CGGCCCCAAGCCGCGCGACTA, with worth: 2 and coverage: 32
Wed Jan 30 18:08:34 2019: Highest coverage kmer is: CAATGTTTACGACATCCTGCG, with worth: 2 and coverage: 30
Wed Jan 30 18:08:40 2019: Highest coverage kmer is: TCAACCGCAAGATGTACCGCG, with worth: 2 and coverage: 29
Wed Jan 30 18:08:46 2019: Highest coverage kmer is: AAGAAGCCTTGGAGACAAAAG, with worth: 2 and coverage: 28
Wed Jan 30 18:08:53 2019: Highest coverage kmer is: GCCCGTCAGGGTTCGATCCGC, with worth: 2 and coverage: 20
Wed Jan 30 18:08:59 2019: Highest coverage kmer is: AAAAACGTATATTTGTCGGCT, with worth: 2 and coverage: 15
Wed Jan 30 18:09:05 2019: Highest coverage kmer is: CGTGCCGACATCCTGCACCGC, with worth: 2 and coverage: 14
Wed Jan 30 18:09:11 2019: Highest coverage kmer is: AAAAGAGACCGGAAGAAAAGT, with worth: 2 and coverage: 13
Wed Jan 30 18:09:17 2019: Highest coverage kmer is: CAAGATGAACCGCAAAGAGCG, with worth: 2 and coverage: 13
Wed Jan 30 18:09:23 2019: Highest coverage kmer is: GGAGACAGAAGGGTACAGGTC, with worth: 2 and coverage: 13
Wed Jan 30 18:09:29 2019: Highest coverage kmer is: AAGAAGCCATGGAAGCAGAAG, with worth: 2 and coverage: 12
Wed Jan 30 18:09:35 2019: Highest coverage kmer is: AGGGTACGCACAAGTCCAAGG, with worth: 2 and coverage: 12
Wed Jan 30 18:09:41 2019: Highest coverage kmer is: AAAACCTTGAAGACAAAAAGG, with worth: 2 and coverage: 10
Wed Jan 30 18:09:47 2019: Highest coverage kmer is: CAAAAAGGAACAGGTAGAGCT, with worth: 2 and coverage: 10
Wed Jan 30 18:09:53 2019: Highest coverage kmer is: CAAACCTTGGCGTCAAAAAGG, with worth: 2 and coverage: 10
Wed Jan 30 18:09:59 2019: Highest coverage kmer is: AAACCTTGGCGTCAGAAAGGT, with worth: 2 and coverage: 9
Wed Jan 30 18:10:05 2019: Highest coverage kmer is: ACCAAGAGATTACTCTTTCAA, with worth: 2 and coverage: 9
Wed Jan 30 18:10:11 2019: Highest coverage kmer is: CGTGCTGGTACTATCCGCAGC, with worth: 2 and coverage: 9
Wed Jan 30 18:10:16 2019: Highest coverage kmer is: AAACCATGGAAACAAAAAGGT, with worth: 2 and coverage: 8
Wed Jan 30 18:10:22 2019: Highest coverage kmer is: CGCCGCAGTTCCGCGGCGGCG, with worth: 2 and coverage: 8
Wed Jan 30 18:10:28 2019: Highest coverage kmer is: AGAAGGGTTCGGGCGGCGCTC, with worth: 2 and coverage: 7
Wed Jan 30 18:10:33 2019: Highest coverage kmer is: TCTATTAGAGCTCCTCAATGG, with worth: 2 and coverage: 7
Wed Jan 30 18:10:39 2019: Highest coverage kmer is: ACAAAAAGGAACAGGACGTGC, with worth: 2 and coverage: 6
Wed Jan 30 18:10:45 2019: Highest coverage kmer is: ACCAGGTCGTCGTTGCGCAGC, with worth: 2 and coverage: 6
Wed Jan 30 18:10:50 2019: Highest coverage kmer is: ATGCGATCTATTTGGATGTGA, with worth: 2 and coverage: 6
Wed Jan 30 18:10:56 2019: Highest coverage kmer is: CGGCGGCATCAAGCCGTTCCG, with worth: 2 and coverage: 6
Wed Jan 30 18:11:01 2019: Highest coverage kmer is: GCGCATGATCTGCCCAAGAAG, with worth: 2 and coverage: 6
Wed Jan 30 18:11:07 2019: Highest coverage kmer is: AAGCAAAAAGGTACAGGTGGT, with worth: 2 and coverage: 5
Wed Jan 30 18:11:13 2019: Highest coverage kmer is: AAGGTCAATCGCAAGATGTAT, with worth: 2 and coverage: 5
Wed Jan 30 18:11:18 2019: Highest coverage kmer is: ACTCGCATGGCAATCCGCTCG, with worth: 2 and coverage: 5
Wed Jan 30 18:11:24 2019: Highest coverage kmer is: ATCGAGGAGGTATATGCATAA, with worth: 2 and coverage: 5
Wed Jan 30 18:11:29 2019: Highest coverage kmer is: ATCTGCTCGCAACATTCCTGG, with worth: 2 and coverage: 5
Wed Jan 30 18:11:34 2019: Highest coverage kmer is: GCTGGTGCTCGTCAAGGTACA, with worth: 2 and coverage: 5
Wed Jan 30 18:11:40 2019: Highest coverage kmer is: TCAAAAAGGTACCGGTCGTGC, with worth: 2 and coverage: 5
Wed Jan 30 18:11:45 2019: Highest coverage kmer is: AACAAGAAAATGTATCGCGGC, with worth: 2 and coverage: 4
Wed Jan 30 18:11:50 2019: Highest coverage kmer is: AAGAAGCTGTGGAAGCAGAAG, with worth: 2 and coverage: 4
Wed Jan 30 18:11:56 2019: Highest coverage kmer is: ACAAGTCTAAAGAAAGAGCTG, with worth: 2 and coverage: 4
Wed Jan 30 18:12:01 2019: Highest coverage kmer is: ACACATGGTAGGTGGAGGAGT, with worth: 2 and coverage: 4
Wed Jan 30 18:12:06 2019: Highest coverage kmer is: ACCGGCCGTGCTCGTCAGGGT, with worth: 2 and coverage: 4
Wed Jan 30 18:12:11 2019: Highest coverage kmer is: AGCGGTGGTGGTAAGAAACCT, with worth: 2 and coverage: 4
Wed Jan 30 18:12:17 2019: Highest coverage kmer is: CCGATCTTCCGCGGTGGTGGT, with worth: 2 and coverage: 4
Wed Jan 30 18:12:22 2019: Highest coverage kmer is: CCGCAATGGAAAGGCGGCGGT, with worth: 2 and coverage: 4
Wed Jan 30 18:12:27 2019: Highest coverage kmer is: CGGTGCGAATGTCTATGACAT, with worth: 2 and coverage: 4
Wed Jan 30 18:12:32 2019: Highest coverage kmer is: GGAGACAAAAAGGAACCGGTC, with worth: 2 and coverage: 4
Wed Jan 30 18:12:37 2019: Highest coverage kmer is: GGCGGCGGCAAGAAGCCATGG, with worth: 2 and coverage: 4
Wed Jan 30 18:12:42 2019: Highest coverage kmer is: AAAAGGGAACTGGTCGCGCTC, with worth: 2 and coverage: 3
Wed Jan 30 18:12:47 2019: Highest coverage kmer is: AAGAAGCCTTTCAAGCAGAAG, with worth: 2 and coverage: 3
Wed Jan 30 18:12:52 2019: Highest coverage kmer is: AATACGATATCAAAACCCTCG, with worth: 2 and coverage: 3
Wed Jan 30 18:12:57 2019: Highest coverage kmer is: ACACATAAATCTAAAGAAAGA, with worth: 2 and coverage: 3
Wed Jan 30 18:13:02 2019: Highest coverage kmer is: AGAGGCTTAGGGAGATTTACG, with worth: 2 and coverage: 3
Wed Jan 30 18:13:07 2019: Highest coverage kmer is: ATGAAGGTAGCAGTATTAGAT, with worth: 2 and coverage: 3
Wed Jan 30 18:13:11 2019: Highest coverage kmer is: CAACGAAGCCCTGGTGCATCA, with worth: 2 and coverage: 3
Wed Jan 30 18:13:16 2019: Highest coverage kmer is: CAAGCCCAGAGATTACAGCTA, with worth: 2 and coverage: 3
Wed Jan 30 18:13:20 2019: Highest coverage kmer is: CAAGCCCTTCCGTCAGAAGGG, with worth: 2 and coverage: 3
Wed Jan 30 18:13:24 2019: Highest coverage kmer is: CCGACGACTACGCCGGGATGC, with worth: 2 and coverage: 3
Wed Jan 30 18:13:28 2019: Highest coverage kmer is: CCGTTGTGGCGTGGTGGTGGT, with worth: 2 and coverage: 3
Wed Jan 30 18:13:31 2019: Highest coverage kmer is: CCTTTGTACAAGGGTGGTGGT, with worth: 2 and coverage: 3
Wed Jan 30 18:13:35 2019: Highest coverage kmer is: CGCCAAGCCCTGGCGGCAGAA, with worth: 2 and coverage: 3
Wed Jan 30 18:13:38 2019: Highest coverage kmer is: GGTGGTGGCAAAAAACCTTGG, with worth: 2 and coverage: 3
Wed Jan 30 18:13:40 2019: Highest coverage kmer is: AAAAAAAGAAAACTAAATAAA, with worth: 2 and coverage: 2
Wed Jan 30 18:13:42 2019: Highest coverage kmer is: AAAAAACCATGAAAACAAAAA, with worth: 2 and coverage: 2
Wed Jan 30 18:13:44 2019: Highest coverage kmer is: AAAAAAGCCGTACCGACAAAA, with worth: 2 and coverage: 2
Wed Jan 30 18:13:46 2019: Highest coverage kmer is: AAAAAATAAATAAAAAAATGT, with worth: 2 and coverage: 2
Wed Jan 30 18:13:48 2019: Highest coverage kmer is: AAAAACATACTGGTAATGCTC, with worth: 2 and coverage: 2
Wed Jan 30 18:13:50 2019: Highest coverage kmer is: AAAAACCCGATGTTTAAAGGC, with worth: 2 and coverage: 2
Wed Jan 30 18:13:52 2019: Highest coverage kmer is: AAAAACTCGGAATAATGGATG, with worth: 2 and coverage: 2
Wed Jan 30 18:13:53 2019: Highest coverage kmer is: AAAAAGCCATGGCGCCAGAAG, with worth: 2 and coverage: 2
Wed Jan 30 18:13:55 2019: Highest coverage kmer is: AAAAAGGCACCGGCCGGGCCC, with worth: 2 and coverage: 2
Wed Jan 30 18:13:57 2019: Highest coverage kmer is: AAAAATAAAATCAACACATCT, with worth: 2 and coverage: 2
Wed Jan 30 18:13:59 2019: Highest coverage kmer is: AAAAATTAAAAGACAAAAAGG, with worth: 2 and coverage: 2
Wed Jan 30 18:14:01 2019: Highest coverage kmer is: AAAACCATGGAGGCAAAAAGG, with worth: 2 and coverage: 2
Wed Jan 30 18:14:03 2019: Highest coverage kmer is: AAAACCCTGGAAACAAAAAGG, with worth: 2 and coverage: 2
Wed Jan 30 18:14:04 2019: Highest coverage kmer is: AAAATGTATCGCGGTGCCATG, with worth: 2 and coverage: 2
Wed Jan 30 18:14:06 2019: Highest coverage kmer is: AAAATGTATCGTGCTGGAATG, with worth: 2 and coverage: 2
Wed Jan 30 18:14:08 2019: Highest coverage kmer is: AAACCCTCGCCAGCCGTACTG, with worth: 2 and coverage: 2
Wed Jan 30 18:14:10 2019: Highest coverage kmer is: AAACCCTGGCGACAGAAAGGA, with worth: 2 and coverage: 2
Wed Jan 30 18:14:12 2019: Highest coverage kmer is: AAACTCCTCCTTTCTGCGAGG, with worth: 2 and coverage: 2
Wed Jan 30 18:14:13 2019: Highest coverage kmer is: AAACTGCCGAAAAAAGTGCGC, with worth: 2 and coverage: 2
Wed Jan 30 18:14:15 2019: Highest coverage kmer is: AAAGAAACCTTGGAGACAGAA, with worth: 2 and coverage: 2
Wed Jan 30 18:14:17 2019: Highest coverage kmer is: AAAGAATAAACAGAAAAGAAA, with worth: 2 and coverage: 2
Wed Jan 30 18:14:18 2019: Highest coverage kmer is: AAAGATGGTAGTTGATTGGCA, with worth: 2 and coverage: 2
Wed Jan 30 18:14:20 2019: Highest coverage kmer is: AAAGATGTCAAAGTACTCAAG, with worth: 2 and coverage: 2
Wed Jan 30 18:14:22 2019: Highest coverage kmer is: AAAGCCCTGGCGGCAAAAGGG, with worth: 2 and coverage: 2
Wed Jan 30 18:14:24 2019: Highest coverage kmer is: AAAGGCGAAGACACAGGCAAG, with worth: 2 and coverage: 2
Wed Jan 30 18:14:25 2019: Highest coverage kmer is: AAAGGTAAGATGAGAGGAAGA, with worth: 2 and coverage: 2
Wed Jan 30 18:14:27 2019: Highest coverage kmer is: AAAGGTAATAAGGGAACTGTT, with worth: 2 and coverage: 2
Wed Jan 30 18:14:29 2019: Highest coverage kmer is: AAAGGTACAGGAAATGCAAGG, with worth: 2 and coverage: 2
Wed Jan 30 18:14:30 2019: Highest coverage kmer is: AAATTGGCAGCTTGCAAAAAG, with worth: 2 and coverage: 2
Wed Jan 30 18:14:32 2019: Highest coverage kmer is: AAGAAGATCAAGAAGCAAAAA, with worth: 2 and coverage: 2
Wed Jan 30 18:14:33 2019: Highest coverage kmer is: AAGCAGTACTTGGCTAATCAA, with worth: 2 and coverage: 2
Wed Jan 30 18:14:35 2019: Highest coverage kmer is: AAGGGAACAGGCCGTGCCCGT, with worth: 2 and coverage: 2
Wed Jan 30 18:14:36 2019: Highest coverage kmer is: AAGTAAGAGGCGGCGGAAGAA, with worth: 2 and coverage: 2
Wed Jan 30 18:14:38 2019: Highest coverage kmer is: AATACTTACAGCATCATGAAA, with worth: 2 and coverage: 2
Wed Jan 30 18:14:40 2019: Highest coverage kmer is: ACAAACTGCCTAAGAAAGTGC, with worth: 2 and coverage: 2
Wed Jan 30 18:14:41 2019: Highest coverage kmer is: AGAAGCTGAACAAAAAAATGT, with worth: 2 and coverage: 2
Wed Jan 30 18:14:43 2019: Highest coverage kmer is: AGGACGACTGACCGTCTGGAC, with worth: 2 and coverage: 2
Wed Jan 30 18:14:44 2019: Highest coverage kmer is: ATACAGAAAACCAAAAAGTGT, with worth: 2 and coverage: 2
Wed Jan 30 18:14:46 2019: Highest coverage kmer is: ATGGAAGTTAGTGTATTGAAT, with worth: 2 and coverage: 2
Wed Jan 30 18:14:47 2019: Highest coverage kmer is: ATTAAAAGAGCTGTAATTTCA, with worth: 2 and coverage: 2
Wed Jan 30 18:14:49 2019: Highest coverage kmer is: ATTGCCTAAAAAGGTAAAAAG, with worth: 2 and coverage: 2
Wed Jan 30 18:14:50 2019: Highest coverage kmer is: CAAACCGTGGCGGCAAAAAGG, with worth: 2 and coverage: 2
Wed Jan 30 18:14:52 2019: Highest coverage kmer is: CAAGATGAACCGCAAGGAGCG, with worth: 2 and coverage: 2
Wed Jan 30 18:14:53 2019: Highest coverage kmer is: CAGCGTCAGGGTACAGCTAAA, with worth: 2 and coverage: 2
Wed Jan 30 18:14:55 2019: Highest coverage kmer is: CCAGGGAAGCATTCGCGCGCC, with worth: 2 and coverage: 2
Wed Jan 30 18:14:56 2019: Highest coverage kmer is: CCCCAAGCCGCGCAAATACAC, with worth: 2 and coverage: 2
Wed Jan 30 18:14:57 2019: Highest coverage kmer is: CGGTGGCGGTATCAAGCCTTT, with worth: 2 and coverage: 2
Wed Jan 30 18:14:59 2019: Highest coverage kmer is: CGTGGTTGAAGATTTCAGCCT, with worth: 2 and coverage: 2
Wed Jan 30 18:15:00 2019: Highest coverage kmer is: CTTCGGTCCCCAGCCCCGCGA, with worth: 2 and coverage: 2
Wed Jan 30 18:15:02 2019: Highest coverage kmer is: GAGGAGGTGCTCGGAAAATGA, with worth: 2 and coverage: 2
Wed Jan 30 18:15:03 2019: Highest coverage kmer is: GCGCCAGAAGGGAACGGGTCG, with worth: 2 and coverage: 2
Wed Jan 30 18:15:04 2019: Highest coverage kmer is: GGTGGGTATCGCCGGTTGGCA, with worth: 2 and coverage: 2
Wed Jan 30 18:15:06 2019: Highest coverage kmer is: GTAGAGGAGGTGCTGGCATAA, with worth: 2 and coverage: 2
Wed Jan 30 18:15:07 2019: Highest coverage kmer is: GTTTCCGGCGGAGGCAAAAAG, with worth: 2 and coverage: 2
Wed Jan 30 18:15:08 2019: Highest coverage kmer is: GTTTTCGGTATTGAGCCCAAT, with worth: 2 and coverage: 2
Wed Jan 30 18:15:10 2019: Highest coverage kmer is: TGCAAGACAAGGCTCCATCCG, with worth: 2 and coverage: 2
Wed Jan 30 18:15:11 2019: Highest coverage kmer is: TGGACCTAAGCCCCGTGATTA, with worth: 2 and coverage: 2
Wed Jan 30 18:15:12 2019: Highest coverage kmer is: TGGAGCCAAAAAGGTGGCGGT, with worth: 2 and coverage: 2
Wed Jan 30 18:15:15 2019: Highest coverage kmer is: CTGTTCCTGGCTGCGCGCAAC, with worth: 1 and coverage: 550
Wed Jan 30 18:15:19 2019: Highest coverage kmer is: CCAGAAGGGCACCGGCCGCGC, with worth: 1 and coverage: 262
Wed Jan 30 18:15:22 2019: Highest coverage kmer is: ATTTGACCAAACTGGTAAAGA, with worth: 1 and coverage: 218
Wed Jan 30 18:15:25 2019: Highest coverage kmer is: AGAAGGGTACGGGCCGCGCTC, with worth: 1 and coverage: 211
Wed Jan 30 18:15:28 2019: Highest coverage kmer is: CGCGTCAGGGCACTCGTGCTC, with worth: 1 and coverage: 87
Wed Jan 30 18:15:32 2019: Highest coverage kmer is: AGAAGGGCACCGGTCGCGCCC, with worth: 1 and coverage: 86
Wed Jan 30 18:15:35 2019: Highest coverage kmer is: GGTGGTCGGATTTTCCCGAAC, with worth: 1 and coverage: 79
Wed Jan 30 18:15:38 2019: Highest coverage kmer is: CGTTCATACAGCTACAAACTT, with worth: 1 and coverage: 75
Wed Jan 30 18:15:41 2019: Highest coverage kmer is: CAAAAAGGAACAGGTCGTGCA, with worth: 1 and coverage: 68
Wed Jan 30 18:15:44 2019: Highest coverage kmer is: CACCAGGTCGTCGTCGCCCAG, with worth: 1 and coverage: 63
Wed Jan 30 18:15:47 2019: Highest coverage kmer is: GGCGGCGGCAAGAAGCCGTGG, with worth: 1 and coverage: 61
Wed Jan 30 18:15:50 2019: Highest coverage kmer is: ACAGCCAGCGCACCCCGAAGA, with worth: 1 and coverage: 58
Wed Jan 30 18:15:53 2019: Highest coverage kmer is: GGTGGCAAGAAGCCGTGGCGT, with worth: 1 and coverage: 50
Wed Jan 30 18:15:56 2019: Highest coverage kmer is: CCGGTGGTGGCAAGAAGCCGT, with worth: 1 and coverage: 46
Wed Jan 30 18:15:59 2019: Highest coverage kmer is: ACCTTCGCGGCCAAGCCGCGC, with worth: 1 and coverage: 43
Wed Jan 30 18:16:02 2019: Highest coverage kmer is: GGTCGCCAGAAGGGCGGCGGT, with worth: 1 and coverage: 37
Wed Jan 30 18:16:05 2019: Highest coverage kmer is: TCAACACCTACGACGTGCTCA, with worth: 1 and coverage: 35
Wed Jan 30 18:16:08 2019: Highest coverage kmer is: ACCGGTCGCGCCCGTCAGGGT, with worth: 1 and coverage: 34
Wed Jan 30 18:16:11 2019: Highest coverage kmer is: AAAAAGGTACAGGTCGTGCTC, with worth: 1 and coverage: 33
Wed Jan 30 18:16:14 2019: Highest coverage kmer is: AACAAGAAGATGTATCGCGCT, with worth: 1 and coverage: 30
Wed Jan 30 18:16:17 2019: Highest coverage kmer is: CGCCGATCTTCCGCAAGGGTG, with worth: 1 and coverage: 29
Wed Jan 30 18:16:20 2019: Highest coverage kmer is: GAAAAAATTCAGGAGGTCTAC, with worth: 1 and coverage: 29
Wed Jan 30 18:16:23 2019: Highest coverage kmer is: ACGTCAAGGTACAATCCGTGC, with worth: 1 and coverage: 28
Wed Jan 30 18:16:26 2019: Highest coverage kmer is: AACTGGACGTGCACGTCAAGG, with worth: 1 and coverage: 27
Wed Jan 30 18:16:28 2019: Highest coverage kmer is: AAGGGTACTGGTCGTGCCCGT, with worth: 1 and coverage: 25
Wed Jan 30 18:16:31 2019: Highest coverage kmer is: AAAAAGGTACCGGCCGCGCCC, with worth: 1 and coverage: 24
Wed Jan 30 18:16:34 2019: Highest coverage kmer is: ACTCCACGAAGACTCGTGGCG, with worth: 1 and coverage: 23
Wed Jan 30 18:16:37 2019: Highest coverage kmer is: ACCCCCAAGAAGATGAAGGCA, with worth: 1 and coverage: 22
Wed Jan 30 18:16:40 2019: Highest coverage kmer is: TCGCTGAACAAGAAGATCCGC, with worth: 1 and coverage: 22
Wed Jan 30 18:16:42 2019: Highest coverage kmer is: CGCCCGTCAGGGTTCCATCCG, with worth: 1 and coverage: 21
Wed Jan 30 18:16:45 2019: Highest coverage kmer is: CAAGCCATGGCGCCAAAAAGG, with worth: 1 and coverage: 20
Wed Jan 30 18:16:48 2019: Highest coverage kmer is: CTGGCAGCTGGCCAAGCGCCG, with worth: 1 and coverage: 20
Wed Jan 30 18:16:51 2019: Highest coverage kmer is: GCAGAAGGGTACCGGCCGCGC, with worth: 1 and coverage: 19
Wed Jan 30 18:16:53 2019: Highest coverage kmer is: AAACCATGGGCTCAAAAAGGT, with worth: 1 and coverage: 17
Wed Jan 30 18:16:56 2019: Highest coverage kmer is: ACGGCCCGGTGCCGCGCGACT, with worth: 1 and coverage: 17
Wed Jan 30 18:16:59 2019: Highest coverage kmer is: CGGTCGCAAGCCTTGGCGCCA, with worth: 1 and coverage: 17
Wed Jan 30 18:17:01 2019: Highest coverage kmer is: GTATTTGCACCAAAGCCAAGA, with worth: 1 and coverage: 17
Wed Jan 30 18:17:04 2019: Highest coverage kmer is: TTCGACAAGGTTCTAATGACT, with worth: 1 and coverage: 16
Wed Jan 30 18:17:07 2019: Highest coverage kmer is: AAGGTTGCTTGGCAGCTCCTC, with worth: 1 and coverage: 15
Wed Jan 30 18:17:09 2019: Highest coverage kmer is: CGTAACCTGCCGAACGTGAAA, with worth: 1 and coverage: 15
Wed Jan 30 18:17:12 2019: Highest coverage kmer is: GAAGCCTTGGGCACAAAAAGG, with worth: 1 and coverage: 15
Wed Jan 30 18:17:14 2019: Highest coverage kmer is: AAAATTGGCAGGGAGAACAAG, with worth: 1 and coverage: 14
Wed Jan 30 18:17:17 2019: Highest coverage kmer is: AAGGGTACTGGTCGTGCACGT, with worth: 1 and coverage: 14
Wed Jan 30 18:17:20 2019: Highest coverage kmer is: AATAAAAAAATGTACAAACGT, with worth: 1 and coverage: 14
Wed Jan 30 18:17:22 2019: Highest coverage kmer is: ACAGCTTCTACTAAGACTAGA, with worth: 1 and coverage: 14
Wed Jan 30 18:17:25 2019: Highest coverage kmer is: CAGGAAAAGAAACCGGAAGAA, with worth: 1 and coverage: 14
Wed Jan 30 18:17:27 2019: Highest coverage kmer is: GGAGACAGAAGGGAACAGGTC, with worth: 1 and coverage: 14
Wed Jan 30 18:17:30 2019: Highest coverage kmer is: ATCTTTGGTATCGAGCCAAAC, with worth: 1 and coverage: 13
Wed Jan 30 18:17:32 2019: Highest coverage kmer is: AAGGGCACCGGTCGTGCCCGC, with worth: 1 and coverage: 12
Wed Jan 30 18:17:35 2019: Highest coverage kmer is: ATCTTCGCTGATCAGCTCAAC, with worth: 1 and coverage: 10
Wed Jan 30 18:17:37 2019: Highest coverage kmer is: CTCAGAATTAAGTACTTACAA, with worth: 1 and coverage: 10
Wed Jan 30 18:17:40 2019: Highest coverage kmer is: CTGGTTCACCAGGTTGTCGTT, with worth: 1 and coverage: 10
Wed Jan 30 18:17:42 2019: Highest coverage kmer is: ACGATCTGACCAAGAAATTCC, with worth: 1 and coverage: 9
Wed Jan 30 18:17:44 2019: Highest coverage kmer is: ATACCTTGATGTTAAGCAATA, with worth: 1 and coverage: 9
Wed Jan 30 18:17:47 2019: Highest coverage kmer is: CAAAAAGGAACTGGTAACGCT, with worth: 1 and coverage: 9
Wed Jan 30 18:17:49 2019: Highest coverage kmer is: CCCTGGCGCCAGAAAGGCACC, with worth: 1 and coverage: 9
Wed Jan 30 18:17:52 2019: Highest coverage kmer is: CGTGCTCGTCAAGGGTCAATC, with worth: 1 and coverage: 9
Wed Jan 30 18:17:54 2019: Highest coverage kmer is: GCGTCAAAAAGGCACAGGCCG, with worth: 1 and coverage: 9
Wed Jan 30 18:17:56 2019: Highest coverage kmer is: GCGTCAAAAAGGCACCGGCCG, with worth: 1 and coverage: 9
Wed Jan 30 18:17:59 2019: Highest coverage kmer is: AAGCCCTTCAAGCAGAAGGGT, with worth: 1 and coverage: 8
Wed Jan 30 18:18:01 2019: Highest coverage kmer is: GCTAAAGAAAGAGCTGAAGTT, with worth: 1 and coverage: 8
Wed Jan 30 18:18:03 2019: Highest coverage kmer is: TGGAGACAAAAGGGAACTGGT, with worth: 1 and coverage: 8
Wed Jan 30 18:18:05 2019: Highest coverage kmer is: TGGTGGTGTAACTTTTGCAGC, with worth: 1 and coverage: 8
Wed Jan 30 18:18:08 2019: Highest coverage kmer is: ACAAGGTACTCAATCTGCTAA, with worth: 1 and coverage: 7
Wed Jan 30 18:18:10 2019: Highest coverage kmer is: ACTCACAAATCGAAAGAAAGA, with worth: 1 and coverage: 7
Wed Jan 30 18:18:12 2019: Highest coverage kmer is: CGTTTGGCATTGAAGTCAGTG, with worth: 1 and coverage: 7
Wed Jan 30 18:18:14 2019: Highest coverage kmer is: CTATTTTTAATGAAGAATACA, with worth: 1 and coverage: 7
Wed Jan 30 18:18:17 2019: Highest coverage kmer is: GAAGCACCTAAGACAAAAGAA, with worth: 1 and coverage: 7
Wed Jan 30 18:18:19 2019: Highest coverage kmer is: TACTGGTAGAGCTAGACAAGG, with worth: 1 and coverage: 7
Wed Jan 30 18:18:21 2019: Highest coverage kmer is: AAAAATTGGCAAGGGGAAGAA, with worth: 1 and coverage: 6
Wed Jan 30 18:18:23 2019: Highest coverage kmer is: AAGATGAACAAGAAAGAGAAG, with worth: 1 and coverage: 6
Wed Jan 30 18:18:25 2019: Highest coverage kmer is: ACTGGACGCGCACGTCAAGGT, with worth: 1 and coverage: 6
Wed Jan 30 18:18:27 2019: Highest coverage kmer is: ACTGGTCGTGCACGTCAAGGT, with worth: 1 and coverage: 6
Wed Jan 30 18:18:30 2019: Highest coverage kmer is: AGAAAGGTACTGGTCGTGCAC, with worth: 1 and coverage: 6
Wed Jan 30 18:18:32 2019: Highest coverage kmer is: CGTGGCGTCAAAAAGGCACCG, with worth: 1 and coverage: 6
Wed Jan 30 18:18:34 2019: Highest coverage kmer is: CTCGTCGTGGTGATATCAATT, with worth: 1 and coverage: 6
Wed Jan 30 18:18:36 2019: Highest coverage kmer is: CTGTTCGTGGCGGTGGTAAGA, with worth: 1 and coverage: 6
Wed Jan 30 18:18:38 2019: Highest coverage kmer is: GAGGAGGCATTTGCCAAGTAA, with worth: 1 and coverage: 6
Wed Jan 30 18:18:40 2019: Highest coverage kmer is: GCCAGCACCAAGACCCGCGCG, with worth: 1 and coverage: 6
Wed Jan 30 18:18:42 2019: Highest coverage kmer is: AAAACCATGGAGACAAAAGGG, with worth: 1 and coverage: 5
Wed Jan 30 18:18:44 2019: Highest coverage kmer is: AGAAAGTTAACCGCAAAATGT, with worth: 1 and coverage: 5
Wed Jan 30 18:18:46 2019: Highest coverage kmer is: ATGGAAGTAGCAGTATTAAAT, with worth: 1 and coverage: 5
Wed Jan 30 18:18:48 2019: Highest coverage kmer is: ATGGAAGTTAAAGTTTTAAAT, with worth: 1 and coverage: 5
Wed Jan 30 18:18:50 2019: Highest coverage kmer is: CAGCGCCAGGGTACGCACAAG, with worth: 1 and coverage: 5
Wed Jan 30 18:18:51 2019: Highest coverage kmer is: CGCCGATCTGGCGTACCGGTG, with worth: 1 and coverage: 5
Wed Jan 30 18:18:53 2019: Highest coverage kmer is: CGGCGGCGCACGCCACGGCTC, with worth: 1 and coverage: 5
Wed Jan 30 18:18:55 2019: Highest coverage kmer is: CTTTTGGTCGTGAGTTTAACG, with worth: 1 and coverage: 5
Wed Jan 30 18:18:57 2019: Highest coverage kmer is: AAAAAACCTTGAAAACAAAAA, with worth: 1 and coverage: 4
Wed Jan 30 18:18:59 2019: Highest coverage kmer is: AAAGCGGTAAAACCAAAGATG, with worth: 1 and coverage: 4
Wed Jan 30 18:19:01 2019: Highest coverage kmer is: AACGCACAAGACCAAGGGCCG, with worth: 1 and coverage: 4
Wed Jan 30 18:19:03 2019: Highest coverage kmer is: AACGTCTACGACATCCTCCGC, with worth: 1 and coverage: 4
Wed Jan 30 18:19:04 2019: Highest coverage kmer is: AAGCCATGGAAGCAGAAGGGT, with worth: 1 and coverage: 4
Wed Jan 30 18:19:06 2019: Highest coverage kmer is: AAGGCACAGAAAAACCGCTCT, with worth: 1 and coverage: 4
Wed Jan 30 18:19:08 2019: Highest coverage kmer is: AAGGCTCGCACAACACGCGAA, with worth: 1 and coverage: 4
Wed Jan 30 18:19:10 2019: Highest coverage kmer is: CAAAAGGGTACTGGTCGGGCA, with worth: 1 and coverage: 4
Wed Jan 30 18:19:12 2019: Highest coverage kmer is: CGCGCTCGTCAGGGCTCAATC, with worth: 1 and coverage: 4
Wed Jan 30 18:19:13 2019: Highest coverage kmer is: CTATAGAGAGGCTTAGGGAGA, with worth: 1 and coverage: 4
Wed Jan 30 18:19:15 2019: Highest coverage kmer is: GAACGATTCCGTTTTCGGTAT, with worth: 1 and coverage: 4
Wed Jan 30 18:19:17 2019: Highest coverage kmer is: GAGATCAAGACCAAGAAGTTC, with worth: 1 and coverage: 4
Wed Jan 30 18:19:18 2019: Highest coverage kmer is: GCGTCAAAAAGGAACCGGTCG, with worth: 1 and coverage: 4
Wed Jan 30 18:19:20 2019: Highest coverage kmer is: GGGCGGCGGCGTGGCCTTCGG, with worth: 1 and coverage: 4
Wed Jan 30 18:19:22 2019: Highest coverage kmer is: GGTAAGAAGATGTACAAGCAG, with worth: 1 and coverage: 4
Wed Jan 30 18:19:23 2019: Highest coverage kmer is: GGTGGTGGTCGTAAGCCGTGG, with worth: 1 and coverage: 4
Wed Jan 30 18:19:25 2019: Highest coverage kmer is: TCCTCAATTTAGAGGTGGTGG, with worth: 1 and coverage: 4
Wed Jan 30 18:19:27 2019: Highest coverage kmer is: AAAACCTTGGGCTCAAAAAGG, with worth: 1 and coverage: 3
Wed Jan 30 18:19:28 2019: Highest coverage kmer is: AAATCTAAAGAAAGAAGTGAA, with worth: 1 and coverage: 3
Wed Jan 30 18:19:30 2019: Highest coverage kmer is: AACATCCCAACAATGATGATG, with worth: 1 and coverage: 3
Wed Jan 30 18:19:31 2019: Highest coverage kmer is: AACCCTTTATACAAGGGTGGT, with worth: 1 and coverage: 3
Wed Jan 30 18:19:33 2019: Highest coverage kmer is: AACCTGAAAGCAGACCGCAAA, with worth: 1 and coverage: 3
Wed Jan 30 18:19:35 2019: Highest coverage kmer is: AAGAAGCCTTGGAAGCAGAAG, with worth: 1 and coverage: 3
Wed Jan 30 18:19:36 2019: Highest coverage kmer is: AAGACCAAGAGCTTTGTCGCC, with worth: 1 and coverage: 3
Wed Jan 30 18:19:38 2019: Highest coverage kmer is: AAGCCTTGGCGTCAAAAAGGG, with worth: 1 and coverage: 3
Wed Jan 30 18:19:39 2019: Highest coverage kmer is: AAGTATTAGATATCAACGGAA, with worth: 1 and coverage: 3
Wed Jan 30 18:19:41 2019: Highest coverage kmer is: AAGTTTCTGGTGGTGGAAGAA, with worth: 1 and coverage: 3
Wed Jan 30 18:19:42 2019: Highest coverage kmer is: ACCGCCAGAAAGGTACCGGTG, with worth: 1 and coverage: 3
Wed Jan 30 18:19:43 2019: Highest coverage kmer is: AGTGGTTCTACTCGCAAACTT, with worth: 1 and coverage: 3
Wed Jan 30 18:19:45 2019: Highest coverage kmer is: ATGGTCCGGTTGTTCGCAGCC, with worth: 1 and coverage: 3
Wed Jan 30 18:19:46 2019: Highest coverage kmer is: ATTCAACGAATCCCTGGTGCA, with worth: 1 and coverage: 3
Wed Jan 30 18:19:48 2019: Highest coverage kmer is: CAAGCCCCGGGATTACAGCTA, with worth: 1 and coverage: 3
Wed Jan 30 18:19:49 2019: Highest coverage kmer is: CCAGAAGGGAACCGGCAACGC, with worth: 1 and coverage: 3
Wed Jan 30 18:19:50 2019: Highest coverage kmer is: CGATCCTGTTCGTCACGAGCG, with worth: 1 and coverage: 3
Wed Jan 30 18:19:52 2019: Highest coverage kmer is: CGTGGCGGTGGCCGCAAGCCA, with worth: 1 and coverage: 3
Wed Jan 30 18:19:53 2019: Highest coverage kmer is: GCTAGACAAGGTTCTACAAGA, with worth: 1 and coverage: 3
Wed Jan 30 18:19:55 2019: Highest coverage kmer is: GGTGGAACAGTATTTGGTCCA, with worth: 1 and coverage: 3
Wed Jan 30 18:19:56 2019: Highest coverage kmer is: GGTGGAGGTAAAAAGCCTTGG, with worth: 1 and coverage: 3
Wed Jan 30 18:19:57 2019: Highest coverage kmer is: GGTGGTGGTAAGAAGCCGTGG, with worth: 1 and coverage: 3
Wed Jan 30 18:19:58 2019: Highest coverage kmer is: AAAAAATCTTATGATCATTCT, with worth: 1 and coverage: 2
Wed Jan 30 18:20:00 2019: Highest coverage kmer is: AAAAGGGAACAGGTAGAGCTA, with worth: 1 and coverage: 2
Wed Jan 30 18:20:01 2019: Highest coverage kmer is: AAAAGTAACATCTTTATCAAT, with worth: 1 and coverage: 2
Wed Jan 30 18:20:02 2019: Highest coverage kmer is: AAACAGAAAGGTACTGGAAGA, with worth: 1 and coverage: 2
Wed Jan 30 18:20:03 2019: Highest coverage kmer is: AAACCATGGAAACAGAAAGGA, with worth: 1 and coverage: 2
Wed Jan 30 18:20:05 2019: Highest coverage kmer is: AAACCGTGGCGCCAAAAAGGT, with worth: 1 and coverage: 2
Wed Jan 30 18:20:06 2019: Highest coverage kmer is: AAACCGTGGCGTCAGAAAGGA, with worth: 1 and coverage: 2
Wed Jan 30 18:20:07 2019: Highest coverage kmer is: AAACGCCAGGCTGGCACGCAC, with worth: 1 and coverage: 2
Wed Jan 30 18:20:08 2019: Highest coverage kmer is: AACCGGACGTGCGCGTCAAGG, with worth: 1 and coverage: 2
Wed Jan 30 18:20:09 2019: Highest coverage kmer is: AACCTGCCGAATGTGCTGGTG, with worth: 1 and coverage: 2
Wed Jan 30 18:20:10 2019: Highest coverage kmer is: AAGCAATATTTGGCTAACCAA, with worth: 1 and coverage: 2
Wed Jan 30 18:20:12 2019: Highest coverage kmer is: AAGCAGAAGGGTACGGGTCGT, with worth: 1 and coverage: 2
Wed Jan 30 18:20:13 2019: Highest coverage kmer is: AAGCATTGGAGGCACGTTTAA, with worth: 1 and coverage: 2
Wed Jan 30 18:20:14 2019: Highest coverage kmer is: AAGTGGTGGTGGTGCGAAGCC, with worth: 1 and coverage: 2
Wed Jan 30 18:20:15 2019: Highest coverage kmer is: AAGTGTCTTGAGAGTAGGTTG, with worth: 1 and coverage: 2
Wed Jan 30 18:20:16 2019: Highest coverage kmer is: ACAAAAAGGAACAGGTAATGC, with worth: 1 and coverage: 2
Wed Jan 30 18:20:17 2019: Highest coverage kmer is: ACCAAGACCCGTGCAGAAGTC, with worth: 1 and coverage: 2
Wed Jan 30 18:20:18 2019: Highest coverage kmer is: ACCAGATCTTATTAAAAGAGC, with worth: 1 and coverage: 2
Wed Jan 30 18:20:19 2019: Highest coverage kmer is: ACCAGGTTGTTGTAGCTCAGC, with worth: 1 and coverage: 2
Wed Jan 30 18:20:20 2019: Highest coverage kmer is: ACCGCATGGTTCGTTACCAGC, with worth: 1 and coverage: 2
Wed Jan 30 18:20:21 2019: Highest coverage kmer is: ACCTCATAAAAAGGGCAGTCA, with worth: 1 and coverage: 2
Wed Jan 30 18:20:22 2019: Highest coverage kmer is: ACCTGATTTAATAAAAAGAGC, with worth: 1 and coverage: 2
Wed Jan 30 18:20:23 2019: Highest coverage kmer is: ACGAAGACCCGCGCAGAGGTC, with worth: 1 and coverage: 2
Wed Jan 30 18:20:24 2019: Highest coverage kmer is: ACGGTTCCAATGCCAAGCCTT, with worth: 1 and coverage: 2
Wed Jan 30 18:20:25 2019: Highest coverage kmer is: ACTCCCAGAAGGTCAACAAAA, with worth: 1 and coverage: 2
Wed Jan 30 18:20:26 2019: Highest coverage kmer is: AGCATCACTTCGCCCGTGTTT, with worth: 1 and coverage: 2
Wed Jan 30 18:20:26 2019: Highest coverage kmer is: AGGCTCTGCAGGAGACGCTGA, with worth: 1 and coverage: 2
Wed Jan 30 18:20:27 2019: Highest coverage kmer is: AGGGTTCGATTCGTGCTCCGC, with worth: 1 and coverage: 2
Wed Jan 30 18:20:28 2019: Highest coverage kmer is: ATATGACATTCTTAAATACGA, with worth: 1 and coverage: 2
Wed Jan 30 18:20:29 2019: Highest coverage kmer is: ATTTATTGATCACCTAGATCA, with worth: 1 and coverage: 2
Wed Jan 30 18:20:30 2019: Highest coverage kmer is: CAAACCCTGGAGACAGAAAGG, with worth: 1 and coverage: 2
Wed Jan 30 18:20:30 2019: Highest coverage kmer is: CACGTAATATTCCTAATGTAA, with worth: 1 and coverage: 2
Wed Jan 30 18:20:31 2019: Highest coverage kmer is: CAGGAGGTTTACAGTGACTAA, with worth: 1 and coverage: 2
Wed Jan 30 18:20:32 2019: Highest coverage kmer is: CCAAAAAGGGACAGGTCGTGC, with worth: 1 and coverage: 2
Wed Jan 30 18:20:32 2019: Highest coverage kmer is: CTTAATGTTTACGATATTCTT, with worth: 1 and coverage: 2
Wed Jan 30 18:20:33 2019: Highest coverage kmer is: GCGCCCTCGACGAAGGCCGCG, with worth: 1 and coverage: 2
Wed Jan 30 18:20:33 2019: Highest coverage kmer is: TCGCGTAGCCCCATCTGGCGC, with worth: 1 and coverage: 2
Wed Jan 30 18:20:34 2019: Highest coverage kmer is: TGTTGGTGGTGGTGTGGCTCA, with worth: 1 and coverage: 2
Wed Jan 30 18:20:34 2019: Highest coverage kmer is: TTAGAGGAGCAGTTGCAATGA, with worth: 1 and coverage: 2
Wed Jan 30 18:20:35 2019: Highest coverage kmer is: AAAAAAACGCTGGTTCTTCTT, with worth: 1 and coverage: 1
Wed Jan 30 18:20:35 2019: Highest coverage kmer is: AAAAAAACTAAGGACGCCCAC, with worth: 1 and coverage: 1
Wed Jan 30 18:20:35 2019: Highest coverage kmer is: AAAAAAAGGTTTATTCAGTCG, with worth: 1 and coverage: 1
Wed Jan 30 18:20:35 2019: Highest coverage kmer is: AAAAAAAGTTAGAAAGCTTGG, with worth: 1 and coverage: 1
Wed Jan 30 18:20:36 2019: Highest coverage kmer is: AAAAAAAGTTTCTGTTTTAGA, with worth: 1 and coverage: 1
Wed Jan 30 18:20:36 2019: Highest coverage kmer is: AAAAAAATCAGCGGGATCCAG, with worth: 1 and coverage: 1
Wed Jan 30 18:20:36 2019: Highest coverage kmer is: AAAAAAATTGCCAAAGAAAAT, with worth: 1 and coverage: 1
Wed Jan 30 18:20:36 2019: Highest coverage kmer is: AAAAAACAGGAGCTAAGAGTG, with worth: 1 and coverage: 1
Wed Jan 30 18:20:37 2019: Highest coverage kmer is: AAAAAACATGATTGTTGGTGC, with worth: 1 and coverage: 1
Wed Jan 30 18:20:37 2019: Highest coverage kmer is: AAAAAAGAAAGGACTTTAGCT, with worth: 1 and coverage: 1
Wed Jan 30 18:20:37 2019: Highest coverage kmer is: AAAAAAGACCAGGGATGCTGT, with worth: 1 and coverage: 1
Wed Jan 30 18:20:37 2019: Highest coverage kmer is: AAAAAAGAGAAACGTCTTGCA, with worth: 1 and coverage: 1
Wed Jan 30 18:20:38 2019: Highest coverage kmer is: AAAAAAGTGAAATCGTTGGCT, with worth: 1 and coverage: 1
Wed Jan 30 18:20:38 2019: Highest coverage kmer is: AAAAACAAAAGTTATTGACTT, with worth: 1 and coverage: 1
Wed Jan 30 18:20:38 2019: Highest coverage kmer is: AAAAACCTTCTGCTGGTTAAA, with worth: 1 and coverage: 1
Wed Jan 30 18:20:38 2019: Highest coverage kmer is: AAAAACCTTGCTGGAGTCGAT, with worth: 1 and coverage: 1
Wed Jan 30 18:20:38 2019: Highest coverage kmer is: AAAAACTCGTGAGATCGTTGA, with worth: 1 and coverage: 1
Wed Jan 30 18:20:39 2019: Highest coverage kmer is: AAAAAGAAGAGCGTTCTGCTT, with worth: 1 and coverage: 1
Wed Jan 30 18:20:39 2019: Highest coverage kmer is: AAAAAGAAGAGCGTTTTGATA, with worth: 1 and coverage: 1
Wed Jan 30 18:20:39 2019: Highest coverage kmer is: AAAAAGACAAGCGAGATTGCC, with worth: 1 and coverage: 1
Wed Jan 30 18:20:39 2019: Highest coverage kmer is: AAAAAGCCCCTTGCAGCCGCA, with worth: 1 and coverage: 1
Wed Jan 30 18:20:39 2019: Highest coverage kmer is: AAAAAGCCCTTCAAGCAGAAA, with worth: 1 and coverage: 1
Wed Jan 30 18:20:39 2019: Highest coverage kmer is: AAAAAGGAACAGGCCGCGCAA, with worth: 1 and coverage: 1
Wed Jan 30 18:20:40 2019: Highest coverage kmer is: AAAAAGGAGAAAAGAACGGCC, with worth: 1 and coverage: 1
Wed Jan 30 18:20:40 2019: Highest coverage kmer is: AAAAAGGTACAGGTAGGGCAC, with worth: 1 and coverage: 1
Wed Jan 30 18:20:40 2019: Highest coverage kmer is: AAAAAGGTCAGGCAACTGGCT, with worth: 1 and coverage: 1
Wed Jan 30 18:20:40 2019: Highest coverage kmer is: AAAAAGGTTCAGGACGCGCAA, with worth: 1 and coverage: 1
Wed Jan 30 18:20:40 2019: Highest coverage kmer is: AAAAAGTAAACAGGAAAGAAA, with worth: 1 and coverage: 1
Wed Jan 30 18:20:40 2019: Highest coverage kmer is: AAAAAGTTATTGCTTCTAGAT, with worth: 1 and coverage: 1
Wed Jan 30 18:20:40 2019: Highest coverage kmer is: AAAAAGTTGGCGAAATCGAAC, with worth: 1 and coverage: 1
Wed Jan 30 18:20:41 2019: Highest coverage kmer is: AAAACACGAGGATTAGGGCTG, with worth: 1 and coverage: 1
Wed Jan 30 18:20:41 2019: Highest coverage kmer is: AAAACCATGGGCTCAGAAGGG, with worth: 1 and coverage: 1
Wed Jan 30 18:20:41 2019: Highest coverage kmer is: AAAACGTCTCAAAGGCCAAAG, with worth: 1 and coverage: 1
Wed Jan 30 18:20:41 2019: Highest coverage kmer is: AAAACTATACGGGTTAGGGAG, with worth: 1 and coverage: 1
Wed Jan 30 18:20:41 2019: Highest coverage kmer is: AAAACTCTAAGAATATTTATT, with worth: 1 and coverage: 1
Wed Jan 30 18:20:41 2019: Highest coverage kmer is: AAAAGAACCACTGCGAAGTAC, with worth: 1 and coverage: 1
Wed Jan 30 18:20:41 2019: Highest coverage kmer is: AAAAGACCTGATAAAGACGCT, with worth: 1 and coverage: 1
Wed Jan 30 18:20:41 2019: Highest coverage kmer is: AAAAGCGCCCTCATCCTCCTG, with worth: 1 and coverage: 1
Wed Jan 30 18:20:41 2019: Highest coverage kmer is: AAAAGCTACGATCAGGAGAAG, with worth: 1 and coverage: 1
Wed Jan 30 18:20:41 2019: Highest coverage kmer is: AAACAAGAGGGAGAGGAGGCT, with worth: 1 and coverage: 1
Wed Jan 30 18:20:41 2019: Highest coverage kmer is: AAACAGCGAGCTATGCTACCA, with worth: 1 and coverage: 1
Wed Jan 30 18:20:41 2019: Highest coverage kmer is: AAAGACAGGAACGCAGCCGTC, with worth: 1 and coverage: 1

Checking output for redundant kmers...

AACGAAGCTCTTGTACACCAA is redundant.
AAGGGTACGGGCCGCGCTCGT is redundant.
GGTCGTGCTCGTCAAGGTTCT is redundant.
AGAAGGTCAACCGCAAGATGT is redundant.
AGAAGGGTACCGGCCGCGCTC is redundant.
AACAAGCTGCTTTAAGACAAG is redundant.
AACTTCCAGCTATTTTTAATG is redundant.
AAAGGTAATATCCGTAACCCT is redundant.
ATGGAATTGGTAATGAAAGAC is redundant.
There are 583 21-mers in the representative list.
It took 61 minutes and 19 seconds to generate a list from 8000 sequences.
