Generating 21-mers
...

All 21-mers generated!

Wed Jan 30 17:19:38 2019: Highest coverage kmer is: GTTGAGGAGATGCTGGCATGA, with worth: 1197 and coverage: 1197
Wed Jan 30 17:20:02 2019: Highest coverage kmer is: AAAAAAGTTGAGGAGGTGCTC, with worth: 898 and coverage: 898
Wed Jan 30 17:20:21 2019: Highest coverage kmer is: AAACCATGGCGTCAAAAAGGA, with worth: 481 and coverage: 481
Wed Jan 30 17:20:34 2019: Highest coverage kmer is: GCCGCGCGACTACAGCCAGCG, with worth: 471 and coverage: 471
Wed Jan 30 17:20:50 2019: Highest coverage kmer is: TTCGAGGAGCTGCTGGGATGA, with worth: 271 and coverage: 271
Wed Jan 30 17:21:11 2019: Highest coverage kmer is: AGAAGGGCACCGGCCGCGCCC, with worth: 265 and coverage: 306
Wed Jan 30 17:21:31 2019: Highest coverage kmer is: AACGAAGCTCTTGTACACCAA, with worth: 247 and coverage: 298
Wed Jan 30 17:21:41 2019: Highest coverage kmer is: AAGGGTACGGGCCGCGCTCGT, with worth: 195 and coverage: 195
Wed Jan 30 17:22:00 2019: Highest coverage kmer is: CAGCGCACCCCCAAGAAGATG, with worth: 190 and coverage: 254
Wed Jan 30 17:22:19 2019: Highest coverage kmer is: AAACCATGGCGTCAAAAAGGT, with worth: 171 and coverage: 174
Wed Jan 30 17:22:37 2019: Highest coverage kmer is: TCAACAAGAAGATGTACCGCG, with worth: 115 and coverage: 169
Wed Jan 30 17:22:53 2019: Highest coverage kmer is: CAGCGCACCCCGAAGAAGATG, with worth: 89 and coverage: 146
Wed Jan 30 17:23:07 2019: Highest coverage kmer is: AAACCTTGGAGACAAAAAGGT, with worth: 83 and coverage: 83
Wed Jan 30 17:23:21 2019: Highest coverage kmer is: AAGATGTACAAGCAGAAGGGT, with worth: 80 and coverage: 182
Wed Jan 30 17:23:37 2019: Highest coverage kmer is: GTAGAGGAGGTGCTTGCATAA, with worth: 77 and coverage: 179
Wed Jan 30 17:23:44 2019: Highest coverage kmer is: AAGAAGTCGAAGAAGCAGAAG, with worth: 74 and coverage: 74
Wed Jan 30 17:23:56 2019: Highest coverage kmer is: GAAGCCGTGGCGCCAGAAGGG, with worth: 73 and coverage: 162
Wed Jan 30 17:24:07 2019: Highest coverage kmer is: AAAACCTTGGCGTCAAAAAGG, with worth: 73 and coverage: 73
Wed Jan 30 17:24:21 2019: Highest coverage kmer is: AGCGGACCCCGAAGAAGATGA, with worth: 69 and coverage: 181
Wed Jan 30 17:24:28 2019: Highest coverage kmer is: AAAGCACAGAAGTATTCTAAA, with worth: 66 and coverage: 66
Wed Jan 30 17:24:42 2019: Highest coverage kmer is: TACAAGCAGAAGGGCACCGGC, with worth: 65 and coverage: 105
Wed Jan 30 17:24:49 2019: Highest coverage kmer is: AAGGCCATCGTTTTAGACAGC, with worth: 63 and coverage: 63
Wed Jan 30 17:24:56 2019: Highest coverage kmer is: AACAGGTAGAGCAAGACAAGG, with worth: 54 and coverage: 54
Wed Jan 30 17:25:07 2019: Highest coverage kmer is: CCACAATGGCGTGGTGGTGGT, with worth: 53 and coverage: 305
Wed Jan 30 17:25:14 2019: Highest coverage kmer is: AAATAAAAATGTATATTTGTC, with worth: 52 and coverage: 52
Wed Jan 30 17:25:21 2019: Highest coverage kmer is: CTACTCGACCAAGAAGATCTA, with worth: 51 and coverage: 51
Wed Jan 30 17:25:35 2019: Highest coverage kmer is: ATCGAGGAGGTGTACGCATAA, with worth: 49 and coverage: 49
Wed Jan 30 17:25:49 2019: Highest coverage kmer is: GCCGCGTGACTACAGCCAGCG, with worth: 45 and coverage: 104
Wed Jan 30 17:26:02 2019: Highest coverage kmer is: AAAGGTACTGGCCGTGCACGT, with worth: 42 and coverage: 110
Wed Jan 30 17:26:09 2019: Highest coverage kmer is: AAGAAGTTCGGTCGCCAGAAG, with worth: 37 and coverage: 37
Wed Jan 30 17:26:22 2019: Highest coverage kmer is: TGGCGTCAAAAGGGTACTGGT, with worth: 36 and coverage: 39
Wed Jan 30 17:26:34 2019: Highest coverage kmer is: AAATAAAAACGTATATTTGTC, with worth: 36 and coverage: 36
Wed Jan 30 17:26:46 2019: Highest coverage kmer is: GTTCAGAAGGTAGAGGAGGTG, with worth: 36 and coverage: 36
Wed Jan 30 17:27:00 2019: Highest coverage kmer is: AAAATTGAGGTAGAACTCGGA, with worth: 35 and coverage: 204
Wed Jan 30 17:27:12 2019: Highest coverage kmer is: AAGCCATGGCGCCAAAAAGGT, with worth: 35 and coverage: 41
Wed Jan 30 17:27:25 2019: Highest coverage kmer is: AAGCCGTGGCGTCAGAAGGGT, with worth: 33 and coverage: 51
Wed Jan 30 17:27:38 2019: Highest coverage kmer is: CCAGCTCAACACCTACGACGT, with worth: 30 and coverage: 137
Wed Jan 30 17:27:50 2019: Highest coverage kmer is: GGTCGTGCTCGTCAAGGTTCT, with worth: 30 and coverage: 51
Wed Jan 30 17:27:56 2019: Highest coverage kmer is: AAATAATAATGTATATTTGTC, with worth: 28 and coverage: 28
Wed Jan 30 17:28:08 2019: Highest coverage kmer is: AAACCTTGGAAACAAAAAGGT, with worth: 27 and coverage: 39
Wed Jan 30 17:28:17 2019: Highest coverage kmer is: ATTGAGGAGGTGTACGCATAA, with worth: 27 and coverage: 32
Wed Jan 30 17:28:23 2019: Highest coverage kmer is: AGTATTAAATACATCAGGAAA, with worth: 25 and coverage: 25
Wed Jan 30 17:28:30 2019: Highest coverage kmer is: ACTAAAAAGCCTTTTAGACAA, with worth: 24 and coverage: 24
Wed Jan 30 17:28:41 2019: Highest coverage kmer is: AAGCCGTGGCGTCAGAAGGGC, with worth: 22 and coverage: 67
Wed Jan 30 17:28:53 2019: Highest coverage kmer is: AATATGGAAGGCAAAGAAGTT, with worth: 22 and coverage: 27
Wed Jan 30 17:29:04 2019: Highest coverage kmer is: AACGTCTACGACATCCTGAAG, with worth: 21 and coverage: 33
Wed Jan 30 17:29:16 2019: Highest coverage kmer is: AAGCCGTACCGCCAGAAGGGC, with worth: 20 and coverage: 234
Wed Jan 30 17:29:28 2019: Highest coverage kmer is: AGAAGGTCAACCGCAAGATGT, with worth: 20 and coverage: 73
Wed Jan 30 17:29:39 2019: Highest coverage kmer is: AAAGCCATGGCGTCAAAAAGG, with worth: 20 and coverage: 26
Wed Jan 30 17:29:50 2019: Highest coverage kmer is: ATTGAGGAGGTGCTTGCATAA, with worth: 19 and coverage: 145
Wed Jan 30 17:30:01 2019: Highest coverage kmer is: CTGGAGGCTCGCCTGAAATGA, with worth: 19 and coverage: 39
Wed Jan 30 17:30:12 2019: Highest coverage kmer is: AAAATTCAGGAGGTCTACAGT, with worth: 19 and coverage: 24
Wed Jan 30 17:30:22 2019: Highest coverage kmer is: TAATAAAAAAATGTACAAACG, with worth: 19 and coverage: 20
Wed Jan 30 17:30:33 2019: Highest coverage kmer is: GGTAAGAAGCCATGGCGTCAA, with worth: 18 and coverage: 38
Wed Jan 30 17:30:44 2019: Highest coverage kmer is: ATGGCGCCAAAAAGGAACTGG, with worth: 17 and coverage: 32
Wed Jan 30 17:30:50 2019: Highest coverage kmer is: AGAGGTGGAGGAAGAAAACCT, with worth: 17 and coverage: 17
Wed Jan 30 17:31:00 2019: Highest coverage kmer is: AGGGCATCAACGTCTACGACA, with worth: 16 and coverage: 62
Wed Jan 30 17:31:11 2019: Highest coverage kmer is: CAGCGCACGCCCAAGAAGATG, with worth: 15 and coverage: 70
Wed Jan 30 17:31:21 2019: Highest coverage kmer is: CAAGAAGATCTATCGCCAGAA, with worth: 15 and coverage: 44
Wed Jan 30 17:31:31 2019: Highest coverage kmer is: AAGCCTTGGAGACAAAAGGGT, with worth: 15 and coverage: 39
Wed Jan 30 17:31:41 2019: Highest coverage kmer is: CAGCGCACCCCTAAGAAGATG, with worth: 15 and coverage: 28
Wed Jan 30 17:31:51 2019: Highest coverage kmer is: ATTGAGGAGGTGTATGCATAA, with worth: 15 and coverage: 27
Wed Jan 30 17:32:01 2019: Highest coverage kmer is: ATCGAGGAGATGCTGGGATGA, with worth: 15 and coverage: 20
Wed Jan 30 17:32:11 2019: Highest coverage kmer is: AGAAGCTGAACAAGAAGATGT, with worth: 14 and coverage: 137
Wed Jan 30 17:32:21 2019: Highest coverage kmer is: TCAACAAGAAGATGTATCGCG, with worth: 14 and coverage: 98
Wed Jan 30 17:32:25 2019: Highest coverage kmer is: AATGTTTATGATATTTTGCGT, with worth: 14 and coverage: 14
Wed Jan 30 17:32:35 2019: Highest coverage kmer is: TACAAGCAGAAGGGCACCGGT, with worth: 13 and coverage: 45
Wed Jan 30 17:32:43 2019: Highest coverage kmer is: ACTGGACGTGCTCGTCAAGGA, with worth: 13 and coverage: 19
Wed Jan 30 17:32:47 2019: Highest coverage kmer is: AAAGAAACAGGTGCCAAGGTG, with worth: 13 and coverage: 13
Wed Jan 30 17:32:52 2019: Highest coverage kmer is: ACCCGCCGAAGGCCGAGAAGG, with worth: 13 and coverage: 13
Wed Jan 30 17:32:57 2019: Highest coverage kmer is: ATGGATATTAACGTATTAGAT, with worth: 13 and coverage: 13
Wed Jan 30 17:33:06 2019: Highest coverage kmer is: AGCGGACCCCCAAGAAGATGA, with worth: 12 and coverage: 74
Wed Jan 30 17:33:14 2019: Highest coverage kmer is: GAAGCCCTGGCGCCAGAAGGG, with worth: 12 and coverage: 44
Wed Jan 30 17:33:23 2019: Highest coverage kmer is: TTCCGGCGGCGGCAAGAAGCC, with worth: 12 and coverage: 35
Wed Jan 30 17:33:31 2019: Highest coverage kmer is: GCCAACGTCTATGACATCCTG, with worth: 12 and coverage: 25
Wed Jan 30 17:33:38 2019: Highest coverage kmer is: ATGGAATTGGTATTGAAAGAC, with worth: 12 and coverage: 22
Wed Jan 30 17:33:46 2019: Highest coverage kmer is: AAAGCCTTGGAGACAAAAAGG, with worth: 12 and coverage: 14
Wed Jan 30 17:33:53 2019: Highest coverage kmer is: AAAGTGAACCGTAAAATGTAC, with worth: 12 and coverage: 14
Wed Jan 30 17:33:57 2019: Highest coverage kmer is: AAAAAGGTACAGGTAATGCAA, with worth: 12 and coverage: 12
Wed Jan 30 17:34:06 2019: Highest coverage kmer is: AAGCCTTGGAAACAAAAAGGT, with worth: 11 and coverage: 26
Wed Jan 30 17:34:14 2019: Highest coverage kmer is: ATGAAAGTAGCAGTTTTAGAT, with worth: 11 and coverage: 24
Wed Jan 30 17:34:23 2019: Highest coverage kmer is: ATGGAATTGGTAGTCAAAGGC, with worth: 11 and coverage: 22
Wed Jan 30 17:34:32 2019: Highest coverage kmer is: AAAACCATGGAGACAAAAAGG, with worth: 11 and coverage: 15
Wed Jan 30 17:34:40 2019: Highest coverage kmer is: GCGTCAAAAAGGCACAGGTCG, with worth: 11 and coverage: 12
Wed Jan 30 17:34:47 2019: Highest coverage kmer is: AAAGCCTTGGAAGCAAAAAGG, with worth: 11 and coverage: 11
Wed Jan 30 17:34:55 2019: Highest coverage kmer is: TAAGCCATGGCGTCAAAAAGG, with worth: 10 and coverage: 161
Wed Jan 30 17:35:04 2019: Highest coverage kmer is: AGAAGGGCACCGGCCGTGCCC, with worth: 10 and coverage: 37
Wed Jan 30 17:35:12 2019: Highest coverage kmer is: CGTAAGATTAAAAAACAAAAA, with worth: 10 and coverage: 28
Wed Jan 30 17:35:20 2019: Highest coverage kmer is: ATCAGCTCAACACCTACGATG, with worth: 10 and coverage: 23
Wed Jan 30 17:35:27 2019: Highest coverage kmer is: TGGCAGCTGGCCAAGCGCCGC, with worth: 10 and coverage: 21
Wed Jan 30 17:35:35 2019: Highest coverage kmer is: AAGGGTACTGGTCGTGCACGT, with worth: 10 and coverage: 16
Wed Jan 30 17:35:42 2019: Highest coverage kmer is: CAAAAAGGAACAGGTCGTGCT, with worth: 9 and coverage: 852
Wed Jan 30 17:35:50 2019: Highest coverage kmer is: CGCCGACATCCTGCACCGCGT, with worth: 9 and coverage: 40
Wed Jan 30 17:35:56 2019: Highest coverage kmer is: CGTCGTGGTGATATCAACTCT, with worth: 9 and coverage: 12
Wed Jan 30 17:36:02 2019: Highest coverage kmer is: AAATAATAACGTATATTTGTC, with worth: 9 and coverage: 11
Wed Jan 30 17:36:06 2019: Highest coverage kmer is: AAAAAACCTTGAAGACAAAAA, with worth: 9 and coverage: 9
Wed Jan 30 17:36:10 2019: Highest coverage kmer is: CTGAAGGAGCGCCTGGCATGA, with worth: 9 and coverage: 9
Wed Jan 30 17:36:18 2019: Highest coverage kmer is: AGGGCATCAATGTTTACGACA, with worth: 8 and coverage: 103
Wed Jan 30 17:36:25 2019: Highest coverage kmer is: AAGCCGTGGCGCCAGAAGGGC, with worth: 8 and coverage: 74
Wed Jan 30 17:36:33 2019: Highest coverage kmer is: CTCTTTCTCAAGTAGAGGAGG, with worth: 8 and coverage: 33
Wed Jan 30 17:36:41 2019: Highest coverage kmer is: ATGACATCCTCAAGCGTGACA, with worth: 8 and coverage: 28
Wed Jan 30 17:36:49 2019: Highest coverage kmer is: GCACCAAAGCCAAGAGATTAT, with worth: 8 and coverage: 21
Wed Jan 30 17:36:56 2019: Highest coverage kmer is: CGCACCGGCAAGAAGTTCGGC, with worth: 8 and coverage: 16
Wed Jan 30 17:37:04 2019: Highest coverage kmer is: GGCGGTCGCATCTTCCCGAAC, with worth: 8 and coverage: 16
Wed Jan 30 17:37:11 2019: Highest coverage kmer is: AAACCATGGCGTCAAAAAGGG, with worth: 8 and coverage: 12
Wed Jan 30 17:37:19 2019: Highest coverage kmer is: GCCGGCACCCACAAGGTGAAG, with worth: 8 and coverage: 12
Wed Jan 30 17:37:26 2019: Highest coverage kmer is: ATCGAGGAGGTGTATGCATAA, with worth: 8 and coverage: 11
Wed Jan 30 17:37:30 2019: Highest coverage kmer is: CTACACCCTGCCCCGCAAGGT, with worth: 8 and coverage: 8
Wed Jan 30 17:37:34 2019: Highest coverage kmer is: TGAACCGCAAGATGTATCGCG, with worth: 8 and coverage: 8
Wed Jan 30 17:37:42 2019: Highest coverage kmer is: TGGCGTCAAAAAGGTACTGGT, with worth: 7 and coverage: 88
Wed Jan 30 17:37:49 2019: Highest coverage kmer is: ATTGAGGAGATGCTGGCATGA, with worth: 7 and coverage: 29
Wed Jan 30 17:37:56 2019: Highest coverage kmer is: AAGAAGCCCTGGAAGCAGAAG, with worth: 7 and coverage: 11
Wed Jan 30 17:38:03 2019: Highest coverage kmer is: AGATATTACAGGAAAAGATAC, with worth: 7 and coverage: 11
Wed Jan 30 17:38:10 2019: Highest coverage kmer is: CGTGGTGGTGGTAAGAAGCCT, with worth: 7 and coverage: 10
Wed Jan 30 17:38:14 2019: Highest coverage kmer is: AACTTCCAGCTATTTTTAATG, with worth: 7 and coverage: 7
Wed Jan 30 17:38:18 2019: Highest coverage kmer is: AGCTCCCGGCGGTCTTCGAGA, with worth: 7 and coverage: 7
Wed Jan 30 17:38:24 2019: Highest coverage kmer is: AGGTGGAGGAAGAAAGCCTTT, with worth: 7 and coverage: 7
Wed Jan 30 17:38:31 2019: Highest coverage kmer is: TCAAAAAGGAACTGGTCGTGC, with worth: 6 and coverage: 95
Wed Jan 30 17:38:38 2019: Highest coverage kmer is: AGTAAGCGGTGGTGGTAAAAA, with worth: 6 and coverage: 21
Wed Jan 30 17:38:45 2019: Highest coverage kmer is: CAGGAAAAGAAACCGGAAGAA, with worth: 6 and coverage: 15
Wed Jan 30 17:38:52 2019: Highest coverage kmer is: CTCTTGAGGAGCGTTTTAAAT, with worth: 6 and coverage: 14
Wed Jan 30 17:38:59 2019: Highest coverage kmer is: TGGAGACAGAAAGGAACAGGT, with worth: 6 and coverage: 12
Wed Jan 30 17:39:06 2019: Highest coverage kmer is: AAACAAAAAGGTACTGGTGGT, with worth: 6 and coverage: 11
Wed Jan 30 17:39:13 2019: Highest coverage kmer is: AGAAGGTTAACCGCAAGATGT, with worth: 6 and coverage: 10
Wed Jan 30 17:39:20 2019: Highest coverage kmer is: TATGACATCCTGCGCCGTGAC, with worth: 6 and coverage: 10
Wed Jan 30 17:39:26 2019: Highest coverage kmer is: AAACCTTGAAAACAAAAAGGT, with worth: 6 and coverage: 7
Wed Jan 30 17:39:30 2019: Highest coverage kmer is: ATGGAAAAGAAAGTCTATTCA, with worth: 6 and coverage: 6
Wed Jan 30 17:39:33 2019: Highest coverage kmer is: GCACGTCACGGTAACCGTAAA, with worth: 6 and coverage: 6
Wed Jan 30 17:39:37 2019: Highest coverage kmer is: GTTGAGGAGGTGTACGCATAA, with worth: 6 and coverage: 6
Wed Jan 30 17:39:44 2019: Highest coverage kmer is: GCCGCGCAGCTTCGAGCAGAA, with worth: 5 and coverage: 54
Wed Jan 30 17:39:51 2019: Highest coverage kmer is: CGCTCGTCAGGGCTCGATCCG, with worth: 5 and coverage: 53
Wed Jan 30 17:39:57 2019: Highest coverage kmer is: ACAAAAAGGAACAGGTAGAGC, with worth: 5 and coverage: 52
Wed Jan 30 17:40:04 2019: Highest coverage kmer is: AAACCTTGGAAACAAAAAGGA, with worth: 5 and coverage: 51
Wed Jan 30 17:40:10 2019: Highest coverage kmer is: CACCGGTGGCGCACGTCACGG, with worth: 5 and coverage: 20
Wed Jan 30 17:40:17 2019: Highest coverage kmer is: CAAGCCATGGCGCCAAAAAGG, with worth: 5 and coverage: 15
Wed Jan 30 17:40:23 2019: Highest coverage kmer is: GGTCGCAAACCTTGGCGGCAA, with worth: 5 and coverage: 14
Wed Jan 30 17:40:30 2019: Highest coverage kmer is: AAGCAGAAGGGTACCGGCCGC, with worth: 5 and coverage: 13
Wed Jan 30 17:40:36 2019: Highest coverage kmer is: ACAAAAAGGAACTGGTCGTGC, with worth: 5 and coverage: 12
Wed Jan 30 17:40:43 2019: Highest coverage kmer is: AAAAGGGTACAGGTCGTGCTC, with worth: 5 and coverage: 10
Wed Jan 30 17:40:49 2019: Highest coverage kmer is: CCCTGGCGCCAGAAAGGCACC, with worth: 5 and coverage: 10
Wed Jan 30 17:40:55 2019: Highest coverage kmer is: CCGGCGGCGCTCGTCACGGTT, with worth: 5 and coverage: 9
Wed Jan 30 17:41:01 2019: Highest coverage kmer is: AACTTGAGGAGCAATGGGTAT, with worth: 5 and coverage: 8
Wed Jan 30 17:41:08 2019: Highest coverage kmer is: ACAAAAAACACGCTCTGAAGT, with worth: 5 and coverage: 8
Wed Jan 30 17:41:14 2019: Highest coverage kmer is: CCGCTGTGGCGTGGCGGCGGC, with worth: 5 and coverage: 8
Wed Jan 30 17:41:20 2019: Highest coverage kmer is: CGATCTTCCCAAGAAGGTCCG, with worth: 5 and coverage: 8
Wed Jan 30 17:41:26 2019: Highest coverage kmer is: CTGTTAAAACTTTGGAGGAAG, with worth: 5 and coverage: 8
Wed Jan 30 17:41:32 2019: Highest coverage kmer is: AAGCCTTGGAAACAAAAAGGA, with worth: 5 and coverage: 7
Wed Jan 30 17:41:38 2019: Highest coverage kmer is: ACTACAGCTACACCCTGCCCA, with worth: 5 and coverage: 7
Wed Jan 30 17:41:44 2019: Highest coverage kmer is: CAAACCCTGGCGGCAAAAAGG, with worth: 5 and coverage: 7
Wed Jan 30 17:41:48 2019: Highest coverage kmer is: TAATAAAAACGTATATTTGTC, with worth: 5 and coverage: 6
Wed Jan 30 17:41:52 2019: Highest coverage kmer is: TGGCCAACCAGCGCCAGGGTA, with worth: 5 and coverage: 6
Wed Jan 30 17:41:54 2019: Highest coverage kmer is: AAAAAGCCCTGGCGTCAAAAA, with worth: 5 and coverage: 5
Wed Jan 30 17:41:57 2019: Highest coverage kmer is: AAAAAGTTTTGGTTATTCTTG, with worth: 5 and coverage: 5
Wed Jan 30 17:42:00 2019: Highest coverage kmer is: AAAGCACAGAAGTACTCAAAA, with worth: 5 and coverage: 5
Wed Jan 30 17:42:02 2019: Highest coverage kmer is: AAAGCAGGTAATAGAATTCCT, with worth: 5 and coverage: 5
Wed Jan 30 17:42:05 2019: Highest coverage kmer is: ACAAAAAGGTACTGGTAATGC, with worth: 5 and coverage: 5
Wed Jan 30 17:42:07 2019: Highest coverage kmer is: ACTCGCATGGCAATCCGCTCG, with worth: 5 and coverage: 5
Wed Jan 30 17:42:10 2019: Highest coverage kmer is: ATGCCTAAAGTAGCTTTATAT, with worth: 5 and coverage: 5
Wed Jan 30 17:42:13 2019: Highest coverage kmer is: GGTGGTGGCAGAAAACCCTGG, with worth: 5 and coverage: 5
Wed Jan 30 17:42:16 2019: Highest coverage kmer is: TCAAAAAGGTGGCGGTAGAGC, with worth: 5 and coverage: 5
Wed Jan 30 17:42:21 2019: Highest coverage kmer is: CAGCTCAACACCTATGACGTG, with worth: 4 and coverage: 400
Wed Jan 30 17:42:27 2019: Highest coverage kmer is: CCAAAAACAAAAGAATTCAAA, with worth: 4 and coverage: 174
Wed Jan 30 17:42:33 2019: Highest coverage kmer is: AACAAGAAAATGTACCGTGGT, with worth: 4 and coverage: 77
Wed Jan 30 17:42:38 2019: Highest coverage kmer is: GGCGTCAGAAGGGCACCGGTC, with worth: 4 and coverage: 64
Wed Jan 30 17:42:44 2019: Highest coverage kmer is: TCAGCTCAACACCTACGACGT, with worth: 4 and coverage: 49
Wed Jan 30 17:42:50 2019: Highest coverage kmer is: AAAGCAGGGGAGGTGCTTGCA, with worth: 4 and coverage: 19
Wed Jan 30 17:42:55 2019: Highest coverage kmer is: AAAGCCTTGGAGACAGAAGGG, with worth: 4 and coverage: 17
Wed Jan 30 17:43:01 2019: Highest coverage kmer is: GTGCGCTGGCAGCTCGCCAAG, with worth: 4 and coverage: 16
Wed Jan 30 17:43:06 2019: Highest coverage kmer is: AAGAAGCCATGGAAGCAGAAG, with worth: 4 and coverage: 15
Wed Jan 30 17:43:12 2019: Highest coverage kmer is: AAAAACGTATATTTGTCGGCT, with worth: 4 and coverage: 12
Wed Jan 30 17:43:17 2019: Highest coverage kmer is: AGAATTAAGTACTTACAAAAT, with worth: 4 and coverage: 11
Wed Jan 30 17:43:23 2019: Highest coverage kmer is: GGTGGTGGTAAAAAGCCATGG, with worth: 4 and coverage: 11
Wed Jan 30 17:43:28 2019: Highest coverage kmer is: CGCGCGTGGTGCACTGGCAGC, with worth: 4 and coverage: 9
Wed Jan 30 17:43:34 2019: Highest coverage kmer is: GGCTAATCAGCGTCAGGGTAC, with worth: 4 and coverage: 9
Wed Jan 30 17:43:39 2019: Highest coverage kmer is: CGAGGAGGTGGCCGACCGATG, with worth: 4 and coverage: 8
Wed Jan 30 17:43:44 2019: Highest coverage kmer is: AAAGCCTTGGCGTCAAAAAGG, with worth: 4 and coverage: 7
Wed Jan 30 17:43:50 2019: Highest coverage kmer is: AGAAGCTGAACAAGAAAATGT, with worth: 4 and coverage: 6
Wed Jan 30 17:43:55 2019: Highest coverage kmer is: CCGAAGCTACCTTTGGACGTG, with worth: 4 and coverage: 6
Wed Jan 30 17:44:00 2019: Highest coverage kmer is: CCGCTGTTGAAAAGCTGGAGG, with worth: 4 and coverage: 6
Wed Jan 30 17:44:05 2019: Highest coverage kmer is: AAAATTAAAAAGCAAAAAGGT, with worth: 4 and coverage: 5
Wed Jan 30 17:44:10 2019: Highest coverage kmer is: AAAGGTGGTGGTACCATCTTC, with worth: 4 and coverage: 5
Wed Jan 30 17:44:15 2019: Highest coverage kmer is: AAGGTCAATCGCAAGATGTAT, with worth: 4 and coverage: 5
Wed Jan 30 17:44:20 2019: Highest coverage kmer is: CGTGGTGGTGGTCGTAAACCT, with worth: 4 and coverage: 5
Wed Jan 30 17:44:23 2019: Highest coverage kmer is: AAAGGTACTGGTAATGCACGT, with worth: 4 and coverage: 4
Wed Jan 30 17:44:25 2019: Highest coverage kmer is: AACCATCCAGGAGGTCTACGG, with worth: 4 and coverage: 4
Wed Jan 30 17:44:27 2019: Highest coverage kmer is: AAGCCTTATAGGCAGAAGCAT, with worth: 4 and coverage: 4
Wed Jan 30 17:44:29 2019: Highest coverage kmer is: ACAAGTCGAAGCAGCGCAACG, with worth: 4 and coverage: 4
Wed Jan 30 17:44:32 2019: Highest coverage kmer is: ACAGCTTCAAGCTGAACAAGA, with worth: 4 and coverage: 4
Wed Jan 30 17:44:34 2019: Highest coverage kmer is: AGGGCTGGAAAGGGCAAAATG, with worth: 4 and coverage: 4
Wed Jan 30 17:44:36 2019: Highest coverage kmer is: AGTGCTATAGAGAGGCTTAGG, with worth: 4 and coverage: 4
Wed Jan 30 17:44:39 2019: Highest coverage kmer is: ATACAAGGGTGGTGGTACCAT, with worth: 4 and coverage: 4
Wed Jan 30 17:44:41 2019: Highest coverage kmer is: ATCGCCAAAAAGGCACAGGTG, with worth: 4 and coverage: 4
Wed Jan 30 17:44:44 2019: Highest coverage kmer is: CGGCGGTACGGTATTCGGACC, with worth: 4 and coverage: 4
Wed Jan 30 17:44:46 2019: Highest coverage kmer is: GTTGAGGAGGCACTTGCATAA, with worth: 4 and coverage: 4
Wed Jan 30 17:44:51 2019: Highest coverage kmer is: GGGCGTGATTTCAATGAAGCG, with worth: 3 and coverage: 92
Wed Jan 30 17:44:55 2019: Highest coverage kmer is: CCAGCTGAACACCTACGACGT, with worth: 3 and coverage: 83
Wed Jan 30 17:45:00 2019: Highest coverage kmer is: TAAACCATGGAGACAAAAAGG, with worth: 3 and coverage: 78
Wed Jan 30 17:45:05 2019: Highest coverage kmer is: AAAAAGCCATGGCGCCAGAAA, with worth: 3 and coverage: 51
Wed Jan 30 17:45:10 2019: Highest coverage kmer is: TCAACCGCAAGATGTACCGCG, with worth: 3 and coverage: 33
Wed Jan 30 17:45:15 2019: Highest coverage kmer is: CTATCGCCAGAAGGGCACCGG, with worth: 3 and coverage: 32
Wed Jan 30 17:45:19 2019: Highest coverage kmer is: GCAGAAGGGCACGGGTAACGC, with worth: 3 and coverage: 26
Wed Jan 30 17:45:24 2019: Highest coverage kmer is: ACAAAAAGGAACTGGACGTGC, with worth: 3 and coverage: 24
Wed Jan 30 17:45:29 2019: Highest coverage kmer is: AAACCATGGCGCCAAAAAGGT, with worth: 3 and coverage: 23
Wed Jan 30 17:45:33 2019: Highest coverage kmer is: CAAAAAGGTACAGGTAGAGCA, with worth: 3 and coverage: 19
Wed Jan 30 17:45:38 2019: Highest coverage kmer is: AAAAAGTTAACAAGAAAATGT, with worth: 3 and coverage: 18
Wed Jan 30 17:45:43 2019: Highest coverage kmer is: CTATCGCCAAAAAGGCACCGG, with worth: 3 and coverage: 16
Wed Jan 30 17:45:47 2019: Highest coverage kmer is: AAAAAACAAAAAGGAACAGGT, with worth: 3 and coverage: 15
Wed Jan 30 17:45:52 2019: Highest coverage kmer is: GAAGCCGTTCCGTCAGAAGGG, with worth: 3 and coverage: 15
Wed Jan 30 17:45:56 2019: Highest coverage kmer is: TGGTGGTGGTAAAAAACCATG, with worth: 3 and coverage: 15
Wed Jan 30 17:46:01 2019: Highest coverage kmer is: GGTACAGGACGTGCTCGTCAA, with worth: 3 and coverage: 12
Wed Jan 30 17:46:05 2019: Highest coverage kmer is: CCGCTGGCAGCTCGCCAAGCG, with worth: 3 and coverage: 11
Wed Jan 30 17:46:10 2019: Highest coverage kmer is: AAATATAAGAGATTTAAAGAT, with worth: 3 and coverage: 10
Wed Jan 30 17:46:14 2019: Highest coverage kmer is: CGACGACTTCGAGGACCTCGT, with worth: 3 and coverage: 9
Wed Jan 30 17:46:19 2019: Highest coverage kmer is: TAAAGGTGAAGATACCGGAAG, with worth: 3 and coverage: 9
Wed Jan 30 17:46:23 2019: Highest coverage kmer is: AAAATCAACAAAAAACAAAAG, with worth: 3 and coverage: 8
Wed Jan 30 17:46:27 2019: Highest coverage kmer is: CCACAATGGGTTGGCGGTGGT, with worth: 3 and coverage: 8
Wed Jan 30 17:46:32 2019: Highest coverage kmer is: AGCTCCTGAATGAGCAAGGTC, with worth: 3 and coverage: 7
Wed Jan 30 17:46:36 2019: Highest coverage kmer is: GGTGGTGGTGCTAAGCCATGG, with worth: 3 and coverage: 7
Wed Jan 30 17:46:40 2019: Highest coverage kmer is: AAAAGGGAACCGGTCGCGCTC, with worth: 3 and coverage: 6
Wed Jan 30 17:46:45 2019: Highest coverage kmer is: CACCGCCAGCACCAAGACCCG, with worth: 3 and coverage: 6
Wed Jan 30 17:46:49 2019: Highest coverage kmer is: GGACATCCTGCACCGCATGGT, with worth: 3 and coverage: 6
Wed Jan 30 17:46:53 2019: Highest coverage kmer is: GGTGCGAATGTCTATGACATC, with worth: 3 and coverage: 6
Wed Jan 30 17:46:57 2019: Highest coverage kmer is: AAAGCCGTGGAGACAGAAGGG, with worth: 3 and coverage: 5
Wed Jan 30 17:47:02 2019: Highest coverage kmer is: ATGGAAGTAATCGTATATAAC, with worth: 3 and coverage: 5
Wed Jan 30 17:47:06 2019: Highest coverage kmer is: CAAGCCCTGGCGCCAGAAGGG, with worth: 3 and coverage: 5
Wed Jan 30 17:47:10 2019: Highest coverage kmer is: GCGTCAAAAGGGAACTGGACG, with worth: 3 and coverage: 5
Wed Jan 30 17:47:14 2019: Highest coverage kmer is: AACCGTAAGGCTTACCGTGCT, with worth: 3 and coverage: 4
Wed Jan 30 17:47:18 2019: Highest coverage kmer is: AAGCAGAAGGGTACGGGTCGT, with worth: 3 and coverage: 4
Wed Jan 30 17:47:22 2019: Highest coverage kmer is: ACAAATGACCAATTCTCGCCA, with worth: 3 and coverage: 4
Wed Jan 30 17:47:26 2019: Highest coverage kmer is: ACCAGGTCGTCGTTGCGCAGC, with worth: 3 and coverage: 4
Wed Jan 30 17:47:30 2019: Highest coverage kmer is: ATGGCAGGTAAAAGAACTTCT, with worth: 3 and coverage: 4
Wed Jan 30 17:47:34 2019: Highest coverage kmer is: ATTTGGTATCGAGCCAAATGA, with worth: 3 and coverage: 4
Wed Jan 30 17:47:37 2019: Highest coverage kmer is: CGACTGACCGTCTGGACCGAA, with worth: 3 and coverage: 4
Wed Jan 30 17:47:41 2019: Highest coverage kmer is: CGCCGTCTGGCGATCAAATCG, with worth: 3 and coverage: 4
Wed Jan 30 17:47:43 2019: Highest coverage kmer is: GGCGGCGGACGCAAGCCGTGG, with worth: 3 and coverage: 4
Wed Jan 30 17:47:46 2019: Highest coverage kmer is: TTTGGGATTGAACCAAATAAA, with worth: 3 and coverage: 4
Wed Jan 30 17:47:48 2019: Highest coverage kmer is: AAAAAAGCCGTACCGACAAAA, with worth: 3 and coverage: 3
Wed Jan 30 17:47:49 2019: Highest coverage kmer is: AAAAAGATCGAGGAATGGTTG, with worth: 3 and coverage: 3
Wed Jan 30 17:47:51 2019: Highest coverage kmer is: AAAAATTGAGTATTTTGCATG, with worth: 3 and coverage: 3
Wed Jan 30 17:47:53 2019: Highest coverage kmer is: AAAATCCAGGAGGTTTACGGT, with worth: 3 and coverage: 3
Wed Jan 30 17:47:54 2019: Highest coverage kmer is: AAAATGTATCGCGGTGCCATG, with worth: 3 and coverage: 3
Wed Jan 30 17:47:56 2019: Highest coverage kmer is: AAAATTTGATCAGCATGTTCG, with worth: 3 and coverage: 3
Wed Jan 30 17:47:58 2019: Highest coverage kmer is: AAAGGAGAAGATACCGGCAAG, with worth: 3 and coverage: 3
Wed Jan 30 17:47:59 2019: Highest coverage kmer is: AAGAAGCTGTGGAAGCAGAAG, with worth: 3 and coverage: 3
Wed Jan 30 17:48:01 2019: Highest coverage kmer is: AATTTGCATAATGTAACTTTG, with worth: 3 and coverage: 3
Wed Jan 30 17:48:03 2019: Highest coverage kmer is: ACAAAAAGGAACAGGTAATGC, with worth: 3 and coverage: 3
Wed Jan 30 17:48:05 2019: Highest coverage kmer is: AGAAGCTGAACAAAAAAATGT, with worth: 3 and coverage: 3
Wed Jan 30 17:48:06 2019: Highest coverage kmer is: AGAGAGCTTCATTAAGACAGG, with worth: 3 and coverage: 3
Wed Jan 30 17:48:08 2019: Highest coverage kmer is: AGTAAGTTGGAAACCATTTTA, with worth: 3 and coverage: 3
Wed Jan 30 17:48:10 2019: Highest coverage kmer is: CAAAAAGGTACTGGTGGAGCT, with worth: 3 and coverage: 3
Wed Jan 30 17:48:13 2019: Highest coverage kmer is: CTCAAAAAGGTACTGGTAACG, with worth: 3 and coverage: 3
Wed Jan 30 17:48:16 2019: Highest coverage kmer is: AACGAAGCGCTGGTTCACCAG, with worth: 2 and coverage: 975
Wed Jan 30 17:48:20 2019: Highest coverage kmer is: ATTGAGGAGGTTCTTGCATAA, with worth: 2 and coverage: 99
Wed Jan 30 17:48:24 2019: Highest coverage kmer is: GAACAAGAAGATGTATCGCGC, with worth: 2 and coverage: 96
Wed Jan 30 17:48:27 2019: Highest coverage kmer is: AGAAGGTCAACAAGAAGATGT, with worth: 2 and coverage: 71
Wed Jan 30 17:48:31 2019: Highest coverage kmer is: CTTGAGGAGCGTTTCAAATGA, with worth: 2 and coverage: 66
Wed Jan 30 17:48:35 2019: Highest coverage kmer is: ACAGGTCGTGCCCGTCAAGGT, with worth: 2 and coverage: 53
Wed Jan 30 17:48:38 2019: Highest coverage kmer is: CAGCCAGAAGGTCAACAAGAA, with worth: 2 and coverage: 52
Wed Jan 30 17:48:42 2019: Highest coverage kmer is: AAAATCAATAAAAAACAAAAA, with worth: 2 and coverage: 46
Wed Jan 30 17:48:45 2019: Highest coverage kmer is: TAAAAAACCATGGCGTCAAAA, with worth: 2 and coverage: 39
Wed Jan 30 17:48:49 2019: Highest coverage kmer is: AGAAGGGCACCGGTCGTGCCC, with worth: 2 and coverage: 36
Wed Jan 30 17:48:52 2019: Highest coverage kmer is: ATAACATTAAAGGTGAAGACA, with worth: 2 and coverage: 36
Wed Jan 30 17:48:56 2019: Highest coverage kmer is: AAGAAGCCTTGGAGACAAAAG, with worth: 2 and coverage: 30
Wed Jan 30 17:48:59 2019: Highest coverage kmer is: GTTGTCGAGCCGCGTTACGCC, with worth: 2 and coverage: 29
Wed Jan 30 17:49:03 2019: Highest coverage kmer is: CAAGCCGTGGCGCCAGAAGGG, with worth: 2 and coverage: 28
Wed Jan 30 17:49:06 2019: Highest coverage kmer is: AGAAGGGCACCGGCCGCGCTC, with worth: 2 and coverage: 27
Wed Jan 30 17:49:10 2019: Highest coverage kmer is: AAAAAGCCGTGGCGTCAGAAG, with worth: 2 and coverage: 25
Wed Jan 30 17:49:13 2019: Highest coverage kmer is: TGGAGACAAAAAGGAACAGGT, with worth: 2 and coverage: 25
Wed Jan 30 17:49:16 2019: Highest coverage kmer is: GAAAAAATTCAGGAGGTCTAC, with worth: 2 and coverage: 23
Wed Jan 30 17:49:20 2019: Highest coverage kmer is: CGCGCTTCCCTTCGTCAAGGT, with worth: 2 and coverage: 21
Wed Jan 30 17:49:23 2019: Highest coverage kmer is: CTCCGGTGGCGGCAAGAAGCC, with worth: 2 and coverage: 21
Wed Jan 30 17:49:27 2019: Highest coverage kmer is: AAGGGCACCGGCCGTGCCCGC, with worth: 2 and coverage: 20
Wed Jan 30 17:49:30 2019: Highest coverage kmer is: CCGGCCGCAAGCCGTTCAAGC, with worth: 2 and coverage: 19
Wed Jan 30 17:49:33 2019: Highest coverage kmer is: ATCCGCAGCCCAATCTGGCGC, with worth: 2 and coverage: 18
Wed Jan 30 17:49:37 2019: Highest coverage kmer is: AAGAAGATCGAGGAGTGGCTG, with worth: 2 and coverage: 16
Wed Jan 30 17:49:40 2019: Highest coverage kmer is: CCGTTCACCACAATGGGTTGG, with worth: 2 and coverage: 16
Wed Jan 30 17:49:43 2019: Highest coverage kmer is: GTATTTGCACCAAAGCCAAGA, with worth: 2 and coverage: 16
Wed Jan 30 17:49:46 2019: Highest coverage kmer is: AAAAGAGACCGGAAGAAAAGT, with worth: 2 and coverage: 15
Wed Jan 30 17:49:50 2019: Highest coverage kmer is: AAGCCTTGGAGACAAAAAGGT, with worth: 2 and coverage: 15
Wed Jan 30 17:49:53 2019: Highest coverage kmer is: AAGCTGGAGGCGCGTTTCAAT, with worth: 2 and coverage: 15
Wed Jan 30 17:49:56 2019: Highest coverage kmer is: CAAGCCGTTCCGCCAGAAGGG, with worth: 2 and coverage: 14
Wed Jan 30 17:49:59 2019: Highest coverage kmer is: GCAGAAGGGCACCGGTCGGGC, with worth: 2 and coverage: 13
Wed Jan 30 17:50:03 2019: Highest coverage kmer is: AAAAAACCTTGGCGTCAGAAA, with worth: 2 and coverage: 11
Wed Jan 30 17:50:06 2019: Highest coverage kmer is: TTGGAAGCAAAAGGGTACTGG, with worth: 2 and coverage: 10
Wed Jan 30 17:50:09 2019: Highest coverage kmer is: CCGCTGGCAGCGTAACAACGC, with worth: 2 and coverage: 9
Wed Jan 30 17:50:12 2019: Highest coverage kmer is: CGGCGCCAACGTCTATGACAT, with worth: 2 and coverage: 9
Wed Jan 30 17:50:15 2019: Highest coverage kmer is: GGTGGTGGTGTGATCTTTGGG, with worth: 2 and coverage: 9
Wed Jan 30 17:50:18 2019: Highest coverage kmer is: AGTGGACCCACGGCGGCATCG, with worth: 2 and coverage: 8
Wed Jan 30 17:50:22 2019: Highest coverage kmer is: CAAAAAGGAACAGGTAGAGCT, with worth: 2 and coverage: 8
Wed Jan 30 17:50:25 2019: Highest coverage kmer is: GCTAACCAGCGTCAGGGTACA, with worth: 2 and coverage: 8
Wed Jan 30 17:50:28 2019: Highest coverage kmer is: AAATAAACGTCAGGGAACTCA, with worth: 2 and coverage: 7
Wed Jan 30 17:50:31 2019: Highest coverage kmer is: ACAGGTAGAGCTAGACAAGGT, with worth: 2 and coverage: 7
Wed Jan 30 17:50:34 2019: Highest coverage kmer is: AAAAAGTATTTTTTCTGAATT, with worth: 2 and coverage: 6
Wed Jan 30 17:50:37 2019: Highest coverage kmer is: AACTGGTCGTGCCCGTCAAGG, with worth: 2 and coverage: 6
Wed Jan 30 17:50:40 2019: Highest coverage kmer is: AAGAAGCCTTGGCGTCAAAAA, with worth: 2 and coverage: 6
Wed Jan 30 17:50:43 2019: Highest coverage kmer is: AAGCCTTTCCGTCAGAAGGGC, with worth: 2 and coverage: 6
Wed Jan 30 17:50:46 2019: Highest coverage kmer is: CGGCGGCAAAAAGCCGTGGCG, with worth: 2 and coverage: 6
Wed Jan 30 17:50:49 2019: Highest coverage kmer is: CGTCACCAGCGAGGAGCCGTC, with worth: 2 and coverage: 6
Wed Jan 30 17:50:52 2019: Highest coverage kmer is: GTATCGCCAGAAGGGCACCGG, with worth: 2 and coverage: 6
Wed Jan 30 17:50:55 2019: Highest coverage kmer is: TCAAAAAGGTACCGGTCGTGC, with worth: 2 and coverage: 6
Wed Jan 30 17:50:58 2019: Highest coverage kmer is: TCTATTAGAGCTCCTCAATGG, with worth: 2 and coverage: 6
Wed Jan 30 17:51:01 2019: Highest coverage kmer is: AAGAAACAAAAAGGAACAGGT, with worth: 2 and coverage: 5
Wed Jan 30 17:51:04 2019: Highest coverage kmer is: AAGCCCTGGCGTCAGAAGGGT, with worth: 2 and coverage: 5
Wed Jan 30 17:51:07 2019: Highest coverage kmer is: ATTGAGGAGGTGCTCGCATAA, with worth: 2 and coverage: 5
Wed Jan 30 17:51:10 2019: Highest coverage kmer is: TCAGCGTCAGGGTACGCACAA, with worth: 2 and coverage: 5
Wed Jan 30 17:51:13 2019: Highest coverage kmer is: TTCCGTGGTGGTGGTATTGTT, with worth: 2 and coverage: 5
Wed Jan 30 17:51:16 2019: Highest coverage kmer is: AAAAATCGTTCAGAAGTTAGC, with worth: 2 and coverage: 4
Wed Jan 30 17:51:18 2019: Highest coverage kmer is: AAAACTTATTTAGCATTTAGA, with worth: 2 and coverage: 4
Wed Jan 30 17:51:21 2019: Highest coverage kmer is: AAAGCCCTGGAGACAGAAGGG, with worth: 2 and coverage: 4
Wed Jan 30 17:51:24 2019: Highest coverage kmer is: AGCGGTGGTGGTAAGAAACCT, with worth: 2 and coverage: 4
Wed Jan 30 17:51:27 2019: Highest coverage kmer is: ATGGAAGCAAAAGTATTAGAT, with worth: 2 and coverage: 4
Wed Jan 30 17:51:29 2019: Highest coverage kmer is: CAAGCCCTGGCGGCAAAAAGG, with worth: 2 and coverage: 4
Wed Jan 30 17:51:32 2019: Highest coverage kmer is: CCAATTTGGGTAGGTGGTGGT, with worth: 2 and coverage: 4
Wed Jan 30 17:51:35 2019: Highest coverage kmer is: CTGAATGTTTACGACGTGCTG, with worth: 2 and coverage: 4
Wed Jan 30 17:51:38 2019: Highest coverage kmer is: GCTGGTGCTCGTCAAGGTACA, with worth: 2 and coverage: 4
Wed Jan 30 17:51:40 2019: Highest coverage kmer is: GGAAGCAGAAGGGCACGGGCC, with worth: 2 and coverage: 4
Wed Jan 30 17:51:43 2019: Highest coverage kmer is: AAGAAGCTTGGAATATGGGAT, with worth: 2 and coverage: 3
Wed Jan 30 17:51:46 2019: Highest coverage kmer is: AAGCAATTTTTGATGCAATTT, with worth: 2 and coverage: 3
Wed Jan 30 17:51:49 2019: Highest coverage kmer is: AAGGGAACAGGTAGAGCTAGG, with worth: 2 and coverage: 3
Wed Jan 30 17:51:51 2019: Highest coverage kmer is: AATACGATATCAAAACCCTCG, with worth: 2 and coverage: 3
Wed Jan 30 17:51:54 2019: Highest coverage kmer is: AATGAAAATGTCGTTTTTGAT, with worth: 2 and coverage: 3
Wed Jan 30 17:51:56 2019: Highest coverage kmer is: ACAGGCCGTGCACGTGCCGGT, with worth: 2 and coverage: 3
Wed Jan 30 17:51:59 2019: Highest coverage kmer is: ACGGGCAACGCCCGCCACGGC, with worth: 2 and coverage: 3
Wed Jan 30 17:52:02 2019: Highest coverage kmer is: ACTGGACGTGCTCGTCAGGGT, with worth: 2 and coverage: 3
Wed Jan 30 17:52:04 2019: Highest coverage kmer is: AGAGGCTTAGGGAGATTTACG, with worth: 2 and coverage: 3
Wed Jan 30 17:52:07 2019: Highest coverage kmer is: AGCTTCAAACTCAACAAGAAG, with worth: 2 and coverage: 3
Wed Jan 30 17:52:09 2019: Highest coverage kmer is: AGGACGACTGACCGTCTGGAC, with worth: 2 and coverage: 3
Wed Jan 30 17:52:12 2019: Highest coverage kmer is: ATCCTGCGCCGCGACACCCTG, with worth: 2 and coverage: 3
Wed Jan 30 17:52:14 2019: Highest coverage kmer is: CAGCGCCAGGGTACACATAAA, with worth: 2 and coverage: 3
Wed Jan 30 17:52:17 2019: Highest coverage kmer is: CCGTTGTGGCGTGGTGGTGGT, with worth: 2 and coverage: 3
Wed Jan 30 17:52:19 2019: Highest coverage kmer is: CGCAAGGCCCACCCGCCGAAA, with worth: 2 and coverage: 3
Wed Jan 30 17:52:21 2019: Highest coverage kmer is: CGCCAAGCCCTGGCGGCAGAA, with worth: 2 and coverage: 3
Wed Jan 30 17:52:23 2019: Highest coverage kmer is: GAGATCAAGACCAAGAAGTTC, with worth: 2 and coverage: 3
Wed Jan 30 17:52:25 2019: Highest coverage kmer is: GGTGGCGGAAGAAAACCATGG, with worth: 2 and coverage: 3
Wed Jan 30 17:52:26 2019: Highest coverage kmer is: GGTGGTCGTATTTTCGGTCCA, with worth: 2 and coverage: 3
Wed Jan 30 17:52:28 2019: Highest coverage kmer is: GGTGGTGGAAGAAAGCCATGG, with worth: 2 and coverage: 3
Wed Jan 30 17:52:29 2019: Highest coverage kmer is: AAAAAACCATGAAAACAAAAA, with worth: 2 and coverage: 2
Wed Jan 30 17:52:30 2019: Highest coverage kmer is: AAAAAACCGTGGAGACAAAAA, with worth: 2 and coverage: 2
Wed Jan 30 17:52:31 2019: Highest coverage kmer is: AAAAAATAAATAAAAAAATGT, with worth: 2 and coverage: 2
Wed Jan 30 17:52:32 2019: Highest coverage kmer is: AAAAAGCCATGGCGCCAGAAG, with worth: 2 and coverage: 2
Wed Jan 30 17:52:33 2019: Highest coverage kmer is: AAAAAGCCTTGGCGGCAAAAG, with worth: 2 and coverage: 2
Wed Jan 30 17:52:34 2019: Highest coverage kmer is: AAAAAGGAACAGGTAACGCAC, with worth: 2 and coverage: 2
Wed Jan 30 17:52:35 2019: Highest coverage kmer is: AAAAAGGCACTGGACGTGCAC, with worth: 2 and coverage: 2
Wed Jan 30 17:52:36 2019: Highest coverage kmer is: AAAAATAAAATCAACACATCT, with worth: 2 and coverage: 2
Wed Jan 30 17:52:37 2019: Highest coverage kmer is: AAAAATTAAAAGACAAAAAGG, with worth: 2 and coverage: 2
Wed Jan 30 17:52:38 2019: Highest coverage kmer is: AAAAGTTAAACAAAAAAATGT, with worth: 2 and coverage: 2
Wed Jan 30 17:52:39 2019: Highest coverage kmer is: AAAATGTATCGTGCTGGAATG, with worth: 2 and coverage: 2
Wed Jan 30 17:52:40 2019: Highest coverage kmer is: AAAATTCAGGAGGTTTACAAT, with worth: 2 and coverage: 2
Wed Jan 30 17:52:41 2019: Highest coverage kmer is: AAACTCCTCCTTTCTGCGAGG, with worth: 2 and coverage: 2
Wed Jan 30 17:52:42 2019: Highest coverage kmer is: AAACTGCCGAAAAAAGTGCGC, with worth: 2 and coverage: 2
Wed Jan 30 17:52:43 2019: Highest coverage kmer is: AAAGAATAAACAGAAAAGAAA, with worth: 2 and coverage: 2
Wed Jan 30 17:52:43 2019: Highest coverage kmer is: AAAGATGTCAAAGTACTCAAG, with worth: 2 and coverage: 2
Wed Jan 30 17:52:44 2019: Highest coverage kmer is: AAAGCCCTGGAGGCAGAAAGG, with worth: 2 and coverage: 2
Wed Jan 30 17:52:45 2019: Highest coverage kmer is: AAAGCCCTGGCGGCAAAAGGG, with worth: 2 and coverage: 2
Wed Jan 30 17:52:46 2019: Highest coverage kmer is: AAAGGTACAGGAAATGCAAGG, with worth: 2 and coverage: 2
Wed Jan 30 17:52:47 2019: Highest coverage kmer is: AAATTCCTGTTTATAACGCAT, with worth: 2 and coverage: 2
Wed Jan 30 17:52:48 2019: Highest coverage kmer is: AACGTCAGGGTACGCACAAGT, with worth: 2 and coverage: 2
Wed Jan 30 17:52:49 2019: Highest coverage kmer is: AAGATCAAGAAGCAAAAAGGA, with worth: 2 and coverage: 2
Wed Jan 30 17:52:50 2019: Highest coverage kmer is: AAGATCACCATCGTAGATCAG, with worth: 2 and coverage: 2
Wed Jan 30 17:52:51 2019: Highest coverage kmer is: AAGATTGAGGAGGTGCTGGGA, with worth: 2 and coverage: 2
Wed Jan 30 17:52:51 2019: Highest coverage kmer is: AAGCATTGGAGGCACGTTTAA, with worth: 2 and coverage: 2
Wed Jan 30 17:52:52 2019: Highest coverage kmer is: AAGGGAACAGGCCGTGCCCGT, with worth: 2 and coverage: 2
Wed Jan 30 17:52:53 2019: Highest coverage kmer is: AAGGGTACCGGTAACGCTCGT, with worth: 2 and coverage: 2
Wed Jan 30 17:52:54 2019: Highest coverage kmer is: AAGTAAGAGGCGGCGGAAGAA, with worth: 2 and coverage: 2
Wed Jan 30 17:52:55 2019: Highest coverage kmer is: ACAAAAAGGAACTGGTAATGC, with worth: 2 and coverage: 2
Wed Jan 30 17:52:56 2019: Highest coverage kmer is: ACAAAAAGGGACCGGGCGTGC, with worth: 2 and coverage: 2
Wed Jan 30 17:52:56 2019: Highest coverage kmer is: ACACGTGGAGAGGTAAGAGGT, with worth: 2 and coverage: 2
Wed Jan 30 17:52:57 2019: Highest coverage kmer is: ACCATGCCATTTACCTTGATG, with worth: 2 and coverage: 2
Wed Jan 30 17:52:58 2019: Highest coverage kmer is: AGAATTTATATTTATCTTCTC, with worth: 2 and coverage: 2
Wed Jan 30 17:52:59 2019: Highest coverage kmer is: AGTAGTGGAAGATTTCAATTT, with worth: 2 and coverage: 2
Wed Jan 30 17:53:00 2019: Highest coverage kmer is: ATACAGAAAACCAAAAAGTGT, with worth: 2 and coverage: 2
Wed Jan 30 17:53:01 2019: Highest coverage kmer is: ATGAAGGTAGCAGTATTAGAT, with worth: 2 and coverage: 2
Wed Jan 30 17:53:01 2019: Highest coverage kmer is: ATGTGAAATCTTATCTTGCTT, with worth: 2 and coverage: 2
Wed Jan 30 17:53:02 2019: Highest coverage kmer is: ATTAAAAGAGCTGTAATTTCA, with worth: 2 and coverage: 2
Wed Jan 30 17:53:03 2019: Highest coverage kmer is: CAAAAGGGAACTGGCCGTGCA, with worth: 2 and coverage: 2
Wed Jan 30 17:53:04 2019: Highest coverage kmer is: CAAACCGTGGCGGCAAAAAGG, with worth: 2 and coverage: 2
Wed Jan 30 17:53:04 2019: Highest coverage kmer is: CAGCGTCAAGGTACGCACAAA, with worth: 2 and coverage: 2
Wed Jan 30 17:53:05 2019: Highest coverage kmer is: CATCATTAAAAATTGGCAAGG, with worth: 2 and coverage: 2
Wed Jan 30 17:53:06 2019: Highest coverage kmer is: CATTTTTGGACCTAAGCCCCG, with worth: 2 and coverage: 2
Wed Jan 30 17:53:07 2019: Highest coverage kmer is: CCAGGGAAGCATTCGCGCGCC, with worth: 2 and coverage: 2
Wed Jan 30 17:53:07 2019: Highest coverage kmer is: CCCCAAGCCGCGCAAATACAC, with worth: 2 and coverage: 2
Wed Jan 30 17:53:08 2019: Highest coverage kmer is: CCCTGGAGGCAGAAAGGCACA, with worth: 2 and coverage: 2
Wed Jan 30 17:53:09 2019: Highest coverage kmer is: CCGATCTTCGTCGGTGGTGGT, with worth: 2 and coverage: 2
Wed Jan 30 17:53:10 2019: Highest coverage kmer is: CGGCAAAAAACCCTGGCGCCA, with worth: 2 and coverage: 2
Wed Jan 30 17:53:10 2019: Highest coverage kmer is: GATTTAATAAACAATGAAAAA, with worth: 2 and coverage: 2
Wed Jan 30 17:53:11 2019: Highest coverage kmer is: GCGCCAAAAAGGAACCGGGCG, with worth: 2 and coverage: 2
Wed Jan 30 17:53:12 2019: Highest coverage kmer is: GGGTGGTGTTGTTTTTGGACC, with worth: 2 and coverage: 2
Wed Jan 30 17:53:13 2019: Highest coverage kmer is: GGTGGTGGTCGTGTTTTTGGT, with worth: 2 and coverage: 2
Wed Jan 30 17:53:14 2019: Highest coverage kmer is: GTTGCCAAAGTTGAGGAGGTG, with worth: 2 and coverage: 2
Wed Jan 30 17:53:14 2019: Highest coverage kmer is: GTTTCCGGCGGAGGCAAAAAG, with worth: 2 and coverage: 2
Wed Jan 30 17:53:15 2019: Highest coverage kmer is: TTTTGGTCCTAAACCAAGAAA, with worth: 2 and coverage: 2
Wed Jan 30 17:53:17 2019: Highest coverage kmer is: CGCGCAACCTGCACAAGGTTG, with worth: 1 and coverage: 525
Wed Jan 30 17:53:19 2019: Highest coverage kmer is: AAAAAGGTACTGGTCGCGCTC, with worth: 1 and coverage: 212
Wed Jan 30 17:53:20 2019: Highest coverage kmer is: GCGCCAGAAAGGTACCGGCCG, with worth: 1 and coverage: 204
Wed Jan 30 17:53:22 2019: Highest coverage kmer is: AAAAAGTAAACCGTAAAATGT, with worth: 1 and coverage: 200
Wed Jan 30 17:53:24 2019: Highest coverage kmer is: AGAAGGGTACGGGCCGCGCTC, with worth: 1 and coverage: 194
Wed Jan 30 17:53:25 2019: Highest coverage kmer is: ATTCGTAGCCCAATCTGGGTT, with worth: 1 and coverage: 171
Wed Jan 30 17:53:27 2019: Highest coverage kmer is: GCCGCGTGACTACTCGCAGCG, with worth: 1 and coverage: 136
Wed Jan 30 17:53:29 2019: Highest coverage kmer is: GCGTCAGGGCACTCGTGCTCA, with worth: 1 and coverage: 97
Wed Jan 30 17:53:30 2019: Highest coverage kmer is: TTAGAGGAGCAATGGGTATGA, with worth: 1 and coverage: 87
Wed Jan 30 17:53:32 2019: Highest coverage kmer is: AGAAGGGCACCGGTCGCGCCC, with worth: 1 and coverage: 79
Wed Jan 30 17:53:33 2019: Highest coverage kmer is: CTGCCGATCCAGGGCATCAAC, with worth: 1 and coverage: 74
Wed Jan 30 17:53:35 2019: Highest coverage kmer is: GAAGATGTACAAGCAGAAGGG, with worth: 1 and coverage: 73
Wed Jan 30 17:53:36 2019: Highest coverage kmer is: TGAACAAGAAGATGTACCGCG, with worth: 1 and coverage: 72
Wed Jan 30 17:53:38 2019: Highest coverage kmer is: AAAGATTTACTAGATGAAAAA, with worth: 1 and coverage: 65
Wed Jan 30 17:53:39 2019: Highest coverage kmer is: GCGTCAAAAAGGTACCGGCCG, with worth: 1 and coverage: 63
Wed Jan 30 17:53:41 2019: Highest coverage kmer is: CCGGTGGTGGCAAGAAGCCGT, with worth: 1 and coverage: 48
Wed Jan 30 17:53:43 2019: Highest coverage kmer is: ACTGGTCGCGCTCGCGCTGGT, with worth: 1 and coverage: 45
Wed Jan 30 17:53:44 2019: Highest coverage kmer is: AACAAGAAGATGTATCGCGCT, with worth: 1 and coverage: 37
Wed Jan 30 17:53:46 2019: Highest coverage kmer is: TCAACACCTACGACGTGCTCA, with worth: 1 and coverage: 34
Wed Jan 30 17:53:47 2019: Highest coverage kmer is: GGTCGCCAGAAGGGCGGCGGT, with worth: 1 and coverage: 33
Wed Jan 30 17:53:48 2019: Highest coverage kmer is: GGTGGTGGTAAGAAGCCATGG, with worth: 1 and coverage: 33
Wed Jan 30 17:53:50 2019: Highest coverage kmer is: CAACGTCTACGACATCCTGCG, with worth: 1 and coverage: 32
Wed Jan 30 17:53:51 2019: Highest coverage kmer is: AACTGGACGTGCACGTCAAGG, with worth: 1 and coverage: 29
Wed Jan 30 17:53:53 2019: Highest coverage kmer is: GGCGCCAACGTCTACGACATC, with worth: 1 and coverage: 29
Wed Jan 30 17:53:54 2019: Highest coverage kmer is: ACCGGTCGCGCCCGTCAGGGT, with worth: 1 and coverage: 28
Wed Jan 30 17:53:56 2019: Highest coverage kmer is: CGGCCCCAAGCCGCGCGACTA, with worth: 1 and coverage: 25
Wed Jan 30 17:53:57 2019: Highest coverage kmer is: CTCGTCCTCAGGATCACTCCC, with worth: 1 and coverage: 24
Wed Jan 30 17:53:59 2019: Highest coverage kmer is: AAAGGTACTGGCCGCGCACGT, with worth: 1 and coverage: 23
Wed Jan 30 17:54:00 2019: Highest coverage kmer is: ACCCCCAAGAAGATGAAGGCA, with worth: 1 and coverage: 21
Wed Jan 30 17:54:01 2019: Highest coverage kmer is: ACCAAGACCCGTGGCGAGGTC, with worth: 1 and coverage: 19
Wed Jan 30 17:54:03 2019: Highest coverage kmer is: AATAAAAAAATGTACAAACGT, with worth: 1 and coverage: 18
Wed Jan 30 17:54:04 2019: Highest coverage kmer is: AAGGGTACTGGTCGCGCCCGT, with worth: 1 and coverage: 17
Wed Jan 30 17:54:06 2019: Highest coverage kmer is: ACGGCCCGGTGCCGCGCGACT, with worth: 1 and coverage: 16
Wed Jan 30 17:54:07 2019: Highest coverage kmer is: TTCGGTCGTGAATACAACGAA, with worth: 1 and coverage: 16
Wed Jan 30 17:54:08 2019: Highest coverage kmer is: GAAGCCTTGGGCACAAAAAGG, with worth: 1 and coverage: 15
Wed Jan 30 17:54:10 2019: Highest coverage kmer is: GTTCGCGGCGGCGGCAAGAAG, with worth: 1 and coverage: 14
Wed Jan 30 17:54:11 2019: Highest coverage kmer is: AAGGGCACCGGTCGTGCCCGC, with worth: 1 and coverage: 13
Wed Jan 30 17:54:12 2019: Highest coverage kmer is: CTGGTTCACCAGGTTGTCGTT, with worth: 1 and coverage: 13
Wed Jan 30 17:54:14 2019: Highest coverage kmer is: AAGGTTGCTTGGCAGCTCCTC, with worth: 1 and coverage: 12
Wed Jan 30 17:54:15 2019: Highest coverage kmer is: CGCGCTCGTCAGGGTTCGATC, with worth: 1 and coverage: 12
Wed Jan 30 17:54:16 2019: Highest coverage kmer is: GGTTCGCGGCGGCGGCAAGAA, with worth: 1 and coverage: 11
Wed Jan 30 17:54:18 2019: Highest coverage kmer is: TTAGAAACTCCAAAAACAAGA, with worth: 1 and coverage: 11
Wed Jan 30 17:54:19 2019: Highest coverage kmer is: AAAATTGGCAGGGAGAACAAG, with worth: 1 and coverage: 10
Wed Jan 30 17:54:20 2019: Highest coverage kmer is: ACGATCTGACCAAGAAATTCC, with worth: 1 and coverage: 10
Wed Jan 30 17:54:21 2019: Highest coverage kmer is: AGAAGGGTACCGGTCGCGCTC, with worth: 1 and coverage: 10
Wed Jan 30 17:54:23 2019: Highest coverage kmer is: ACCGCGTCGTCCGCTGGCAGC, with worth: 1 and coverage: 9
Wed Jan 30 17:54:24 2019: Highest coverage kmer is: GAAGCTCCAAAAACTAAAGAG, with worth: 1 and coverage: 9
Wed Jan 30 17:54:25 2019: Highest coverage kmer is: TGGTGGTGTAACTTTTGCAGC, with worth: 1 and coverage: 9
Wed Jan 30 17:54:26 2019: Highest coverage kmer is: ATACCTTGATGTTAAGCAATA, with worth: 1 and coverage: 8
Wed Jan 30 17:54:28 2019: Highest coverage kmer is: GTGGTGGCCGTGTATTCGGTC, with worth: 1 and coverage: 8
Wed Jan 30 17:54:29 2019: Highest coverage kmer is: ACGCCAGGGCTCGACTCGCGC, with worth: 1 and coverage: 7
Wed Jan 30 17:54:30 2019: Highest coverage kmer is: ACTGGTCGTGCACGTCAAGGT, with worth: 1 and coverage: 7
Wed Jan 30 17:54:31 2019: Highest coverage kmer is: TCGCCAGAAAGGTGGTGGTGG, with worth: 1 and coverage: 7
Wed Jan 30 17:54:33 2019: Highest coverage kmer is: AAACCCTGGCGTCAAAAGGGT, with worth: 1 and coverage: 6
Wed Jan 30 17:54:34 2019: Highest coverage kmer is: AAAGGTACCGGTCGCGCCCGT, with worth: 1 and coverage: 6
Wed Jan 30 17:54:35 2019: Highest coverage kmer is: AAGCCATGGAAGCAGAAGGGT, with worth: 1 and coverage: 6
Wed Jan 30 17:54:36 2019: Highest coverage kmer is: ACTGGACGCGCACGTCAAGGT, with worth: 1 and coverage: 6
Wed Jan 30 17:54:37 2019: Highest coverage kmer is: ACTGGTAGAGCTAGACAAGGT, with worth: 1 and coverage: 6
Wed Jan 30 17:54:38 2019: Highest coverage kmer is: CGTGGCGTCAAAAAGGCACCG, with worth: 1 and coverage: 6
Wed Jan 30 17:54:40 2019: Highest coverage kmer is: CTCGTCGTGGTGATATCAATT, with worth: 1 and coverage: 6
Wed Jan 30 17:54:41 2019: Highest coverage kmer is: AAAAAACCTTGAAAACAAAAA, with worth: 1 and coverage: 5
Wed Jan 30 17:54:42 2019: Highest coverage kmer is: AACAACATCAATGTTTATGAT, with worth: 1 and coverage: 5
Wed Jan 30 17:54:43 2019: Highest coverage kmer is: AAGATGAACAAGAAAGAGAAG, with worth: 1 and coverage: 5
Wed Jan 30 17:54:44 2019: Highest coverage kmer is: AAGCCCTGGCGGCAGAAAGGC, with worth: 1 and coverage: 5
Wed Jan 30 17:54:45 2019: Highest coverage kmer is: ATGCGATCTATTTGGATGTGA, with worth: 1 and coverage: 5
Wed Jan 30 17:54:46 2019: Highest coverage kmer is: CAGCGCCAGGGTACGCACAAG, with worth: 1 and coverage: 5
Wed Jan 30 17:54:47 2019: Highest coverage kmer is: CGGCGGCGCACGCCACGGCTC, with worth: 1 and coverage: 5
Wed Jan 30 17:54:48 2019: Highest coverage kmer is: CTGGTAGTACACGTAAGATTA, with worth: 1 and coverage: 5
Wed Jan 30 17:54:50 2019: Highest coverage kmer is: GCGTCGATCCTCTCCGAGCTG, with worth: 1 and coverage: 5
Wed Jan 30 17:54:51 2019: Highest coverage kmer is: GGGCGGCGGCGTGGCCTTCGG, with worth: 1 and coverage: 5
Wed Jan 30 17:54:52 2019: Highest coverage kmer is: GGTGGTGGAAGAAAACCATGG, with worth: 1 and coverage: 5
Wed Jan 30 17:54:53 2019: Highest coverage kmer is: AAAGCGGTAAAACCAAAGATG, with worth: 1 and coverage: 4
Wed Jan 30 17:54:54 2019: Highest coverage kmer is: AAGCAAAAAGGTACAGGTGGT, with worth: 1 and coverage: 4
Wed Jan 30 17:54:55 2019: Highest coverage kmer is: AAGGCACAGAAAAACCGCTCT, with worth: 1 and coverage: 4
Wed Jan 30 17:54:56 2019: Highest coverage kmer is: AAGGCTCGCACAACACGCGAA, with worth: 1 and coverage: 4
Wed Jan 30 17:54:57 2019: Highest coverage kmer is: ACCGGCCGTGCTCGTCAGGGT, with worth: 1 and coverage: 4
Wed Jan 30 17:54:58 2019: Highest coverage kmer is: ATCTGCTCGCAACATTCCTGG, with worth: 1 and coverage: 4
Wed Jan 30 17:54:59 2019: Highest coverage kmer is: ATGGAAGTAGCAGTATTAAAT, with worth: 1 and coverage: 4
Wed Jan 30 17:55:00 2019: Highest coverage kmer is: ATGGAAGTTAAAGTTTTAAAT, with worth: 1 and coverage: 4
Wed Jan 30 17:55:01 2019: Highest coverage kmer is: ATTCGTAGTCCAATCTGGCGT, with worth: 1 and coverage: 4
Wed Jan 30 17:55:02 2019: Highest coverage kmer is: CCCAGGCAAACCGGAAACAGG, with worth: 1 and coverage: 4
Wed Jan 30 17:55:03 2019: Highest coverage kmer is: CGCCGATCTGGCGTACCGGTG, with worth: 1 and coverage: 4
Wed Jan 30 17:55:04 2019: Highest coverage kmer is: CGGCCGTCAAAAAGGTGGTGG, with worth: 1 and coverage: 4
Wed Jan 30 17:55:05 2019: Highest coverage kmer is: CTATAGAGAGGCTTAGGGAGA, with worth: 1 and coverage: 4
Wed Jan 30 17:55:06 2019: Highest coverage kmer is: CTGGAAAAACAAAAGATGCAG, with worth: 1 and coverage: 4
Wed Jan 30 17:55:06 2019: Highest coverage kmer is: GGTGGTGGTAAGAAGCCGTGG, with worth: 1 and coverage: 4
Wed Jan 30 17:55:07 2019: Highest coverage kmer is: GGTGGTGGTCGTAAGCCGTGG, with worth: 1 and coverage: 4
Wed Jan 30 17:55:08 2019: Highest coverage kmer is: TCAAAAAGGAACCGGTCGCGC, with worth: 1 and coverage: 4
Wed Jan 30 17:55:09 2019: Highest coverage kmer is: TTGGAATCGAGCCAAATGAGA, with worth: 1 and coverage: 4
Wed Jan 30 17:55:10 2019: Highest coverage kmer is: AAAACCTTGGGCTCAAAAAGG, with worth: 1 and coverage: 3
Wed Jan 30 17:55:11 2019: Highest coverage kmer is: AAACCTTGGAAGCAAAAAGGA, with worth: 1 and coverage: 3
Wed Jan 30 17:55:12 2019: Highest coverage kmer is: AAAGCCTTGGCGCCAAAAAGG, with worth: 1 and coverage: 3
Wed Jan 30 17:55:13 2019: Highest coverage kmer is: AACCAGAGACAGGGCACACAG, with worth: 1 and coverage: 3
Wed Jan 30 17:55:14 2019: Highest coverage kmer is: AAGAAACCGTGGCGTCAGAAA, with worth: 1 and coverage: 3
Wed Jan 30 17:55:14 2019: Highest coverage kmer is: AAGAAGCCTTGGAAGCAGAAG, with worth: 1 and coverage: 3
Wed Jan 30 17:55:15 2019: Highest coverage kmer is: AAGACCAAGAGCTTTGTCGCC, with worth: 1 and coverage: 3
Wed Jan 30 17:55:16 2019: Highest coverage kmer is: AAGCCTTGGCGTCAAAAAGGG, with worth: 1 and coverage: 3
Wed Jan 30 17:55:17 2019: Highest coverage kmer is: ACCAGATCTTATTAAAAGAGC, with worth: 1 and coverage: 3
Wed Jan 30 17:55:18 2019: Highest coverage kmer is: ACCGGTCGTGCGCGCCAGGGT, with worth: 1 and coverage: 3
Wed Jan 30 17:55:19 2019: Highest coverage kmer is: AGCATGTTCGCATCAATAAAA, with worth: 1 and coverage: 3
Wed Jan 30 17:55:19 2019: Highest coverage kmer is: ATCAAAAAGCAAAAAGGTACT, with worth: 1 and coverage: 3
Wed Jan 30 17:55:20 2019: Highest coverage kmer is: ATCTTTATCGGTGGTGGTAAG, with worth: 1 and coverage: 3
Wed Jan 30 17:55:21 2019: Highest coverage kmer is: CAAGCCTTGGCGTCAAAAGGG, with worth: 1 and coverage: 3
Wed Jan 30 17:55:22 2019: Highest coverage kmer is: CCAGAAGGGAACCGGCAACGC, with worth: 1 and coverage: 3
Wed Jan 30 17:55:23 2019: Highest coverage kmer is: CCTTGGAAACAGAAAGGTACT, with worth: 1 and coverage: 3
Wed Jan 30 17:55:23 2019: Highest coverage kmer is: GCTAGACAAGGTTCTACAAGA, with worth: 1 and coverage: 3
Wed Jan 30 17:55:24 2019: Highest coverage kmer is: GGCGGAATTATTTTTGGACCG, with worth: 1 and coverage: 3
Wed Jan 30 17:55:25 2019: Highest coverage kmer is: GTACCGGTAGGGCAAGACAAG, with worth: 1 and coverage: 3
Wed Jan 30 17:55:26 2019: Highest coverage kmer is: TCCAAAAACGAAAGAGATGGT, with worth: 1 and coverage: 3
Wed Jan 30 17:55:26 2019: Highest coverage kmer is: TCGCGCAATCTGCCGAACGTG, with worth: 1 and coverage: 3
Wed Jan 30 17:55:27 2019: Highest coverage kmer is: AAAAAACCATGGAATCAAAAA, with worth: 1 and coverage: 2
Wed Jan 30 17:55:28 2019: Highest coverage kmer is: AAAAAAGCAAGAAAAAATGCG, with worth: 1 and coverage: 2
Wed Jan 30 17:55:29 2019: Highest coverage kmer is: AAAAGCTGGCCATGCGCATGG, with worth: 1 and coverage: 2
Wed Jan 30 17:55:29 2019: Highest coverage kmer is: AAACCATGGAAACAGAAAGGA, with worth: 1 and coverage: 2
Wed Jan 30 17:55:30 2019: Highest coverage kmer is: AAACCGCCGCGCTCGACCCGA, with worth: 1 and coverage: 2
Wed Jan 30 17:55:31 2019: Highest coverage kmer is: AAAGCGGTAAAACAAAGGACT, with worth: 1 and coverage: 2
Wed Jan 30 17:55:31 2019: Highest coverage kmer is: AACATCCCAACAATGATGATG, with worth: 1 and coverage: 2
Wed Jan 30 17:55:32 2019: Highest coverage kmer is: AACCTGCCGAATGTGCTGGTG, with worth: 1 and coverage: 2
Wed Jan 30 17:55:33 2019: Highest coverage kmer is: AACGTCTATGATATTTTGAAG, with worth: 1 and coverage: 2
Wed Jan 30 17:55:33 2019: Highest coverage kmer is: AAGCGGTGGTGGAAGGAAACC, with worth: 1 and coverage: 2
Wed Jan 30 17:55:34 2019: Highest coverage kmer is: AAGTGGTGGTGGTGCGAAGCC, with worth: 1 and coverage: 2
Wed Jan 30 17:55:34 2019: Highest coverage kmer is: AAGTGTCTTGAGAGTAGGTTG, with worth: 1 and coverage: 2
Wed Jan 30 17:55:35 2019: Highest coverage kmer is: AATGCCAAGCCCTATAAGCAG, with worth: 1 and coverage: 2
Wed Jan 30 17:55:36 2019: Highest coverage kmer is: ACACGCTCGTGCTGACGAAGG, with worth: 1 and coverage: 2
Wed Jan 30 17:55:36 2019: Highest coverage kmer is: ACCAAGACCCGTGCAGAAGTC, with worth: 1 and coverage: 2
Wed Jan 30 17:55:37 2019: Highest coverage kmer is: ACCAGGTTGTTGTAGCTCAGC, with worth: 1 and coverage: 2
Wed Jan 30 17:55:38 2019: Highest coverage kmer is: ACCGCATGGTTCGTTACCAGC, with worth: 1 and coverage: 2
Wed Jan 30 17:55:38 2019: Highest coverage kmer is: ACCTGATTTAATAAAAAGAGC, with worth: 1 and coverage: 2
Wed Jan 30 17:55:39 2019: Highest coverage kmer is: ACGAAGACCCGCGCAGAGGTC, with worth: 1 and coverage: 2
Wed Jan 30 17:55:39 2019: Highest coverage kmer is: ACGCACAAATCAAAGGAGCGT, with worth: 1 and coverage: 2
Wed Jan 30 17:55:40 2019: Highest coverage kmer is: AGCATCACTTCGCCCGTGTTT, with worth: 1 and coverage: 2
Wed Jan 30 17:55:40 2019: Highest coverage kmer is: AGCTCCTGGAACTCATCCTGG, with worth: 1 and coverage: 2
Wed Jan 30 17:55:41 2019: Highest coverage kmer is: AGCTTAGGTGCAAGAAACCAC, with worth: 1 and coverage: 2
Wed Jan 30 17:55:41 2019: Highest coverage kmer is: AGGCTCTGCAGGAGACGCTGA, with worth: 1 and coverage: 2
Wed Jan 30 17:55:42 2019: Highest coverage kmer is: AGGGTTCGATTCGTGCTCCGC, with worth: 1 and coverage: 2
Wed Jan 30 17:55:42 2019: Highest coverage kmer is: ATCAAGTGGTCACTGCTTATT, with worth: 1 and coverage: 2
Wed Jan 30 17:55:43 2019: Highest coverage kmer is: ATTTATTGATCACCTAGATCA, with worth: 1 and coverage: 2
Wed Jan 30 17:55:43 2019: Highest coverage kmer is: CAAGAAGGTTCGCCGGCTGGC, with worth: 1 and coverage: 2
Wed Jan 30 17:55:44 2019: Highest coverage kmer is: CAAGCCCTTCCGTCAGAAGGG, with worth: 1 and coverage: 2
Wed Jan 30 17:55:44 2019: Highest coverage kmer is: CACGTAATATTCCTAATGTAA, with worth: 1 and coverage: 2
Wed Jan 30 17:55:45 2019: Highest coverage kmer is: CCAAAAAGGTGGTGGTGGTGC, with worth: 1 and coverage: 2
Wed Jan 30 17:55:45 2019: Highest coverage kmer is: CGGCCCGCAACCTGCCCCGGG, with worth: 1 and coverage: 2
Wed Jan 30 17:55:46 2019: Highest coverage kmer is: CGGCGCGCTCTGGAACTAAGG, with worth: 1 and coverage: 2
Wed Jan 30 17:55:46 2019: Highest coverage kmer is: CGTAAGCCTTGGCGCCAGAAG, with worth: 1 and coverage: 2
Wed Jan 30 17:55:47 2019: Highest coverage kmer is: CTTAATGTTTACGATATTCTT, with worth: 1 and coverage: 2
Wed Jan 30 17:55:47 2019: Highest coverage kmer is: CTTGCCAATAAGCGCCAGGGA, with worth: 1 and coverage: 2
Wed Jan 30 17:55:47 2019: Highest coverage kmer is: GCGCCCTCGACGAAGGCCGCG, with worth: 1 and coverage: 2
Wed Jan 30 17:55:48 2019: Highest coverage kmer is: GGGCGGCGGTGTTGCCTTCGG, with worth: 1 and coverage: 2
Wed Jan 30 17:55:48 2019: Highest coverage kmer is: GGTCCTCAGCCTCGCGATTAC, with worth: 1 and coverage: 2
Wed Jan 30 17:55:49 2019: Highest coverage kmer is: TGGAGCCAAAAAGGTGGCGGT, with worth: 1 and coverage: 2
Wed Jan 30 17:55:49 2019: Highest coverage kmer is: AAAAAAACGCTGGTTCTTCTT, with worth: 1 and coverage: 1
Wed Jan 30 17:55:49 2019: Highest coverage kmer is: AAAAAAACTAAGGACGCCCAC, with worth: 1 and coverage: 1
Wed Jan 30 17:55:49 2019: Highest coverage kmer is: AAAAAAAGGTTTATTCAGTCG, with worth: 1 and coverage: 1
Wed Jan 30 17:55:49 2019: Highest coverage kmer is: AAAAAAAGTTAGAAAGCTTGG, with worth: 1 and coverage: 1
Wed Jan 30 17:55:49 2019: Highest coverage kmer is: AAAAAAAGTTTCTGTTTTAGA, with worth: 1 and coverage: 1
Wed Jan 30 17:55:50 2019: Highest coverage kmer is: AAAAAAATTTAAGTTGTTGAA, with worth: 1 and coverage: 1
Wed Jan 30 17:55:50 2019: Highest coverage kmer is: AAAAAACATGATTGTTGGTGC, with worth: 1 and coverage: 1
Wed Jan 30 17:55:50 2019: Highest coverage kmer is: AAAAAACTAGGAATAATAGAT, with worth: 1 and coverage: 1
Wed Jan 30 17:55:50 2019: Highest coverage kmer is: AAAAAAGAAAGGACTTTAGCT, with worth: 1 and coverage: 1
Wed Jan 30 17:55:50 2019: Highest coverage kmer is: AAAAAAGAGAAACGTCTTGCA, with worth: 1 and coverage: 1
Wed Jan 30 17:55:50 2019: Highest coverage kmer is: AAAAAAGTGAAATCGTTGGCT, with worth: 1 and coverage: 1
Wed Jan 30 17:55:50 2019: Highest coverage kmer is: AAAAAATAGTACACAAAATGC, with worth: 1 and coverage: 1
Wed Jan 30 17:55:51 2019: Highest coverage kmer is: AAAAACAAAAGTTATTGACTT, with worth: 1 and coverage: 1
Wed Jan 30 17:55:51 2019: Highest coverage kmer is: AAAAACATACAGGCAGGGCAA, with worth: 1 and coverage: 1
Wed Jan 30 17:55:51 2019: Highest coverage kmer is: AAAAACCTTCTGCTGGTTAAA, with worth: 1 and coverage: 1
Wed Jan 30 17:55:51 2019: Highest coverage kmer is: AAAAACCTTGCTGGAGTCGAT, with worth: 1 and coverage: 1
Wed Jan 30 17:55:51 2019: Highest coverage kmer is: AAAAACGAAGGATGCTATAGC, with worth: 1 and coverage: 1
Wed Jan 30 17:55:51 2019: Highest coverage kmer is: AAAAACTCGTGAGATCGTTGA, with worth: 1 and coverage: 1
Wed Jan 30 17:55:51 2019: Highest coverage kmer is: AAAAAGAAGAGCGTTTTGATA, with worth: 1 and coverage: 1
Wed Jan 30 17:55:51 2019: Highest coverage kmer is: AAAAAGACAAGCGAGATTGCC, with worth: 1 and coverage: 1
Wed Jan 30 17:55:51 2019: Highest coverage kmer is: AAAAAGACCTCGCGCTTAGCG, with worth: 1 and coverage: 1
Wed Jan 30 17:55:52 2019: Highest coverage kmer is: AAAAAGCCCCTTGCAGCCGCA, with worth: 1 and coverage: 1
Wed Jan 30 17:55:52 2019: Highest coverage kmer is: AAAAAGCCCTTCAAGCAGAAA, with worth: 1 and coverage: 1
Wed Jan 30 17:55:52 2019: Highest coverage kmer is: AAAAAGGGACAGGTCGTGCAC, with worth: 1 and coverage: 1
Wed Jan 30 17:55:52 2019: Highest coverage kmer is: AAAAAGGTACAGGTAGGGCAC, with worth: 1 and coverage: 1
Wed Jan 30 17:55:52 2019: Highest coverage kmer is: AAAAAGGTACTGGTAGGGCTA, with worth: 1 and coverage: 1
Wed Jan 30 17:55:52 2019: Highest coverage kmer is: AAAAAGGTCAGGCAACTGGCT, with worth: 1 and coverage: 1
Wed Jan 30 17:55:52 2019: Highest coverage kmer is: AAAAAGGTTCAGGACGCGCAA, with worth: 1 and coverage: 1
Wed Jan 30 17:55:52 2019: Highest coverage kmer is: AAAAAGTAAACAGGAAAGAAA, with worth: 1 and coverage: 1
Wed Jan 30 17:55:52 2019: Highest coverage kmer is: AAAAAGTTATTGCTTCTAGAT, with worth: 1 and coverage: 1
Wed Jan 30 17:55:52 2019: Highest coverage kmer is: AAAACACGAGGATTAGGGCTG, with worth: 1 and coverage: 1
Wed Jan 30 17:55:52 2019: Highest coverage kmer is: AAAACCATGGGCTCAGAAGGG, with worth: 1 and coverage: 1
Wed Jan 30 17:55:52 2019: Highest coverage kmer is: AAAACGTCTCAAAGGCCAAAG, with worth: 1 and coverage: 1
Wed Jan 30 17:55:52 2019: Highest coverage kmer is: AAAACTATACGGGTTAGGGAG, with worth: 1 and coverage: 1
Wed Jan 30 17:55:53 2019: Highest coverage kmer is: AAAAGAACCACTGCGAAGTAC, with worth: 1 and coverage: 1
Wed Jan 30 17:55:53 2019: Highest coverage kmer is: AAAAGAATGGTGGAAATCCTG, with worth: 1 and coverage: 1
Wed Jan 30 17:55:53 2019: Highest coverage kmer is: AAAAGACCTGATAAAGACGCT, with worth: 1 and coverage: 1
Wed Jan 30 17:55:53 2019: Highest coverage kmer is: AAAAGAGCGGCGAGGTAGCGC, with worth: 1 and coverage: 1
Wed Jan 30 17:55:53 2019: Highest coverage kmer is: AAAAGCATACCGGGAGAGCTC, with worth: 1 and coverage: 1
Wed Jan 30 17:55:53 2019: Highest coverage kmer is: AAAAGCGCCCTCATCCTCCTG, with worth: 1 and coverage: 1
Wed Jan 30 17:55:53 2019: Highest coverage kmer is: AAAAGCTACGATCAGGAGAAG, with worth: 1 and coverage: 1
Wed Jan 30 17:55:53 2019: Highest coverage kmer is: AAACAAGAGGGAGAGGAGGCT, with worth: 1 and coverage: 1
Wed Jan 30 17:55:53 2019: Highest coverage kmer is: AAACAGCGAGCTATGCTACCA, with worth: 1 and coverage: 1
Wed Jan 30 17:55:53 2019: Highest coverage kmer is: AAAGACAGGAACGCAGCCGTC, with worth: 1 and coverage: 1

Checking output for redundant kmers...

AAAAAAGTTGAGGAGGTGCTC is redundant.
AACGAAGCTCTTGTACACCAA is redundant.
AAGGGTACGGGCCGCGCTCGT is redundant.
AACAGGTAGAGCAAGACAAGG is redundant.
GCCGCGTGACTACAGCCAGCG is redundant.
AAGCCGTGGCGTCAGAAGGGC is redundant.
AAGCCGTGGCGCCAGAAGGGC is redundant.
CCGCTGTGGCGTGGCGGCGGC is redundant.
There are 577 21-mers in the representative list.
It took 36 minutes and 30 seconds to generate a list from 8000 sequences.
