Generating 21-mers
...

All 21-mers generated!

Wed Jan 30 17:19:36 2019: Highest coverage kmer is: GTTGAGGAGATGCTGGCATGA, with worth: 1213 and coverage: 1213
Wed Jan 30 17:19:48 2019: Highest coverage kmer is: AAAAAAGTTGAGGAGGTGCTC, with worth: 879 and coverage: 879
Wed Jan 30 17:19:57 2019: Highest coverage kmer is: AAACCATGGCGTCAAAAAGGA, with worth: 485 and coverage: 485
Wed Jan 30 17:20:04 2019: Highest coverage kmer is: GCCGCGCGACTACAGCCAGCG, with worth: 448 and coverage: 448
Wed Jan 30 17:20:16 2019: Highest coverage kmer is: AGAAGGGCACCGGCCGCGCCC, with worth: 273 and coverage: 315
Wed Jan 30 17:20:22 2019: Highest coverage kmer is: TTCGAGGAGCTGCTGGGATGA, with worth: 271 and coverage: 271
Wed Jan 30 17:20:31 2019: Highest coverage kmer is: AACGAAGCTCTTGTACACCAA, with worth: 258 and coverage: 301
Wed Jan 30 17:20:36 2019: Highest coverage kmer is: AAGGGTACGGGCCGCGCTCGT, with worth: 204 and coverage: 204
Wed Jan 30 17:20:45 2019: Highest coverage kmer is: CAGCGCACCCCCAAGAAGATG, with worth: 190 and coverage: 247
Wed Jan 30 17:20:54 2019: Highest coverage kmer is: AAACCATGGCGTCAAAAAGGT, with worth: 172 and coverage: 175
Wed Jan 30 17:21:02 2019: Highest coverage kmer is: TCAACAAGAAGATGTACCGCG, with worth: 120 and coverage: 172
Wed Jan 30 17:21:07 2019: Highest coverage kmer is: AAACCTTGGAGACAAAAAGGT, with worth: 87 and coverage: 87
Wed Jan 30 17:21:15 2019: Highest coverage kmer is: CCCGAAGAAGATGAAGGCCGC, with worth: 80 and coverage: 188
Wed Jan 30 17:21:19 2019: Highest coverage kmer is: AAACCTTGGCGTCAAAAAGGT, with worth: 78 and coverage: 78
Wed Jan 30 17:21:25 2019: Highest coverage kmer is: AGAAGGTCAACCGCAAGATGT, with worth: 77 and coverage: 77
Wed Jan 30 17:21:32 2019: Highest coverage kmer is: AAGATGTACAAGCAGAAGGGT, with worth: 71 and coverage: 180
Wed Jan 30 17:21:40 2019: Highest coverage kmer is: TACAAGCAGAAGGGCACCGGC, with worth: 70 and coverage: 103
Wed Jan 30 17:21:44 2019: Highest coverage kmer is: AAGGCCATCGTTTTAGACAGC, with worth: 70 and coverage: 70
Wed Jan 30 17:21:48 2019: Highest coverage kmer is: AAAGCACAGAAGTATTCTAAA, with worth: 64 and coverage: 64
Wed Jan 30 17:21:55 2019: Highest coverage kmer is: GTAGAGGAGGTGCTTGCATAA, with worth: 61 and coverage: 173
Wed Jan 30 17:22:03 2019: Highest coverage kmer is: CGTGCTCGTCAAGGTTCTATC, with worth: 57 and coverage: 176
Wed Jan 30 17:22:08 2019: Highest coverage kmer is: CTACTCGACCAAGAAGATCTA, with worth: 56 and coverage: 56
Wed Jan 30 17:22:14 2019: Highest coverage kmer is: GAAGCCGTGGCGCCAGAAGGG, with worth: 55 and coverage: 155
Wed Jan 30 17:22:18 2019: Highest coverage kmer is: ACAGGTAGAGCAAGACAAGGT, with worth: 55 and coverage: 55
Wed Jan 30 17:22:26 2019: Highest coverage kmer is: GCCGCGTGACTACAGCCAGCG, with worth: 53 and coverage: 104
Wed Jan 30 17:22:31 2019: Highest coverage kmer is: AAATAAAAATGTATATTTGTC, with worth: 51 and coverage: 51
Wed Jan 30 17:22:37 2019: Highest coverage kmer is: ATCGAGGAGGTGTACGCATAA, with worth: 48 and coverage: 48
Wed Jan 30 17:22:44 2019: Highest coverage kmer is: CAGCGCACCCCGAAGAAGATG, with worth: 47 and coverage: 133
Wed Jan 30 17:22:51 2019: Highest coverage kmer is: CTAAGAAAATTGAGGTAGAAC, with worth: 43 and coverage: 216
Wed Jan 30 17:22:58 2019: Highest coverage kmer is: AAGCCATGGCGCCAAAAAGGT, with worth: 41 and coverage: 43
Wed Jan 30 17:23:03 2019: Highest coverage kmer is: AAACCTTGGAAACAAAAAGGT, with worth: 39 and coverage: 39
Wed Jan 30 17:23:09 2019: Highest coverage kmer is: TCAAAAAGGTACTGGCCGTGC, with worth: 35 and coverage: 124
Wed Jan 30 17:23:13 2019: Highest coverage kmer is: AAGAAGTTCGGTCGCCAGAAG, with worth: 34 and coverage: 34
Wed Jan 30 17:23:19 2019: Highest coverage kmer is: AAATAAAAACGTATATTTGTC, with worth: 33 and coverage: 33
Wed Jan 30 17:23:26 2019: Highest coverage kmer is: ATTGAGGAGGTGTACGCATAA, with worth: 32 and coverage: 36
Wed Jan 30 17:23:31 2019: Highest coverage kmer is: TGGCGTCAAAAGGGTACTGGT, with worth: 31 and coverage: 39
Wed Jan 30 17:23:37 2019: Highest coverage kmer is: AAATAATAATGTATATTTGTC, with worth: 31 and coverage: 31
Wed Jan 30 17:23:43 2019: Highest coverage kmer is: AAGCCGTACCGCCAGAAGGGC, with worth: 30 and coverage: 231
Wed Jan 30 17:23:49 2019: Highest coverage kmer is: AAGCCGTGGCGTCAGAAGGGT, with worth: 30 and coverage: 56
Wed Jan 30 17:23:55 2019: Highest coverage kmer is: AAGAAGTCGAAGAAGCAGAAG, with worth: 29 and coverage: 68
Wed Jan 30 17:23:58 2019: Highest coverage kmer is: GTTCAGAAGGTAGAGGAGGTG, with worth: 26 and coverage: 34
Wed Jan 30 17:24:04 2019: Highest coverage kmer is: CCACAATGGCGTGGTGGTGGT, with worth: 25 and coverage: 315
Wed Jan 30 17:24:07 2019: Highest coverage kmer is: AGTATTAAATACATCAGGAAA, with worth: 24 and coverage: 24
Wed Jan 30 17:24:12 2019: Highest coverage kmer is: AAGCCATGGCGTCAAAAAGGA, with worth: 22 and coverage: 25
Wed Jan 30 17:24:15 2019: Highest coverage kmer is: ACTAAAAAGCCTTTTAGACAA, with worth: 22 and coverage: 22
Wed Jan 30 17:24:20 2019: Highest coverage kmer is: ATTGAGGAGGTGCTTGCATAA, with worth: 21 and coverage: 144
Wed Jan 30 17:24:26 2019: Highest coverage kmer is: CGCCGACATCCTGCACCGCGT, with worth: 20 and coverage: 38
Wed Jan 30 17:24:31 2019: Highest coverage kmer is: AATATGGAAGGCAAAGAAGTT, with worth: 20 and coverage: 28
Wed Jan 30 17:24:37 2019: Highest coverage kmer is: AAAATTCAGGAGGTCTACAGT, with worth: 20 and coverage: 23
Wed Jan 30 17:24:41 2019: Highest coverage kmer is: AAAAAGTTAATAAAAAACAAA, with worth: 20 and coverage: 20
Wed Jan 30 17:24:46 2019: Highest coverage kmer is: GGTGGTGGTAAGAAGCCATGG, with worth: 19 and coverage: 28
Wed Jan 30 17:24:51 2019: Highest coverage kmer is: CCAGCTCAACACCTACGACGT, with worth: 18 and coverage: 138
Wed Jan 30 17:24:57 2019: Highest coverage kmer is: ACTGGTAGAGCAAGACAAGGT, with worth: 18 and coverage: 23
Wed Jan 30 17:25:02 2019: Highest coverage kmer is: AAGCCGTGGCGTCAGAAGGGC, with worth: 17 and coverage: 68
Wed Jan 30 17:25:06 2019: Highest coverage kmer is: TAATAAAAAAATGTACAAACG, with worth: 17 and coverage: 18
Wed Jan 30 17:25:10 2019: Highest coverage kmer is: CCGGCGGCGGCAAGAAGCCGT, with worth: 16 and coverage: 60
Wed Jan 30 17:25:13 2019: Highest coverage kmer is: ATGACATCCTCAAGCGTGACA, with worth: 16 and coverage: 33
Wed Jan 30 17:25:16 2019: Highest coverage kmer is: AAAACTAAAACAGTATCAGAA, with worth: 16 and coverage: 16
Wed Jan 30 17:25:21 2019: Highest coverage kmer is: ACAGGTCGTGCTCGTCAAGGT, with worth: 15 and coverage: 851
Wed Jan 30 17:25:26 2019: Highest coverage kmer is: TACAAGCAGAAGGGCACCGGT, with worth: 15 and coverage: 45
Wed Jan 30 17:25:31 2019: Highest coverage kmer is: TCAACAAGAAGATGTATCGCG, with worth: 14 and coverage: 99
Wed Jan 30 17:25:36 2019: Highest coverage kmer is: GGCGGCGGCAAGAAGCCCTGG, with worth: 14 and coverage: 19
Wed Jan 30 17:25:41 2019: Highest coverage kmer is: AAACAAAAAGGTACTGGTGGT, with worth: 14 and coverage: 15
Wed Jan 30 17:25:44 2019: Highest coverage kmer is: CGGTGCTCGTCGTGGTGATAT, with worth: 14 and coverage: 14
Wed Jan 30 17:25:48 2019: Highest coverage kmer is: AAGCCATGGCGTCAAAAAGGT, with worth: 13 and coverage: 172
Wed Jan 30 17:25:53 2019: Highest coverage kmer is: CTGGAGGCTCGCCTGAAATGA, with worth: 13 and coverage: 35
Wed Jan 30 17:25:57 2019: Highest coverage kmer is: AAGCCTTGGAAACAAAAAGGT, with worth: 13 and coverage: 25
Wed Jan 30 17:26:01 2019: Highest coverage kmer is: AAAACCATGGAGACAAAAAGG, with worth: 13 and coverage: 20
Wed Jan 30 17:26:04 2019: Highest coverage kmer is: AAAGCCTTGGAGACAAAAAGG, with worth: 13 and coverage: 16
Wed Jan 30 17:26:06 2019: Highest coverage kmer is: AAATAATAACGTATATTTGTC, with worth: 13 and coverage: 13
Wed Jan 30 17:26:09 2019: Highest coverage kmer is: ACCCGCCGAAGGCCGAGAAGG, with worth: 13 and coverage: 13
Wed Jan 30 17:26:14 2019: Highest coverage kmer is: TGAACAAGAAGATGTACCGCG, with worth: 12 and coverage: 73
Wed Jan 30 17:26:18 2019: Highest coverage kmer is: CAGCGCACGCCCAAGAAGATG, with worth: 12 and coverage: 70
Wed Jan 30 17:26:23 2019: Highest coverage kmer is: AACGTCTACGACATCCTGAAG, with worth: 12 and coverage: 29
Wed Jan 30 17:26:27 2019: Highest coverage kmer is: ATGGCGCCAAAAAGGAACTGG, with worth: 12 and coverage: 29
Wed Jan 30 17:26:32 2019: Highest coverage kmer is: AAGAAGCCTTGGAGACAAAAG, with worth: 12 and coverage: 26
Wed Jan 30 17:26:36 2019: Highest coverage kmer is: GATGTTAAGCAATATCTTGCT, with worth: 12 and coverage: 25
Wed Jan 30 17:26:40 2019: Highest coverage kmer is: CAGCGCACCCCTAAGAAGATG, with worth: 12 and coverage: 24
Wed Jan 30 17:26:43 2019: Highest coverage kmer is: ATCGAGGAGATGCTGGGATGA, with worth: 12 and coverage: 20
Wed Jan 30 17:26:45 2019: Highest coverage kmer is: AAAGCCTTGGAAGCAAAAAGG, with worth: 12 and coverage: 12
Wed Jan 30 17:26:47 2019: Highest coverage kmer is: AAGCCTTGGAAGCAAAAGGGT, with worth: 12 and coverage: 12
Wed Jan 30 17:26:52 2019: Highest coverage kmer is: AAAGGAACTGGACGTGCTCGT, with worth: 11 and coverage: 207
Wed Jan 30 17:26:56 2019: Highest coverage kmer is: AGGGCATCAACGTCTACGACA, with worth: 11 and coverage: 57
Wed Jan 30 17:27:00 2019: Highest coverage kmer is: CAAGCCGTGGCGCCAGAAGGG, with worth: 11 and coverage: 30
Wed Jan 30 17:27:04 2019: Highest coverage kmer is: GCGTCAAAAAGGCACAGGTCG, with worth: 11 and coverage: 12
Wed Jan 30 17:27:07 2019: Highest coverage kmer is: AATGTTTATGATATTTTGCGT, with worth: 11 and coverage: 11
Wed Jan 30 17:27:11 2019: Highest coverage kmer is: AGCGGACCCCCAAGAAGATGA, with worth: 10 and coverage: 76
Wed Jan 30 17:27:15 2019: Highest coverage kmer is: GCCAACGTCTATGACATCCTG, with worth: 10 and coverage: 25
Wed Jan 30 17:27:19 2019: Highest coverage kmer is: ATGGAATTGGTATTGAAAGAC, with worth: 10 and coverage: 24
Wed Jan 30 17:27:23 2019: Highest coverage kmer is: AGATATTACAGGAAAAGATAC, with worth: 10 and coverage: 10
Wed Jan 30 17:27:27 2019: Highest coverage kmer is: GCAGCAGGTGCTCGTCAAGGT, with worth: 9 and coverage: 185
Wed Jan 30 17:27:31 2019: Highest coverage kmer is: CCCTGGCGCCAGAAGGGTACC, with worth: 9 and coverage: 37
Wed Jan 30 17:27:35 2019: Highest coverage kmer is: CTGGCAGCTGGCCAAGCGCCG, with worth: 9 and coverage: 21
Wed Jan 30 17:27:38 2019: Highest coverage kmer is: AAACCTTGGAGACAAAAAGGA, with worth: 9 and coverage: 16
Wed Jan 30 17:27:42 2019: Highest coverage kmer is: AAAGTGAACCGTAAAATGTAC, with worth: 9 and coverage: 13
Wed Jan 30 17:27:46 2019: Highest coverage kmer is: AAACCATGGCGTCAAAAAGGG, with worth: 9 and coverage: 11
Wed Jan 30 17:27:48 2019: Highest coverage kmer is: ACAAGGTGAAGGGCATGGGCG, with worth: 9 and coverage: 9
Wed Jan 30 17:27:52 2019: Highest coverage kmer is: CCGCAGTTCCGCGGCGGCGGC, with worth: 8 and coverage: 90
Wed Jan 30 17:27:56 2019: Highest coverage kmer is: ACCCCGAAGAAGATGAAGGCT, with worth: 8 and coverage: 18
Wed Jan 30 17:28:00 2019: Highest coverage kmer is: GCACCAAAGCCAAGAGATTAT, with worth: 8 and coverage: 16
Wed Jan 30 17:28:04 2019: Highest coverage kmer is: GGTGGTGGTCGTGTATTCGGT, with worth: 8 and coverage: 15
Wed Jan 30 17:28:08 2019: Highest coverage kmer is: AAGAAGCCATGGAAGCAGAAG, with worth: 8 and coverage: 11
Wed Jan 30 17:28:11 2019: Highest coverage kmer is: ACGTCGTGGTGATATCAACTC, with worth: 8 and coverage: 11
Wed Jan 30 17:28:15 2019: Highest coverage kmer is: GTGGTGGTGGTAAGAAGCCTT, with worth: 8 and coverage: 10
Wed Jan 30 17:28:17 2019: Highest coverage kmer is: AAACCTTGAAAACAAAAAGGT, with worth: 8 and coverage: 8
Wed Jan 30 17:28:19 2019: Highest coverage kmer is: CTACACCCTGCCCCGCAAGGT, with worth: 8 and coverage: 8
Wed Jan 30 17:28:23 2019: Highest coverage kmer is: AACGAAGCGCTGGTTCACCAG, with worth: 7 and coverage: 994
Wed Jan 30 17:28:27 2019: Highest coverage kmer is: CGAGCAGAAGGTCAACCGCAA, with worth: 7 and coverage: 53
Wed Jan 30 17:28:30 2019: Highest coverage kmer is: CAAGAAGATCTATCGCCAGAA, with worth: 7 and coverage: 44
Wed Jan 30 17:28:34 2019: Highest coverage kmer is: CTCTTTCTCAAGTAGAGGAGG, with worth: 7 and coverage: 32
Wed Jan 30 17:28:38 2019: Highest coverage kmer is: AGTAAGCGGTGGTGGTAAAAA, with worth: 7 and coverage: 21
Wed Jan 30 17:28:41 2019: Highest coverage kmer is: AAAGCCTTGGAGACAGAAGGG, with worth: 7 and coverage: 19
Wed Jan 30 17:28:45 2019: Highest coverage kmer is: AAGCCCTGGCGCCAGAAGGGC, with worth: 7 and coverage: 13
Wed Jan 30 17:28:48 2019: Highest coverage kmer is: ATCGAGGAGGTGTATGCATAA, with worth: 7 and coverage: 11
Wed Jan 30 17:28:52 2019: Highest coverage kmer is: TATGACATCCTGCGCCGTGAC, with worth: 7 and coverage: 11
Wed Jan 30 17:28:56 2019: Highest coverage kmer is: CGAGGAGGTGGCCGACCGATG, with worth: 7 and coverage: 8
Wed Jan 30 17:28:59 2019: Highest coverage kmer is: GGTAGAGCTAGACAAGGTTCT, with worth: 7 and coverage: 8
Wed Jan 30 17:29:01 2019: Highest coverage kmer is: AAGCCTTATAGGCAGAAGCAT, with worth: 7 and coverage: 7
Wed Jan 30 17:29:03 2019: Highest coverage kmer is: ACCGCCCGGACCTGATCGCCC, with worth: 7 and coverage: 7
Wed Jan 30 17:29:06 2019: Highest coverage kmer is: ATGGAAAAGAAAGTCTATTCA, with worth: 7 and coverage: 7
Wed Jan 30 17:29:08 2019: Highest coverage kmer is: CGGCAAGAAGCCTTGGCGTCA, with worth: 7 and coverage: 7
Wed Jan 30 17:29:12 2019: Highest coverage kmer is: CAAAAAGGAACTGGTCGTGCT, with worth: 6 and coverage: 98
Wed Jan 30 17:29:15 2019: Highest coverage kmer is: AGAAGGGTACGGGCCGCGCCC, with worth: 6 and coverage: 78
Wed Jan 30 17:29:19 2019: Highest coverage kmer is: CTCAAGGAGATGTTCGCATGA, with worth: 6 and coverage: 57
Wed Jan 30 17:29:22 2019: Highest coverage kmer is: ATGGCGTCAGAAGGGTACTGG, with worth: 6 and coverage: 43
Wed Jan 30 17:29:25 2019: Highest coverage kmer is: AAAGCAGGGGAGGTGCTTGCA, with worth: 6 and coverage: 20
Wed Jan 30 17:29:29 2019: Highest coverage kmer is: CAACATCCCGAACATCGACGT, with worth: 6 and coverage: 16
Wed Jan 30 17:29:32 2019: Highest coverage kmer is: AAAGAAACAGGTGCCAAGGTG, with worth: 6 and coverage: 14
Wed Jan 30 17:29:35 2019: Highest coverage kmer is: AAATCAAAAGAAAGAAGCGAA, with worth: 6 and coverage: 14
Wed Jan 30 17:29:39 2019: Highest coverage kmer is: CGCGCACCGGCAAGAAGTTCG, with worth: 6 and coverage: 14
Wed Jan 30 17:29:42 2019: Highest coverage kmer is: AAGCCTTGGCGTCAAAAAGGT, with worth: 6 and coverage: 10
Wed Jan 30 17:29:45 2019: Highest coverage kmer is: AACTTGAGGAGCAATGGGTAT, with worth: 6 and coverage: 8
Wed Jan 30 17:29:48 2019: Highest coverage kmer is: ATTGAGGAGGTGCTCGCATAA, with worth: 6 and coverage: 8
Wed Jan 30 17:29:50 2019: Highest coverage kmer is: AAAAAACCATGAAGACAAAAA, with worth: 6 and coverage: 6
Wed Jan 30 17:29:52 2019: Highest coverage kmer is: AACTTCCAGCTATTTTTAATG, with worth: 6 and coverage: 6
Wed Jan 30 17:29:54 2019: Highest coverage kmer is: ACTACAGCTACACCCTGCCCA, with worth: 6 and coverage: 6
Wed Jan 30 17:29:57 2019: Highest coverage kmer is: GGGCGTGATTTCAATGAAGCG, with worth: 5 and coverage: 92
Wed Jan 30 17:30:00 2019: Highest coverage kmer is: ATCTTCCCGAATTCGCCGGAA, with worth: 5 and coverage: 49
Wed Jan 30 17:30:03 2019: Highest coverage kmer is: ATTGAGGAGATGCTGGCATGA, with worth: 5 and coverage: 27
Wed Jan 30 17:30:07 2019: Highest coverage kmer is: GTATTTGCACCAAAGCCAAGA, with worth: 5 and coverage: 16
Wed Jan 30 17:30:10 2019: Highest coverage kmer is: ATGGATATTAACGTATTAGAT, with worth: 5 and coverage: 13
Wed Jan 30 17:30:13 2019: Highest coverage kmer is: AGAATTAAGTACTTACAAAAT, with worth: 5 and coverage: 12
Wed Jan 30 17:30:16 2019: Highest coverage kmer is: AAAATCAACAAAAAACAAAAG, with worth: 5 and coverage: 9
Wed Jan 30 17:30:19 2019: Highest coverage kmer is: GCTCGTCAAGGGTCAATCCGT, with worth: 5 and coverage: 9
Wed Jan 30 17:30:22 2019: Highest coverage kmer is: ATCTAATATTCCTAATATTGA, with worth: 5 and coverage: 8
Wed Jan 30 17:30:25 2019: Highest coverage kmer is: CGATCTTCCCAAGAAGGTCCG, with worth: 5 and coverage: 8
Wed Jan 30 17:30:29 2019: Highest coverage kmer is: AAAGCCATGGAGACAAAAAGG, with worth: 5 and coverage: 7
Wed Jan 30 17:30:32 2019: Highest coverage kmer is: AAAGGTGGTGGTACCATCTTC, with worth: 5 and coverage: 7
Wed Jan 30 17:30:35 2019: Highest coverage kmer is: CAAACCCTGGCGGCAAAAAGG, with worth: 5 and coverage: 7
Wed Jan 30 17:30:38 2019: Highest coverage kmer is: AAAAAACCTTGAAGACAAAAA, with worth: 5 and coverage: 6
Wed Jan 30 17:30:41 2019: Highest coverage kmer is: ACCAGCGCCAGGGTACGCACA, with worth: 5 and coverage: 6
Wed Jan 30 17:30:44 2019: Highest coverage kmer is: GGCCGCCCGCAACCTCGCGGG, with worth: 5 and coverage: 6
Wed Jan 30 17:30:46 2019: Highest coverage kmer is: GGTGGTCGTAAACCTTGGCGG, with worth: 5 and coverage: 6
Wed Jan 30 17:30:48 2019: Highest coverage kmer is: AAAAACCATAGACCTTACAGG, with worth: 5 and coverage: 5
Wed Jan 30 17:30:49 2019: Highest coverage kmer is: AAAAAGATCGAGGAATGGTTG, with worth: 5 and coverage: 5
Wed Jan 30 17:30:51 2019: Highest coverage kmer is: AAAAATTGAGTATTTTGCATG, with worth: 5 and coverage: 5
Wed Jan 30 17:30:52 2019: Highest coverage kmer is: AAAGCACAGAAGTACTCAAAA, with worth: 5 and coverage: 5
Wed Jan 30 17:30:54 2019: Highest coverage kmer is: AACCATCCAGGAGGTCTACGG, with worth: 5 and coverage: 5
Wed Jan 30 17:30:55 2019: Highest coverage kmer is: AAGGTTGAGGAGTGGCTGGCA, with worth: 5 and coverage: 5
Wed Jan 30 17:30:57 2019: Highest coverage kmer is: AGGGCTGGAAAGGGCAAAATG, with worth: 5 and coverage: 5
Wed Jan 30 17:31:00 2019: Highest coverage kmer is: TGGCGCCAGAAAGGCACCGGC, with worth: 4 and coverage: 537
Wed Jan 30 17:31:03 2019: Highest coverage kmer is: GGCGTCAGAAGGGCACCGGTC, with worth: 4 and coverage: 66
Wed Jan 30 17:31:06 2019: Highest coverage kmer is: TCAGCTCAACACCTACGACGT, with worth: 4 and coverage: 49
Wed Jan 30 17:31:09 2019: Highest coverage kmer is: CGCTCGTCAGGGCTCGATCCG, with worth: 4 and coverage: 47
Wed Jan 30 17:31:12 2019: Highest coverage kmer is: ACTGGCCGTGCTCGTGCTGGT, with worth: 4 and coverage: 45
Wed Jan 30 17:31:15 2019: Highest coverage kmer is: CAAGCCATGGCGCCAAAAAGG, with worth: 4 and coverage: 20
Wed Jan 30 17:31:18 2019: Highest coverage kmer is: CCAAAAAGGCACCGGTGGCGC, with worth: 4 and coverage: 18
Wed Jan 30 17:31:20 2019: Highest coverage kmer is: CGCCGCAGCGCCAACAACCTG, with worth: 4 and coverage: 18
Wed Jan 30 17:31:23 2019: Highest coverage kmer is: GCAGAAGGGTACCGGCCGCGC, with worth: 4 and coverage: 18
Wed Jan 30 17:31:26 2019: Highest coverage kmer is: GTATATTTGTCGGCTCGTAAT, with worth: 4 and coverage: 16
Wed Jan 30 17:31:29 2019: Highest coverage kmer is: AAAAAACAAAAAGGAACAGGT, with worth: 4 and coverage: 15
Wed Jan 30 17:31:31 2019: Highest coverage kmer is: CGCTCTTGAAGTATCCGAAGC, with worth: 4 and coverage: 15
Wed Jan 30 17:31:34 2019: Highest coverage kmer is: GGTGGCGGTAAGAAGCCATGG, with worth: 4 and coverage: 15
Wed Jan 30 17:31:36 2019: Highest coverage kmer is: CCAAAAAGGTACTGGCCGTGC, with worth: 4 and coverage: 14
Wed Jan 30 17:31:39 2019: Highest coverage kmer is: GTTCGCTGGCAGCTTGCAAAG, with worth: 4 and coverage: 14
Wed Jan 30 17:31:41 2019: Highest coverage kmer is: CTGGAAGCAGAAGGGCACCGG, with worth: 4 and coverage: 10
Wed Jan 30 17:31:44 2019: Highest coverage kmer is: AAGATTAAAAAACAAAAAGGT, with worth: 4 and coverage: 9
Wed Jan 30 17:31:47 2019: Highest coverage kmer is: AGAAGGTTAACCGCAAGATGT, with worth: 4 and coverage: 9
Wed Jan 30 17:31:49 2019: Highest coverage kmer is: CTGAAGGAGCGCCTGGCATGA, with worth: 4 and coverage: 9
Wed Jan 30 17:31:52 2019: Highest coverage kmer is: GGTGGTGGTGTGATCTTTGGG, with worth: 4 and coverage: 8
Wed Jan 30 17:31:55 2019: Highest coverage kmer is: AAGGTCAATCGCAAGATGTAT, with worth: 4 and coverage: 6
Wed Jan 30 17:31:57 2019: Highest coverage kmer is: ATTGATGAAAAAACTTATTTA, with worth: 4 and coverage: 6
Wed Jan 30 17:32:00 2019: Highest coverage kmer is: CACCGCCAGCACCAAGACCCG, with worth: 4 and coverage: 6
Wed Jan 30 17:32:02 2019: Highest coverage kmer is: AAAAAGCCCTGGCGTCAAAAA, with worth: 4 and coverage: 5
Wed Jan 30 17:32:04 2019: Highest coverage kmer is: AAAATTAAAAAGCAAAAAGGT, with worth: 4 and coverage: 5
Wed Jan 30 17:32:07 2019: Highest coverage kmer is: ACAAAAAGGTACTGGTAATGC, with worth: 4 and coverage: 5
Wed Jan 30 17:32:08 2019: Highest coverage kmer is: AAAAAGTTTTGGTTATTCTTG, with worth: 4 and coverage: 4
Wed Jan 30 17:32:09 2019: Highest coverage kmer is: AAAGCCGTGGCGTCAAAAAGG, with worth: 4 and coverage: 4
Wed Jan 30 17:32:11 2019: Highest coverage kmer is: AACGTCTATGACATCCTCAAC, with worth: 4 and coverage: 4
Wed Jan 30 17:32:12 2019: Highest coverage kmer is: AAGGTCGAGAAGATAATCTGG, with worth: 4 and coverage: 4
Wed Jan 30 17:32:13 2019: Highest coverage kmer is: ACCGGAAGAGCAAGACACGGT, with worth: 4 and coverage: 4
Wed Jan 30 17:32:14 2019: Highest coverage kmer is: ACTCGCATGGCAATCCGCTCG, with worth: 4 and coverage: 4
Wed Jan 30 17:32:16 2019: Highest coverage kmer is: AGCTTCAAACTGAACAAGAAA, with worth: 4 and coverage: 4
Wed Jan 30 17:32:17 2019: Highest coverage kmer is: ATCAAAATTTGATTTTTCAGG, with worth: 4 and coverage: 4
Wed Jan 30 17:32:18 2019: Highest coverage kmer is: ATGCCTAAAGTAGCTTTATAT, with worth: 4 and coverage: 4
Wed Jan 30 17:32:20 2019: Highest coverage kmer is: CGGCGGTACGGTATTCGGACC, with worth: 4 and coverage: 4
Wed Jan 30 17:32:21 2019: Highest coverage kmer is: GGTGGTGGTCGTAAGCCCTGG, with worth: 4 and coverage: 4
Wed Jan 30 17:32:23 2019: Highest coverage kmer is: TCAGCGTCAGGGTACGCACAA, with worth: 4 and coverage: 4
Wed Jan 30 17:32:26 2019: Highest coverage kmer is: AAAAAGGAACAGGTCGTGCTC, with worth: 3 and coverage: 833
Wed Jan 30 17:32:28 2019: Highest coverage kmer is: AAAAAGTAAACCGTAAAATGT, with worth: 3 and coverage: 201
Wed Jan 30 17:32:31 2019: Highest coverage kmer is: CCAAAAACAAAAGAATTCAAA, with worth: 3 and coverage: 174
Wed Jan 30 17:32:33 2019: Highest coverage kmer is: ATCCGTTCACCACAATGGCGT, with worth: 3 and coverage: 106
Wed Jan 30 17:32:36 2019: Highest coverage kmer is: AAAGGTACTGGTCGTGCTCGT, with worth: 3 and coverage: 54
Wed Jan 30 17:32:38 2019: Highest coverage kmer is: GGTCGTGCCCGTCAAGGTTCA, with worth: 3 and coverage: 50
Wed Jan 30 17:32:40 2019: Highest coverage kmer is: AAACCTTGGAAACAAAAAGGA, with worth: 3 and coverage: 44
Wed Jan 30 17:32:43 2019: Highest coverage kmer is: TCAACCGCAAGATGTACCGCG, with worth: 3 and coverage: 35
Wed Jan 30 17:32:45 2019: Highest coverage kmer is: GAAAAAATTCAGGAGGTCTAC, with worth: 3 and coverage: 23
Wed Jan 30 17:32:48 2019: Highest coverage kmer is: ATGAAAGTAGCAGTTTTAGAT, with worth: 3 and coverage: 22
Wed Jan 30 17:32:50 2019: Highest coverage kmer is: GCCCGTCAGGGTTCGATCCGC, with worth: 3 and coverage: 15
Wed Jan 30 17:32:52 2019: Highest coverage kmer is: AAGTGGCAAAACAAAAGATGC, with worth: 3 and coverage: 14
Wed Jan 30 17:32:55 2019: Highest coverage kmer is: AAACCTTGGCGTCAGAAAGGT, with worth: 3 and coverage: 13
Wed Jan 30 17:32:57 2019: Highest coverage kmer is: AACGTGCATCAATGCGTCAAG, with worth: 3 and coverage: 13
Wed Jan 30 17:32:59 2019: Highest coverage kmer is: CGTGCCGACATCCTGCACCGC, with worth: 3 and coverage: 13
Wed Jan 30 17:33:02 2019: Highest coverage kmer is: AAAAGGGTACAGGTCGTGCTC, with worth: 3 and coverage: 12
Wed Jan 30 17:33:04 2019: Highest coverage kmer is: GGTACAGGACGTGCTCGTCAA, with worth: 3 and coverage: 12
Wed Jan 30 17:33:06 2019: Highest coverage kmer is: ATGGCAGTTTTAAACATATAT, with worth: 3 and coverage: 10
Wed Jan 30 17:33:08 2019: Highest coverage kmer is: GGAGACAGAAAGGAACAGGTC, with worth: 3 and coverage: 10
Wed Jan 30 17:33:11 2019: Highest coverage kmer is: TAAAGGTGAAGATACCGGAAG, with worth: 3 and coverage: 10
Wed Jan 30 17:33:13 2019: Highest coverage kmer is: AGAAGGTGAACCGCAAGATGT, with worth: 3 and coverage: 9
Wed Jan 30 17:33:15 2019: Highest coverage kmer is: CCGCACATCGACGTGCTGCCG, with worth: 3 and coverage: 8
Wed Jan 30 17:33:17 2019: Highest coverage kmer is: ACCGCGTCGTCCGCTGGCAGC, with worth: 3 and coverage: 7
Wed Jan 30 17:33:19 2019: Highest coverage kmer is: AAAAAGGTACTGGTACAGCTC, with worth: 3 and coverage: 6
Wed Jan 30 17:33:21 2019: Highest coverage kmer is: CCAATTTGGGTAGGTGGTGGT, with worth: 3 and coverage: 6
Wed Jan 30 17:33:24 2019: Highest coverage kmer is: CCGATCTTCCGCGGTGGTGGT, with worth: 3 and coverage: 6
Wed Jan 30 17:33:26 2019: Highest coverage kmer is: CGACTGACCGTCTGGACCGAA, with worth: 3 and coverage: 6
Wed Jan 30 17:33:28 2019: Highest coverage kmer is: GTTCGCGGTGGTGGTAAAAAA, with worth: 3 and coverage: 6
Wed Jan 30 17:33:30 2019: Highest coverage kmer is: TGGCGGTGGTACTGTATTCGG, with worth: 3 and coverage: 6
Wed Jan 30 17:33:32 2019: Highest coverage kmer is: AAAGCCGTGGAGACAGAAGGG, with worth: 3 and coverage: 5
Wed Jan 30 17:33:34 2019: Highest coverage kmer is: AAGCAAAAAGGTACAGGTGGT, with worth: 3 and coverage: 5
Wed Jan 30 17:33:36 2019: Highest coverage kmer is: TTCGAGGAGATGCTGGGATGA, with worth: 3 and coverage: 5
Wed Jan 30 17:33:38 2019: Highest coverage kmer is: AAAGCCCTGGAGACAGAAGGG, with worth: 3 and coverage: 4
Wed Jan 30 17:33:41 2019: Highest coverage kmer is: AAAGCCTTGGCGCCAAAAAGG, with worth: 3 and coverage: 4
Wed Jan 30 17:33:43 2019: Highest coverage kmer is: ACCAAGGCAGCGCTCGAAGCG, with worth: 3 and coverage: 4
Wed Jan 30 17:33:45 2019: Highest coverage kmer is: ATATTCAAGAAGCTTGGAATA, with worth: 3 and coverage: 4
Wed Jan 30 17:33:46 2019: Highest coverage kmer is: ATCAAGTGGTCACTGCTTATT, with worth: 3 and coverage: 4
Wed Jan 30 17:33:48 2019: Highest coverage kmer is: CAAAGGCGAAGACACCGGCCG, with worth: 3 and coverage: 4
Wed Jan 30 17:33:50 2019: Highest coverage kmer is: CAAGCCCTATAAGCAGAAGGG, with worth: 3 and coverage: 4
Wed Jan 30 17:33:52 2019: Highest coverage kmer is: CAAGCCCTGGCGGCAAAAAGG, with worth: 3 and coverage: 4
Wed Jan 30 17:33:53 2019: Highest coverage kmer is: TAAGCCATGGAGACAAAAAGG, with worth: 3 and coverage: 4
Wed Jan 30 17:33:54 2019: Highest coverage kmer is: AAAATTAAATAAAAGTGAAAA, with worth: 3 and coverage: 3
Wed Jan 30 17:33:55 2019: Highest coverage kmer is: AAAATTTGATCAGCATGTTCG, with worth: 3 and coverage: 3
Wed Jan 30 17:33:56 2019: Highest coverage kmer is: AAAGAAACCTTGGAGACAGAA, with worth: 3 and coverage: 3
Wed Jan 30 17:33:57 2019: Highest coverage kmer is: AAATTCCTGTTTATAACGCAT, with worth: 3 and coverage: 3
Wed Jan 30 17:33:58 2019: Highest coverage kmer is: AAGGTCAATAAAAAGCAAAAA, with worth: 3 and coverage: 3
Wed Jan 30 17:33:59 2019: Highest coverage kmer is: ACCGCCCGTCATGGCGATCGT, with worth: 3 and coverage: 3
Wed Jan 30 17:34:00 2019: Highest coverage kmer is: ACCTACAACCTGGCGATGAAC, with worth: 3 and coverage: 3
Wed Jan 30 17:34:01 2019: Highest coverage kmer is: AGAAGCTGAACAAAAAAATGT, with worth: 3 and coverage: 3
Wed Jan 30 17:34:02 2019: Highest coverage kmer is: ATACAAGGGTGGTGGTACCAT, with worth: 3 and coverage: 3
Wed Jan 30 17:34:03 2019: Highest coverage kmer is: CTCAAAAAGGTACTGGTAACG, with worth: 3 and coverage: 3
Wed Jan 30 17:34:05 2019: Highest coverage kmer is: CTTTCAAATTGAATAAAAAGG, with worth: 3 and coverage: 3
Wed Jan 30 17:34:07 2019: Highest coverage kmer is: CAAAAAGGTACTGGTCGCGCT, with worth: 2 and coverage: 220
Wed Jan 30 17:34:08 2019: Highest coverage kmer is: CGTAGCCCAATCTGGGTTGGT, with worth: 2 and coverage: 151
Wed Jan 30 17:34:10 2019: Highest coverage kmer is: ATTGAGGAGGTTCTTGCATAA, with worth: 2 and coverage: 102
Wed Jan 30 17:34:12 2019: Highest coverage kmer is: TCAAAAAGGAACTGGTCGTGC, with worth: 2 and coverage: 90
Wed Jan 30 17:34:14 2019: Highest coverage kmer is: GGTGGTCGGATTTTCCCGAAC, with worth: 2 and coverage: 74
Wed Jan 30 17:34:16 2019: Highest coverage kmer is: CTGCCGATCCAGGGCATCAAC, with worth: 2 and coverage: 72
Wed Jan 30 17:34:17 2019: Highest coverage kmer is: GAAGATGTACAAGCAGAAGGG, with worth: 2 and coverage: 70
Wed Jan 30 17:34:19 2019: Highest coverage kmer is: GTCGAGGAGTGGCTGGCATGA, with worth: 2 and coverage: 70
Wed Jan 30 17:34:21 2019: Highest coverage kmer is: CAAAAAGCCATGGCGCCAGAA, with worth: 2 and coverage: 60
Wed Jan 30 17:34:23 2019: Highest coverage kmer is: ACAGGTCGTGCCCGTCAAGGT, with worth: 2 and coverage: 59
Wed Jan 30 17:34:25 2019: Highest coverage kmer is: CAGCCAGAAGGTCAACAAGAA, with worth: 2 and coverage: 50
Wed Jan 30 17:34:26 2019: Highest coverage kmer is: CCGGTGGTGGCAAGAAGCCGT, with worth: 2 and coverage: 49
Wed Jan 30 17:34:28 2019: Highest coverage kmer is: CAAGCCCTTCAAGCAGAAGGG, with worth: 2 and coverage: 44
Wed Jan 30 17:34:30 2019: Highest coverage kmer is: AAAAAGTGGAGGAGGTGTACG, with worth: 2 and coverage: 42
Wed Jan 30 17:34:32 2019: Highest coverage kmer is: ATAACATTAAAGGTGAAGACA, with worth: 2 and coverage: 33
Wed Jan 30 17:34:33 2019: Highest coverage kmer is: GGTCGCCAGAAGGGCGGCGGT, with worth: 2 and coverage: 30
Wed Jan 30 17:34:35 2019: Highest coverage kmer is: CAACGTCTACGACATCCTGCG, with worth: 2 and coverage: 29
Wed Jan 30 17:34:37 2019: Highest coverage kmer is: ATTGAGGAGGTGTATGCATAA, with worth: 2 and coverage: 28
Wed Jan 30 17:34:38 2019: Highest coverage kmer is: CAATGTTTACGACATCCTGCG, with worth: 2 and coverage: 26
Wed Jan 30 17:34:40 2019: Highest coverage kmer is: CCCGCACCGGCAAGAAGTTCG, with worth: 2 and coverage: 24
Wed Jan 30 17:34:42 2019: Highest coverage kmer is: AAAAAGCCGTGGCGTCAGAAG, with worth: 2 and coverage: 23
Wed Jan 30 17:34:43 2019: Highest coverage kmer is: CCGGCCGCAAGCCGTTCAAGC, with worth: 2 and coverage: 21
Wed Jan 30 17:34:45 2019: Highest coverage kmer is: ATCGAGGAGTGGCTGGCATGA, with worth: 2 and coverage: 20
Wed Jan 30 17:34:47 2019: Highest coverage kmer is: CAAGCCGTTCCGCCAGAAGGG, with worth: 2 and coverage: 16
Wed Jan 30 17:34:49 2019: Highest coverage kmer is: AAAAGAGACCGGAAGAAAAGT, with worth: 2 and coverage: 15
Wed Jan 30 17:34:50 2019: Highest coverage kmer is: GGTCGCAAACCTTGGCGGCAA, with worth: 2 and coverage: 15
Wed Jan 30 17:34:52 2019: Highest coverage kmer is: TGGAGACAGAAGGGAACAGGT, with worth: 2 and coverage: 12
Wed Jan 30 17:34:53 2019: Highest coverage kmer is: AAAAAACTAGATCAGAAGTTT, with worth: 2 and coverage: 11
Wed Jan 30 17:34:55 2019: Highest coverage kmer is: GGTGGTGGTAAAAAGCCATGG, with worth: 2 and coverage: 11
Wed Jan 30 17:34:57 2019: Highest coverage kmer is: CAAAAAGGAACAGGTAGAGCT, with worth: 2 and coverage: 10
Wed Jan 30 17:34:58 2019: Highest coverage kmer is: AAGCCTTGGAAACAAAAAGGA, with worth: 2 and coverage: 9
Wed Jan 30 17:35:00 2019: Highest coverage kmer is: CCCTGGCGCCAGAAAGGCACC, with worth: 2 and coverage: 9
Wed Jan 30 17:35:01 2019: Highest coverage kmer is: CCGCTGGCAGCTCGCCAAGCG, with worth: 2 and coverage: 9
Wed Jan 30 17:35:03 2019: Highest coverage kmer is: GCTAACCAGCGTCAGGGTACA, with worth: 2 and coverage: 9
Wed Jan 30 17:35:05 2019: Highest coverage kmer is: GCTGGTACTATCCGCAGCCCA, with worth: 2 and coverage: 9
Wed Jan 30 17:35:06 2019: Highest coverage kmer is: AAACCTTGAAGACAAAAAGGA, with worth: 2 and coverage: 8
Wed Jan 30 17:35:08 2019: Highest coverage kmer is: AAAGCCTTGGCGTCAAAAAGG, with worth: 2 and coverage: 8
Wed Jan 30 17:35:09 2019: Highest coverage kmer is: AAGTAAGAGGTGGAGGAAGAA, with worth: 2 and coverage: 8
Wed Jan 30 17:35:11 2019: Highest coverage kmer is: ATGCGATCTATTTGGATGTGA, with worth: 2 and coverage: 7
Wed Jan 30 17:35:12 2019: Highest coverage kmer is: CCCGCGCCGCCCGCAACCTCG, with worth: 2 and coverage: 7
Wed Jan 30 17:35:14 2019: Highest coverage kmer is: GGCTAATCAGCGTCAGGGTAC, with worth: 2 and coverage: 7
Wed Jan 30 17:35:15 2019: Highest coverage kmer is: TCAAAAAGGTACCGGTCGTGC, with worth: 2 and coverage: 7
Wed Jan 30 17:35:17 2019: Highest coverage kmer is: AAAAGGTGAACAAGAAGGTCA, with worth: 2 and coverage: 6
Wed Jan 30 17:35:19 2019: Highest coverage kmer is: AAACCATGGAAACAAAAAGGT, with worth: 2 and coverage: 6
Wed Jan 30 17:35:20 2019: Highest coverage kmer is: GCCGGCACCATCCGCAGCCCG, with worth: 2 and coverage: 6
Wed Jan 30 17:35:22 2019: Highest coverage kmer is: GTATCGCCAGAAGGGCACCGG, with worth: 2 and coverage: 6
Wed Jan 30 17:35:23 2019: Highest coverage kmer is: GTTAACCGCAAAATGTATCGC, with worth: 2 and coverage: 6
Wed Jan 30 17:35:25 2019: Highest coverage kmer is: AAAACCTTGGGCTCAAAAAGG, with worth: 2 and coverage: 5
Wed Jan 30 17:35:26 2019: Highest coverage kmer is: ACCAGGTCGTCGTTGCGCAGC, with worth: 2 and coverage: 5
Wed Jan 30 17:35:28 2019: Highest coverage kmer is: AGTATTTGGCATCGAGCCAAA, with worth: 2 and coverage: 5
Wed Jan 30 17:35:29 2019: Highest coverage kmer is: ATCTGCTCGCAACATTCCTGG, with worth: 2 and coverage: 5
Wed Jan 30 17:35:31 2019: Highest coverage kmer is: CAAAAAGGAACTGGTAGAGCT, with worth: 2 and coverage: 5
Wed Jan 30 17:35:32 2019: Highest coverage kmer is: CCTTGGCGTCAAAAAGGAACA, with worth: 2 and coverage: 5
Wed Jan 30 17:35:33 2019: Highest coverage kmer is: CGGTGCGAATGTCTATGACAT, with worth: 2 and coverage: 5
Wed Jan 30 17:35:35 2019: Highest coverage kmer is: GATGTTAAGCAATACTTGGCT, with worth: 2 and coverage: 5
Wed Jan 30 17:35:36 2019: Highest coverage kmer is: GGTGGTGGTGCTAAGCCATGG, with worth: 2 and coverage: 5
Wed Jan 30 17:35:38 2019: Highest coverage kmer is: GTTAATAAAAACGTATATTTG, with worth: 2 and coverage: 5
Wed Jan 30 17:35:39 2019: Highest coverage kmer is: TTCCGTGGTGGTGGTATTGTT, with worth: 2 and coverage: 5
Wed Jan 30 17:35:41 2019: Highest coverage kmer is: AACCGTAAGGCTTACCGTGCT, with worth: 2 and coverage: 4
Wed Jan 30 17:35:42 2019: Highest coverage kmer is: ACAAGTCTAAAGAAAGAGCTG, with worth: 2 and coverage: 4
Wed Jan 30 17:35:44 2019: Highest coverage kmer is: GAGATCAAGACCAAGAAGTTC, with worth: 2 and coverage: 4
Wed Jan 30 17:35:45 2019: Highest coverage kmer is: GGCGGCGGACGCAAGCCGTGG, with worth: 2 and coverage: 4
Wed Jan 30 17:35:46 2019: Highest coverage kmer is: GTAAATCGTAAGATGTACCGT, with worth: 2 and coverage: 4
Wed Jan 30 17:35:48 2019: Highest coverage kmer is: AAAAAATTGCACCGTCAGAAG, with worth: 2 and coverage: 3
Wed Jan 30 17:35:49 2019: Highest coverage kmer is: AAAAGGGAACAGGTAGAGCTA, with worth: 2 and coverage: 3
Wed Jan 30 17:35:51 2019: Highest coverage kmer is: AACGAAGCCCTGGTGCATCAG, with worth: 2 and coverage: 3
Wed Jan 30 17:35:52 2019: Highest coverage kmer is: AAGAAGCCTTTCAAGCAGAAG, with worth: 2 and coverage: 3
Wed Jan 30 17:35:53 2019: Highest coverage kmer is: AAGCAATTTTTGATGCAATTT, with worth: 2 and coverage: 3
Wed Jan 30 17:35:55 2019: Highest coverage kmer is: AATGAAAATGTCGTTTTTGAT, with worth: 2 and coverage: 3
Wed Jan 30 17:35:56 2019: Highest coverage kmer is: AATTTGCATAATGTAACTTTG, with worth: 2 and coverage: 3
Wed Jan 30 17:35:57 2019: Highest coverage kmer is: ACAGCTTCAAACTCAACAAGA, with worth: 2 and coverage: 3
Wed Jan 30 17:35:59 2019: Highest coverage kmer is: AGCGCACACCAAAGAAGATGA, with worth: 2 and coverage: 3
Wed Jan 30 17:36:00 2019: Highest coverage kmer is: AGGACGACTGACCGTCTGGAC, with worth: 2 and coverage: 3
Wed Jan 30 17:36:01 2019: Highest coverage kmer is: ATCAAAAAGCAAAAAGGTACT, with worth: 2 and coverage: 3
Wed Jan 30 17:36:02 2019: Highest coverage kmer is: ATCAACAAGAAGGAGCGCAGG, with worth: 2 and coverage: 3
Wed Jan 30 17:36:04 2019: Highest coverage kmer is: CAAAAAGGGACAGGTAGAGCT, with worth: 2 and coverage: 3
Wed Jan 30 17:36:05 2019: Highest coverage kmer is: CAAAGACAAGGTACACATAAA, with worth: 2 and coverage: 3
Wed Jan 30 17:36:06 2019: Highest coverage kmer is: CAGCGCCAGGGTACACATAAA, with worth: 2 and coverage: 3
Wed Jan 30 17:36:07 2019: Highest coverage kmer is: CCAAAAAGGTGCGCAGGCTGG, with worth: 2 and coverage: 3
Wed Jan 30 17:36:08 2019: Highest coverage kmer is: CGCCAAGCCCTGGCGGCAGAA, with worth: 2 and coverage: 3
Wed Jan 30 17:36:09 2019: Highest coverage kmer is: GCGCCAGAAGGGGACCGGCCG, with worth: 2 and coverage: 3
Wed Jan 30 17:36:10 2019: Highest coverage kmer is: GGAAGCAGAAGGGCACGGGCC, with worth: 2 and coverage: 3
Wed Jan 30 17:36:11 2019: Highest coverage kmer is: GGTGGTGGAAGAAAGCCATGG, with worth: 2 and coverage: 3
Wed Jan 30 17:36:12 2019: Highest coverage kmer is: GTTCGCGGTGGTGGTCGTAAG, with worth: 2 and coverage: 3
Wed Jan 30 17:36:13 2019: Highest coverage kmer is: AAAAAAGCCGTACCGACAAAA, with worth: 2 and coverage: 2
Wed Jan 30 17:36:13 2019: Highest coverage kmer is: AAAAAATAAATAAAAAAATGT, with worth: 2 and coverage: 2
Wed Jan 30 17:36:14 2019: Highest coverage kmer is: AAAAAATCTTATGATCATTCT, with worth: 2 and coverage: 2
Wed Jan 30 17:36:14 2019: Highest coverage kmer is: AAAAACCCGATGTTTAAAGGC, with worth: 2 and coverage: 2
Wed Jan 30 17:36:15 2019: Highest coverage kmer is: AAAAACCCGGGAAATGGTTAA, with worth: 2 and coverage: 2
Wed Jan 30 17:36:16 2019: Highest coverage kmer is: AAAAACTCGGAATAATGGATG, with worth: 2 and coverage: 2
Wed Jan 30 17:36:16 2019: Highest coverage kmer is: AAAAAGGAACCGGGCGTGCCC, with worth: 2 and coverage: 2
Wed Jan 30 17:36:17 2019: Highest coverage kmer is: AAAAAGGCACTGGACGTGCAC, with worth: 2 and coverage: 2
Wed Jan 30 17:36:17 2019: Highest coverage kmer is: AAAAAGTGAACAAAAAGCAAA, with worth: 2 and coverage: 2
Wed Jan 30 17:36:18 2019: Highest coverage kmer is: AAAAATTAAAAGACAAAAAGG, with worth: 2 and coverage: 2
Wed Jan 30 17:36:18 2019: Highest coverage kmer is: AAAACCCTGGAAACAAAAAGG, with worth: 2 and coverage: 2
Wed Jan 30 17:36:19 2019: Highest coverage kmer is: AAAAGTTAAACAAAAAAATGT, with worth: 2 and coverage: 2
Wed Jan 30 17:36:19 2019: Highest coverage kmer is: AAAATCCAGGAGGTTTACGGT, with worth: 2 and coverage: 2
Wed Jan 30 17:36:20 2019: Highest coverage kmer is: AAAATTCAGGAGGTTTACAAT, with worth: 2 and coverage: 2
Wed Jan 30 17:36:20 2019: Highest coverage kmer is: AAACCCTGGCGACAGAAAGGA, with worth: 2 and coverage: 2
Wed Jan 30 17:36:21 2019: Highest coverage kmer is: AAAGAATAAACAGAAAAGAAA, with worth: 2 and coverage: 2
Wed Jan 30 17:36:22 2019: Highest coverage kmer is: AAAGCCCTGGAGGCAGAAAGG, with worth: 2 and coverage: 2
Wed Jan 30 17:36:22 2019: Highest coverage kmer is: AAAGGCCGCAGCGAAGTGGCC, with worth: 2 and coverage: 2
Wed Jan 30 17:36:23 2019: Highest coverage kmer is: AAAGGCGAAGACACAGGCAAG, with worth: 2 and coverage: 2
Wed Jan 30 17:36:23 2019: Highest coverage kmer is: AAAGGTAAGATGAGAGGAAGA, with worth: 2 and coverage: 2
Wed Jan 30 17:36:24 2019: Highest coverage kmer is: AAAGGTACAGGAAATGCAAGG, with worth: 2 and coverage: 2
Wed Jan 30 17:36:24 2019: Highest coverage kmer is: AAAGGTACTGGTAATGCACGT, with worth: 2 and coverage: 2
Wed Jan 30 17:36:25 2019: Highest coverage kmer is: AAATGCTAATAGTGTTTTAGT, with worth: 2 and coverage: 2
Wed Jan 30 17:36:25 2019: Highest coverage kmer is: AAATTGGCAGCTTGCAAAAAG, with worth: 2 and coverage: 2
Wed Jan 30 17:36:26 2019: Highest coverage kmer is: AACGTCAGGGTACGCACAAGT, with worth: 2 and coverage: 2
Wed Jan 30 17:36:26 2019: Highest coverage kmer is: AAGAAGAAGCTGATGGGCGCG, with worth: 2 and coverage: 2
Wed Jan 30 17:36:27 2019: Highest coverage kmer is: AAGACTTCACATTTGAAGCAC, with worth: 2 and coverage: 2
Wed Jan 30 17:36:27 2019: Highest coverage kmer is: AAGATTGAGGAGGTGCTGGGA, with worth: 2 and coverage: 2
Wed Jan 30 17:36:28 2019: Highest coverage kmer is: AAGGGAACAGGCCGTGCCCGT, with worth: 2 and coverage: 2
Wed Jan 30 17:36:28 2019: Highest coverage kmer is: AAGGGTACCGGTAACGCTCGT, with worth: 2 and coverage: 2
Wed Jan 30 17:36:29 2019: Highest coverage kmer is: AAGTAAGAGGCGGCGGAAGAA, with worth: 2 and coverage: 2
Wed Jan 30 17:36:29 2019: Highest coverage kmer is: AAGTGGTGGTGGTGCGAAGCC, with worth: 2 and coverage: 2
Wed Jan 30 17:36:29 2019: Highest coverage kmer is: AATCAGCAGCGACAGGTTGTG, with worth: 2 and coverage: 2
Wed Jan 30 17:36:30 2019: Highest coverage kmer is: AATGTTTATGATGTATTAAAT, with worth: 2 and coverage: 2
Wed Jan 30 17:36:30 2019: Highest coverage kmer is: ACACGTGGAGAGGTAAGAGGT, with worth: 2 and coverage: 2
Wed Jan 30 17:36:31 2019: Highest coverage kmer is: ACAGGCCGTGCACGTGCCGGT, with worth: 2 and coverage: 2
Wed Jan 30 17:36:31 2019: Highest coverage kmer is: ACATCGAGCGCGCCGAGGACA, with worth: 2 and coverage: 2
Wed Jan 30 17:36:32 2019: Highest coverage kmer is: ACGCACAAATCAAAGGAGCGT, with worth: 2 and coverage: 2
Wed Jan 30 17:36:32 2019: Highest coverage kmer is: ACTGGTGGAGCTCGTGCGGGT, with worth: 2 and coverage: 2
Wed Jan 30 17:36:33 2019: Highest coverage kmer is: AGCATCCGTTCCCCGATCTGG, with worth: 2 and coverage: 2
Wed Jan 30 17:36:33 2019: Highest coverage kmer is: AGCGTCAGGGTACACATAAAG, with worth: 2 and coverage: 2
Wed Jan 30 17:36:33 2019: Highest coverage kmer is: AGGCCAACGCACGTCAGGGTA, with worth: 2 and coverage: 2
Wed Jan 30 17:36:34 2019: Highest coverage kmer is: ATGTGAAATCTTATCTTGCTT, with worth: 2 and coverage: 2
Wed Jan 30 17:36:34 2019: Highest coverage kmer is: ATTAAAAGAGCTGTAATTTCA, with worth: 2 and coverage: 2
Wed Jan 30 17:36:35 2019: Highest coverage kmer is: ATTCAGACAAAAAGGAACAGG, with worth: 2 and coverage: 2
Wed Jan 30 17:36:35 2019: Highest coverage kmer is: ATTTGTATGTAAAATCTTATC, with worth: 2 and coverage: 2
Wed Jan 30 17:36:36 2019: Highest coverage kmer is: CAAAAGGGAACTGGCCGTGCA, with worth: 2 and coverage: 2
Wed Jan 30 17:36:36 2019: Highest coverage kmer is: CAAACCGTGGCGGCAAAAAGG, with worth: 2 and coverage: 2
Wed Jan 30 17:36:36 2019: Highest coverage kmer is: CAGCGTCAAGGTACGCACAAA, with worth: 2 and coverage: 2
Wed Jan 30 17:36:37 2019: Highest coverage kmer is: CAGCGTCAGGGTACCCACAAG, with worth: 2 and coverage: 2
Wed Jan 30 17:36:37 2019: Highest coverage kmer is: CCAAAAGGGTACGGGTCGTGC, with worth: 2 and coverage: 2
Wed Jan 30 17:36:38 2019: Highest coverage kmer is: CCAGGGAAGCATTCGCGCGCC, with worth: 2 and coverage: 2
Wed Jan 30 17:36:38 2019: Highest coverage kmer is: CCCTGGAGGCAGAAAGGCACA, with worth: 2 and coverage: 2
Wed Jan 30 17:36:38 2019: Highest coverage kmer is: CCGAGTTCGGCGGGAAGATCA, with worth: 2 and coverage: 2
Wed Jan 30 17:36:39 2019: Highest coverage kmer is: CCGGGACCACCAAGAAGCCCT, with worth: 2 and coverage: 2
Wed Jan 30 17:36:39 2019: Highest coverage kmer is: CCTATCTTCGTTGGTGGTGGT, with worth: 2 and coverage: 2
Wed Jan 30 17:36:40 2019: Highest coverage kmer is: GCGCCAGAAGGGAACCGGACG, with worth: 2 and coverage: 2
Wed Jan 30 17:36:40 2019: Highest coverage kmer is: GGGTGGTGTTGTTTTTGGACC, with worth: 2 and coverage: 2
Wed Jan 30 17:36:40 2019: Highest coverage kmer is: GGTACAGCACGTGCAGGTAGC, with worth: 2 and coverage: 2
Wed Jan 30 17:36:41 2019: Highest coverage kmer is: GGTGGGTATCGCCGGTTGGCA, with worth: 2 and coverage: 2
Wed Jan 30 17:36:41 2019: Highest coverage kmer is: GGTGGTGGAAGAAAACCGTGG, with worth: 2 and coverage: 2
Wed Jan 30 17:36:42 2019: Highest coverage kmer is: GTAGAGGAGGTGCTGGCATAA, with worth: 2 and coverage: 2
Wed Jan 30 17:36:42 2019: Highest coverage kmer is: TAAAAACCGTGGTGAAGTTTC, with worth: 2 and coverage: 2
Wed Jan 30 17:36:43 2019: Highest coverage kmer is: CGCGCAACCTGCACAAGGTTG, with worth: 1 and coverage: 535
Wed Jan 30 17:36:44 2019: Highest coverage kmer is: CAGCTCAACACCTATGACGTG, with worth: 1 and coverage: 369
Wed Jan 30 17:36:45 2019: Highest coverage kmer is: AGAAGGGTACGGGCCGCGCTC, with worth: 1 and coverage: 203
Wed Jan 30 17:36:46 2019: Highest coverage kmer is: TTCGGTATCGAACCAAACGAA, with worth: 1 and coverage: 106
Wed Jan 30 17:36:47 2019: Highest coverage kmer is: GGTGGTGGTCGTAAACCATGG, with worth: 1 and coverage: 101
Wed Jan 30 17:36:47 2019: Highest coverage kmer is: GGTGGTCGTAAACCATGGCGT, with worth: 1 and coverage: 97
Wed Jan 30 17:36:48 2019: Highest coverage kmer is: CTTGAGGAGCGTTTCAAATGA, with worth: 1 and coverage: 70
Wed Jan 30 17:36:49 2019: Highest coverage kmer is: TGTAAGTGGTGGTGGTAAAAA, with worth: 1 and coverage: 68
Wed Jan 30 17:36:50 2019: Highest coverage kmer is: GGCGGCGGCAAGAAGCCGTGG, with worth: 1 and coverage: 62
Wed Jan 30 17:36:51 2019: Highest coverage kmer is: AAAGGAACAGGTCGTGCACGT, with worth: 1 and coverage: 60
Wed Jan 30 17:36:51 2019: Highest coverage kmer is: GGTGGCAAGAAGCCGTGGCGT, with worth: 1 and coverage: 55
Wed Jan 30 17:36:52 2019: Highest coverage kmer is: GCCGCGCAGCTTCGAGCAGAA, with worth: 1 and coverage: 54
Wed Jan 30 17:36:53 2019: Highest coverage kmer is: ACAGCCAGCGCACCCCGAAGA, with worth: 1 and coverage: 50
Wed Jan 30 17:36:54 2019: Highest coverage kmer is: CTACCGCCAGAAGGGCACCGG, with worth: 1 and coverage: 41
Wed Jan 30 17:36:54 2019: Highest coverage kmer is: TGGCGCCAGAAGGGCACCGGC, with worth: 1 and coverage: 40
Wed Jan 30 17:36:55 2019: Highest coverage kmer is: GGCGCCAGAAGGGCACCGGTC, with worth: 1 and coverage: 38
Wed Jan 30 17:36:56 2019: Highest coverage kmer is: TCAACACCTACGACGTGCTCA, with worth: 1 and coverage: 34
Wed Jan 30 17:36:57 2019: Highest coverage kmer is: CACCGGCGGCGCACGCCACGG, with worth: 1 and coverage: 31
Wed Jan 30 17:36:57 2019: Highest coverage kmer is: GCACCAGGTCGTGGTGGCCCA, with worth: 1 and coverage: 31
Wed Jan 30 17:36:58 2019: Highest coverage kmer is: AAAGGTACAGGTCGTGCTCGT, with worth: 1 and coverage: 30
Wed Jan 30 17:36:59 2019: Highest coverage kmer is: AAAAAGGTACCGGCCGCGCCC, with worth: 1 and coverage: 28
Wed Jan 30 17:37:00 2019: Highest coverage kmer is: AAGGGTACTGGTCGTGCCCGT, with worth: 1 and coverage: 28
Wed Jan 30 17:37:00 2019: Highest coverage kmer is: ACCGGTCGCGCCCGTCAGGGT, with worth: 1 and coverage: 26
Wed Jan 30 17:37:01 2019: Highest coverage kmer is: GGCCGCGCCCGTCAGGGTTCC, with worth: 1 and coverage: 25
Wed Jan 30 17:37:02 2019: Highest coverage kmer is: AAAAAACAAAAAGGAACTGGT, with worth: 1 and coverage: 24
Wed Jan 30 17:37:03 2019: Highest coverage kmer is: AAACGTATCTGTTTACAATAT, with worth: 1 and coverage: 24
Wed Jan 30 17:37:03 2019: Highest coverage kmer is: AACTGGACGTGCACGTCAAGG, with worth: 1 and coverage: 23
Wed Jan 30 17:37:04 2019: Highest coverage kmer is: CACGAAGACTCGTGGCGAGGT, with worth: 1 and coverage: 21
Wed Jan 30 17:37:05 2019: Highest coverage kmer is: CGAGCCGCGCGCCGACATCCT, with worth: 1 and coverage: 21
Wed Jan 30 17:37:05 2019: Highest coverage kmer is: ATGGAGACAAAAAGGAACAGG, with worth: 1 and coverage: 20
Wed Jan 30 17:37:06 2019: Highest coverage kmer is: CCGCGGCGACGTCCGCGGCGG, with worth: 1 and coverage: 18
Wed Jan 30 17:37:07 2019: Highest coverage kmer is: GTATTTGGTCCTAAACCAAGA, with worth: 1 and coverage: 18
Wed Jan 30 17:37:08 2019: Highest coverage kmer is: AAAAAGTGAACAAAAAAATGT, with worth: 1 and coverage: 17
Wed Jan 30 17:37:08 2019: Highest coverage kmer is: CACCGGTGGCGCACGTCACGG, with worth: 1 and coverage: 17
Wed Jan 30 17:37:09 2019: Highest coverage kmer is: AAGGGTACTGGTCGCGCCCGT, with worth: 1 and coverage: 16
Wed Jan 30 17:37:10 2019: Highest coverage kmer is: AATAAAAAAATGTACAAACGT, with worth: 1 and coverage: 16
Wed Jan 30 17:37:10 2019: Highest coverage kmer is: ACGGCCCGGTGCCGCGCGACT, with worth: 1 and coverage: 15
Wed Jan 30 17:37:11 2019: Highest coverage kmer is: GGAGACAGAAGGGTACAGGTC, with worth: 1 and coverage: 15
Wed Jan 30 17:37:12 2019: Highest coverage kmer is: AAGGGTACTGGTCGTGCACGT, with worth: 1 and coverage: 14
Wed Jan 30 17:37:12 2019: Highest coverage kmer is: ACAGCTTCTACTAAGACTAGA, with worth: 1 and coverage: 14
Wed Jan 30 17:37:13 2019: Highest coverage kmer is: GCAGAAGGGCACCGGTCGGGC, with worth: 1 and coverage: 14
Wed Jan 30 17:37:14 2019: Highest coverage kmer is: AAGCCCTTCAAGCAGAAGGGT, with worth: 1 and coverage: 13
Wed Jan 30 17:37:14 2019: Highest coverage kmer is: AGAAGGGTACCGGTCGCGCTC, with worth: 1 and coverage: 12
Wed Jan 30 17:37:15 2019: Highest coverage kmer is: AGCAGCTCGCCAGGGCACCCA, with worth: 1 and coverage: 12
Wed Jan 30 17:37:16 2019: Highest coverage kmer is: GTTCGCGGCGGCGGCAAGAAG, with worth: 1 and coverage: 12
Wed Jan 30 17:37:16 2019: Highest coverage kmer is: TCGTCGTCTCCGACGACTTCG, with worth: 1 and coverage: 12
Wed Jan 30 17:37:17 2019: Highest coverage kmer is: AAAGCCTTGGCGCCAGAAAGG, with worth: 1 and coverage: 11
Wed Jan 30 17:37:17 2019: Highest coverage kmer is: ACGATCTGACCAAGAAATTCC, with worth: 1 and coverage: 11
Wed Jan 30 17:37:18 2019: Highest coverage kmer is: ATGAACCGCAAAGAGCGGAAG, with worth: 1 and coverage: 11
Wed Jan 30 17:37:19 2019: Highest coverage kmer is: AAGGTTGCTTGGCAGCTCCTC, with worth: 1 and coverage: 10
Wed Jan 30 17:37:19 2019: Highest coverage kmer is: AGGTTCGCGGCGGCGGCAAGA, with worth: 1 and coverage: 10
Wed Jan 30 17:37:20 2019: Highest coverage kmer is: CTCTTGAGGAGCGTTTTAAAT, with worth: 1 and coverage: 10
Wed Jan 30 17:37:21 2019: Highest coverage kmer is: TTAGAAACTCCAAAAACAAGA, with worth: 1 and coverage: 10
Wed Jan 30 17:37:21 2019: Highest coverage kmer is: ACTCACAAATCGAAAGAAAGA, with worth: 1 and coverage: 9
Wed Jan 30 17:37:22 2019: Highest coverage kmer is: ATCTTCGCTGATCAGCTCAAC, with worth: 1 and coverage: 9
Wed Jan 30 17:37:22 2019: Highest coverage kmer is: CAAAAAGGAACTGGTAACGCT, with worth: 1 and coverage: 9
Wed Jan 30 17:37:23 2019: Highest coverage kmer is: AAAAATATAAGAGATTTAAAG, with worth: 1 and coverage: 8
Wed Jan 30 17:37:23 2019: Highest coverage kmer is: CGTTTGGCATTGAAGTCAGTG, with worth: 1 and coverage: 8
Wed Jan 30 17:37:24 2019: Highest coverage kmer is: GCTAAAGAAAGAGCTGAAGTT, with worth: 1 and coverage: 8
Wed Jan 30 17:37:25 2019: Highest coverage kmer is: AACAACATCAATGTTTATGAT, with worth: 1 and coverage: 7
Wed Jan 30 17:37:25 2019: Highest coverage kmer is: ATTTAGCAAACCAAAGACAAG, with worth: 1 and coverage: 7
Wed Jan 30 17:37:26 2019: Highest coverage kmer is: CGTGGCGTCAAAAAGGCACCG, with worth: 1 and coverage: 7
Wed Jan 30 17:37:26 2019: Highest coverage kmer is: AAGAAGCCGTATCGCCAGAAG, with worth: 1 and coverage: 6
Wed Jan 30 17:37:27 2019: Highest coverage kmer is: ACAAGGTACTCAATCTGCTAA, with worth: 1 and coverage: 6
Wed Jan 30 17:37:27 2019: Highest coverage kmer is: ACTGGACGCGCACGTCAAGGT, with worth: 1 and coverage: 6
Wed Jan 30 17:37:28 2019: Highest coverage kmer is: ACTGGTAGAGCTAGACAAGGT, with worth: 1 and coverage: 6
Wed Jan 30 17:37:28 2019: Highest coverage kmer is: ATGGAACTGAGCGTATTTAAT, with worth: 1 and coverage: 6
Wed Jan 30 17:37:29 2019: Highest coverage kmer is: ATGGAAGTTAAAGTTTTAAAT, with worth: 1 and coverage: 6
Wed Jan 30 17:37:29 2019: Highest coverage kmer is: CTATTTTTAATGAAGAATACA, with worth: 1 and coverage: 6
Wed Jan 30 17:37:30 2019: Highest coverage kmer is: GCCAGCACCAAGACCCGCGCG, with worth: 1 and coverage: 6
Wed Jan 30 17:37:30 2019: Highest coverage kmer is: TCGCCAGAAAGGTGGTGGTGG, with worth: 1 and coverage: 6
Wed Jan 30 17:37:31 2019: Highest coverage kmer is: TGGAGACAAAAAGGAACAGGA, with worth: 1 and coverage: 6
Wed Jan 30 17:37:32 2019: Highest coverage kmer is: AAAAATTGGCAAGGGGAAGAA, with worth: 1 and coverage: 5
Wed Jan 30 17:37:32 2019: Highest coverage kmer is: AAGCCATGGAAGCAGAAGGGT, with worth: 1 and coverage: 5
Wed Jan 30 17:37:33 2019: Highest coverage kmer is: ATGAACCGCAAAGAGCGCCGT, with worth: 1 and coverage: 5
Wed Jan 30 17:37:33 2019: Highest coverage kmer is: CTCGTCGTGGTGATATCAATT, with worth: 1 and coverage: 5
Wed Jan 30 17:37:33 2019: Highest coverage kmer is: TCCTCAATTTAGAGGTGGTGG, with worth: 1 and coverage: 5
Wed Jan 30 17:37:34 2019: Highest coverage kmer is: TCTATTAGAGCTCCTCAATGG, with worth: 1 and coverage: 5
Wed Jan 30 17:37:34 2019: Highest coverage kmer is: AAATCTAAAGAAAGAAGTGAA, with worth: 1 and coverage: 4
Wed Jan 30 17:37:35 2019: Highest coverage kmer is: AACAAGAAAATGTATCGCGGC, with worth: 1 and coverage: 4
Wed Jan 30 17:37:35 2019: Highest coverage kmer is: AAGAAGAGCTCACCCACCAAA, with worth: 1 and coverage: 4
Wed Jan 30 17:37:36 2019: Highest coverage kmer is: AAGGCACAGAAAAACCGCTCT, with worth: 1 and coverage: 4
Wed Jan 30 17:37:36 2019: Highest coverage kmer is: AGGGTTCCATCCGTGCTCCCC, with worth: 1 and coverage: 4
Wed Jan 30 17:37:37 2019: Highest coverage kmer is: CAGCGCCAGGGTACGCACAAG, with worth: 1 and coverage: 4
Wed Jan 30 17:37:37 2019: Highest coverage kmer is: CGCCGATCTGGCGTACCGGTG, with worth: 1 and coverage: 4
Wed Jan 30 17:37:38 2019: Highest coverage kmer is: CGGCGCGCTCTGGAACTAAGG, with worth: 1 and coverage: 4
Wed Jan 30 17:37:38 2019: Highest coverage kmer is: CGTCTGGCGATTAAATCCGCT, with worth: 1 and coverage: 4
Wed Jan 30 17:37:39 2019: Highest coverage kmer is: CGTGGCGGTGGCCGCAAGCCA, with worth: 1 and coverage: 4
Wed Jan 30 17:37:39 2019: Highest coverage kmer is: GGTGGTGGTAAGAAGCCGTGG, with worth: 1 and coverage: 4
Wed Jan 30 17:37:40 2019: Highest coverage kmer is: GGTGGTGGTCGTAAGCCGTGG, with worth: 1 and coverage: 4
Wed Jan 30 17:37:40 2019: Highest coverage kmer is: TGGCGCCAAAAAGGCACCGGC, with worth: 1 and coverage: 4
Wed Jan 30 17:37:40 2019: Highest coverage kmer is: AAACCTTGGAAGCAAAAAGGA, with worth: 1 and coverage: 3
Wed Jan 30 17:37:41 2019: Highest coverage kmer is: AAATATTCCAAATGTTAAAGT, with worth: 1 and coverage: 3
Wed Jan 30 17:37:41 2019: Highest coverage kmer is: AACATCCCAACAATGATGATG, with worth: 1 and coverage: 3
Wed Jan 30 17:37:42 2019: Highest coverage kmer is: AACCAGAGACAGGGCACACAG, with worth: 1 and coverage: 3
Wed Jan 30 17:37:42 2019: Highest coverage kmer is: AACGCACAAGACCAAGGGCCG, with worth: 1 and coverage: 3
Wed Jan 30 17:37:43 2019: Highest coverage kmer is: AAGAAACCGTGGCGTCAGAAA, with worth: 1 and coverage: 3
Wed Jan 30 17:37:43 2019: Highest coverage kmer is: AAGAGCAGGTTCTATCAAGTC, with worth: 1 and coverage: 3
Wed Jan 30 17:37:43 2019: Highest coverage kmer is: AAGATGAACAAGAAAGAGAAG, with worth: 1 and coverage: 3
Wed Jan 30 17:37:44 2019: Highest coverage kmer is: AAGCAGTACTTGGCTAATCAA, with worth: 1 and coverage: 3
Wed Jan 30 17:37:44 2019: Highest coverage kmer is: AAGCCTTGGCGTCAAAAAGGG, with worth: 1 and coverage: 3
Wed Jan 30 17:37:44 2019: Highest coverage kmer is: AAGGCTCGCACAACACGCGAA, with worth: 1 and coverage: 3
Wed Jan 30 17:37:45 2019: Highest coverage kmer is: AAGTATTAGATATCAACGGAA, with worth: 1 and coverage: 3
Wed Jan 30 17:37:45 2019: Highest coverage kmer is: ACCGGTCGTGCGCGCCAGGGT, with worth: 1 and coverage: 3
Wed Jan 30 17:37:46 2019: Highest coverage kmer is: AGCTTCAAACTCAACAAGAAG, with worth: 1 and coverage: 3
Wed Jan 30 17:37:46 2019: Highest coverage kmer is: ATCAGCGTCAGGGTACAGCTA, with worth: 1 and coverage: 3
Wed Jan 30 17:37:46 2019: Highest coverage kmer is: ATTCAACGAATCCCTGGTGCA, with worth: 1 and coverage: 3
Wed Jan 30 17:37:47 2019: Highest coverage kmer is: CAAAAGGGTACTGGTCGGGCA, with worth: 1 and coverage: 3
Wed Jan 30 17:37:47 2019: Highest coverage kmer is: CAAGCCCCGGGATTACAGCTA, with worth: 1 and coverage: 3
Wed Jan 30 17:37:47 2019: Highest coverage kmer is: GCCCGCAACCTGCCCGGCGTC, with worth: 1 and coverage: 3
Wed Jan 30 17:37:48 2019: Highest coverage kmer is: GCCGTGCTCGTCAGGGTTCCA, with worth: 1 and coverage: 3
Wed Jan 30 17:37:48 2019: Highest coverage kmer is: TTTGGCCGCGATTACAACGAA, with worth: 1 and coverage: 3
Wed Jan 30 17:37:48 2019: Highest coverage kmer is: AAAAAGCTCTGGAAGCAGAAG, with worth: 1 and coverage: 2
Wed Jan 30 17:37:49 2019: Highest coverage kmer is: AAAAAGGAACGGGAAATGCTC, with worth: 1 and coverage: 2
Wed Jan 30 17:37:49 2019: Highest coverage kmer is: AAACAGAAAGGTACTGGAAGA, with worth: 1 and coverage: 2
Wed Jan 30 17:37:49 2019: Highest coverage kmer is: AAACCATGGAAACAGAAAGGA, with worth: 1 and coverage: 2
Wed Jan 30 17:37:50 2019: Highest coverage kmer is: AAACCGTGGCGCCAAAAAGGT, with worth: 1 and coverage: 2
Wed Jan 30 17:37:50 2019: Highest coverage kmer is: AAACGCCAGGCTGGCACGCAC, with worth: 1 and coverage: 2
Wed Jan 30 17:37:50 2019: Highest coverage kmer is: AAAGGAATAAGCCTCGGTGCA, with worth: 1 and coverage: 2
Wed Jan 30 17:37:51 2019: Highest coverage kmer is: AACCTGCCGAATGTGCTGGTG, with worth: 1 and coverage: 2
Wed Jan 30 17:37:51 2019: Highest coverage kmer is: AACCTTTATTTATATGTAAAA, with worth: 1 and coverage: 2
Wed Jan 30 17:37:51 2019: Highest coverage kmer is: AACGTCTATGATATTTTGAAG, with worth: 1 and coverage: 2
Wed Jan 30 17:37:52 2019: Highest coverage kmer is: AAGATCAAGAAGCAAAAAGGA, with worth: 1 and coverage: 2
Wed Jan 30 17:37:52 2019: Highest coverage kmer is: AAGCAAAAGGGAACTGGCCGC, with worth: 1 and coverage: 2
Wed Jan 30 17:37:52 2019: Highest coverage kmer is: AAGCATTGGAGGCACGTTTAA, with worth: 1 and coverage: 2
Wed Jan 30 17:37:52 2019: Highest coverage kmer is: AAGCGGTGGTGGAAGGAAACC, with worth: 1 and coverage: 2
Wed Jan 30 17:37:53 2019: Highest coverage kmer is: AATGCCAAGCCCTATAAGCAG, with worth: 1 and coverage: 2
Wed Jan 30 17:37:53 2019: Highest coverage kmer is: ACACGCTCGTGCTGACGAAGG, with worth: 1 and coverage: 2
Wed Jan 30 17:37:53 2019: Highest coverage kmer is: ACCAAGACCCGTGCAGAAGTC, with worth: 1 and coverage: 2
Wed Jan 30 17:37:53 2019: Highest coverage kmer is: ACCAGGTTGTTGTAGCTCAGC, with worth: 1 and coverage: 2
Wed Jan 30 17:37:54 2019: Highest coverage kmer is: ACCGCATGGTTCGTTACCAGC, with worth: 1 and coverage: 2
Wed Jan 30 17:37:54 2019: Highest coverage kmer is: ACCTCATAAAAAGGGCAGTCA, with worth: 1 and coverage: 2
Wed Jan 30 17:37:54 2019: Highest coverage kmer is: ACGAAGACCCGCGCAGAGGTC, with worth: 1 and coverage: 2
Wed Jan 30 17:37:55 2019: Highest coverage kmer is: ACGCACAAGACGAAGACTCGT, with worth: 1 and coverage: 2
Wed Jan 30 17:37:55 2019: Highest coverage kmer is: ACTCCCAGAAGGTCAACAAAA, with worth: 1 and coverage: 2
Wed Jan 30 17:37:55 2019: Highest coverage kmer is: AGCATCACTTCGCCCGTGTTT, with worth: 1 and coverage: 2
Wed Jan 30 17:37:55 2019: Highest coverage kmer is: AGCGGTGGTGGTAAGAAACCT, with worth: 1 and coverage: 2
Wed Jan 30 17:37:55 2019: Highest coverage kmer is: AGGGCCGGTAAGGGTAAGATG, with worth: 1 and coverage: 2
Wed Jan 30 17:37:56 2019: Highest coverage kmer is: AGGGTTCGATTCGTGCTCCGC, with worth: 1 and coverage: 2
Wed Jan 30 17:37:56 2019: Highest coverage kmer is: AGGTGGCGGAATTATTTTTGG, with worth: 1 and coverage: 2
Wed Jan 30 17:37:56 2019: Highest coverage kmer is: ATATGACATTCTTAAATACGA, with worth: 1 and coverage: 2
Wed Jan 30 17:37:56 2019: Highest coverage kmer is: ATCTGTTTTAACTGATAAAGT, with worth: 1 and coverage: 2
Wed Jan 30 17:37:57 2019: Highest coverage kmer is: ATTTATTGATCACCTAGATCA, with worth: 1 and coverage: 2
Wed Jan 30 17:37:57 2019: Highest coverage kmer is: CAAGCCCTTCCGTCAGAAGGG, with worth: 1 and coverage: 2
Wed Jan 30 17:37:57 2019: Highest coverage kmer is: CAAGCCTTGGCGTCAAAAGGG, with worth: 1 and coverage: 2
Wed Jan 30 17:37:57 2019: Highest coverage kmer is: CACGTAATATTCCTAATGTAA, with worth: 1 and coverage: 2
Wed Jan 30 17:37:57 2019: Highest coverage kmer is: CCAAAAAGGTGGTGGTGGTGC, with worth: 1 and coverage: 2
Wed Jan 30 17:37:58 2019: Highest coverage kmer is: CGGCGCGCAACATTCCGGGCG, with worth: 1 and coverage: 2
Wed Jan 30 17:37:58 2019: Highest coverage kmer is: CGGCGGCGTGGTCTTCGGTCC, with worth: 1 and coverage: 2
Wed Jan 30 17:37:58 2019: Highest coverage kmer is: CGTCAAGGGACAGCTTCGACC, with worth: 1 and coverage: 2
Wed Jan 30 17:37:58 2019: Highest coverage kmer is: CGTGGAGGTGGAAAAATTTTT, with worth: 1 and coverage: 2
Wed Jan 30 17:37:58 2019: Highest coverage kmer is: CTATCGCCAGAAGGGAACCGG, with worth: 1 and coverage: 2
Wed Jan 30 17:37:59 2019: Highest coverage kmer is: CTGAAGTTAGTGGCGGTGGAA, with worth: 1 and coverage: 2
Wed Jan 30 17:37:59 2019: Highest coverage kmer is: GCGCCCTCGACGAAGGCCGCG, with worth: 1 and coverage: 2
Wed Jan 30 17:37:59 2019: Highest coverage kmer is: GGGCGGCGGTGTTGCCTTCGG, with worth: 1 and coverage: 2
Wed Jan 30 17:37:59 2019: Highest coverage kmer is: GGTCCTCAGCCTCGCGATTAC, with worth: 1 and coverage: 2
Wed Jan 30 17:37:59 2019: Highest coverage kmer is: TCGCGTAGCCCCATCTGGCGC, with worth: 1 and coverage: 2
Wed Jan 30 17:37:59 2019: Highest coverage kmer is: TGGAGCCAAAAAGGTGGCGGT, with worth: 1 and coverage: 2
Wed Jan 30 17:38:00 2019: Highest coverage kmer is: AAAAAAACGCTGGTTCTTCTT, with worth: 1 and coverage: 1
Wed Jan 30 17:38:00 2019: Highest coverage kmer is: AAAAAAACTAAGGACGCCCAC, with worth: 1 and coverage: 1
Wed Jan 30 17:38:00 2019: Highest coverage kmer is: AAAAAAACTAGCCCTTAAGAT, with worth: 1 and coverage: 1
Wed Jan 30 17:38:00 2019: Highest coverage kmer is: AAAAAAAGATAACAATCTCTC, with worth: 1 and coverage: 1
Wed Jan 30 17:38:00 2019: Highest coverage kmer is: AAAAAAAGGTTTATTCAGTCG, with worth: 1 and coverage: 1
Wed Jan 30 17:38:00 2019: Highest coverage kmer is: AAAAAAAGTTAGAAAGCTTGG, with worth: 1 and coverage: 1
Wed Jan 30 17:38:00 2019: Highest coverage kmer is: AAAAAAAGTTTCTGTTTTAGA, with worth: 1 and coverage: 1
Wed Jan 30 17:38:00 2019: Highest coverage kmer is: AAAAAACATGATTGTTGGTGC, with worth: 1 and coverage: 1
Wed Jan 30 17:38:00 2019: Highest coverage kmer is: AAAAAAGAAAATAAACTAGCA, with worth: 1 and coverage: 1
Wed Jan 30 17:38:00 2019: Highest coverage kmer is: AAAAAAGACCAGGGATGCTGT, with worth: 1 and coverage: 1
Wed Jan 30 17:38:00 2019: Highest coverage kmer is: AAAAAAGTAAGACGCCTGGCC, with worth: 1 and coverage: 1
Wed Jan 30 17:38:00 2019: Highest coverage kmer is: AAAAAAGTGAAATCGTTGGCT, with worth: 1 and coverage: 1
Wed Jan 30 17:38:00 2019: Highest coverage kmer is: AAAAAATAGTACACAAAATGC, with worth: 1 and coverage: 1
Wed Jan 30 17:38:00 2019: Highest coverage kmer is: AAAAACAAAAGTTATTGACTT, with worth: 1 and coverage: 1
Wed Jan 30 17:38:00 2019: Highest coverage kmer is: AAAAACCTTCTGCTGGTTAAA, with worth: 1 and coverage: 1
Wed Jan 30 17:38:01 2019: Highest coverage kmer is: AAAAACCTTGCTGGAGTCGAT, with worth: 1 and coverage: 1
Wed Jan 30 17:38:01 2019: Highest coverage kmer is: AAAAACTCGTGAGATCGTTGA, with worth: 1 and coverage: 1
Wed Jan 30 17:38:01 2019: Highest coverage kmer is: AAAAAGAAGAGCGTTCTGCTT, with worth: 1 and coverage: 1
Wed Jan 30 17:38:01 2019: Highest coverage kmer is: AAAAAGAAGAGCGTTTTGATA, with worth: 1 and coverage: 1
Wed Jan 30 17:38:01 2019: Highest coverage kmer is: AAAAAGACAAGCGAGATTGCC, with worth: 1 and coverage: 1
Wed Jan 30 17:38:01 2019: Highest coverage kmer is: AAAAAGCCCCTTGCAGCCGCA, with worth: 1 and coverage: 1
Wed Jan 30 17:38:01 2019: Highest coverage kmer is: AAAAAGCCCTTCAAGCAGAAA, with worth: 1 and coverage: 1
Wed Jan 30 17:38:01 2019: Highest coverage kmer is: AAAAAGGGACAGGTCGTGCAC, with worth: 1 and coverage: 1
Wed Jan 30 17:38:01 2019: Highest coverage kmer is: AAAAAGGTACAGGTAGGGCAC, with worth: 1 and coverage: 1
Wed Jan 30 17:38:01 2019: Highest coverage kmer is: AAAAAGGTACTGGTAGGGCTA, with worth: 1 and coverage: 1
Wed Jan 30 17:38:01 2019: Highest coverage kmer is: AAAAAGGTTCAGGACGCGCAA, with worth: 1 and coverage: 1
Wed Jan 30 17:38:01 2019: Highest coverage kmer is: AAAAAGTAAACAGGAAAGAAA, with worth: 1 and coverage: 1
Wed Jan 30 17:38:01 2019: Highest coverage kmer is: AAAAAGTTATTGCTTCTAGAT, with worth: 1 and coverage: 1
Wed Jan 30 17:38:01 2019: Highest coverage kmer is: AAAACAAGCTGTCCGTTCTCG, with worth: 1 and coverage: 1
Wed Jan 30 17:38:01 2019: Highest coverage kmer is: AAAACCATGGGCTCAGAAGGG, with worth: 1 and coverage: 1
Wed Jan 30 17:38:01 2019: Highest coverage kmer is: AAAACGTCTCAAAGGCCAAAG, with worth: 1 and coverage: 1
Wed Jan 30 17:38:01 2019: Highest coverage kmer is: AAAACTATACGGGTTAGGGAG, with worth: 1 and coverage: 1
Wed Jan 30 17:38:01 2019: Highest coverage kmer is: AAAAGAACCACTGCGAAGTAC, with worth: 1 and coverage: 1
Wed Jan 30 17:38:01 2019: Highest coverage kmer is: AAAAGAGCGGCGAGGTAGCGC, with worth: 1 and coverage: 1
Wed Jan 30 17:38:01 2019: Highest coverage kmer is: AAAAGCATACCGGGAGAGCTC, with worth: 1 and coverage: 1
Wed Jan 30 17:38:01 2019: Highest coverage kmer is: AAAAGCGCCCTCATCCTCCTG, with worth: 1 and coverage: 1
Wed Jan 30 17:38:01 2019: Highest coverage kmer is: AAAAGCTACGATCAGGAGAAG, with worth: 1 and coverage: 1
Wed Jan 30 17:38:01 2019: Highest coverage kmer is: AAACAAGAGGGAGAGGAGGCT, with worth: 1 and coverage: 1
Wed Jan 30 17:38:01 2019: Highest coverage kmer is: AAACAGCGAGCTATGCTACCA, with worth: 1 and coverage: 1
Wed Jan 30 17:38:01 2019: Highest coverage kmer is: AAAGACAGGAACGCAGCCGTC, with worth: 1 and coverage: 1

Checking output for redundant kmers...

AACGAAGCTCTTGTACACCAA is redundant.
AAGGGTACGGGCCGCGCTCGT is redundant.
CTACTCGACCAAGAAGATCTA is redundant.
AAGAAGTCGAAGAAGCAGAAG is redundant.
AAAATTCAGGAGGTCTACAGT is redundant.
ACTGGTAGAGCAAGACAAGGT is redundant.
CGAGCAGAAGGTCAACCGCAA is redundant.
ATCTAATATTCCTAATATTGA is redundant.
AGAAGGTGAACCGCAAGATGT is redundant.
There are 586 21-mers in the representative list.
It took 18 minutes and 35 seconds to generate a list from 8000 sequences.
