Generating 21-mers
...

All 21-mers generated!

Wed Jan 30 17:19:44 2019: Highest coverage kmer is: AAGTTGAGGAGATGCTGGCAT, with worth: 1185 and coverage: 1185
Wed Jan 30 17:20:12 2019: Highest coverage kmer is: AAAAAAGTTGAGGAGGTGCTC, with worth: 889 and coverage: 889
Wed Jan 30 17:20:34 2019: Highest coverage kmer is: AAACCATGGCGTCAAAAAGGA, with worth: 492 and coverage: 492
Wed Jan 30 17:20:51 2019: Highest coverage kmer is: GCCGCGCGACTACAGCCAGCG, with worth: 473 and coverage: 473
Wed Jan 30 17:21:18 2019: Highest coverage kmer is: AACGAAGCTCTTGTACACCAA, with worth: 263 and coverage: 311
Wed Jan 30 17:21:41 2019: Highest coverage kmer is: AGAAGGGCACCGGCCGCGCCC, with worth: 263 and coverage: 302
Wed Jan 30 17:21:56 2019: Highest coverage kmer is: TTCGAGGAGCTGCTGGGATGA, with worth: 259 and coverage: 259
Wed Jan 30 17:22:08 2019: Highest coverage kmer is: AAGGGTACGGGCCGCGCTCGT, with worth: 205 and coverage: 205
Wed Jan 30 17:22:31 2019: Highest coverage kmer is: CAGCGCACCCCCAAGAAGATG, with worth: 185 and coverage: 246
Wed Jan 30 17:22:52 2019: Highest coverage kmer is: AAACCATGGCGTCAAAAAGGT, with worth: 169 and coverage: 173
Wed Jan 30 17:23:11 2019: Highest coverage kmer is: TCAACAAGAAGATGTACCGCG, with worth: 113 and coverage: 166
Wed Jan 30 17:23:31 2019: Highest coverage kmer is: ACCCCGAAGAAGATGAAGGCC, with worth: 89 and coverage: 193
Wed Jan 30 17:23:48 2019: Highest coverage kmer is: AAGATGTACAAGCAGAAGGGT, with worth: 79 and coverage: 192
Wed Jan 30 17:23:58 2019: Highest coverage kmer is: AGAAGGTCAACCGCAAGATGT, with worth: 79 and coverage: 79
Wed Jan 30 17:24:07 2019: Highest coverage kmer is: AAACCTTGGAGACAAAAAGGT, with worth: 76 and coverage: 76
Wed Jan 30 17:24:17 2019: Highest coverage kmer is: AAACCTTGGCGTCAAAAAGGT, with worth: 74 and coverage: 74
Wed Jan 30 17:24:26 2019: Highest coverage kmer is: AAGGCCATCGTTTTAGACAGC, with worth: 70 and coverage: 70
Wed Jan 30 17:24:42 2019: Highest coverage kmer is: GTAGAGGAGGTGCTTGCATAA, with worth: 68 and coverage: 192
Wed Jan 30 17:25:00 2019: Highest coverage kmer is: GTACAAGCAGAAGGGCACCGG, with worth: 67 and coverage: 96
Wed Jan 30 17:25:09 2019: Highest coverage kmer is: AAAGCACAGAAGTATTCTAAA, with worth: 64 and coverage: 64
Wed Jan 30 17:25:22 2019: Highest coverage kmer is: GAAGCCGTGGCGCCAGAAGGG, with worth: 62 and coverage: 154
Wed Jan 30 17:25:32 2019: Highest coverage kmer is: AACAGGTAGAGCAAGACAAGG, with worth: 62 and coverage: 62
Wed Jan 30 17:25:48 2019: Highest coverage kmer is: CGTGCTCGTCAAGGTTCTATC, with worth: 58 and coverage: 183
Wed Jan 30 17:26:02 2019: Highest coverage kmer is: CTACTCGACCAAGAAGATCTA, with worth: 58 and coverage: 58
Wed Jan 30 17:26:18 2019: Highest coverage kmer is: GCCGCGTGACTACAGCCAGCG, with worth: 52 and coverage: 104
Wed Jan 30 17:26:29 2019: Highest coverage kmer is: AAATAAAAATGTATATTTGTC, with worth: 48 and coverage: 48
Wed Jan 30 17:26:44 2019: Highest coverage kmer is: ATCGAGGAGGTGTACGCATAA, with worth: 48 and coverage: 48
Wed Jan 30 17:26:59 2019: Highest coverage kmer is: CAGCGCACCCCGAAGAAGATG, with worth: 45 and coverage: 130
Wed Jan 30 17:27:15 2019: Highest coverage kmer is: AAAGGTACTGGCCGTGCACGT, with worth: 45 and coverage: 109
Wed Jan 30 17:27:24 2019: Highest coverage kmer is: AAACCTTGGAAACAAAAAGGT, with worth: 41 and coverage: 41
Wed Jan 30 17:27:33 2019: Highest coverage kmer is: AAGAAGTTCGGTCGCCAGAAG, with worth: 39 and coverage: 39
Wed Jan 30 17:27:48 2019: Highest coverage kmer is: CTAAGAAAATTGAGGTAGAAC, with worth: 37 and coverage: 214
Wed Jan 30 17:28:03 2019: Highest coverage kmer is: AAGCCATGGCGCCAAAAAGGT, with worth: 37 and coverage: 42
Wed Jan 30 17:28:17 2019: Highest coverage kmer is: AAGCCGTACCGCCAGAAGGGC, with worth: 35 and coverage: 231
Wed Jan 30 17:28:31 2019: Highest coverage kmer is: AAATAAAAACGTATATTTGTC, with worth: 34 and coverage: 34
Wed Jan 30 17:28:47 2019: Highest coverage kmer is: TGGCGTCAAAAGGGTACTGGT, with worth: 32 and coverage: 39
Wed Jan 30 17:29:01 2019: Highest coverage kmer is: GTCGAGGAGTGGCTGGCATGA, with worth: 29 and coverage: 69
Wed Jan 30 17:29:15 2019: Highest coverage kmer is: AAGCCTTGGAGACAAAAGGGT, with worth: 29 and coverage: 42
Wed Jan 30 17:29:29 2019: Highest coverage kmer is: GTTCAGAAGGTAGAGGAGGTG, with worth: 29 and coverage: 36
Wed Jan 30 17:29:42 2019: Highest coverage kmer is: AAGCCGTGGCGTCAGAAGGGT, with worth: 28 and coverage: 55
Wed Jan 30 17:29:53 2019: Highest coverage kmer is: AGTATTAAATACATCAGGAAA, with worth: 28 and coverage: 28
Wed Jan 30 17:30:06 2019: Highest coverage kmer is: ATGGCGCCAAAAAGGAACTGG, with worth: 27 and coverage: 35
Wed Jan 30 17:30:13 2019: Highest coverage kmer is: ACTAAAAAGCCTTTTAGACAA, with worth: 26 and coverage: 26
Wed Jan 30 17:30:20 2019: Highest coverage kmer is: AAATAATAATGTATATTTGTC, with worth: 25 and coverage: 25
Wed Jan 30 17:30:33 2019: Highest coverage kmer is: AAGCCATGGCGTCAAAAAGGA, with worth: 22 and coverage: 25
Wed Jan 30 17:30:46 2019: Highest coverage kmer is: CCAGCTCAACACCTACGACGT, with worth: 20 and coverage: 134
Wed Jan 30 17:30:59 2019: Highest coverage kmer is: ATTGAGGAGGTGTACGCATAA, with worth: 20 and coverage: 34
Wed Jan 30 17:31:12 2019: Highest coverage kmer is: GGTGGTGGTAAGAAGCCATGG, with worth: 20 and coverage: 32
Wed Jan 30 17:31:24 2019: Highest coverage kmer is: AAGCCGTGGCGTCAGAAGGGC, with worth: 19 and coverage: 65
Wed Jan 30 17:31:36 2019: Highest coverage kmer is: AATATGGAAGGCAAAGAAGTT, with worth: 19 and coverage: 25
Wed Jan 30 17:31:49 2019: Highest coverage kmer is: GAAAAAATTCAGGAGGTCTAC, with worth: 19 and coverage: 22
Wed Jan 30 17:32:01 2019: Highest coverage kmer is: CGCCGACATCCTGCACCGCGT, with worth: 18 and coverage: 42
Wed Jan 30 17:32:14 2019: Highest coverage kmer is: ATTGAGGAGGTGTATGCATAA, with worth: 18 and coverage: 33
Wed Jan 30 17:32:26 2019: Highest coverage kmer is: ATTGAGGAGGTGCTTGCATAA, with worth: 17 and coverage: 142
Wed Jan 30 17:32:38 2019: Highest coverage kmer is: CTGGAGGCTCGCCTGAAATGA, with worth: 17 and coverage: 37
Wed Jan 30 17:32:50 2019: Highest coverage kmer is: AAGCCATGGCGTCAAAAAGGT, with worth: 16 and coverage: 179
Wed Jan 30 17:33:01 2019: Highest coverage kmer is: CAGCGCACGCCCAAGAAGATG, with worth: 16 and coverage: 73
Wed Jan 30 17:33:13 2019: Highest coverage kmer is: AGAGGTGGAGGAAGAAAACCT, with worth: 16 and coverage: 17
Wed Jan 30 17:33:25 2019: Highest coverage kmer is: CCACAATGGCGTGGTGGTGGT, with worth: 15 and coverage: 307
Wed Jan 30 17:33:36 2019: Highest coverage kmer is: AGGGCATCAACGTCTACGACA, with worth: 15 and coverage: 58
Wed Jan 30 17:33:46 2019: Highest coverage kmer is: TAATAAAAAAATGTACAAACG, with worth: 15 and coverage: 16
Wed Jan 30 17:33:56 2019: Highest coverage kmer is: TCAACAAGAAGATGTATCGCG, with worth: 14 and coverage: 91
Wed Jan 30 17:34:07 2019: Highest coverage kmer is: AAGCCTTGGAAACAAAAAGGT, with worth: 14 and coverage: 27
Wed Jan 30 17:34:18 2019: Highest coverage kmer is: GGCGGCGGCAAGAAGCCCTGG, with worth: 14 and coverage: 18
Wed Jan 30 17:34:29 2019: Highest coverage kmer is: GGTGGTGGTCGTGTATTCGGT, with worth: 14 and coverage: 15
Wed Jan 30 17:34:35 2019: Highest coverage kmer is: AAACCTTGGCGTCAAAAAGGC, with worth: 14 and coverage: 14
Wed Jan 30 17:34:41 2019: Highest coverage kmer is: ACCCGCCGAAGGCCGAGAAGG, with worth: 14 and coverage: 14
Wed Jan 30 17:34:52 2019: Highest coverage kmer is: CAAGAAGATCTATCGCCAGAA, with worth: 13 and coverage: 45
Wed Jan 30 17:35:02 2019: Highest coverage kmer is: AGAAGGGTACCGGCCGCGCTC, with worth: 13 and coverage: 41
Wed Jan 30 17:35:13 2019: Highest coverage kmer is: ATCGAGGAGATGCTGGGATGA, with worth: 13 and coverage: 19
Wed Jan 30 17:35:25 2019: Highest coverage kmer is: ACTGGACGTGCTCGTCAAGGA, with worth: 13 and coverage: 18
Wed Jan 30 17:35:35 2019: Highest coverage kmer is: ACAGGTCGTGCTCGTCAAGGT, with worth: 12 and coverage: 865
Wed Jan 30 17:35:46 2019: Highest coverage kmer is: ACCGTGCCGGTATGGCGACTA, with worth: 12 and coverage: 85
Wed Jan 30 17:35:56 2019: Highest coverage kmer is: CAGCGCACCCCTAAGAAGATG, with worth: 12 and coverage: 28
Wed Jan 30 17:36:07 2019: Highest coverage kmer is: AAAACCATGGAGACAAAAAGG, with worth: 12 and coverage: 18
Wed Jan 30 17:36:17 2019: Highest coverage kmer is: AAAGCCTTGGAGACAAAAAGG, with worth: 12 and coverage: 13
Wed Jan 30 17:36:26 2019: Highest coverage kmer is: CTGTCTCCGAAACTACTTTTG, with worth: 12 and coverage: 13
Wed Jan 30 17:36:32 2019: Highest coverage kmer is: CTCTTGAGGAGCGTTTTAAAT, with worth: 12 and coverage: 12
Wed Jan 30 17:36:37 2019: Highest coverage kmer is: TTGGAAGCAAAAGGGTACTGG, with worth: 12 and coverage: 12
Wed Jan 30 17:36:47 2019: Highest coverage kmer is: CCGCAGTTCCGCGGCGGCGGC, with worth: 11 and coverage: 93
Wed Jan 30 17:36:57 2019: Highest coverage kmer is: AAGCCGTGGCGCCAGAAGGGC, with worth: 11 and coverage: 73
Wed Jan 30 17:37:07 2019: Highest coverage kmer is: GATGTTAAGCAATATCTTGCT, with worth: 11 and coverage: 23
Wed Jan 30 17:37:16 2019: Highest coverage kmer is: CGCGCACCGGCAAGAAGTTCG, with worth: 11 and coverage: 17
Wed Jan 30 17:37:24 2019: Highest coverage kmer is: AAGCCATGGCGCCAAAAAGGC, with worth: 11 and coverage: 15
Wed Jan 30 17:37:30 2019: Highest coverage kmer is: CGTCGTGGTGATATCAACTCT, with worth: 11 and coverage: 14
Wed Jan 30 17:37:35 2019: Highest coverage kmer is: AAAACTAAAACAGTATCAGAA, with worth: 11 and coverage: 11
Wed Jan 30 17:37:45 2019: Highest coverage kmer is: AGAAGCTGAACAAGAAGATGT, with worth: 10 and coverage: 131
Wed Jan 30 17:37:54 2019: Highest coverage kmer is: GCCAACGTCTATGACATCCTG, with worth: 10 and coverage: 27
Wed Jan 30 17:38:04 2019: Highest coverage kmer is: AAGCCTTGGCGTCAAAAAGGT, with worth: 10 and coverage: 13
Wed Jan 30 17:38:11 2019: Highest coverage kmer is: AAAGCCTTGGAAGCAAAAAGG, with worth: 10 and coverage: 10
Wed Jan 30 17:38:20 2019: Highest coverage kmer is: CAGGGCACGCACAAGACCAAG, with worth: 9 and coverage: 162
Wed Jan 30 17:38:29 2019: Highest coverage kmer is: AGAAGGGCACCGGCCGTGCCC, with worth: 9 and coverage: 34
Wed Jan 30 17:38:38 2019: Highest coverage kmer is: ATCGAGGAGTGGCTGGCATGA, with worth: 9 and coverage: 18
Wed Jan 30 17:38:47 2019: Highest coverage kmer is: TGGCAGCTGGCCAAGCGCCGC, with worth: 9 and coverage: 18
Wed Jan 30 17:38:55 2019: Highest coverage kmer is: AAACAAAAAGGTACTGGTGGT, with worth: 9 and coverage: 14
Wed Jan 30 17:39:04 2019: Highest coverage kmer is: AAGAAGCCGTTCCGTCAGAAG, with worth: 9 and coverage: 14
Wed Jan 30 17:39:12 2019: Highest coverage kmer is: ATCGAGGAGGTGTATGCATAA, with worth: 9 and coverage: 11
Wed Jan 30 17:39:16 2019: Highest coverage kmer is: AAAAAACCTTGAAGACAAAAA, with worth: 9 and coverage: 9
Wed Jan 30 17:39:23 2019: Highest coverage kmer is: AAATAATAACGTATATTTGTC, with worth: 9 and coverage: 9
Wed Jan 30 17:39:29 2019: Highest coverage kmer is: AGATATTACAGGAAAAGATAC, with worth: 9 and coverage: 9
Wed Jan 30 17:39:35 2019: Highest coverage kmer is: CTGAAGGAGCGCCTGGCATGA, with worth: 9 and coverage: 9
Wed Jan 30 17:39:44 2019: Highest coverage kmer is: GCACCAAAGCCAAGAGATTAT, with worth: 8 and coverage: 21
Wed Jan 30 17:39:53 2019: Highest coverage kmer is: ATGGATATTAACGTATTAGAT, with worth: 8 and coverage: 13
Wed Jan 30 17:40:01 2019: Highest coverage kmer is: GGTGGTGGTAAAAAGCCATGG, with worth: 8 and coverage: 13
Wed Jan 30 17:40:10 2019: Highest coverage kmer is: AAGAAGCCATGGAAGCAGAAG, with worth: 8 and coverage: 10
Wed Jan 30 17:40:18 2019: Highest coverage kmer is: AACAAGCTTCTTTACGCCAAG, with worth: 8 and coverage: 9
Wed Jan 30 17:40:26 2019: Highest coverage kmer is: CAAAAAGGAACAGGTCGTGCT, with worth: 7 and coverage: 846
Wed Jan 30 17:40:35 2019: Highest coverage kmer is: CCAGCTGAACACCTACGACGT, with worth: 7 and coverage: 81
Wed Jan 30 17:40:43 2019: Highest coverage kmer is: CTACAAGCAGAAGGGCACCGG, with worth: 7 and coverage: 41
Wed Jan 30 17:40:51 2019: Highest coverage kmer is: ATGACATCCTCAAGCGTGACA, with worth: 7 and coverage: 31
Wed Jan 30 17:40:59 2019: Highest coverage kmer is: GGCGCCAACGTCTACGACATC, with worth: 7 and coverage: 25
Wed Jan 30 17:41:08 2019: Highest coverage kmer is: AAATCAAAAGAAAGAAGCGAA, with worth: 7 and coverage: 16
Wed Jan 30 17:41:16 2019: Highest coverage kmer is: AAAGAAACAGGTGCCAAGGTG, with worth: 7 and coverage: 14
Wed Jan 30 17:41:24 2019: Highest coverage kmer is: GAATAAAAATGTATATTTGTC, with worth: 7 and coverage: 10
Wed Jan 30 17:41:32 2019: Highest coverage kmer is: AAAGCCATGGAGACAAAAAGG, with worth: 7 and coverage: 9
Wed Jan 30 17:41:40 2019: Highest coverage kmer is: AACGAGCCTCTGGTTCATCAG, with worth: 7 and coverage: 9
Wed Jan 30 17:41:48 2019: Highest coverage kmer is: GACATCCTGCACCGCATGGTG, with worth: 7 and coverage: 9
Wed Jan 30 17:41:55 2019: Highest coverage kmer is: GGTAGAGCTAGACAAGGTTCT, with worth: 7 and coverage: 9
Wed Jan 30 17:42:03 2019: Highest coverage kmer is: ATGGAAAAGAAAGTCTATTCA, with worth: 7 and coverage: 7
Wed Jan 30 17:42:10 2019: Highest coverage kmer is: GTACTAATTGAAAAATCAGTA, with worth: 7 and coverage: 7
Wed Jan 30 17:42:17 2019: Highest coverage kmer is: AACGAAGCGCTGGTTCACCAG, with worth: 6 and coverage: 979
Wed Jan 30 17:42:25 2019: Highest coverage kmer is: GCGTCAGGGCACTCGTGCTCA, with worth: 6 and coverage: 97
Wed Jan 30 17:42:33 2019: Highest coverage kmer is: ATCTTCCCGAATTCGCCGGAA, with worth: 6 and coverage: 49
Wed Jan 30 17:42:40 2019: Highest coverage kmer is: ATGGCGTCAGAAGGGTACTGG, with worth: 6 and coverage: 39
Wed Jan 30 17:42:47 2019: Highest coverage kmer is: CCAAAAAGGCACCGGTGGCGC, with worth: 6 and coverage: 22
Wed Jan 30 17:42:54 2019: Highest coverage kmer is: CCGTTCACCACAATGGGTTGG, with worth: 6 and coverage: 21
Wed Jan 30 17:43:01 2019: Highest coverage kmer is: GAAGCAGAAGGGCACCGGCCG, with worth: 6 and coverage: 13
Wed Jan 30 17:43:08 2019: Highest coverage kmer is: CCAGAAGGGCACCGGCAACGC, with worth: 6 and coverage: 11
Wed Jan 30 17:43:15 2019: Highest coverage kmer is: AAACCTTGAAAACAAAAAGGT, with worth: 6 and coverage: 8
Wed Jan 30 17:43:22 2019: Highest coverage kmer is: GTTGAGGAGGTGTACGCATAA, with worth: 6 and coverage: 7
Wed Jan 30 17:43:25 2019: Highest coverage kmer is: AAAAAACCATGAAGACAAAAA, with worth: 6 and coverage: 6
Wed Jan 30 17:43:29 2019: Highest coverage kmer is: AAAAAATCAACATAAAAGAAA, with worth: 6 and coverage: 6
Wed Jan 30 17:43:33 2019: Highest coverage kmer is: AACCATCCAGGAGGTCTACGG, with worth: 6 and coverage: 6
Wed Jan 30 17:43:37 2019: Highest coverage kmer is: ACCGCCCGGACCTGATCGCCC, with worth: 6 and coverage: 6
Wed Jan 30 17:43:41 2019: Highest coverage kmer is: CAGAGGCAGGAAATACAAGCA, with worth: 6 and coverage: 6
Wed Jan 30 17:43:44 2019: Highest coverage kmer is: GGCCGCCCGCAACCTCGCGGG, with worth: 6 and coverage: 6
Wed Jan 30 17:43:49 2019: Highest coverage kmer is: GGTGGTCGTAAACCTTGGCGG, with worth: 6 and coverage: 6
Wed Jan 30 17:43:56 2019: Highest coverage kmer is: CAAAAAGGAACTGGTCGTGCT, with worth: 5 and coverage: 100
Wed Jan 30 17:44:04 2019: Highest coverage kmer is: CTCAAGGAGATGTTCGCATGA, with worth: 5 and coverage: 57
Wed Jan 30 17:44:11 2019: Highest coverage kmer is: TCCGCAGTTCCGCGGCGGTGG, with worth: 5 and coverage: 53
Wed Jan 30 17:44:18 2019: Highest coverage kmer is: TCAGCTGAACACCTACGACGT, with worth: 5 and coverage: 47
Wed Jan 30 17:44:24 2019: Highest coverage kmer is: AGAAGGGCACCGGTCGTGCCC, with worth: 5 and coverage: 39
Wed Jan 30 17:44:31 2019: Highest coverage kmer is: GGTCGCAAACCTTGGCGGCAA, with worth: 5 and coverage: 17
Wed Jan 30 17:44:38 2019: Highest coverage kmer is: AAAGCAGGGGAGGTGCTTGCA, with worth: 5 and coverage: 14
Wed Jan 30 17:44:46 2019: Highest coverage kmer is: TGGAGACAGAAAGGAACAGGT, with worth: 5 and coverage: 14
Wed Jan 30 17:44:52 2019: Highest coverage kmer is: CAACATCCCGAACATCGACGT, with worth: 5 and coverage: 12
Wed Jan 30 17:44:59 2019: Highest coverage kmer is: AAGCCTTGGAAACAAAAAGGA, with worth: 5 and coverage: 10
Wed Jan 30 17:45:06 2019: Highest coverage kmer is: AAGAAGCCTTGGCGTCAGAAG, with worth: 5 and coverage: 9
Wed Jan 30 17:45:13 2019: Highest coverage kmer is: CGCGCGTGGTGCACTGGCAGC, with worth: 5 and coverage: 8
Wed Jan 30 17:45:19 2019: Highest coverage kmer is: AAAGGAACTGGTCGTGCCCGT, with worth: 5 and coverage: 7
Wed Jan 30 17:45:25 2019: Highest coverage kmer is: ACTACAGCTACACCCTGCCCA, with worth: 5 and coverage: 7
Wed Jan 30 17:45:31 2019: Highest coverage kmer is: GTGGTGGTGGTAAGAAGCCTT, with worth: 5 and coverage: 7
Wed Jan 30 17:45:34 2019: Highest coverage kmer is: ACCAGCGCCAGGGTACGCACA, with worth: 5 and coverage: 6
Wed Jan 30 17:45:38 2019: Highest coverage kmer is: AAAAAGATCGAGGAATGGTTG, with worth: 5 and coverage: 5
Wed Jan 30 17:45:41 2019: Highest coverage kmer is: AAAAAGCCCTGGCGTCAAAAA, with worth: 5 and coverage: 5
Wed Jan 30 17:45:44 2019: Highest coverage kmer is: AAAACTGCTCTCGGAAATCGA, with worth: 5 and coverage: 5
Wed Jan 30 17:45:47 2019: Highest coverage kmer is: AAAAGGGAACAGGTAGAGCTA, with worth: 5 and coverage: 5
Wed Jan 30 17:45:50 2019: Highest coverage kmer is: AAGCCTTATAGGCAGAAGCAT, with worth: 5 and coverage: 5
Wed Jan 30 17:45:54 2019: Highest coverage kmer is: AGGGCTGGAAAGGGCAAAATG, with worth: 5 and coverage: 5
Wed Jan 30 17:45:57 2019: Highest coverage kmer is: CAAACCCTGGCGGCAAAAAGG, with worth: 5 and coverage: 5
Wed Jan 30 17:46:00 2019: Highest coverage kmer is: TCAAAAAGGTGGCGGTAGAGC, with worth: 5 and coverage: 5
Wed Jan 30 17:46:07 2019: Highest coverage kmer is: TGGCGCCAGAAAGGCACCGGC, with worth: 4 and coverage: 538
Wed Jan 30 17:46:13 2019: Highest coverage kmer is: CAGCTCAACACCTATGACGTG, with worth: 4 and coverage: 403
Wed Jan 30 17:46:19 2019: Highest coverage kmer is: AAAGGAACTGGACGTGCTCGT, with worth: 4 and coverage: 227
Wed Jan 30 17:46:26 2019: Highest coverage kmer is: AAAACCATGGCGTCAAAAAGG, with worth: 4 and coverage: 114
Wed Jan 30 17:46:32 2019: Highest coverage kmer is: CTTGAGGAGCGTTTCAAATGA, with worth: 4 and coverage: 77
Wed Jan 30 17:46:38 2019: Highest coverage kmer is: CGGTGGTCGGATTTTCCCGAA, with worth: 4 and coverage: 62
Wed Jan 30 17:46:44 2019: Highest coverage kmer is: AAACCTTGGAAACAAAAAGGA, with worth: 4 and coverage: 51
Wed Jan 30 17:46:50 2019: Highest coverage kmer is: CTACCGCCAGAAGGGCACCGG, with worth: 4 and coverage: 40
Wed Jan 30 17:46:56 2019: Highest coverage kmer is: ACTGGCCGTGCTCGTGCTGGT, with worth: 4 and coverage: 38
Wed Jan 30 17:47:02 2019: Highest coverage kmer is: AAAGCCTTGGAGACAGAAGGG, with worth: 4 and coverage: 17
Wed Jan 30 17:47:08 2019: Highest coverage kmer is: TCAAAAGGGTACAGGTCGTGC, with worth: 4 and coverage: 13
Wed Jan 30 17:47:14 2019: Highest coverage kmer is: GGCTAATCAGCGTCAGGGTAC, with worth: 4 and coverage: 10
Wed Jan 30 17:47:20 2019: Highest coverage kmer is: TAAGCCTTGGAGACAAAAAGG, with worth: 4 and coverage: 10
Wed Jan 30 17:47:26 2019: Highest coverage kmer is: GGACATCCTGCACCGCATGGT, with worth: 4 and coverage: 9
Wed Jan 30 17:47:32 2019: Highest coverage kmer is: TGGAGACAAAAAGGAACAGGA, with worth: 4 and coverage: 9
Wed Jan 30 17:47:38 2019: Highest coverage kmer is: CCAAGCCCCGCGATTACAGCT, with worth: 4 and coverage: 7
Wed Jan 30 17:47:43 2019: Highest coverage kmer is: CGAGGAGGTGGCCGACCGATG, with worth: 4 and coverage: 7
Wed Jan 30 17:47:49 2019: Highest coverage kmer is: CACCGCCAGCACCAAGACCCG, with worth: 4 and coverage: 6
Wed Jan 30 17:47:55 2019: Highest coverage kmer is: GCGTCAAAAGGGAACTGGACG, with worth: 4 and coverage: 6
Wed Jan 30 17:48:00 2019: Highest coverage kmer is: AAGCCTTGGCGTCAAAAAGGA, with worth: 4 and coverage: 5
Wed Jan 30 17:48:06 2019: Highest coverage kmer is: ACAAAAAGGTACTGGTAATGC, with worth: 4 and coverage: 5
Wed Jan 30 17:48:12 2019: Highest coverage kmer is: CAAAGGCGAAGACACCGGCCG, with worth: 4 and coverage: 5
Wed Jan 30 17:48:17 2019: Highest coverage kmer is: CAAGCCCTGGCGCCAGAAGGG, with worth: 4 and coverage: 5
Wed Jan 30 17:48:22 2019: Highest coverage kmer is: GGCGGCGGACGCAAGCCGTGG, with worth: 4 and coverage: 5
Wed Jan 30 17:48:25 2019: Highest coverage kmer is: TTCGAGGAGATGCTGGGATGA, with worth: 4 and coverage: 5
Wed Jan 30 17:48:28 2019: Highest coverage kmer is: AAAAAGTAGGGACCCTGGAAA, with worth: 4 and coverage: 4
Wed Jan 30 17:48:31 2019: Highest coverage kmer is: AAAAAGTTTTGGTTATTCTTG, with worth: 4 and coverage: 4
Wed Jan 30 17:48:34 2019: Highest coverage kmer is: AAAAATTGAGTATTTTGCATG, with worth: 4 and coverage: 4
Wed Jan 30 17:48:36 2019: Highest coverage kmer is: AAAACCTTGGGCTCAAAAAGG, with worth: 4 and coverage: 4
Wed Jan 30 17:48:39 2019: Highest coverage kmer is: AAACCTACCTATCCTCGACGC, with worth: 4 and coverage: 4
Wed Jan 30 17:48:42 2019: Highest coverage kmer is: AAAGCAGTACATGGCCAACCA, with worth: 4 and coverage: 4
Wed Jan 30 17:48:45 2019: Highest coverage kmer is: AACGTCTATGACATCCTCAAC, with worth: 4 and coverage: 4
Wed Jan 30 17:48:48 2019: Highest coverage kmer is: AAGGTCGAGAAGATAATCTGG, with worth: 4 and coverage: 4
Wed Jan 30 17:48:51 2019: Highest coverage kmer is: AGCTTCAAACTGAACAAGAAA, with worth: 4 and coverage: 4
Wed Jan 30 17:48:54 2019: Highest coverage kmer is: ATCAACGTTTACGACATTCTT, with worth: 4 and coverage: 4
Wed Jan 30 17:48:57 2019: Highest coverage kmer is: ATCTTCGGTATTGAACCGAAT, with worth: 4 and coverage: 4
Wed Jan 30 17:49:00 2019: Highest coverage kmer is: CTCAAAAAGGTACTGGTAACG, with worth: 4 and coverage: 4
Wed Jan 30 17:49:03 2019: Highest coverage kmer is: GTAAATCGTAAGATGTACCGT, with worth: 4 and coverage: 4
Wed Jan 30 17:49:08 2019: Highest coverage kmer is: CAAACCATGGCGTCAAAAAGG, with worth: 3 and coverage: 178
Wed Jan 30 17:49:13 2019: Highest coverage kmer is: TAAACCATGGAGACAAAAAGG, with worth: 3 and coverage: 74
Wed Jan 30 17:49:18 2019: Highest coverage kmer is: CGCTCGTCAGGGCTCGATCCG, with worth: 3 and coverage: 50
Wed Jan 30 17:49:24 2019: Highest coverage kmer is: TCAGCTCAACACCTACGACGT, with worth: 3 and coverage: 47
Wed Jan 30 17:49:29 2019: Highest coverage kmer is: CTATCGCCAGAAGGGCACCGG, with worth: 3 and coverage: 32
Wed Jan 30 17:49:34 2019: Highest coverage kmer is: CTCTTTCTCAAGTAGAGGAGG, with worth: 3 and coverage: 32
Wed Jan 30 17:49:39 2019: Highest coverage kmer is: CGGCGGTGGTAAGGCTCACGG, with worth: 3 and coverage: 30
Wed Jan 30 17:49:44 2019: Highest coverage kmer is: TGGACGTGAGTTTAACGAAGC, with worth: 3 and coverage: 29
Wed Jan 30 17:49:49 2019: Highest coverage kmer is: CGCCCGTCAGGGTTCGATCCG, with worth: 3 and coverage: 20
Wed Jan 30 17:49:55 2019: Highest coverage kmer is: AAAAAGTGAACAAAAAAATGT, with worth: 3 and coverage: 18
Wed Jan 30 17:50:00 2019: Highest coverage kmer is: ACAGTCAAAAAGTTAATAAAA, with worth: 3 and coverage: 18
Wed Jan 30 17:50:05 2019: Highest coverage kmer is: CGTGCCCGTCAAGGTTCTATC, with worth: 3 and coverage: 17
Wed Jan 30 17:50:10 2019: Highest coverage kmer is: AAGTAGCAGTTTTAGATATAA, with worth: 3 and coverage: 16
Wed Jan 30 17:50:15 2019: Highest coverage kmer is: AAACCTTGGCGTCAGAAAGGT, with worth: 3 and coverage: 14
Wed Jan 30 17:50:19 2019: Highest coverage kmer is: CCGAACGCCGGCCTGAACGTC, with worth: 3 and coverage: 14
Wed Jan 30 17:50:24 2019: Highest coverage kmer is: GTGGTGGCCGTGTATTCGGTC, with worth: 3 and coverage: 11
Wed Jan 30 17:50:29 2019: Highest coverage kmer is: AAGATTAAAAAACAAAAAGGT, with worth: 3 and coverage: 9
Wed Jan 30 17:50:34 2019: Highest coverage kmer is: ATGGAAAGAAAAGTTTTTTCT, with worth: 3 and coverage: 9
Wed Jan 30 17:50:39 2019: Highest coverage kmer is: CAAAAAGGAACTGGTCGTGCA, with worth: 3 and coverage: 9
Wed Jan 30 17:50:43 2019: Highest coverage kmer is: CGTGCTGAAGTACGTGGTGGT, with worth: 3 and coverage: 9
Wed Jan 30 17:50:48 2019: Highest coverage kmer is: ATCTTCGCTGATCAGCTCAAC, with worth: 3 and coverage: 8
Wed Jan 30 17:50:53 2019: Highest coverage kmer is: AAAAAGGCACCGGCCGTGCGC, with worth: 3 and coverage: 7
Wed Jan 30 17:50:57 2019: Highest coverage kmer is: ACCAGGTCGTCGTTGCGCAGC, with worth: 3 and coverage: 7
Wed Jan 30 17:51:02 2019: Highest coverage kmer is: GGTGCGAATGTCTATGACATC, with worth: 3 and coverage: 7
Wed Jan 30 17:51:07 2019: Highest coverage kmer is: AAAGGTGGTGGTACCATCTTC, with worth: 3 and coverage: 6
Wed Jan 30 17:51:11 2019: Highest coverage kmer is: AAAGCCGTGGAGACAGAAGGG, with worth: 3 and coverage: 5
Wed Jan 30 17:51:16 2019: Highest coverage kmer is: AAGCAAAAAGGTACAGGTGGT, with worth: 3 and coverage: 5
Wed Jan 30 17:51:20 2019: Highest coverage kmer is: CCGCAATGGAAAGGCGGCGGT, with worth: 3 and coverage: 5
Wed Jan 30 17:51:25 2019: Highest coverage kmer is: AAGAAGCTGTGGAAGCAGAAG, with worth: 3 and coverage: 4
Wed Jan 30 17:51:29 2019: Highest coverage kmer is: AAGGTCAATCGCAAGATGTAT, with worth: 3 and coverage: 4
Wed Jan 30 17:51:34 2019: Highest coverage kmer is: ATGCCGAAAGTAGCAGTATAT, with worth: 3 and coverage: 4
Wed Jan 30 17:51:38 2019: Highest coverage kmer is: CGGACCGACTCCGCGCAGCTA, with worth: 3 and coverage: 4
Wed Jan 30 17:51:41 2019: Highest coverage kmer is: GCGTTCTGGTGGCGTAACTTT, with worth: 3 and coverage: 4
Wed Jan 30 17:51:45 2019: Highest coverage kmer is: GGTAGAAAACCTTGGAGACAA, with worth: 3 and coverage: 4
Wed Jan 30 17:51:49 2019: Highest coverage kmer is: TAATAAAAACGTATATTTGTC, with worth: 3 and coverage: 4
Wed Jan 30 17:51:51 2019: Highest coverage kmer is: AAAAAGGGACAGGCCGCGCTC, with worth: 3 and coverage: 3
Wed Jan 30 17:51:53 2019: Highest coverage kmer is: AAAATCCAGGAGGTTTACGGT, with worth: 3 and coverage: 3
Wed Jan 30 17:51:55 2019: Highest coverage kmer is: AAAATTAAATAAAAGTGAAAA, with worth: 3 and coverage: 3
Wed Jan 30 17:51:58 2019: Highest coverage kmer is: AAAATTTGATCAGCATGTTCG, with worth: 3 and coverage: 3
Wed Jan 30 17:52:00 2019: Highest coverage kmer is: AAAGGAGAAGATACCGGCAAG, with worth: 3 and coverage: 3
Wed Jan 30 17:52:02 2019: Highest coverage kmer is: AAGAAGATGTATCGCCAAAAA, with worth: 3 and coverage: 3
Wed Jan 30 17:52:04 2019: Highest coverage kmer is: AAGGTCAATAAAAAGCAAAAA, with worth: 3 and coverage: 3
Wed Jan 30 17:52:06 2019: Highest coverage kmer is: AATCAGCAGCGACAGGTTGTG, with worth: 3 and coverage: 3
Wed Jan 30 17:52:08 2019: Highest coverage kmer is: AATTTGCATAATGTAACTTTG, with worth: 3 and coverage: 3
Wed Jan 30 17:52:10 2019: Highest coverage kmer is: ACAAAAAGGAACAGGTAATGC, with worth: 3 and coverage: 3
Wed Jan 30 17:52:12 2019: Highest coverage kmer is: ACCGCCCGTCATGGCGATCGT, with worth: 3 and coverage: 3
Wed Jan 30 17:52:14 2019: Highest coverage kmer is: ACGATTTCAAACTGAACCGTA, with worth: 3 and coverage: 3
Wed Jan 30 17:52:16 2019: Highest coverage kmer is: AGTAAGTTGGAAACCATTTTA, with worth: 3 and coverage: 3
Wed Jan 30 17:52:19 2019: Highest coverage kmer is: ATAGCTTCAAACTGAATAAGA, with worth: 3 and coverage: 3
Wed Jan 30 17:52:22 2019: Highest coverage kmer is: CCTTTGTACAAGGGTGGTGGT, with worth: 3 and coverage: 3
Wed Jan 30 17:52:25 2019: Highest coverage kmer is: CGATCCTGTTCGTCACGAGCG, with worth: 3 and coverage: 3
Wed Jan 30 17:52:28 2019: Highest coverage kmer is: GGCGGCGTGGCCTTTGGCCCC, with worth: 3 and coverage: 3
Wed Jan 30 17:52:32 2019: Highest coverage kmer is: CCAAAAACAAAAGAATTCAAA, with worth: 2 and coverage: 177
Wed Jan 30 17:52:36 2019: Highest coverage kmer is: GAAGCCGTACCGGCAGAAGGG, with worth: 2 and coverage: 90
Wed Jan 30 17:52:40 2019: Highest coverage kmer is: GAAGATGTACAAGCAGAAGGG, with worth: 2 and coverage: 67
Wed Jan 30 17:52:44 2019: Highest coverage kmer is: AAGGTCAACCGCAAGATGTAC, with worth: 2 and coverage: 64
Wed Jan 30 17:52:48 2019: Highest coverage kmer is: GGCGGCGGCAAGAAGCCGTGG, with worth: 2 and coverage: 64
Wed Jan 30 17:52:52 2019: Highest coverage kmer is: ACAAAAAGGAACAGGTAGAGC, with worth: 2 and coverage: 56
Wed Jan 30 17:52:56 2019: Highest coverage kmer is: ACAGGTCGTGCCCGTCAAGGT, with worth: 2 and coverage: 54
Wed Jan 30 17:53:00 2019: Highest coverage kmer is: CAGCCAGAAGGTCAACAAGAA, with worth: 2 and coverage: 50
Wed Jan 30 17:53:04 2019: Highest coverage kmer is: CAAGCCCTTCAAGCAGAAGGG, with worth: 2 and coverage: 39
Wed Jan 30 17:53:08 2019: Highest coverage kmer is: GGCCGCGCTCGCGCCGGTATG, with worth: 2 and coverage: 32
Wed Jan 30 17:53:11 2019: Highest coverage kmer is: CAATGTTTACGACATCCTGCG, with worth: 2 and coverage: 27
Wed Jan 30 17:53:15 2019: Highest coverage kmer is: ATCCGTTCACCACAATGGCGC, with worth: 2 and coverage: 26
Wed Jan 30 17:53:19 2019: Highest coverage kmer is: ATTGAGGAGATGCTGGCATGA, with worth: 2 and coverage: 26
Wed Jan 30 17:53:23 2019: Highest coverage kmer is: CAAAAAGGTACAGGTAGAGCA, with worth: 2 and coverage: 22
Wed Jan 30 17:53:26 2019: Highest coverage kmer is: CAAGCCATGGCGCCAAAAAGG, with worth: 2 and coverage: 20
Wed Jan 30 17:53:30 2019: Highest coverage kmer is: TTCGAGGAGAAGCTGGCATGA, with worth: 2 and coverage: 19
Wed Jan 30 17:53:34 2019: Highest coverage kmer is: AGCTCCAAAAACTGCTGAGTT, with worth: 2 and coverage: 16
Wed Jan 30 17:53:37 2019: Highest coverage kmer is: AAGAAAACCTTTCAAACAAAA, with worth: 2 and coverage: 15
Wed Jan 30 17:53:41 2019: Highest coverage kmer is: AAGGGTACTGGTCGTGCACGT, with worth: 2 and coverage: 14
Wed Jan 30 17:53:45 2019: Highest coverage kmer is: GCAGAAGGGCACCGGTCGGGC, with worth: 2 and coverage: 14
Wed Jan 30 17:53:48 2019: Highest coverage kmer is: GCCGGCACCCACAAGGTGAAG, with worth: 2 and coverage: 14
Wed Jan 30 17:53:52 2019: Highest coverage kmer is: AAAAACGTATATTTGTCGGCT, with worth: 2 and coverage: 13
Wed Jan 30 17:53:56 2019: Highest coverage kmer is: CAAACCTTGGCGTCAAAAAGG, with worth: 2 and coverage: 12
Wed Jan 30 17:53:59 2019: Highest coverage kmer is: TGGAGACAGAAGGGAACAGGT, with worth: 2 and coverage: 12
Wed Jan 30 17:54:03 2019: Highest coverage kmer is: AAGGAATTGAATCGAATTTAA, with worth: 2 and coverage: 11
Wed Jan 30 17:54:06 2019: Highest coverage kmer is: AATGTTTATGATATTTTGCGT, with worth: 2 and coverage: 11
Wed Jan 30 17:54:10 2019: Highest coverage kmer is: AGGGTACGCACAAGTCCAAGG, with worth: 2 and coverage: 11
Wed Jan 30 17:54:13 2019: Highest coverage kmer is: AGAAGGTGAACCGCAAGATGT, with worth: 2 and coverage: 10
Wed Jan 30 17:54:17 2019: Highest coverage kmer is: AAGCCCTGGCGCCAGAAAGGC, with worth: 2 and coverage: 9
Wed Jan 30 17:54:20 2019: Highest coverage kmer is: CCACAATGGGTTGGCGGTGGT, with worth: 2 and coverage: 9
Wed Jan 30 17:54:24 2019: Highest coverage kmer is: CCGCTGGCAGCTCGCCAAGCG, with worth: 2 and coverage: 9
Wed Jan 30 17:54:27 2019: Highest coverage kmer is: CGATCTTCCCAAGAAGGTCCG, with worth: 2 and coverage: 9
Wed Jan 30 17:54:31 2019: Highest coverage kmer is: AAACCATGGAAACAAAAAGGT, with worth: 2 and coverage: 8
Wed Jan 30 17:54:34 2019: Highest coverage kmer is: AACTTGAGGAGCAATGGGTAT, with worth: 2 and coverage: 8
Wed Jan 30 17:54:37 2019: Highest coverage kmer is: AAGCGTTGGAGGCACGTCTCA, with worth: 2 and coverage: 8
Wed Jan 30 17:54:41 2019: Highest coverage kmer is: ACCAAGAGATTACTCTTTCAA, with worth: 2 and coverage: 8
Wed Jan 30 17:54:44 2019: Highest coverage kmer is: GGTCGTGCTCGTGCCGGTACC, with worth: 2 and coverage: 8
Wed Jan 30 17:54:48 2019: Highest coverage kmer is: AAGCCGTTCCGTCAGAAGGGT, with worth: 2 and coverage: 7
Wed Jan 30 17:54:51 2019: Highest coverage kmer is: CACGACACGCTGGTCCTGACC, with worth: 2 and coverage: 7
Wed Jan 30 17:54:54 2019: Highest coverage kmer is: GCGAACGTCTACGACATCCTG, with worth: 2 and coverage: 7
Wed Jan 30 17:54:58 2019: Highest coverage kmer is: AAGGGAACCGGTCGCGCTCGC, with worth: 2 and coverage: 6
Wed Jan 30 17:55:01 2019: Highest coverage kmer is: ACAAAAAGGAACAGGACGTGC, with worth: 2 and coverage: 6
Wed Jan 30 17:55:04 2019: Highest coverage kmer is: AGAAGCTGAACAAGAAAATGT, with worth: 2 and coverage: 6
Wed Jan 30 17:55:07 2019: Highest coverage kmer is: TCAAAAAGGTACCGGTCGTGC, with worth: 2 and coverage: 6
Wed Jan 30 17:55:11 2019: Highest coverage kmer is: TCTATTAGAGCTCCTCAATGG, with worth: 2 and coverage: 6
Wed Jan 30 17:55:14 2019: Highest coverage kmer is: TGGTGGTGGTAAAAAACCATT, with worth: 2 and coverage: 6
Wed Jan 30 17:55:17 2019: Highest coverage kmer is: AAAACCATGGAGACAAAAGGG, with worth: 2 and coverage: 5
Wed Jan 30 17:55:20 2019: Highest coverage kmer is: AAGAAGAGCTCACCCACCAAA, with worth: 2 and coverage: 5
Wed Jan 30 17:55:23 2019: Highest coverage kmer is: ACCCACGGCGGCATCGTGTTC, with worth: 2 and coverage: 5
Wed Jan 30 17:55:26 2019: Highest coverage kmer is: AGGGCACGCACAAGTCGAAGC, with worth: 2 and coverage: 5
Wed Jan 30 17:55:30 2019: Highest coverage kmer is: CCGATCTTCCGCGGTGGTGGT, with worth: 2 and coverage: 5
Wed Jan 30 17:55:33 2019: Highest coverage kmer is: ACAAATGACCAATTCTCGCCA, with worth: 2 and coverage: 4
Wed Jan 30 17:55:36 2019: Highest coverage kmer is: AGTATTTGGCATCGAGCCAAA, with worth: 2 and coverage: 4
Wed Jan 30 17:55:39 2019: Highest coverage kmer is: CTGACCAAGAAGTTCCGCAAA, with worth: 2 and coverage: 4
Wed Jan 30 17:55:42 2019: Highest coverage kmer is: GAGATCAAGACCAAGAAGTTC, with worth: 2 and coverage: 4
Wed Jan 30 17:55:45 2019: Highest coverage kmer is: GCCACGCAAGACAGGGCTCCA, with worth: 2 and coverage: 4
Wed Jan 30 17:55:48 2019: Highest coverage kmer is: GGTGGTGGAAGAAAGCCATGG, with worth: 2 and coverage: 4
Wed Jan 30 17:55:51 2019: Highest coverage kmer is: TTCCGTGGTGGTGGTATTGTT, with worth: 2 and coverage: 4
Wed Jan 30 17:55:54 2019: Highest coverage kmer is: AAAAAGGTACGGGTACAGCTC, with worth: 2 and coverage: 3
Wed Jan 30 17:55:57 2019: Highest coverage kmer is: AAAAAGTAAATAAAAAAATGT, with worth: 2 and coverage: 3
Wed Jan 30 17:56:00 2019: Highest coverage kmer is: AAACCGGAAACAGGACTACGG, with worth: 2 and coverage: 3
Wed Jan 30 17:56:03 2019: Highest coverage kmer is: AACCGTAAGGCTTACCGTGCT, with worth: 2 and coverage: 3
Wed Jan 30 17:56:06 2019: Highest coverage kmer is: AAGCAGAAGGGTACGGGTCGT, with worth: 2 and coverage: 3
Wed Jan 30 17:56:09 2019: Highest coverage kmer is: AGAAAGGCACTGGCCGCGCTC, with worth: 2 and coverage: 3
Wed Jan 30 17:56:11 2019: Highest coverage kmer is: ATACAAGGGTGGTGGTACCAT, with worth: 2 and coverage: 3
Wed Jan 30 17:56:14 2019: Highest coverage kmer is: ATATTCAAGAAGCTTGGAATA, with worth: 2 and coverage: 3
Wed Jan 30 17:56:17 2019: Highest coverage kmer is: ATCAAAATTTGATTTTTCAGG, with worth: 2 and coverage: 3
Wed Jan 30 17:56:20 2019: Highest coverage kmer is: ATCAACAAGAAGGAGCGCAGG, with worth: 2 and coverage: 3
Wed Jan 30 17:56:23 2019: Highest coverage kmer is: ATCGTATATAACAGCAAAGGC, with worth: 2 and coverage: 3
Wed Jan 30 17:56:26 2019: Highest coverage kmer is: CAAGCCCTGGCGGCAAAAAGG, with worth: 2 and coverage: 3
Wed Jan 30 17:56:28 2019: Highest coverage kmer is: CCAGAAGGGGACCGGCCGGGC, with worth: 2 and coverage: 3
Wed Jan 30 17:56:31 2019: Highest coverage kmer is: CGCCAAGCCCTGGCGGCAGAA, with worth: 2 and coverage: 3
Wed Jan 30 17:56:34 2019: Highest coverage kmer is: GGAGACAAAAAGGAACCGGTC, with worth: 2 and coverage: 3
Wed Jan 30 17:56:37 2019: Highest coverage kmer is: GGGCGGCGGCGTGGTCTTCGG, with worth: 2 and coverage: 3
Wed Jan 30 17:56:38 2019: Highest coverage kmer is: AAAAAAGCCGTACCGACAAAA, with worth: 2 and coverage: 2
Wed Jan 30 17:56:40 2019: Highest coverage kmer is: AAAAAATCTTATGATCATTCT, with worth: 2 and coverage: 2
Wed Jan 30 17:56:41 2019: Highest coverage kmer is: AAAAACATACTGGTAATGCTC, with worth: 2 and coverage: 2
Wed Jan 30 17:56:42 2019: Highest coverage kmer is: AAAAACCCGATGTTTAAAGGC, with worth: 2 and coverage: 2
Wed Jan 30 17:56:43 2019: Highest coverage kmer is: AAAAACCCGGGAAATGGTTAA, with worth: 2 and coverage: 2
Wed Jan 30 17:56:45 2019: Highest coverage kmer is: AAAAAGGCACTGGACGTGCAC, with worth: 2 and coverage: 2
Wed Jan 30 17:56:46 2019: Highest coverage kmer is: AAAAAGTGAACAAAAAGCAAA, with worth: 2 and coverage: 2
Wed Jan 30 17:56:47 2019: Highest coverage kmer is: AAAACCATGGAGGCAAAAAGG, with worth: 2 and coverage: 2
Wed Jan 30 17:56:48 2019: Highest coverage kmer is: AAAAGATGCGTATGCGATGTT, with worth: 2 and coverage: 2
Wed Jan 30 17:56:50 2019: Highest coverage kmer is: AAAAGGCTAAGAACCGTGGTG, with worth: 2 and coverage: 2
Wed Jan 30 17:56:51 2019: Highest coverage kmer is: AAAAGTTAAACAAAAAAATGT, with worth: 2 and coverage: 2
Wed Jan 30 17:56:52 2019: Highest coverage kmer is: AAAATGTATCGCGGTGCCATG, with worth: 2 and coverage: 2
Wed Jan 30 17:56:53 2019: Highest coverage kmer is: AAAATGTATCGTGCTGGAATG, with worth: 2 and coverage: 2
Wed Jan 30 17:56:54 2019: Highest coverage kmer is: AAACCCTGGCGCCAGAAAGGC, with worth: 2 and coverage: 2
Wed Jan 30 17:56:56 2019: Highest coverage kmer is: AAACGCCAGGCTGGCACGCAC, with worth: 2 and coverage: 2
Wed Jan 30 17:56:57 2019: Highest coverage kmer is: AAACTCCTCCTTTCTGCGAGG, with worth: 2 and coverage: 2
Wed Jan 30 17:56:58 2019: Highest coverage kmer is: AAACTGCCGAAAAAAGTGCGC, with worth: 2 and coverage: 2
Wed Jan 30 17:56:59 2019: Highest coverage kmer is: AAAGAAACCTTGGAGACAGAA, with worth: 2 and coverage: 2
Wed Jan 30 17:57:00 2019: Highest coverage kmer is: AAAGGAATAAGCCTCGGTGCA, with worth: 2 and coverage: 2
Wed Jan 30 17:57:01 2019: Highest coverage kmer is: AAAGGCCGCAGCGAAGTGGCC, with worth: 2 and coverage: 2
Wed Jan 30 17:57:03 2019: Highest coverage kmer is: AAAGGTAAGATGAGAGGAAGA, with worth: 2 and coverage: 2
Wed Jan 30 17:57:04 2019: Highest coverage kmer is: AAAGGTAATAAGGGAACTGTT, with worth: 2 and coverage: 2
Wed Jan 30 17:57:05 2019: Highest coverage kmer is: AAAGGTACAGGAAATGCAAGG, with worth: 2 and coverage: 2
Wed Jan 30 17:57:06 2019: Highest coverage kmer is: AAAGGTACTGGTAATGCACGT, with worth: 2 and coverage: 2
Wed Jan 30 17:57:07 2019: Highest coverage kmer is: AAATTAAGAGGAAGAAAATAC, with worth: 2 and coverage: 2
Wed Jan 30 17:57:08 2019: Highest coverage kmer is: AAATTGGCAGCTTGCAAAAAG, with worth: 2 and coverage: 2
Wed Jan 30 17:57:09 2019: Highest coverage kmer is: AACCTTTATTTATATGTAAAA, with worth: 2 and coverage: 2
Wed Jan 30 17:57:10 2019: Highest coverage kmer is: AAGATTGAGGAGGTGCTGGGA, with worth: 2 and coverage: 2
Wed Jan 30 17:57:11 2019: Highest coverage kmer is: AAGCCTTGGCGCCAAAAAGGG, with worth: 2 and coverage: 2
Wed Jan 30 17:57:12 2019: Highest coverage kmer is: AAGGGAACAGGCCGTGCCCGT, with worth: 2 and coverage: 2
Wed Jan 30 17:57:13 2019: Highest coverage kmer is: AAGGGTACCGGTAACGCTCGT, with worth: 2 and coverage: 2
Wed Jan 30 17:57:14 2019: Highest coverage kmer is: AAGTAAGAGGCGGCGGAAGAA, with worth: 2 and coverage: 2
Wed Jan 30 17:57:15 2019: Highest coverage kmer is: AAGTCGTTGGAACAACTTTAT, with worth: 2 and coverage: 2
Wed Jan 30 17:57:16 2019: Highest coverage kmer is: AAGTCTCCTGTGTTTAGAGGT, with worth: 2 and coverage: 2
Wed Jan 30 17:57:17 2019: Highest coverage kmer is: AATTGAGCCAAACGATCATGC, with worth: 2 and coverage: 2
Wed Jan 30 17:57:18 2019: Highest coverage kmer is: ACACATAAATCAAAGGAAAGA, with worth: 2 and coverage: 2
Wed Jan 30 17:57:19 2019: Highest coverage kmer is: ACACGTGGAGAGGTAAGAGGT, with worth: 2 and coverage: 2
Wed Jan 30 17:57:20 2019: Highest coverage kmer is: ACCAGATCTTATTAAAAGAGC, with worth: 2 and coverage: 2
Wed Jan 30 17:57:21 2019: Highest coverage kmer is: ACCATGCCATTTACCTTGATG, with worth: 2 and coverage: 2
Wed Jan 30 17:57:22 2019: Highest coverage kmer is: ACCTACAACCTGGCGATGAAC, with worth: 2 and coverage: 2
Wed Jan 30 17:57:23 2019: Highest coverage kmer is: ACTGGTGGAGCTCGTGCGGGT, with worth: 2 and coverage: 2
Wed Jan 30 17:57:24 2019: Highest coverage kmer is: ATTTGTATGTAAAATCTTATC, with worth: 2 and coverage: 2
Wed Jan 30 17:57:25 2019: Highest coverage kmer is: CAAGAAGGTTCGCCGGCTGGC, with worth: 2 and coverage: 2
Wed Jan 30 17:57:26 2019: Highest coverage kmer is: CAGCGTCAGGGTACAGCTAAA, with worth: 2 and coverage: 2
Wed Jan 30 17:57:27 2019: Highest coverage kmer is: CCCTGGAGGCAGAAAGGCACA, with worth: 2 and coverage: 2
Wed Jan 30 17:57:28 2019: Highest coverage kmer is: CCGAGTTCGGCGGGAAGATCA, with worth: 2 and coverage: 2
Wed Jan 30 17:57:29 2019: Highest coverage kmer is: CCTATCTTCGTTGGTGGTGGT, with worth: 2 and coverage: 2
Wed Jan 30 17:57:30 2019: Highest coverage kmer is: CTGAATGTTTACGACGTGCTG, with worth: 2 and coverage: 2
Wed Jan 30 17:57:31 2019: Highest coverage kmer is: CTGGAAGTACTAGAAAAATTA, with worth: 2 and coverage: 2
Wed Jan 30 17:57:31 2019: Highest coverage kmer is: CTTACAAATGCAAGAGCAGGA, with worth: 2 and coverage: 2
Wed Jan 30 17:57:32 2019: Highest coverage kmer is: CTTTAAGCTGAATAAGAAAGT, with worth: 2 and coverage: 2
Wed Jan 30 17:57:33 2019: Highest coverage kmer is: GATTTAATAAACAATGAAAAA, with worth: 2 and coverage: 2
Wed Jan 30 17:57:34 2019: Highest coverage kmer is: GCGCCAAAAAGGAACCGGGCG, with worth: 2 and coverage: 2
Wed Jan 30 17:57:35 2019: Highest coverage kmer is: GCGCCAGAAGGGAACCGGACG, with worth: 2 and coverage: 2
Wed Jan 30 17:57:36 2019: Highest coverage kmer is: GCGCCAGAAGGGAACGGGTCG, with worth: 2 and coverage: 2
Wed Jan 30 17:57:37 2019: Highest coverage kmer is: GCGTCAAAAGGGTACAGGACG, with worth: 2 and coverage: 2
Wed Jan 30 17:57:38 2019: Highest coverage kmer is: GGGTGGTGTTGTTTTTGGACC, with worth: 2 and coverage: 2
Wed Jan 30 17:57:39 2019: Highest coverage kmer is: GGTACAGCACGTGCAGGTAGC, with worth: 2 and coverage: 2
Wed Jan 30 17:57:40 2019: Highest coverage kmer is: TAAAAACCGTGGTGAAGTTTC, with worth: 2 and coverage: 2
Wed Jan 30 17:57:41 2019: Highest coverage kmer is: TTTTGGTCCTAAACCAAGAAA, with worth: 2 and coverage: 2
Wed Jan 30 17:57:43 2019: Highest coverage kmer is: CTGTTCCTGGCTGCGCGCAAC, with worth: 1 and coverage: 546
Wed Jan 30 17:57:45 2019: Highest coverage kmer is: ACCAGGTGGTCACCGCCCAGC, with worth: 1 and coverage: 365
Wed Jan 30 17:57:47 2019: Highest coverage kmer is: AAAAAGGTACTGGTCGCGCTC, with worth: 1 and coverage: 226
Wed Jan 30 17:57:49 2019: Highest coverage kmer is: GCGCCAGAAAGGTACCGGCCG, with worth: 1 and coverage: 196
Wed Jan 30 17:57:51 2019: Highest coverage kmer is: CTGCCGATCCAGGGCATCAAC, with worth: 1 and coverage: 77
Wed Jan 30 17:57:52 2019: Highest coverage kmer is: AGAAGGGCACCGGTCGCGCCC, with worth: 1 and coverage: 75
Wed Jan 30 17:57:54 2019: Highest coverage kmer is: AAGTTCGCGGTGGTGGTCGTA, with worth: 1 and coverage: 66
Wed Jan 30 17:57:56 2019: Highest coverage kmer is: CAAAAAGGAACAGGTCGTGCA, with worth: 1 and coverage: 62
Wed Jan 30 17:57:58 2019: Highest coverage kmer is: AAAGGAACAGGTCGTGCACGT, with worth: 1 and coverage: 58
Wed Jan 30 17:58:00 2019: Highest coverage kmer is: ACCTTCGCGGCCAAGCCGCGC, with worth: 1 and coverage: 51
Wed Jan 30 17:58:01 2019: Highest coverage kmer is: ACAGCCAGCGCACCCCGAAGA, with worth: 1 and coverage: 49
Wed Jan 30 17:58:03 2019: Highest coverage kmer is: CCGGTGGTGGCAAGAAGCCGT, with worth: 1 and coverage: 44
Wed Jan 30 17:58:05 2019: Highest coverage kmer is: AAAAAGGTACCGGCCGCGCCC, with worth: 1 and coverage: 33
Wed Jan 30 17:58:06 2019: Highest coverage kmer is: TCAACACCTACGACGTGCTCA, with worth: 1 and coverage: 32
Wed Jan 30 17:58:08 2019: Highest coverage kmer is: AAAGGTACAGGTCGTGCTCGT, with worth: 1 and coverage: 31
Wed Jan 30 17:58:10 2019: Highest coverage kmer is: AACAAGAAGATGTATCGCGCT, with worth: 1 and coverage: 31
Wed Jan 30 17:58:12 2019: Highest coverage kmer is: AAAAAGGTACAGGTCGCGCTC, with worth: 1 and coverage: 29
Wed Jan 30 17:58:13 2019: Highest coverage kmer is: AAGAAGCCTTGGAGACAAAAG, with worth: 1 and coverage: 29
Wed Jan 30 17:58:15 2019: Highest coverage kmer is: AAGGGTACTGGTCGTGCCCGT, with worth: 1 and coverage: 29
Wed Jan 30 17:58:17 2019: Highest coverage kmer is: CGGCCCCAAGCCGCGCGACTA, with worth: 1 and coverage: 29
Wed Jan 30 17:58:18 2019: Highest coverage kmer is: AAAAAGCCGTGGCGTCAGAAG, with worth: 1 and coverage: 24
Wed Jan 30 17:58:20 2019: Highest coverage kmer is: AACTGGACGTGCACGTCAAGG, with worth: 1 and coverage: 23
Wed Jan 30 17:58:21 2019: Highest coverage kmer is: ATGGAGACAAAAAGGAACAGG, with worth: 1 and coverage: 23
Wed Jan 30 17:58:23 2019: Highest coverage kmer is: CACCGGTGGCGCACGTCACGG, with worth: 1 and coverage: 22
Wed Jan 30 17:58:25 2019: Highest coverage kmer is: CGCCCGTCAGGGTTCCATCCG, with worth: 1 and coverage: 22
Wed Jan 30 17:58:26 2019: Highest coverage kmer is: CCGGCCGCAAGCCGTTCAAGC, with worth: 1 and coverage: 21
Wed Jan 30 17:58:28 2019: Highest coverage kmer is: CTCGTCCTCAGGATCACTCCC, with worth: 1 and coverage: 21
Wed Jan 30 17:58:29 2019: Highest coverage kmer is: AAGACCCGTGGCGAGGTCCGC, with worth: 1 and coverage: 20
Wed Jan 30 17:58:31 2019: Highest coverage kmer is: ACCCCCAAGAAGATGAAGGCA, with worth: 1 and coverage: 20
Wed Jan 30 17:58:33 2019: Highest coverage kmer is: CCGCGGCGACGTCCGCGGCGG, with worth: 1 and coverage: 20
Wed Jan 30 17:58:34 2019: Highest coverage kmer is: ACTCCACGAAGACTCGTGGCG, with worth: 1 and coverage: 18
Wed Jan 30 17:58:36 2019: Highest coverage kmer is: GTATTTGGTCCTAAACCAAGA, with worth: 1 and coverage: 18
Wed Jan 30 17:58:37 2019: Highest coverage kmer is: CTATCGCCAAAAAGGCACCGG, with worth: 1 and coverage: 17
Wed Jan 30 17:58:39 2019: Highest coverage kmer is: AAGGGCACCGGTCGTGCCCGC, with worth: 1 and coverage: 16
Wed Jan 30 17:58:40 2019: Highest coverage kmer is: GCAGAAGGGTACCGGCCGCGC, with worth: 1 and coverage: 16
Wed Jan 30 17:58:42 2019: Highest coverage kmer is: GTATTTGCACCAAAGCCAAGA, with worth: 1 and coverage: 16
Wed Jan 30 17:58:43 2019: Highest coverage kmer is: AAGGGTACTGGTCGCGCCCGT, with worth: 1 and coverage: 14
Wed Jan 30 17:58:45 2019: Highest coverage kmer is: ACGGCCCGGTGCCGCGCGACT, with worth: 1 and coverage: 14
Wed Jan 30 17:58:46 2019: Highest coverage kmer is: CAGGAAAAGAAACCGGAAGAA, with worth: 1 and coverage: 14
Wed Jan 30 17:58:48 2019: Highest coverage kmer is: AAGCCCTTCAAGCAGAAGGGT, with worth: 1 and coverage: 13
Wed Jan 30 17:58:49 2019: Highest coverage kmer is: AAGGTTGCTTGGCAGCTCCTC, with worth: 1 and coverage: 13
Wed Jan 30 17:58:51 2019: Highest coverage kmer is: ATCTTTGGTATCGAGCCAAAC, with worth: 1 and coverage: 13
Wed Jan 30 17:58:52 2019: Highest coverage kmer is: AAAATGTATCGCGGTGCGATG, with worth: 1 and coverage: 12
Wed Jan 30 17:58:54 2019: Highest coverage kmer is: AAAATTGGCAGGGAGAACAAG, with worth: 1 and coverage: 11
Wed Jan 30 17:58:55 2019: Highest coverage kmer is: ACAAAAAGGAACTGGTAGAGC, with worth: 1 and coverage: 11
Wed Jan 30 17:58:56 2019: Highest coverage kmer is: TGGTGGTGTAACTTTTGCAGC, with worth: 1 and coverage: 11
Wed Jan 30 17:58:58 2019: Highest coverage kmer is: AGAAGGGTACCGGTCGCGCTC, with worth: 1 and coverage: 10
Wed Jan 30 17:58:59 2019: Highest coverage kmer is: CAAACCATGGCGCCAAAAAGG, with worth: 1 and coverage: 10
Wed Jan 30 17:59:01 2019: Highest coverage kmer is: CGCCAAGCGCCGCGCCGGCAC, with worth: 1 and coverage: 10
Wed Jan 30 17:59:02 2019: Highest coverage kmer is: AAAAAACAAAAAGGTACTGGT, with worth: 1 and coverage: 9
Wed Jan 30 17:59:03 2019: Highest coverage kmer is: AAAGGTACCGGTCGCGCCCGT, with worth: 1 and coverage: 9
Wed Jan 30 17:59:05 2019: Highest coverage kmer is: AGCAGCTCGCCAGGGCACCCA, with worth: 1 and coverage: 9
Wed Jan 30 17:59:06 2019: Highest coverage kmer is: CAAAAAGGAACTGGTAACGCT, with worth: 1 and coverage: 9
Wed Jan 30 17:59:08 2019: Highest coverage kmer is: AAAGGTACAGGCCGTGCACGT, with worth: 1 and coverage: 8
Wed Jan 30 17:59:09 2019: Highest coverage kmer is: AAATGGCCAATGCTCGTCAAG, with worth: 1 and coverage: 8
Wed Jan 30 17:59:10 2019: Highest coverage kmer is: ACAAGGTACTCAATCTGCTAA, with worth: 1 and coverage: 8
Wed Jan 30 17:59:12 2019: Highest coverage kmer is: AAAGTTAACCGTAAGATGTAT, with worth: 1 and coverage: 7
Wed Jan 30 17:59:13 2019: Highest coverage kmer is: ACAGGTGCCAAGGTGCAGCTT, with worth: 1 and coverage: 7
Wed Jan 30 17:59:14 2019: Highest coverage kmer is: ACCGTGTGGTCCGTTGGCAGC, with worth: 1 and coverage: 7
Wed Jan 30 17:59:15 2019: Highest coverage kmer is: ACTGGTAGAGCTAGACAAGGT, with worth: 1 and coverage: 7
Wed Jan 30 17:59:17 2019: Highest coverage kmer is: AGAAAGGTACTGGTCGTGCAC, with worth: 1 and coverage: 7
Wed Jan 30 17:59:18 2019: Highest coverage kmer is: CAAAAAGGAACAGGTAGAGCT, with worth: 1 and coverage: 7
Wed Jan 30 17:59:19 2019: Highest coverage kmer is: GCTAAAGAAAGAGCTGAAGTT, with worth: 1 and coverage: 7
Wed Jan 30 17:59:20 2019: Highest coverage kmer is: GGTGGTGGCAAGAAGCCATGG, with worth: 1 and coverage: 7
Wed Jan 30 17:59:22 2019: Highest coverage kmer is: AGCTTGCTAACAAGCGTCAGG, with worth: 1 and coverage: 6
Wed Jan 30 17:59:23 2019: Highest coverage kmer is: CTCGTCGTGGTGATATCAATT, with worth: 1 and coverage: 6
Wed Jan 30 17:59:24 2019: Highest coverage kmer is: CTGTTCGTGGCGGTGGTAAGA, with worth: 1 and coverage: 6
Wed Jan 30 17:59:25 2019: Highest coverage kmer is: GAAACAAAAAGGAACCGGCCG, with worth: 1 and coverage: 6
Wed Jan 30 17:59:27 2019: Highest coverage kmer is: TCGCCAGAAAGGTGGTGGTGG, with worth: 1 and coverage: 6
Wed Jan 30 17:59:28 2019: Highest coverage kmer is: AAAGGTGGTGGTGGCGCACGT, with worth: 1 and coverage: 5
Wed Jan 30 17:59:29 2019: Highest coverage kmer is: AAGATGAACAAGAAAGAGAAG, with worth: 1 and coverage: 5
Wed Jan 30 17:59:30 2019: Highest coverage kmer is: AAGCCATGGAAGCAGAAGGGT, with worth: 1 and coverage: 5
Wed Jan 30 17:59:31 2019: Highest coverage kmer is: AAGGCACAGAAAAACCGCTCT, with worth: 1 and coverage: 5
Wed Jan 30 17:59:32 2019: Highest coverage kmer is: CCTCAATGGGTAGGCGGTGGC, with worth: 1 and coverage: 5
Wed Jan 30 17:59:34 2019: Highest coverage kmer is: CGGCGGCGCACGCCACGGCTC, with worth: 1 and coverage: 5
Wed Jan 30 17:59:35 2019: Highest coverage kmer is: TGGCGCCAAAAAGGCACCGGC, with worth: 1 and coverage: 5
Wed Jan 30 17:59:36 2019: Highest coverage kmer is: AAAATGAACCGCAAAGAGCGC, with worth: 1 and coverage: 4
Wed Jan 30 17:59:37 2019: Highest coverage kmer is: AAGTTTCTGGTGGTGGAAGAA, with worth: 1 and coverage: 4
Wed Jan 30 17:59:38 2019: Highest coverage kmer is: AATTGAACGATTCCGTTTTCG, with worth: 1 and coverage: 4
Wed Jan 30 17:59:39 2019: Highest coverage kmer is: ACTTTTGGTCGTGAGTTTAAC, with worth: 1 and coverage: 4
Wed Jan 30 17:59:40 2019: Highest coverage kmer is: AGGGTTCCATCCGTGCTCCCC, with worth: 1 and coverage: 4
Wed Jan 30 17:59:41 2019: Highest coverage kmer is: ATCTGCTCGCAACATTCCTGG, with worth: 1 and coverage: 4
Wed Jan 30 17:59:42 2019: Highest coverage kmer is: CAAAAGGGTACTGGTCGGGCA, with worth: 1 and coverage: 4
Wed Jan 30 17:59:44 2019: Highest coverage kmer is: CCTCGATCCTCTTCGTGACCA, with worth: 1 and coverage: 4
Wed Jan 30 17:59:45 2019: Highest coverage kmer is: CGGCGCGCTCTGGAACTAAGG, with worth: 1 and coverage: 4
Wed Jan 30 17:59:46 2019: Highest coverage kmer is: GCACCAAAAACTAAAGAATTC, with worth: 1 and coverage: 4
Wed Jan 30 17:59:47 2019: Highest coverage kmer is: GCCCGCAACCTGCCCGGCGTC, with worth: 1 and coverage: 4
Wed Jan 30 17:59:48 2019: Highest coverage kmer is: GGTGGTGGAAGAAAACCATGG, with worth: 1 and coverage: 4
Wed Jan 30 17:59:49 2019: Highest coverage kmer is: GGTGGTGGTAAGAAGCCGTGG, with worth: 1 and coverage: 4
Wed Jan 30 17:59:50 2019: Highest coverage kmer is: TCCTCAATTTAGAGGTGGTGG, with worth: 1 and coverage: 4
Wed Jan 30 17:59:51 2019: Highest coverage kmer is: AAACCTTGGAAGCAAAAAGGA, with worth: 1 and coverage: 3
Wed Jan 30 17:59:52 2019: Highest coverage kmer is: AACCAGAGACAGGGCACACAG, with worth: 1 and coverage: 3
Wed Jan 30 17:59:53 2019: Highest coverage kmer is: AACCTGAAAGCAGACCGCAAA, with worth: 1 and coverage: 3
Wed Jan 30 17:59:54 2019: Highest coverage kmer is: AAGAAACCGTGGCGTCAGAAA, with worth: 1 and coverage: 3
Wed Jan 30 17:59:55 2019: Highest coverage kmer is: AAGACCAAGAGCTTTGTCGCC, with worth: 1 and coverage: 3
Wed Jan 30 17:59:56 2019: Highest coverage kmer is: AAGCCTTGGCGTCAAAAAGGG, with worth: 1 and coverage: 3
Wed Jan 30 17:59:57 2019: Highest coverage kmer is: AAGTATTAGATATCAACGGAA, with worth: 1 and coverage: 3
Wed Jan 30 17:59:58 2019: Highest coverage kmer is: ACCGGTCGTGCGCGCCAGGGT, with worth: 1 and coverage: 3
Wed Jan 30 17:59:58 2019: Highest coverage kmer is: ACCTGGCCAACCAACGTCAGG, with worth: 1 and coverage: 3
Wed Jan 30 17:59:59 2019: Highest coverage kmer is: AGTGGTTCTACTCGCAAACTT, with worth: 1 and coverage: 3
Wed Jan 30 18:00:00 2019: Highest coverage kmer is: ATTCAACGAATCCCTGGTGCA, with worth: 1 and coverage: 3
Wed Jan 30 18:00:01 2019: Highest coverage kmer is: CAAAAAGGGACAGGTAGAGCT, with worth: 1 and coverage: 3
Wed Jan 30 18:00:02 2019: Highest coverage kmer is: CAAGCCCTTCCGTCAGAAGGG, with worth: 1 and coverage: 3
Wed Jan 30 18:00:03 2019: Highest coverage kmer is: CAAGCCTTGGCGTCAAAAGGG, with worth: 1 and coverage: 3
Wed Jan 30 18:00:04 2019: Highest coverage kmer is: CGCCGATCTGGCGTACCGGTG, with worth: 1 and coverage: 3
Wed Jan 30 18:00:05 2019: Highest coverage kmer is: GCGTCAAAAGGGTACCGGTCG, with worth: 1 and coverage: 3
Wed Jan 30 18:00:06 2019: Highest coverage kmer is: GCTAGACAAGGTTCTACAAGA, with worth: 1 and coverage: 3
Wed Jan 30 18:00:06 2019: Highest coverage kmer is: GGAAAAGAAACCGGAAGAAAG, with worth: 1 and coverage: 3
Wed Jan 30 18:00:07 2019: Highest coverage kmer is: GGCGGTGGCCGTAAACCTTGG, with worth: 1 and coverage: 3
Wed Jan 30 18:00:08 2019: Highest coverage kmer is: GGTGGAGGTAAAAAGCCTTGG, with worth: 1 and coverage: 3
Wed Jan 30 18:00:09 2019: Highest coverage kmer is: GGTGGTGGTCGTAAGCCGTGG, with worth: 1 and coverage: 3
Wed Jan 30 18:00:10 2019: Highest coverage kmer is: TCAGCGTCAGGGTACGCACAA, with worth: 1 and coverage: 3
Wed Jan 30 18:00:11 2019: Highest coverage kmer is: AAAAAACCATGGAATCAAAAA, with worth: 1 and coverage: 2
Wed Jan 30 18:00:11 2019: Highest coverage kmer is: AAACCATGGAAACAGAAAGGA, with worth: 1 and coverage: 2
Wed Jan 30 18:00:12 2019: Highest coverage kmer is: AAACCGCCGCGCTCGACCCGA, with worth: 1 and coverage: 2
Wed Jan 30 18:00:13 2019: Highest coverage kmer is: AAACCGTGGCGCCAAAAAGGT, with worth: 1 and coverage: 2
Wed Jan 30 18:00:14 2019: Highest coverage kmer is: AAAGATCAAAAAGCAAAAAGG, with worth: 1 and coverage: 2
Wed Jan 30 18:00:14 2019: Highest coverage kmer is: AAATATCTAGAAGGGATGGCT, with worth: 1 and coverage: 2
Wed Jan 30 18:00:15 2019: Highest coverage kmer is: AACCGCAAAATGTATCGTGCC, with worth: 1 and coverage: 2
Wed Jan 30 18:00:16 2019: Highest coverage kmer is: AACGATCACGCTATCTATTTG, with worth: 1 and coverage: 2
Wed Jan 30 18:00:17 2019: Highest coverage kmer is: AACGTCTATGATATTTTGAAG, with worth: 1 and coverage: 2
Wed Jan 30 18:00:17 2019: Highest coverage kmer is: AAGAAGCTTTGGAAGCAAAAG, with worth: 1 and coverage: 2
Wed Jan 30 18:00:18 2019: Highest coverage kmer is: AAGCAATATTTGGCTAACCAA, with worth: 1 and coverage: 2
Wed Jan 30 18:00:19 2019: Highest coverage kmer is: AAGCATTGGAGGCACGTTTAA, with worth: 1 and coverage: 2
Wed Jan 30 18:00:20 2019: Highest coverage kmer is: AAGCTCTGGAAGCAGAAGGGC, with worth: 1 and coverage: 2
Wed Jan 30 18:00:20 2019: Highest coverage kmer is: AAGTGGTGGTGGTGCGAAGCC, with worth: 1 and coverage: 2
Wed Jan 30 18:00:21 2019: Highest coverage kmer is: AAGTGTCTTGAGAGTAGGTTG, with worth: 1 and coverage: 2
Wed Jan 30 18:00:22 2019: Highest coverage kmer is: AATGCCAAGCCCTATAAGCAG, with worth: 1 and coverage: 2
Wed Jan 30 18:00:22 2019: Highest coverage kmer is: ACACGCTCGTGCTGACGAAGG, with worth: 1 and coverage: 2
Wed Jan 30 18:00:23 2019: Highest coverage kmer is: ACCAAGACCCGTGCAGAAGTC, with worth: 1 and coverage: 2
Wed Jan 30 18:00:24 2019: Highest coverage kmer is: ACCAGGTTGTTGTAGCTCAGC, with worth: 1 and coverage: 2
Wed Jan 30 18:00:24 2019: Highest coverage kmer is: ACCGCATGGTTCGTTACCAGC, with worth: 1 and coverage: 2
Wed Jan 30 18:00:25 2019: Highest coverage kmer is: ACCTCATAAAAAGGGCAGTCA, with worth: 1 and coverage: 2
Wed Jan 30 18:00:25 2019: Highest coverage kmer is: ACGGTTCCAATGCCAAGCCTT, with worth: 1 and coverage: 2
Wed Jan 30 18:00:26 2019: Highest coverage kmer is: ACTCCCAGAAGGTCAACAAAA, with worth: 1 and coverage: 2
Wed Jan 30 18:00:27 2019: Highest coverage kmer is: AGCATCACTTCGCCCGTGTTT, with worth: 1 and coverage: 2
Wed Jan 30 18:00:27 2019: Highest coverage kmer is: AGGACGACTGACCGTCTGGAC, with worth: 1 and coverage: 2
Wed Jan 30 18:00:28 2019: Highest coverage kmer is: AGGGCCGGTAAGGGTAAGATG, with worth: 1 and coverage: 2
Wed Jan 30 18:00:28 2019: Highest coverage kmer is: AGGGTTCGATTCGTGCTCCGC, with worth: 1 and coverage: 2
Wed Jan 30 18:00:29 2019: Highest coverage kmer is: ATTAAAAGAGCTGTAATTTCA, with worth: 1 and coverage: 2
Wed Jan 30 18:00:29 2019: Highest coverage kmer is: ATTTATTGATCACCTAGATCA, with worth: 1 and coverage: 2
Wed Jan 30 18:00:30 2019: Highest coverage kmer is: CAAACCCTGGAGACAGAAAGG, with worth: 1 and coverage: 2
Wed Jan 30 18:00:31 2019: Highest coverage kmer is: CACGTAATATTCCTAATGTAA, with worth: 1 and coverage: 2
Wed Jan 30 18:00:31 2019: Highest coverage kmer is: CAGCACCAAGACGCGCGCCGA, with worth: 1 and coverage: 2
Wed Jan 30 18:00:32 2019: Highest coverage kmer is: CAGCGCCAGGGTACACATAAA, with worth: 1 and coverage: 2
Wed Jan 30 18:00:32 2019: Highest coverage kmer is: CCAAAAAGGGACAGGTCGTGC, with worth: 1 and coverage: 2
Wed Jan 30 18:00:33 2019: Highest coverage kmer is: CCAAAAAGGTGGTGGTGGTGC, with worth: 1 and coverage: 2
Wed Jan 30 18:00:33 2019: Highest coverage kmer is: CCAGAAGGGAACCGGCAACGC, with worth: 1 and coverage: 2
Wed Jan 30 18:00:33 2019: Highest coverage kmer is: CGGCCCGCAACCTGCCCCGGG, with worth: 1 and coverage: 2
Wed Jan 30 18:00:34 2019: Highest coverage kmer is: CGGCGCGCAACATTCCGGGCG, with worth: 1 and coverage: 2
Wed Jan 30 18:00:34 2019: Highest coverage kmer is: CTATCGCCAGAAAGGTACCGG, with worth: 1 and coverage: 2
Wed Jan 30 18:00:35 2019: Highest coverage kmer is: CTTAATGTTTACGATATTCTT, with worth: 1 and coverage: 2
Wed Jan 30 18:00:35 2019: Highest coverage kmer is: GCGCCCTCGACGAAGGCCGCG, with worth: 1 and coverage: 2
Wed Jan 30 18:00:36 2019: Highest coverage kmer is: GCGCGGCGGCGGTCGCAAACC, with worth: 1 and coverage: 2
Wed Jan 30 18:00:36 2019: Highest coverage kmer is: GGGCGGCGGTGTTGCCTTCGG, with worth: 1 and coverage: 2
Wed Jan 30 18:00:36 2019: Highest coverage kmer is: TCGCGTAGCCCCATCTGGCGC, with worth: 1 and coverage: 2
Wed Jan 30 18:00:36 2019: Highest coverage kmer is: AAAAAAACGAAAACCTAGAAA, with worth: 1 and coverage: 1
Wed Jan 30 18:00:37 2019: Highest coverage kmer is: AAAAAAACGCTGGTTCTTCTT, with worth: 1 and coverage: 1
Wed Jan 30 18:00:37 2019: Highest coverage kmer is: AAAAAAACGGCGAGGTTGCTC, with worth: 1 and coverage: 1
Wed Jan 30 18:00:37 2019: Highest coverage kmer is: AAAAAAACTAAGGACGCCCAC, with worth: 1 and coverage: 1
Wed Jan 30 18:00:37 2019: Highest coverage kmer is: AAAAAAAGATAACAATCTCTC, with worth: 1 and coverage: 1
Wed Jan 30 18:00:37 2019: Highest coverage kmer is: AAAAAAAGCCCTATCAGAGTT, with worth: 1 and coverage: 1
Wed Jan 30 18:00:38 2019: Highest coverage kmer is: AAAAAAAGGTGAACAAAAAGA, with worth: 1 and coverage: 1
Wed Jan 30 18:00:38 2019: Highest coverage kmer is: AAAAAAAGGTTTATTCAGTCG, with worth: 1 and coverage: 1
Wed Jan 30 18:00:38 2019: Highest coverage kmer is: AAAAAAAGTTAGAAAGCTTGG, with worth: 1 and coverage: 1
Wed Jan 30 18:00:38 2019: Highest coverage kmer is: AAAAAAAGTTTCTGTTTTAGA, with worth: 1 and coverage: 1
Wed Jan 30 18:00:38 2019: Highest coverage kmer is: AAAAAAATGAAGCGTGCTGCG, with worth: 1 and coverage: 1
Wed Jan 30 18:00:38 2019: Highest coverage kmer is: AAAAAAATTGAACTGCCAGAG, with worth: 1 and coverage: 1
Wed Jan 30 18:00:39 2019: Highest coverage kmer is: AAAAAACATGATTGTTGGTGC, with worth: 1 and coverage: 1
Wed Jan 30 18:00:39 2019: Highest coverage kmer is: AAAAAACTTTATCGTCAGAAA, with worth: 1 and coverage: 1
Wed Jan 30 18:00:39 2019: Highest coverage kmer is: AAAAAAGAAAGAAAGCTAGCA, with worth: 1 and coverage: 1
Wed Jan 30 18:00:39 2019: Highest coverage kmer is: AAAAAAGAAAGGACTTTAGCT, with worth: 1 and coverage: 1
Wed Jan 30 18:00:39 2019: Highest coverage kmer is: AAAAAAGACCAGGGATGCTGT, with worth: 1 and coverage: 1
Wed Jan 30 18:00:39 2019: Highest coverage kmer is: AAAAAAGTAAGACGCCTGGCC, with worth: 1 and coverage: 1
Wed Jan 30 18:00:39 2019: Highest coverage kmer is: AAAAAAGTGAAATCGTTGGCT, with worth: 1 and coverage: 1
Wed Jan 30 18:00:39 2019: Highest coverage kmer is: AAAAAATAGTACACAAAATGC, with worth: 1 and coverage: 1
Wed Jan 30 18:00:40 2019: Highest coverage kmer is: AAAAACAAAAGTTATTGACTT, with worth: 1 and coverage: 1
Wed Jan 30 18:00:40 2019: Highest coverage kmer is: AAAAACATACAGGCAGGGCAA, with worth: 1 and coverage: 1
Wed Jan 30 18:00:40 2019: Highest coverage kmer is: AAAAACCTTGCTGGAGTCGAT, with worth: 1 and coverage: 1
Wed Jan 30 18:00:40 2019: Highest coverage kmer is: AAAAACGAAGGATGCTATAGC, with worth: 1 and coverage: 1
Wed Jan 30 18:00:40 2019: Highest coverage kmer is: AAAAACTCGTGAGATCGTTGA, with worth: 1 and coverage: 1
Wed Jan 30 18:00:40 2019: Highest coverage kmer is: AAAAAGAAGAGCGTTTTGATA, with worth: 1 and coverage: 1
Wed Jan 30 18:00:40 2019: Highest coverage kmer is: AAAAAGACAAGCGAGATTGCC, with worth: 1 and coverage: 1
Wed Jan 30 18:00:40 2019: Highest coverage kmer is: AAAAAGCCCCTTGCAGCCGCA, with worth: 1 and coverage: 1
Wed Jan 30 18:00:40 2019: Highest coverage kmer is: AAAAAGCCCTTCAAGCAGAAA, with worth: 1 and coverage: 1
Wed Jan 30 18:00:40 2019: Highest coverage kmer is: AAAAAGGAACAGGCCGCGCAA, with worth: 1 and coverage: 1
Wed Jan 30 18:00:40 2019: Highest coverage kmer is: AAAAAGGTACAGGTAGGGCAC, with worth: 1 and coverage: 1
Wed Jan 30 18:00:41 2019: Highest coverage kmer is: AAAAAGGTACTGGTAGGGCTA, with worth: 1 and coverage: 1
Wed Jan 30 18:00:41 2019: Highest coverage kmer is: AAAAAGGTTCAGGACGCGCAA, with worth: 1 and coverage: 1
Wed Jan 30 18:00:41 2019: Highest coverage kmer is: AAAAAGTAAACAGGAAAGAAA, with worth: 1 and coverage: 1
Wed Jan 30 18:00:41 2019: Highest coverage kmer is: AAAACACGAGGATTAGGGCTG, with worth: 1 and coverage: 1
Wed Jan 30 18:00:41 2019: Highest coverage kmer is: AAAACGTCTCAAAGGCCAAAG, with worth: 1 and coverage: 1
Wed Jan 30 18:00:41 2019: Highest coverage kmer is: AAAAGAATGGTGGAAATCCTG, with worth: 1 and coverage: 1
Wed Jan 30 18:00:41 2019: Highest coverage kmer is: AAAAGAGCGGCGAGGTAGCGC, with worth: 1 and coverage: 1
Wed Jan 30 18:00:41 2019: Highest coverage kmer is: AAAAGCATACCGGGAGAGCTC, with worth: 1 and coverage: 1
Wed Jan 30 18:00:41 2019: Highest coverage kmer is: AAAAGCGCCCTCATCCTCCTG, with worth: 1 and coverage: 1
Wed Jan 30 18:00:41 2019: Highest coverage kmer is: AAAAGCTACGATCAGGAGAAG, with worth: 1 and coverage: 1
Wed Jan 30 18:00:41 2019: Highest coverage kmer is: AAACAAGAGGGAGAGGAGGCT, with worth: 1 and coverage: 1

Checking output for redundant kmers...

AAAAAAGTTGAGGAGGTGCTC is redundant.
AACGAAGCTCTTGTACACCAA is redundant.
CGTGCTCGTCAAGGTTCTATC is redundant.
GCCGCGTGACTACAGCCAGCG is redundant.
AGAGGTGGAGGAAGAAAACCT is redundant.
AGAAGGGTACCGGCCGCGCTC is redundant.
AAGAAGCCATGGAAGCAGAAG is redundant.
GACATCCTGCACCGCATGGTG is redundant.
AGAAGGTGAACCGCAAGATGT is redundant.
There are 574 21-mers in the representative list.
It took 41 minutes and 18 seconds to generate a list from 8000 sequences.
