Generating 21-mers
...

All 21-mers generated!

Wed Jan 30 17:19:34 2019: Highest coverage kmer is: GTTGAGGAGATGCTGGCATGA, with worth: 1190 and coverage: 1190
Wed Jan 30 17:19:46 2019: Highest coverage kmer is: AAAAAAGTTGAGGAGGTGCTC, with worth: 875 and coverage: 875
Wed Jan 30 17:19:55 2019: Highest coverage kmer is: AAACCATGGCGTCAAAAAGGA, with worth: 491 and coverage: 491
Wed Jan 30 17:20:02 2019: Highest coverage kmer is: GCCGCGCGACTACAGCCAGCG, with worth: 448 and coverage: 448
Wed Jan 30 17:20:10 2019: Highest coverage kmer is: TTCGAGGAGCTGCTGGGATGA, with worth: 273 and coverage: 273
Wed Jan 30 17:20:20 2019: Highest coverage kmer is: AGAAGGGCACCGGCCGCGCCC, with worth: 270 and coverage: 315
Wed Jan 30 17:20:29 2019: Highest coverage kmer is: AACGAAGCTCTTGTACACCAA, with worth: 256 and coverage: 306
Wed Jan 30 17:20:35 2019: Highest coverage kmer is: AAGGGTACGGGCCGCGCTCGT, with worth: 214 and coverage: 214
Wed Jan 30 17:20:44 2019: Highest coverage kmer is: CAGCGCACCCCCAAGAAGATG, with worth: 195 and coverage: 254
Wed Jan 30 17:20:53 2019: Highest coverage kmer is: AAACCATGGCGTCAAAAAGGT, with worth: 163 and coverage: 167
Wed Jan 30 17:21:02 2019: Highest coverage kmer is: TCAACAAGAAGATGTACCGCG, with worth: 123 and coverage: 183
Wed Jan 30 17:21:10 2019: Highest coverage kmer is: CCCGAAGAAGATGAAGGCCGC, with worth: 86 and coverage: 198
Wed Jan 30 17:21:15 2019: Highest coverage kmer is: AAACCTTGGAGACAAAAAGGT, with worth: 84 and coverage: 84
Wed Jan 30 17:21:19 2019: Highest coverage kmer is: AAACCTTGGCGTCAAAAAGGT, with worth: 80 and coverage: 80
Wed Jan 30 17:21:26 2019: Highest coverage kmer is: AGAAGGGTACGGGCCGCGCCC, with worth: 78 and coverage: 86
Wed Jan 30 17:21:31 2019: Highest coverage kmer is: AGAAGGTCAACCGCAAGATGT, with worth: 71 and coverage: 72
Wed Jan 30 17:21:35 2019: Highest coverage kmer is: AAGGCCATCGTTTTAGACAGC, with worth: 69 and coverage: 69
Wed Jan 30 17:21:40 2019: Highest coverage kmer is: GTAGAGGAGGTGCTTGCATAA, with worth: 68 and coverage: 181
Wed Jan 30 17:21:44 2019: Highest coverage kmer is: AAAGCACAGAAGTATTCTAAA, with worth: 68 and coverage: 68
Wed Jan 30 17:21:52 2019: Highest coverage kmer is: GTACAAGCAGAAGGGCACCGG, with worth: 65 and coverage: 94
Wed Jan 30 17:21:59 2019: Highest coverage kmer is: CCACAATGGCGTGGTGGTGGT, with worth: 59 and coverage: 310
Wed Jan 30 17:22:04 2019: Highest coverage kmer is: GAAGCCGTGGCGCCAGAAGGG, with worth: 58 and coverage: 166
Wed Jan 30 17:22:08 2019: Highest coverage kmer is: AACAGGTAGAGCAAGACAAGG, with worth: 57 and coverage: 57
Wed Jan 30 17:22:14 2019: Highest coverage kmer is: CTACTCGACCAAGAAGATCTA, with worth: 51 and coverage: 51
Wed Jan 30 17:22:21 2019: Highest coverage kmer is: GCCGCGTGACTACAGCCAGCG, with worth: 47 and coverage: 96
Wed Jan 30 17:22:28 2019: Highest coverage kmer is: AAAGGTACTGGCCGTGCACGT, with worth: 46 and coverage: 113
Wed Jan 30 17:22:33 2019: Highest coverage kmer is: ATCGAGGAGGTGTACGCATAA, with worth: 46 and coverage: 46
Wed Jan 30 17:22:37 2019: Highest coverage kmer is: AAATAAAAATGTATATTTGTC, with worth: 45 and coverage: 45
Wed Jan 30 17:22:43 2019: Highest coverage kmer is: CAGCGCACCCCGAAGAAGATG, with worth: 43 and coverage: 142
Wed Jan 30 17:22:50 2019: Highest coverage kmer is: AAGCCATGGCGCCAAAAAGGT, with worth: 39 and coverage: 47
Wed Jan 30 17:22:57 2019: Highest coverage kmer is: AAAATTGAGGTAGAACTCGGA, with worth: 38 and coverage: 215
Wed Jan 30 17:23:01 2019: Highest coverage kmer is: GGTCGTGCTCGTCAAGGTTCT, with worth: 37 and coverage: 57
Wed Jan 30 17:23:04 2019: Highest coverage kmer is: AAGAAGTTCGGTCGCCAGAAG, with worth: 37 and coverage: 37
Wed Jan 30 17:23:10 2019: Highest coverage kmer is: AAATAAAAACGTATATTTGTC, with worth: 36 and coverage: 36
Wed Jan 30 17:23:16 2019: Highest coverage kmer is: GTTCAGAAGGTAGAGGAGGTG, with worth: 35 and coverage: 35
Wed Jan 30 17:23:23 2019: Highest coverage kmer is: GTCGAGGAGTGGCTGGCATGA, with worth: 31 and coverage: 69
Wed Jan 30 17:23:29 2019: Highest coverage kmer is: TGGCGTCAAAAGGGTACTGGT, with worth: 31 and coverage: 39
Wed Jan 30 17:23:33 2019: Highest coverage kmer is: AAATAATAATGTATATTTGTC, with worth: 31 and coverage: 31
Wed Jan 30 17:23:39 2019: Highest coverage kmer is: AAGCCGTGGCGTCAGAAGGGT, with worth: 30 and coverage: 53
Wed Jan 30 17:23:43 2019: Highest coverage kmer is: ATTGAGGAGGTGCTTGCATAA, with worth: 28 and coverage: 152
Wed Jan 30 17:23:48 2019: Highest coverage kmer is: ATTGAGGAGGTGTACGCATAA, with worth: 27 and coverage: 32
Wed Jan 30 17:23:51 2019: Highest coverage kmer is: AGTATTAAATACATCAGGAAA, with worth: 27 and coverage: 27
Wed Jan 30 17:23:57 2019: Highest coverage kmer is: AAGCCGTACCGCCAGAAGGGC, with worth: 25 and coverage: 217
Wed Jan 30 17:24:03 2019: Highest coverage kmer is: AAACCTTGGAAACAAAAAGGT, with worth: 22 and coverage: 34
Wed Jan 30 17:24:08 2019: Highest coverage kmer is: ATTGAGGAGGTGTATGCATAA, with worth: 22 and coverage: 33
Wed Jan 30 17:24:14 2019: Highest coverage kmer is: AAAGCCATGGCGTCAAAAAGG, with worth: 22 and coverage: 29
Wed Jan 30 17:24:19 2019: Highest coverage kmer is: AAAATTCAGGAGGTCTACAGT, with worth: 22 and coverage: 27
Wed Jan 30 17:24:25 2019: Highest coverage kmer is: GGCGCCAACGTCTACGACATC, with worth: 21 and coverage: 30
Wed Jan 30 17:24:28 2019: Highest coverage kmer is: AAAAAGCCTTTTAGACAAAAA, with worth: 21 and coverage: 21
Wed Jan 30 17:24:34 2019: Highest coverage kmer is: CCAGCTCAACACCTACGACGT, with worth: 20 and coverage: 128
Wed Jan 30 17:24:39 2019: Highest coverage kmer is: AATATGGAAGGCAAAGAAGTT, with worth: 20 and coverage: 26
Wed Jan 30 17:24:42 2019: Highest coverage kmer is: AAAAAGTTAATAAAAAACAAA, with worth: 19 and coverage: 19
Wed Jan 30 17:24:47 2019: Highest coverage kmer is: CAAGAAGATCTATCGCCAGAA, with worth: 18 and coverage: 44
Wed Jan 30 17:24:53 2019: Highest coverage kmer is: AGAAGGGCACCGGTCGTGCCC, with worth: 18 and coverage: 39
Wed Jan 30 17:24:58 2019: Highest coverage kmer is: ATGGCGCCAAAAAGGAACTGG, with worth: 18 and coverage: 36
Wed Jan 30 17:25:04 2019: Highest coverage kmer is: GGTGGTAAGAAGCCATGGCGT, with worth: 17 and coverage: 31
Wed Jan 30 17:25:09 2019: Highest coverage kmer is: AGGGCATCAACGTCTACGACA, with worth: 15 and coverage: 60
Wed Jan 30 17:25:14 2019: Highest coverage kmer is: TAATAAAAAAATGTACAAACG, with worth: 15 and coverage: 16
Wed Jan 30 17:25:20 2019: Highest coverage kmer is: CAGCGCACGCCCAAGAAGATG, with worth: 14 and coverage: 69
Wed Jan 30 17:25:24 2019: Highest coverage kmer is: TGAACAAGAAGATGTACCGCG, with worth: 14 and coverage: 67
Wed Jan 30 17:25:29 2019: Highest coverage kmer is: CGCCCGTCAGGGTTCGATCCG, with worth: 14 and coverage: 28
Wed Jan 30 17:25:34 2019: Highest coverage kmer is: CGTCAGAAGGGCACCGGCCGT, with worth: 14 and coverage: 19
Wed Jan 30 17:25:38 2019: Highest coverage kmer is: AGAGGTGGAGGAAGAAAACCT, with worth: 14 and coverage: 15
Wed Jan 30 17:25:40 2019: Highest coverage kmer is: AAAACTAAAACAGTATCAGAA, with worth: 14 and coverage: 14
Wed Jan 30 17:25:43 2019: Highest coverage kmer is: CGGTGCTCGTCGTGGTGATAT, with worth: 14 and coverage: 14
Wed Jan 30 17:25:48 2019: Highest coverage kmer is: ATGTACCGTGCCGGTATGGCG, with worth: 13 and coverage: 75
Wed Jan 30 17:25:51 2019: Highest coverage kmer is: CTGGCAGCTGGCCAAGCGCCG, with worth: 13 and coverage: 20
Wed Jan 30 17:25:55 2019: Highest coverage kmer is: AAAACCATGGAGACAAAAAGG, with worth: 13 and coverage: 19
Wed Jan 30 17:25:58 2019: Highest coverage kmer is: CGTCGTCTCCGACGACTTCGA, with worth: 13 and coverage: 13
Wed Jan 30 17:26:02 2019: Highest coverage kmer is: TTGGAAGCAAAAGGGTACTGG, with worth: 13 and coverage: 13
Wed Jan 30 17:26:07 2019: Highest coverage kmer is: AAAGGAACTGGACGTGCTCGT, with worth: 12 and coverage: 215
Wed Jan 30 17:26:12 2019: Highest coverage kmer is: AAGATGTACAAGCAGAAGGGT, with worth: 12 and coverage: 195
Wed Jan 30 17:26:17 2019: Highest coverage kmer is: TCAACAAGAAGATGTATCGCG, with worth: 12 and coverage: 95
Wed Jan 30 17:26:22 2019: Highest coverage kmer is: ATGACATCCTCAAGCGTGACA, with worth: 12 and coverage: 32
Wed Jan 30 17:26:26 2019: Highest coverage kmer is: AAAGCCTTGGAGACAAAAAGG, with worth: 12 and coverage: 16
Wed Jan 30 17:26:31 2019: Highest coverage kmer is: AGAAGGGTACCGGCCGCGCTC, with worth: 11 and coverage: 43
Wed Jan 30 17:26:36 2019: Highest coverage kmer is: TGGCGCCAGAAGGGCACCGGC, with worth: 11 and coverage: 43
Wed Jan 30 17:26:40 2019: Highest coverage kmer is: CGTAAGATTAAAAAACAAAAA, with worth: 11 and coverage: 28
Wed Jan 30 17:26:44 2019: Highest coverage kmer is: AAGCCTTGGAAACAAAAAGGT, with worth: 11 and coverage: 25
Wed Jan 30 17:26:49 2019: Highest coverage kmer is: ATGGAATTGGTATTGAAAGAC, with worth: 11 and coverage: 24
Wed Jan 30 17:26:53 2019: Highest coverage kmer is: CAGCGCACCCCTAAGAAGATG, with worth: 11 and coverage: 24
Wed Jan 30 17:26:57 2019: Highest coverage kmer is: AACGTCTATGACATCCTGAAG, with worth: 11 and coverage: 23
Wed Jan 30 17:27:02 2019: Highest coverage kmer is: ATCGAGGAGTGGCTGGCATGA, with worth: 11 and coverage: 19
Wed Jan 30 17:27:06 2019: Highest coverage kmer is: GCGTCAAAAAGGCACAGGTCG, with worth: 11 and coverage: 12
Wed Jan 30 17:27:08 2019: Highest coverage kmer is: AAAGAAACAGGTGCCAAGGTG, with worth: 11 and coverage: 11
Wed Jan 30 17:27:11 2019: Highest coverage kmer is: AAAGCCTTGGAAGCAAAAAGG, with worth: 11 and coverage: 11
Wed Jan 30 17:27:13 2019: Highest coverage kmer is: CTCTTGAGGAGCGTTTTAAAT, with worth: 11 and coverage: 11
Wed Jan 30 17:27:17 2019: Highest coverage kmer is: AAGCCATGGCGTCAAAAAGGT, with worth: 10 and coverage: 171
Wed Jan 30 17:27:21 2019: Highest coverage kmer is: ATGAAAGTAGCAGTTTTAGAT, with worth: 10 and coverage: 22
Wed Jan 30 17:27:25 2019: Highest coverage kmer is: ATCAGCTCAACACCTACGATG, with worth: 10 and coverage: 19
Wed Jan 30 17:27:29 2019: Highest coverage kmer is: AAACCATGGCGTCAAAAAGGG, with worth: 10 and coverage: 14
Wed Jan 30 17:27:33 2019: Highest coverage kmer is: CGCACCGGCAAGAAGTTCGGC, with worth: 10 and coverage: 13
Wed Jan 30 17:27:37 2019: Highest coverage kmer is: CTGTCTCCGAAACTACTTTTG, with worth: 10 and coverage: 11
Wed Jan 30 17:27:41 2019: Highest coverage kmer is: CAAAAAGGAACAGGTCGTGCT, with worth: 9 and coverage: 833
Wed Jan 30 17:27:46 2019: Highest coverage kmer is: TCAAAAAGGAACTGGTCGTGC, with worth: 9 and coverage: 93
Wed Jan 30 17:27:50 2019: Highest coverage kmer is: CCGGCGGCGGCAAGAAGCCGT, with worth: 9 and coverage: 56
Wed Jan 30 17:27:54 2019: Highest coverage kmer is: AACGTCTATGACATCCTGCGC, with worth: 9 and coverage: 26
Wed Jan 30 17:27:57 2019: Highest coverage kmer is: GGCGGCGGCAAGAAGCCCTGG, with worth: 9 and coverage: 17
Wed Jan 30 17:28:01 2019: Highest coverage kmer is: AAATAATAACGTATATTTGTC, with worth: 9 and coverage: 11
Wed Jan 30 17:28:04 2019: Highest coverage kmer is: AAACCTTGAAAACAAAAAGGT, with worth: 9 and coverage: 9
Wed Jan 30 17:28:07 2019: Highest coverage kmer is: CCGCAGTTCCGCGGCGGCGGC, with worth: 8 and coverage: 97
Wed Jan 30 17:28:11 2019: Highest coverage kmer is: CGCCGACATCCTGCACCGCGT, with worth: 8 and coverage: 42
Wed Jan 30 17:28:15 2019: Highest coverage kmer is: CTCTTTCTCAAGTAGAGGAGG, with worth: 8 and coverage: 36
Wed Jan 30 17:28:18 2019: Highest coverage kmer is: AAGAAGCCTTGGAGACAAAAG, with worth: 8 and coverage: 28
Wed Jan 30 17:28:22 2019: Highest coverage kmer is: AGTAAGCGGTGGTGGTAAAAA, with worth: 8 and coverage: 28
Wed Jan 30 17:28:25 2019: Highest coverage kmer is: TTCGAGGAGAAGCTGGCATGA, with worth: 8 and coverage: 21
Wed Jan 30 17:28:29 2019: Highest coverage kmer is: CAACATCCCGAACATCGACGT, with worth: 8 and coverage: 15
Wed Jan 30 17:28:33 2019: Highest coverage kmer is: ATGGATATTAACGTATTAGAT, with worth: 8 and coverage: 12
Wed Jan 30 17:28:36 2019: Highest coverage kmer is: AAAACCTTGAAGACAAAAAGG, with worth: 8 and coverage: 11
Wed Jan 30 17:28:40 2019: Highest coverage kmer is: ATCGAGGAGGTGTATGCATAA, with worth: 8 and coverage: 11
Wed Jan 30 17:28:43 2019: Highest coverage kmer is: GTGGTGGTGGTAAGAAGCCTT, with worth: 8 and coverage: 11
Wed Jan 30 17:28:46 2019: Highest coverage kmer is: TAAAGGTGAAGATACCGGAAG, with worth: 8 and coverage: 10
Wed Jan 30 17:28:48 2019: Highest coverage kmer is: AACTTCCAGCTATTTTTAATG, with worth: 8 and coverage: 8
Wed Jan 30 17:28:50 2019: Highest coverage kmer is: AAGCCATGGAGACAAAAAGGT, with worth: 8 and coverage: 8
Wed Jan 30 17:28:52 2019: Highest coverage kmer is: CTGAAGGAGCGCCTGGCATGA, with worth: 8 and coverage: 8
Wed Jan 30 17:28:56 2019: Highest coverage kmer is: CTCAAGGAGATGTTCGCATGA, with worth: 7 and coverage: 58
Wed Jan 30 17:28:59 2019: Highest coverage kmer is: ATGGCGTCAGAAGGGTACTGG, with worth: 7 and coverage: 44
Wed Jan 30 17:29:03 2019: Highest coverage kmer is: AAACAAAAAGGTACTGGTGGT, with worth: 7 and coverage: 11
Wed Jan 30 17:29:06 2019: Highest coverage kmer is: CAAGCCCTGGCGCCAGAAGGG, with worth: 7 and coverage: 9
Wed Jan 30 17:29:09 2019: Highest coverage kmer is: CGAGGAGGTGGCCGACCGATG, with worth: 7 and coverage: 8
Wed Jan 30 17:29:11 2019: Highest coverage kmer is: AAGCCTTATAGGCAGAAGCAT, with worth: 7 and coverage: 7
Wed Jan 30 17:29:12 2019: Highest coverage kmer is: ACTACAGCTACACCCTGCCCA, with worth: 7 and coverage: 7
Wed Jan 30 17:29:14 2019: Highest coverage kmer is: AGAAGCTGAACAAGAAAATGT, with worth: 7 and coverage: 7
Wed Jan 30 17:29:18 2019: Highest coverage kmer is: CCAGCTGAACACCTACGACGT, with worth: 6 and coverage: 80
Wed Jan 30 17:29:21 2019: Highest coverage kmer is: ATCGAGGAGATGCTGGGATGA, with worth: 6 and coverage: 21
Wed Jan 30 17:29:24 2019: Highest coverage kmer is: AAAGCAGGGGAGGTGCTTGCA, with worth: 6 and coverage: 19
Wed Jan 30 17:29:28 2019: Highest coverage kmer is: AAAGCCTTGGAGACAGAAGGG, with worth: 6 and coverage: 18
Wed Jan 30 17:29:31 2019: Highest coverage kmer is: AAAAGGGTACAGGTCGTGCTC, with worth: 6 and coverage: 11
Wed Jan 30 17:29:34 2019: Highest coverage kmer is: GGTGGTGGTCGTGTATTCGGT, with worth: 6 and coverage: 11
Wed Jan 30 17:29:37 2019: Highest coverage kmer is: AGATATTACAGGAAAAGATAC, with worth: 6 and coverage: 10
Wed Jan 30 17:29:40 2019: Highest coverage kmer is: CGCGCGTGGTGCACTGGCAGC, with worth: 6 and coverage: 8
Wed Jan 30 17:29:43 2019: Highest coverage kmer is: AACGAGCCTCTGGTTCATCAG, with worth: 6 and coverage: 7
Wed Jan 30 17:29:46 2019: Highest coverage kmer is: CTACGGTGCCGACGAGTTCGC, with worth: 6 and coverage: 7
Wed Jan 30 17:29:48 2019: Highest coverage kmer is: AAAAAACCATGAAGACAAAAA, with worth: 6 and coverage: 6
Wed Jan 30 17:29:51 2019: Highest coverage kmer is: AACCATCCAGGAGGTCTACGG, with worth: 6 and coverage: 6
Wed Jan 30 17:29:53 2019: Highest coverage kmer is: ACCGGAAGAGCAAGACACGGT, with worth: 6 and coverage: 6
Wed Jan 30 17:29:56 2019: Highest coverage kmer is: ATGGAAAAGAAAGTCTATTCA, with worth: 6 and coverage: 6
Wed Jan 30 17:29:59 2019: Highest coverage kmer is: CAAGAAGATGATCGCCGCGGC, with worth: 5 and coverage: 376
Wed Jan 30 17:30:02 2019: Highest coverage kmer is: CGGTGGTCGGATTTTCCCGAA, with worth: 5 and coverage: 74
Wed Jan 30 17:30:06 2019: Highest coverage kmer is: ATCTTCCCGAATTCGCCGGAA, with worth: 5 and coverage: 54
Wed Jan 30 17:30:09 2019: Highest coverage kmer is: TGGAGACAAAAAGGAACAGGT, with worth: 5 and coverage: 26
Wed Jan 30 17:30:12 2019: Highest coverage kmer is: CAAGCCATGGCGCCAAAAAGG, with worth: 5 and coverage: 20
Wed Jan 30 17:30:15 2019: Highest coverage kmer is: GGTCGCAAACCTTGGCGGCAA, with worth: 5 and coverage: 18
Wed Jan 30 17:30:18 2019: Highest coverage kmer is: GCACCAAAGCCAAGAGATTAT, with worth: 5 and coverage: 16
Wed Jan 30 17:30:21 2019: Highest coverage kmer is: AAATCAAAAGAAAGAAGCGAA, with worth: 5 and coverage: 14
Wed Jan 30 17:30:24 2019: Highest coverage kmer is: ACAAAAAGGAACTGGTCGTGC, with worth: 5 and coverage: 14
Wed Jan 30 17:30:27 2019: Highest coverage kmer is: TGGAGACAGAAAGGAACAGGT, with worth: 5 and coverage: 11
Wed Jan 30 17:30:30 2019: Highest coverage kmer is: AGAGGTGGAGGAAGAAAGCCT, with worth: 5 and coverage: 9
Wed Jan 30 17:30:33 2019: Highest coverage kmer is: AACTTGAGGAGCAATGGGTAT, with worth: 5 and coverage: 8
Wed Jan 30 17:30:36 2019: Highest coverage kmer is: AGGTTCGCGGCGGTGGCCGTA, with worth: 5 and coverage: 8
Wed Jan 30 17:30:39 2019: Highest coverage kmer is: GAATAAAAATGTATATTTGTC, with worth: 5 and coverage: 8
Wed Jan 30 17:30:42 2019: Highest coverage kmer is: AAGCTCGTCCTGACCAAGGCA, with worth: 5 and coverage: 7
Wed Jan 30 17:30:45 2019: Highest coverage kmer is: CCGCCCGCAACCTCGCGGGCG, with worth: 5 and coverage: 7
Wed Jan 30 17:30:47 2019: Highest coverage kmer is: AGCCCGAAGACCAAGGAATTC, with worth: 5 and coverage: 6
Wed Jan 30 17:30:50 2019: Highest coverage kmer is: CCTTGGCGTCAAAAAGGAACA, with worth: 5 and coverage: 6
Wed Jan 30 17:30:53 2019: Highest coverage kmer is: CTGACGAGATCTTTGGTCTCG, with worth: 5 and coverage: 6
Wed Jan 30 17:30:54 2019: Highest coverage kmer is: AAAAACCATAGACCTTACAGG, with worth: 5 and coverage: 5
Wed Jan 30 17:30:56 2019: Highest coverage kmer is: AAAAAGATCGAGGAATGGTTG, with worth: 5 and coverage: 5
Wed Jan 30 17:30:57 2019: Highest coverage kmer is: AAAAATTGGCAAGGGGAAGAA, with worth: 5 and coverage: 5
Wed Jan 30 17:30:58 2019: Highest coverage kmer is: AAAACCTTGGAGACAAAAGGG, with worth: 5 and coverage: 5
Wed Jan 30 17:31:00 2019: Highest coverage kmer is: AAGAAGCTGTGGAAGCAGAAG, with worth: 5 and coverage: 5
Wed Jan 30 17:31:01 2019: Highest coverage kmer is: ACTCGCATGGCAATCCGCTCG, with worth: 5 and coverage: 5
Wed Jan 30 17:31:03 2019: Highest coverage kmer is: ATGGAAGTAATCGTATATAAC, with worth: 5 and coverage: 5
Wed Jan 30 17:31:04 2019: Highest coverage kmer is: CAAAGGCGAAGACACCGGCCG, with worth: 5 and coverage: 5
Wed Jan 30 17:31:06 2019: Highest coverage kmer is: CTACACCCTGCCCCGCAAGGT, with worth: 5 and coverage: 5
Wed Jan 30 17:31:07 2019: Highest coverage kmer is: TCAAAAAGGTGGCGGTAGAGC, with worth: 5 and coverage: 5
Wed Jan 30 17:31:10 2019: Highest coverage kmer is: AGCGGACCCCGAAGAAGATGA, with worth: 4 and coverage: 183
Wed Jan 30 17:31:12 2019: Highest coverage kmer is: CTTGAGGAGCGTTTCAAATGA, with worth: 4 and coverage: 76
Wed Jan 30 17:31:15 2019: Highest coverage kmer is: GGCGTCAGAAGGGCACCGGTC, with worth: 4 and coverage: 60
Wed Jan 30 17:31:18 2019: Highest coverage kmer is: GCTCGTCAGGGCTCGATCCGC, with worth: 4 and coverage: 48
Wed Jan 30 17:31:20 2019: Highest coverage kmer is: AAACCTTGGAAACAAAAAGGA, with worth: 4 and coverage: 46
Wed Jan 30 17:31:23 2019: Highest coverage kmer is: CTGGAGGCTCGCCTGAAATGA, with worth: 4 and coverage: 37
Wed Jan 30 17:31:25 2019: Highest coverage kmer is: CTGATCATCGACGGCGCCGAG, with worth: 4 and coverage: 34
Wed Jan 30 17:31:28 2019: Highest coverage kmer is: TATCGCCAGAAGGGCACCGGC, with worth: 4 and coverage: 28
Wed Jan 30 17:31:31 2019: Highest coverage kmer is: AAGAAGCCATGGAAGCAGAAG, with worth: 4 and coverage: 14
Wed Jan 30 17:31:33 2019: Highest coverage kmer is: AAGCCCTGGCGCCAGAAAGGC, with worth: 4 and coverage: 9
Wed Jan 30 17:31:36 2019: Highest coverage kmer is: AGAAGGTGAACCGCAAGATGT, with worth: 4 and coverage: 9
Wed Jan 30 17:31:38 2019: Highest coverage kmer is: ATGGCAGTTTTAAACATATAT, with worth: 4 and coverage: 9
Wed Jan 30 17:31:41 2019: Highest coverage kmer is: TAAGCCTTGGAGACAAAAAGG, with worth: 4 and coverage: 9
Wed Jan 30 17:31:43 2019: Highest coverage kmer is: AAGCCTTGGCGTCAAAAAGGT, with worth: 4 and coverage: 8
Wed Jan 30 17:31:45 2019: Highest coverage kmer is: GCGAACGTCTACGACATCCTG, with worth: 4 and coverage: 7
Wed Jan 30 17:31:48 2019: Highest coverage kmer is: AAGGTCAATCGCAAGATGTAT, with worth: 4 and coverage: 6
Wed Jan 30 17:31:50 2019: Highest coverage kmer is: ATTGATGAAAAAACTTATTTA, with worth: 4 and coverage: 6
Wed Jan 30 17:31:53 2019: Highest coverage kmer is: CACCGCCAGCACCAAGACCCG, with worth: 4 and coverage: 6
Wed Jan 30 17:31:55 2019: Highest coverage kmer is: AAAAATTGGCAAGGAGAGCAA, with worth: 4 and coverage: 5
Wed Jan 30 17:31:57 2019: Highest coverage kmer is: ACAAAAAGGTACTGGTAATGC, with worth: 4 and coverage: 5
Wed Jan 30 17:32:00 2019: Highest coverage kmer is: AGCCAAATGATCACGCTATCT, with worth: 4 and coverage: 5
Wed Jan 30 17:32:02 2019: Highest coverage kmer is: CGGCGGCAAAAAGCCGTGGCG, with worth: 4 and coverage: 5
Wed Jan 30 17:32:03 2019: Highest coverage kmer is: TCAGCGTCAGGGTACGCACAA, with worth: 4 and coverage: 5
Wed Jan 30 17:32:05 2019: Highest coverage kmer is: AAAAATTGAGTATTTTGCATG, with worth: 4 and coverage: 4
Wed Jan 30 17:32:06 2019: Highest coverage kmer is: AAAGCACAGAAGTACTCAAAA, with worth: 4 and coverage: 4
Wed Jan 30 17:32:07 2019: Highest coverage kmer is: AAAGCAGTACATGGCCAACCA, with worth: 4 and coverage: 4
Wed Jan 30 17:32:08 2019: Highest coverage kmer is: AAAGGTACTGGTAATGCACGT, with worth: 4 and coverage: 4
Wed Jan 30 17:32:09 2019: Highest coverage kmer is: AAAGGTGGTGGTACCATCTTC, with worth: 4 and coverage: 4
Wed Jan 30 17:32:10 2019: Highest coverage kmer is: AAGGTCGAGAAGATAATCTGG, with worth: 4 and coverage: 4
Wed Jan 30 17:32:12 2019: Highest coverage kmer is: AGGGCTGGAAAGGGCAAAATG, with worth: 4 and coverage: 4
Wed Jan 30 17:32:13 2019: Highest coverage kmer is: ATACAAGGGTGGTGGTACCAT, with worth: 4 and coverage: 4
Wed Jan 30 17:32:14 2019: Highest coverage kmer is: ATCAAAATTTGATTTTTCAGG, with worth: 4 and coverage: 4
Wed Jan 30 17:32:15 2019: Highest coverage kmer is: ATCGCCAAAAAGGCACAGGTG, with worth: 4 and coverage: 4
Wed Jan 30 17:32:16 2019: Highest coverage kmer is: ATGCCTAAAGTAGCTTTATAT, with worth: 4 and coverage: 4
Wed Jan 30 17:32:17 2019: Highest coverage kmer is: CCGAAGACGAAAGAAGTCGTC, with worth: 4 and coverage: 4
Wed Jan 30 17:32:19 2019: Highest coverage kmer is: CTCAAAAAGGTACTGGTAACG, with worth: 4 and coverage: 4
Wed Jan 30 17:32:22 2019: Highest coverage kmer is: AAACTTCCTAAAAAAGTTCGT, with worth: 3 and coverage: 144
Wed Jan 30 17:32:24 2019: Highest coverage kmer is: TCAAAAAGGTACTGGCCGTGC, with worth: 3 and coverage: 134
Wed Jan 30 17:32:26 2019: Highest coverage kmer is: GAAGATGTACAAGCAGAAGGG, with worth: 3 and coverage: 73
Wed Jan 30 17:32:28 2019: Highest coverage kmer is: ACTGGCCGTGCTCGTGCTGGT, with worth: 3 and coverage: 48
Wed Jan 30 17:32:31 2019: Highest coverage kmer is: TCAGCTCAACACCTACGACGT, with worth: 3 and coverage: 48
Wed Jan 30 17:32:33 2019: Highest coverage kmer is: AACCTGTACAAGGTTGACGTA, with worth: 3 and coverage: 29
Wed Jan 30 17:32:35 2019: Highest coverage kmer is: TGGTAAAAAACCATGGCGTCA, with worth: 3 and coverage: 29
Wed Jan 30 17:32:37 2019: Highest coverage kmer is: AAGGGCACCGGCCGTGCCCGC, with worth: 3 and coverage: 23
Wed Jan 30 17:32:39 2019: Highest coverage kmer is: ACAGTCAAAAAGTTAATAAAA, with worth: 3 and coverage: 22
Wed Jan 30 17:32:41 2019: Highest coverage kmer is: TTCGGTCGTGAATACAACGAA, with worth: 3 and coverage: 20
Wed Jan 30 17:32:44 2019: Highest coverage kmer is: CGTGCCCGTCAAGGTTCTATC, with worth: 3 and coverage: 18
Wed Jan 30 17:32:46 2019: Highest coverage kmer is: CCGTTCACCACAATGGGTTGG, with worth: 3 and coverage: 17
Wed Jan 30 17:32:48 2019: Highest coverage kmer is: AAAAAACAAAAAGGAACAGGT, with worth: 3 and coverage: 15
Wed Jan 30 17:32:50 2019: Highest coverage kmer is: TCGAAGCTCCAAAAACAAAAG, with worth: 3 and coverage: 14
Wed Jan 30 17:32:52 2019: Highest coverage kmer is: AACGTGCATCAATGCGTCAAG, with worth: 3 and coverage: 12
Wed Jan 30 17:32:54 2019: Highest coverage kmer is: ATGGAAAGAAAAGTTTTTTCT, with worth: 3 and coverage: 10
Wed Jan 30 17:32:56 2019: Highest coverage kmer is: GGTGGTGGTGTGATCTTTGGG, with worth: 3 and coverage: 10
Wed Jan 30 17:32:58 2019: Highest coverage kmer is: AAAAGGTGAACAAGAAGGTCA, with worth: 3 and coverage: 8
Wed Jan 30 17:33:00 2019: Highest coverage kmer is: AAAATCAACAAAAAACAAAAG, with worth: 3 and coverage: 8
Wed Jan 30 17:33:02 2019: Highest coverage kmer is: ACCAGGTCGTCGTTGCGCAGC, with worth: 3 and coverage: 7
Wed Jan 30 17:33:04 2019: Highest coverage kmer is: CCGCACATCGACGTGCTGCCG, with worth: 3 and coverage: 7
Wed Jan 30 17:33:06 2019: Highest coverage kmer is: TCAGAAGGGTACCGGCCGTGC, with worth: 3 and coverage: 6
Wed Jan 30 17:33:08 2019: Highest coverage kmer is: CGTGCCGGTATGGCATCCAGC, with worth: 3 and coverage: 5
Wed Jan 30 17:33:10 2019: Highest coverage kmer is: AAAAAGTAAATAAAAAAATGT, with worth: 3 and coverage: 4
Wed Jan 30 17:33:12 2019: Highest coverage kmer is: AACGTCTATGACATCCTCAAC, with worth: 3 and coverage: 4
Wed Jan 30 17:33:14 2019: Highest coverage kmer is: AAGCAGAAGGGTACGGGTCGT, with worth: 3 and coverage: 4
Wed Jan 30 17:33:16 2019: Highest coverage kmer is: ATATTCAAGAAGCTTGGAATA, with worth: 3 and coverage: 4
Wed Jan 30 17:33:18 2019: Highest coverage kmer is: ATCAAGTGGTCACTGCTTATT, with worth: 3 and coverage: 4
Wed Jan 30 17:33:20 2019: Highest coverage kmer is: CCCGTGGCCGCAAGTACAAGA, with worth: 3 and coverage: 4
Wed Jan 30 17:33:22 2019: Highest coverage kmer is: CGGTCGTCAGAAGGGCGGCGG, with worth: 3 and coverage: 4
Wed Jan 30 17:33:23 2019: Highest coverage kmer is: TTTAACGAGTCGCTGGTGCAC, with worth: 3 and coverage: 4
Wed Jan 30 17:33:24 2019: Highest coverage kmer is: AAAAAACCATGGAGACAAAAG, with worth: 3 and coverage: 3
Wed Jan 30 17:33:25 2019: Highest coverage kmer is: AAAAAACTGAAAAAGTTTTGG, with worth: 3 and coverage: 3
Wed Jan 30 17:33:25 2019: Highest coverage kmer is: AAAAAAGCCGTACCGACAAAA, with worth: 3 and coverage: 3
Wed Jan 30 17:33:26 2019: Highest coverage kmer is: AAAATCCAGGAGGTTTACGGT, with worth: 3 and coverage: 3
Wed Jan 30 17:33:27 2019: Highest coverage kmer is: AAAATTTGATCAGCATGTTCG, with worth: 3 and coverage: 3
Wed Jan 30 17:33:28 2019: Highest coverage kmer is: AAAGATGTCAAAGTACTCAAG, with worth: 3 and coverage: 3
Wed Jan 30 17:33:29 2019: Highest coverage kmer is: AAAGGTACAGGTAGAGCAAGG, with worth: 3 and coverage: 3
Wed Jan 30 17:33:30 2019: Highest coverage kmer is: AAATTCCTGTTTATAACGCAT, with worth: 3 and coverage: 3
Wed Jan 30 17:33:31 2019: Highest coverage kmer is: AAGCCTTGGCGCCAAAAAGGG, with worth: 3 and coverage: 3
Wed Jan 30 17:33:32 2019: Highest coverage kmer is: AAGGGTACCGGTAACGCTCGT, with worth: 3 and coverage: 3
Wed Jan 30 17:33:33 2019: Highest coverage kmer is: AAGGTCAATAAAAAGCAAAAA, with worth: 3 and coverage: 3
Wed Jan 30 17:33:34 2019: Highest coverage kmer is: AATTTGCATAATGTAACTTTG, with worth: 3 and coverage: 3
Wed Jan 30 17:33:34 2019: Highest coverage kmer is: ACGGGCAACGCCCGCCACGGC, with worth: 3 and coverage: 3
Wed Jan 30 17:33:35 2019: Highest coverage kmer is: AGAGGCTTAGGGAGATTTACG, with worth: 3 and coverage: 3
Wed Jan 30 17:33:36 2019: Highest coverage kmer is: AGCCCCGCGATTACAGCTTCA, with worth: 3 and coverage: 3
Wed Jan 30 17:33:37 2019: Highest coverage kmer is: CAGCGTCAGGGTACCCACAAG, with worth: 3 and coverage: 3
Wed Jan 30 17:33:38 2019: Highest coverage kmer is: CGATCCTGTTCGTCACGAGCG, with worth: 3 and coverage: 3
Wed Jan 30 17:33:39 2019: Highest coverage kmer is: CGGACGCAAGCCGTGGCGCCA, with worth: 3 and coverage: 3
Wed Jan 30 17:33:40 2019: Highest coverage kmer is: CGGCGGTACGGTATTCGGACC, with worth: 3 and coverage: 3
Wed Jan 30 17:33:42 2019: Highest coverage kmer is: AAGCGCTGGTTCACCAGGTTG, with worth: 2 and coverage: 958
Wed Jan 30 17:33:43 2019: Highest coverage kmer is: GCGTCAAAAAGGAACTGGACG, with worth: 2 and coverage: 356
Wed Jan 30 17:33:45 2019: Highest coverage kmer is: CAAAAAGGTACTGGTCGCGCT, with worth: 2 and coverage: 217
Wed Jan 30 17:33:47 2019: Highest coverage kmer is: AAGAAGATGAAGGCCGCCGCC, with worth: 2 and coverage: 182
Wed Jan 30 17:33:48 2019: Highest coverage kmer is: GCGTCAGGGCACTCGTGCTCA, with worth: 2 and coverage: 92
Wed Jan 30 17:33:50 2019: Highest coverage kmer is: CTGCCGATCCAGGGCATCAAC, with worth: 2 and coverage: 74
Wed Jan 30 17:33:52 2019: Highest coverage kmer is: AAAGGAACAGGTCGTGCACGT, with worth: 2 and coverage: 58
Wed Jan 30 17:33:53 2019: Highest coverage kmer is: CAAAAAGCCATGGCGCCAGAA, with worth: 2 and coverage: 58
Wed Jan 30 17:33:55 2019: Highest coverage kmer is: ACAGGTCGTGCCCGTCAAGGT, with worth: 2 and coverage: 53
Wed Jan 30 17:33:57 2019: Highest coverage kmer is: GCCGCGCAGCTTCGAGCAGAA, with worth: 2 and coverage: 51
Wed Jan 30 17:33:58 2019: Highest coverage kmer is: CAAGCCCTTCAAGCAGAAGGG, with worth: 2 and coverage: 45
Wed Jan 30 17:34:00 2019: Highest coverage kmer is: GAAGCCCTGGCGCCAGAAGGG, with worth: 2 and coverage: 42
Wed Jan 30 17:34:02 2019: Highest coverage kmer is: GTATATTTGTCAGCTCGTAAC, with worth: 2 and coverage: 36
Wed Jan 30 17:34:03 2019: Highest coverage kmer is: CAACGTCTACGACATCCTGCG, with worth: 2 and coverage: 35
Wed Jan 30 17:34:05 2019: Highest coverage kmer is: AAAAAGCCGTGGCGTCAGAAG, with worth: 2 and coverage: 26
Wed Jan 30 17:34:06 2019: Highest coverage kmer is: GCCCGTCAGGGTTCGATCCGC, with worth: 2 and coverage: 22
Wed Jan 30 17:34:08 2019: Highest coverage kmer is: CAAGCCGTTCCGCCAGAAGGG, with worth: 2 and coverage: 18
Wed Jan 30 17:34:10 2019: Highest coverage kmer is: CACCGGTGGCGCACGTCACGG, with worth: 2 and coverage: 18
Wed Jan 30 17:34:11 2019: Highest coverage kmer is: AAGGCGCCGATCTTCCGCAAG, with worth: 2 and coverage: 17
Wed Jan 30 17:34:13 2019: Highest coverage kmer is: GGAGACAGAAGGGTACAGGTC, with worth: 2 and coverage: 16
Wed Jan 30 17:34:14 2019: Highest coverage kmer is: CTATCGCCAAAAAGGCACCGG, with worth: 2 and coverage: 15
Wed Jan 30 17:34:16 2019: Highest coverage kmer is: AAAAACGTATATTTGTCGGCT, with worth: 2 and coverage: 14
Wed Jan 30 17:34:17 2019: Highest coverage kmer is: CAACGTCTATGACATTCTGCG, with worth: 2 and coverage: 14
Wed Jan 30 17:34:19 2019: Highest coverage kmer is: GCAGAAGGGCACCGGTCGGGC, with worth: 2 and coverage: 14
Wed Jan 30 17:34:21 2019: Highest coverage kmer is: AGCTCCAAAAACTGCTGAGTT, with worth: 2 and coverage: 13
Wed Jan 30 17:34:22 2019: Highest coverage kmer is: ACGTTCTGAAGTACGCGGCGG, with worth: 2 and coverage: 12
Wed Jan 30 17:34:24 2019: Highest coverage kmer is: AGGGTACGCACAAGTCCAAGG, with worth: 2 and coverage: 12
Wed Jan 30 17:34:25 2019: Highest coverage kmer is: CAAGATGAACCGCAAAGAGCG, with worth: 2 and coverage: 12
Wed Jan 30 17:34:27 2019: Highest coverage kmer is: GACAGGCGGCGGAGTTGTATT, with worth: 2 and coverage: 12
Wed Jan 30 17:34:28 2019: Highest coverage kmer is: TGGAGACAGAAGGGAACAGGT, with worth: 2 and coverage: 12
Wed Jan 30 17:34:30 2019: Highest coverage kmer is: GGTGGTGGTAAAAAGCCATGG, with worth: 2 and coverage: 11
Wed Jan 30 17:34:31 2019: Highest coverage kmer is: AATGTTTATGATATTTTGCGT, with worth: 2 and coverage: 9
Wed Jan 30 17:34:33 2019: Highest coverage kmer is: AAACCATGGAAACAAAAAGGT, with worth: 2 and coverage: 7
Wed Jan 30 17:34:34 2019: Highest coverage kmer is: AAAGGTACTGGTAGAGCTAGA, with worth: 2 and coverage: 7
Wed Jan 30 17:34:36 2019: Highest coverage kmer is: AGAGGAAGAAAATACAAAAAA, with worth: 2 and coverage: 7
Wed Jan 30 17:34:37 2019: Highest coverage kmer is: CAAAAAGGAACAGGTAGAGCT, with worth: 2 and coverage: 7
Wed Jan 30 17:34:38 2019: Highest coverage kmer is: CCAGAAGGGCACGGGCCGCGC, with worth: 2 and coverage: 7
Wed Jan 30 17:34:40 2019: Highest coverage kmer is: GGCCGCCCGCAACCTCGCGGG, with worth: 2 and coverage: 7
Wed Jan 30 17:34:41 2019: Highest coverage kmer is: GGTGGTGGTAGAAAACCATGG, with worth: 2 and coverage: 7
Wed Jan 30 17:34:43 2019: Highest coverage kmer is: GATGTTAAGCAATACTTGGCT, with worth: 2 and coverage: 6
Wed Jan 30 17:34:44 2019: Highest coverage kmer is: GCCATGGAGACAAAAAGGAAC, with worth: 2 and coverage: 6
Wed Jan 30 17:34:46 2019: Highest coverage kmer is: GGTGGTGGCAGAAAACCCTGG, with worth: 2 and coverage: 6
Wed Jan 30 17:34:47 2019: Highest coverage kmer is: GTTAACCGCAAAATGTATCGC, with worth: 2 and coverage: 6
Wed Jan 30 17:34:48 2019: Highest coverage kmer is: TCTATTAGAGCTCCTCAATGG, with worth: 2 and coverage: 6
Wed Jan 30 17:34:50 2019: Highest coverage kmer is: AAAACTTTGGAGGAAGCATTA, with worth: 2 and coverage: 5
Wed Jan 30 17:34:51 2019: Highest coverage kmer is: AGAAAGGCACTGGCCGCGCTC, with worth: 2 and coverage: 5
Wed Jan 30 17:34:53 2019: Highest coverage kmer is: ATCTGCTCGCAACATTCCTGG, with worth: 2 and coverage: 5
Wed Jan 30 17:34:54 2019: Highest coverage kmer is: CCAAAGACAAGGTACGCACAA, with worth: 2 and coverage: 5
Wed Jan 30 17:34:55 2019: Highest coverage kmer is: CCAATTTGGGTAGGTGGTGGT, with worth: 2 and coverage: 5
Wed Jan 30 17:34:57 2019: Highest coverage kmer is: GGTGGTGGAAGAAAGCCATGG, with worth: 2 and coverage: 5
Wed Jan 30 17:34:58 2019: Highest coverage kmer is: AAAACCTTGGGCTCAAAAAGG, with worth: 2 and coverage: 4
Wed Jan 30 17:34:59 2019: Highest coverage kmer is: AACAAGAAAATGTATCGCGGC, with worth: 2 and coverage: 4
Wed Jan 30 17:35:01 2019: Highest coverage kmer is: AACAGTACACGACCTGGACGG, with worth: 2 and coverage: 4
Wed Jan 30 17:35:02 2019: Highest coverage kmer is: AAGCCCAGAGATTACAGCTAT, with worth: 2 and coverage: 4
Wed Jan 30 17:35:03 2019: Highest coverage kmer is: ACAGCTTCAAGCTGAATAAGA, with worth: 2 and coverage: 4
Wed Jan 30 17:35:05 2019: Highest coverage kmer is: ATCCGTTCTCCACAATGGGTT, with worth: 2 and coverage: 4
Wed Jan 30 17:35:06 2019: Highest coverage kmer is: CACGACACGCTGGTCCTGACC, with worth: 2 and coverage: 4
Wed Jan 30 17:35:07 2019: Highest coverage kmer is: CCGATCTTCCGCGGTGGTGGT, with worth: 2 and coverage: 4
Wed Jan 30 17:35:09 2019: Highest coverage kmer is: CCGCAATGGAAAGGCGGCGGT, with worth: 2 and coverage: 4
Wed Jan 30 17:35:10 2019: Highest coverage kmer is: CCTGGCTGCGCGCAACCTGCC, with worth: 2 and coverage: 4
Wed Jan 30 17:35:11 2019: Highest coverage kmer is: GGAGACAAAAAGGAACCGGTC, with worth: 2 and coverage: 4
Wed Jan 30 17:35:12 2019: Highest coverage kmer is: GTTGAGGAGGCACTTGCATAA, with worth: 2 and coverage: 4
Wed Jan 30 17:35:14 2019: Highest coverage kmer is: TCGCGTAACCTGCCGAACGTG, with worth: 2 and coverage: 4
Wed Jan 30 17:35:15 2019: Highest coverage kmer is: AAAAAGCCCTGGCGTCAAAAA, with worth: 2 and coverage: 3
Wed Jan 30 17:35:16 2019: Highest coverage kmer is: AAACCGTGGCGTCAAAAGGGT, with worth: 2 and coverage: 3
Wed Jan 30 17:35:18 2019: Highest coverage kmer is: AAGACCAAGAGCTTTGTCGCC, with worth: 2 and coverage: 3
Wed Jan 30 17:35:19 2019: Highest coverage kmer is: AAGCAATTTTTGATGCAATTT, with worth: 2 and coverage: 3
Wed Jan 30 17:35:20 2019: Highest coverage kmer is: AAGCAGTACTTGGCTAATCAA, with worth: 2 and coverage: 3
Wed Jan 30 17:35:21 2019: Highest coverage kmer is: AAGCCAAGAGATTACAGCTAC, with worth: 2 and coverage: 3
Wed Jan 30 17:35:22 2019: Highest coverage kmer is: AATGATCACGCAATTTACTTA, with worth: 2 and coverage: 3
Wed Jan 30 17:35:24 2019: Highest coverage kmer is: ACACATAAATCTAAAGAAAGA, with worth: 2 and coverage: 3
Wed Jan 30 17:35:25 2019: Highest coverage kmer is: ACCAGATCTTATTAAAAGAGC, with worth: 2 and coverage: 3
Wed Jan 30 17:35:26 2019: Highest coverage kmer is: AGCGCACACCAAAGAAGATGA, with worth: 2 and coverage: 3
Wed Jan 30 17:35:27 2019: Highest coverage kmer is: AGCTTCAAACTGAACAAGAAA, with worth: 2 and coverage: 3
Wed Jan 30 17:35:28 2019: Highest coverage kmer is: ATCAAAAAGCAAAAAGGTACT, with worth: 2 and coverage: 3
Wed Jan 30 17:35:29 2019: Highest coverage kmer is: CCGTTGTGGCGTGGTGGTGGT, with worth: 2 and coverage: 3
Wed Jan 30 17:35:30 2019: Highest coverage kmer is: CCTTTGTACAAGGGTGGTGGT, with worth: 2 and coverage: 3
Wed Jan 30 17:35:31 2019: Highest coverage kmer is: GCAGTGAAGAAACTTGAGGAG, with worth: 2 and coverage: 3
Wed Jan 30 17:35:32 2019: Highest coverage kmer is: GTGGTGGTGGCAAAAAACCTT, with worth: 2 and coverage: 3
Wed Jan 30 17:35:32 2019: Highest coverage kmer is: AAAAAACCATGAAAACAAAAA, with worth: 2 and coverage: 2
Wed Jan 30 17:35:33 2019: Highest coverage kmer is: AAAAACCCGGGAAATGGTTAA, with worth: 2 and coverage: 2
Wed Jan 30 17:35:33 2019: Highest coverage kmer is: AAAAAGCCTTGGCGGCAAAAG, with worth: 2 and coverage: 2
Wed Jan 30 17:35:34 2019: Highest coverage kmer is: AAAAAGGAACAGGTAACGCAC, with worth: 2 and coverage: 2
Wed Jan 30 17:35:34 2019: Highest coverage kmer is: AAAAAGGCACTGGACGTGCAC, with worth: 2 and coverage: 2
Wed Jan 30 17:35:35 2019: Highest coverage kmer is: AAAAAGTGAACAAAAAGCAAA, with worth: 2 and coverage: 2
Wed Jan 30 17:35:35 2019: Highest coverage kmer is: AAAAATTAAAAGACAAAAAGG, with worth: 2 and coverage: 2
Wed Jan 30 17:35:36 2019: Highest coverage kmer is: AAAACCATGGAGGCAAAAAGG, with worth: 2 and coverage: 2
Wed Jan 30 17:35:36 2019: Highest coverage kmer is: AAAATTAAATAAAAGTGAAAA, with worth: 2 and coverage: 2
Wed Jan 30 17:35:37 2019: Highest coverage kmer is: AAACCCTGGCGCCAGAAAGGC, with worth: 2 and coverage: 2
Wed Jan 30 17:35:37 2019: Highest coverage kmer is: AAACCGCCGCGCTCGACCCGA, with worth: 2 and coverage: 2
Wed Jan 30 17:35:38 2019: Highest coverage kmer is: AAACCGTGGCGTCAGAAAGGA, with worth: 2 and coverage: 2
Wed Jan 30 17:35:38 2019: Highest coverage kmer is: AAACTCCTCCTTTCTGCGAGG, with worth: 2 and coverage: 2
Wed Jan 30 17:35:39 2019: Highest coverage kmer is: AAACTGAACAAGAAAGTAAAA, with worth: 2 and coverage: 2
Wed Jan 30 17:35:39 2019: Highest coverage kmer is: AAAGAATAAACAGAAAAGAAA, with worth: 2 and coverage: 2
Wed Jan 30 17:35:40 2019: Highest coverage kmer is: AAAGCCCTGGCGGCAAAAGGG, with worth: 2 and coverage: 2
Wed Jan 30 17:35:40 2019: Highest coverage kmer is: AAAGGAATAAGCCTCGGTGCA, with worth: 2 and coverage: 2
Wed Jan 30 17:35:41 2019: Highest coverage kmer is: AAAGGTAAGATGAGAGGAAGA, with worth: 2 and coverage: 2
Wed Jan 30 17:35:41 2019: Highest coverage kmer is: AAAGGTACAGGAAATGCAAGG, with worth: 2 and coverage: 2
Wed Jan 30 17:35:42 2019: Highest coverage kmer is: AAATATAAAAGGAGAAGATAC, with worth: 2 and coverage: 2
Wed Jan 30 17:35:42 2019: Highest coverage kmer is: AAATGAAAATGTCGTTTTTGA, with worth: 2 and coverage: 2
Wed Jan 30 17:35:42 2019: Highest coverage kmer is: AAATTGGCAGCTTGCAAAAAG, with worth: 2 and coverage: 2
Wed Jan 30 17:35:43 2019: Highest coverage kmer is: AACCTCGCGGGTGTCGACGTG, with worth: 2 and coverage: 2
Wed Jan 30 17:35:43 2019: Highest coverage kmer is: AACGTCAAGGTACGCACAAAG, with worth: 2 and coverage: 2
Wed Jan 30 17:35:44 2019: Highest coverage kmer is: AAGACTTTGATTTTGACACTC, with worth: 2 and coverage: 2
Wed Jan 30 17:35:44 2019: Highest coverage kmer is: AAGATTGAGGAGGTGCTGGGA, with worth: 2 and coverage: 2
Wed Jan 30 17:35:45 2019: Highest coverage kmer is: AAGCCTTTTCGTCAAAAAGGA, with worth: 2 and coverage: 2
Wed Jan 30 17:35:45 2019: Highest coverage kmer is: AAGGGAACAGGCCGTGCCCGT, with worth: 2 and coverage: 2
Wed Jan 30 17:35:46 2019: Highest coverage kmer is: AAGTGGTGGTGGTGCGAAGCC, with worth: 2 and coverage: 2
Wed Jan 30 17:35:46 2019: Highest coverage kmer is: AAGTGGTGGTGGTGCTAAGCC, with worth: 2 and coverage: 2
Wed Jan 30 17:35:46 2019: Highest coverage kmer is: ACACGTGGAGAGGTAAGAGGT, with worth: 2 and coverage: 2
Wed Jan 30 17:35:47 2019: Highest coverage kmer is: ACCATGCCATTTACCTTGATG, with worth: 2 and coverage: 2
Wed Jan 30 17:35:47 2019: Highest coverage kmer is: ACCGCCCGTCATGGCGATCGT, with worth: 2 and coverage: 2
Wed Jan 30 17:35:48 2019: Highest coverage kmer is: ACTGGTGGAGCTCGTGCGGGT, with worth: 2 and coverage: 2
Wed Jan 30 17:35:48 2019: Highest coverage kmer is: ATGTGAAATCTTATCTTGCTT, with worth: 2 and coverage: 2
Wed Jan 30 17:35:48 2019: Highest coverage kmer is: CAAGCCCTGGCGGCAGAAGGG, with worth: 2 and coverage: 2
Wed Jan 30 17:35:49 2019: Highest coverage kmer is: CACGACCAAGAAGCCCTATCG, with worth: 2 and coverage: 2
Wed Jan 30 17:35:49 2019: Highest coverage kmer is: CCCCAAGCCGCGCAAATACAC, with worth: 2 and coverage: 2
Wed Jan 30 17:35:50 2019: Highest coverage kmer is: CCTATCTTCGTTGGTGGTGGT, with worth: 2 and coverage: 2
Wed Jan 30 17:35:50 2019: Highest coverage kmer is: CGGCAAAAAACCCTGGCGCCA, with worth: 2 and coverage: 2
Wed Jan 30 17:35:50 2019: Highest coverage kmer is: CGGTGGCGGTATCAAGCCTTT, with worth: 2 and coverage: 2
Wed Jan 30 17:35:51 2019: Highest coverage kmer is: CGTCAGGGTACTCATAAAGCC, with worth: 2 and coverage: 2
Wed Jan 30 17:35:51 2019: Highest coverage kmer is: CGTGGTTGAAGATTTCAGCCT, with worth: 2 and coverage: 2
Wed Jan 30 17:35:51 2019: Highest coverage kmer is: CTTACAAATGCAAGAGCAGGA, with worth: 2 and coverage: 2
Wed Jan 30 17:35:52 2019: Highest coverage kmer is: GCGGCAAAAGGGAACCGGTCG, with worth: 2 and coverage: 2
Wed Jan 30 17:35:52 2019: Highest coverage kmer is: GCGTCAAAAAGGCACAGGGCG, with worth: 2 and coverage: 2
Wed Jan 30 17:35:53 2019: Highest coverage kmer is: GGGCCCCATCCCCGGGACTAC, with worth: 2 and coverage: 2
Wed Jan 30 17:35:53 2019: Highest coverage kmer is: GTAGAGGAGGTGCTGGCATAA, with worth: 2 and coverage: 2
Wed Jan 30 17:35:53 2019: Highest coverage kmer is: TGCAAGACAAGGCTCCATCCG, with worth: 2 and coverage: 2
Wed Jan 30 17:35:54 2019: Highest coverage kmer is: AAACCGTGGCGCCAGAAAGGC, with worth: 1 and coverage: 769
Wed Jan 30 17:35:55 2019: Highest coverage kmer is: CGCGCAACCTGCACAAGGTTG, with worth: 1 and coverage: 546
Wed Jan 30 17:35:56 2019: Highest coverage kmer is: AAAAAGTAAACCGTAAAATGT, with worth: 1 and coverage: 207
Wed Jan 30 17:35:57 2019: Highest coverage kmer is: AGCATTATTCAAACAAGATGG, with worth: 1 and coverage: 125
Wed Jan 30 17:35:58 2019: Highest coverage kmer is: TTCGGTATCGAACCAAACGAA, with worth: 1 and coverage: 107
Wed Jan 30 17:35:59 2019: Highest coverage kmer is: TTAGAGGAGCAATGGGTATGA, with worth: 1 and coverage: 85
Wed Jan 30 17:35:59 2019: Highest coverage kmer is: AAGATGTATCGCGCAGCAATG, with worth: 1 and coverage: 72
Wed Jan 30 17:36:00 2019: Highest coverage kmer is: AGAAGGTCAACAAGAAGATGT, with worth: 1 and coverage: 70
Wed Jan 30 17:36:01 2019: Highest coverage kmer is: GGCGGCGGCAAGAAGCCGTGG, with worth: 1 and coverage: 62
Wed Jan 30 17:36:02 2019: Highest coverage kmer is: AAGTTCGCGGTGGTGGTCGTA, with worth: 1 and coverage: 61
Wed Jan 30 17:36:03 2019: Highest coverage kmer is: CTTAAAATCAATAAAAAACAA, with worth: 1 and coverage: 54
Wed Jan 30 17:36:04 2019: Highest coverage kmer is: GGTGGCAAGAAGCCGTGGCGT, with worth: 1 and coverage: 52
Wed Jan 30 17:36:04 2019: Highest coverage kmer is: ACCTTCGCGGCCAAGCCGCGC, with worth: 1 and coverage: 50
Wed Jan 30 17:36:05 2019: Highest coverage kmer is: TGGAAACAAAAAGGAACAGGT, with worth: 1 and coverage: 42
Wed Jan 30 17:36:06 2019: Highest coverage kmer is: CCGGTGGTGGCAAGAAGCCGT, with worth: 1 and coverage: 39
Wed Jan 30 17:36:07 2019: Highest coverage kmer is: AAGCCCTACAAGCAGAAGGGC, with worth: 1 and coverage: 38
Wed Jan 30 17:36:07 2019: Highest coverage kmer is: AAGCCGTGGAAGCAGAAGGGC, with worth: 1 and coverage: 36
Wed Jan 30 17:36:08 2019: Highest coverage kmer is: AACAAGAAGATGTATCGCGCT, with worth: 1 and coverage: 35
Wed Jan 30 17:36:09 2019: Highest coverage kmer is: TCAACACCTACGACGTGCTCA, with worth: 1 and coverage: 35
Wed Jan 30 17:36:10 2019: Highest coverage kmer is: ATAACATTAAAGGTGAAGACA, with worth: 1 and coverage: 34
Wed Jan 30 17:36:11 2019: Highest coverage kmer is: GGTCGCCAGAAGGGCGGCGGT, with worth: 1 and coverage: 34
Wed Jan 30 17:36:11 2019: Highest coverage kmer is: AAAAAGGTACAGGTCGTGCTC, with worth: 1 and coverage: 30
Wed Jan 30 17:36:12 2019: Highest coverage kmer is: CACTCGACCAAGAAGCCTTTC, with worth: 1 and coverage: 30
Wed Jan 30 17:36:13 2019: Highest coverage kmer is: AACTGGACGTGCACGTCAAGG, with worth: 1 and coverage: 26
Wed Jan 30 17:36:14 2019: Highest coverage kmer is: ACCGGTCGCGCCCGTCAGGGT, with worth: 1 and coverage: 26
Wed Jan 30 17:36:14 2019: Highest coverage kmer is: CACCGGCGGCGCACGCCACGG, with worth: 1 and coverage: 26
Wed Jan 30 17:36:15 2019: Highest coverage kmer is: AAAAAGGTACCGGCCGCGCCC, with worth: 1 and coverage: 25
Wed Jan 30 17:36:16 2019: Highest coverage kmer is: ATCTGTTTACAATATGGAAGG, with worth: 1 and coverage: 25
Wed Jan 30 17:36:16 2019: Highest coverage kmer is: AAACGTATCTGTTTACAATAT, with worth: 1 and coverage: 24
Wed Jan 30 17:36:17 2019: Highest coverage kmer is: ACCCCCAAGAAGATGAAGGCA, with worth: 1 and coverage: 23
Wed Jan 30 17:36:18 2019: Highest coverage kmer is: GGCCGCGCCCGTCAGGGTTCC, with worth: 1 and coverage: 23
Wed Jan 30 17:36:19 2019: Highest coverage kmer is: AAAAAACAAAAAGGAACTGGT, with worth: 1 and coverage: 22
Wed Jan 30 17:36:19 2019: Highest coverage kmer is: CAAAAAGTTAACCGTAAAATG, with worth: 1 and coverage: 21
Wed Jan 30 17:36:20 2019: Highest coverage kmer is: CAGGGTACGCACAAGACCAAG, with worth: 1 and coverage: 21
Wed Jan 30 17:36:21 2019: Highest coverage kmer is: CCGCGGCGACGTCCGCGGCGG, with worth: 1 and coverage: 19
Wed Jan 30 17:36:22 2019: Highest coverage kmer is: AAAAAGTGAACAAAAAAATGT, with worth: 1 and coverage: 18
Wed Jan 30 17:36:22 2019: Highest coverage kmer is: GTTCGCTGGCAGCTTGCAAAG, with worth: 1 and coverage: 18
Wed Jan 30 17:36:23 2019: Highest coverage kmer is: ACCTTCCCAAGAAGGTTCGCG, with worth: 1 and coverage: 17
Wed Jan 30 17:36:24 2019: Highest coverage kmer is: ACGGCCCGGTGCCGCGCGACT, with worth: 1 and coverage: 17
Wed Jan 30 17:36:24 2019: Highest coverage kmer is: AAGGGTACTGGTCGCGCCCGT, with worth: 1 and coverage: 16
Wed Jan 30 17:36:25 2019: Highest coverage kmer is: TTCGACAAGGTTCTAATGACT, with worth: 1 and coverage: 15
Wed Jan 30 17:36:26 2019: Highest coverage kmer is: AAGGGCACCGGTCGTGCCCGC, with worth: 1 and coverage: 14
Wed Jan 30 17:36:26 2019: Highest coverage kmer is: AAGGGTACTGGTCGTGCACGT, with worth: 1 and coverage: 14
Wed Jan 30 17:36:27 2019: Highest coverage kmer is: AAAAATTGGCAAGGAGAACAA, with worth: 1 and coverage: 13
Wed Jan 30 17:36:28 2019: Highest coverage kmer is: AAAATTGGCAGGGAGAACAAG, with worth: 1 and coverage: 13
Wed Jan 30 17:36:28 2019: Highest coverage kmer is: ATCTTCGCTGATCAGCTCAAC, with worth: 1 and coverage: 12
Wed Jan 30 17:36:29 2019: Highest coverage kmer is: GTTCGCGGCGGCGGCAAGAAG, with worth: 1 and coverage: 12
Wed Jan 30 17:36:30 2019: Highest coverage kmer is: AAGCCCTTCAAGCAGAAGGGT, with worth: 1 and coverage: 11
Wed Jan 30 17:36:30 2019: Highest coverage kmer is: AGAAGGGTACCGGTCGCGCTC, with worth: 1 and coverage: 11
Wed Jan 30 17:36:31 2019: Highest coverage kmer is: TTAGAAACTCCAAAAACAAGA, with worth: 1 and coverage: 11
Wed Jan 30 17:36:32 2019: Highest coverage kmer is: AAATGGCCAATGCTCGTCAAG, with worth: 1 and coverage: 10
Wed Jan 30 17:36:32 2019: Highest coverage kmer is: AACGAGACGCTGGTGCACCAG, with worth: 1 and coverage: 10
Wed Jan 30 17:36:33 2019: Highest coverage kmer is: AAGTGAGCGGCGGCGGCCGCA, with worth: 1 and coverage: 10
Wed Jan 30 17:36:33 2019: Highest coverage kmer is: CAAAAAGGAACTGGTAACGCT, with worth: 1 and coverage: 10
Wed Jan 30 17:36:34 2019: Highest coverage kmer is: CGTGCTCGTCAAGGGTCAATC, with worth: 1 and coverage: 10
Wed Jan 30 17:36:35 2019: Highest coverage kmer is: ACTCACAAATCGAAAGAAAGA, with worth: 1 and coverage: 9
Wed Jan 30 17:36:35 2019: Highest coverage kmer is: AAGCCGTTCCGTCAGAAGGGT, with worth: 1 and coverage: 8
Wed Jan 30 17:36:36 2019: Highest coverage kmer is: GAAGCTCCAAAAACTAAAGAG, with worth: 1 and coverage: 8
Wed Jan 30 17:36:36 2019: Highest coverage kmer is: TGGTGGTGTAACTTTTGCAGC, with worth: 1 and coverage: 8
Wed Jan 30 17:36:37 2019: Highest coverage kmer is: AATAAAAACGTATATTTGTCC, with worth: 1 and coverage: 7
Wed Jan 30 17:36:38 2019: Highest coverage kmer is: ACAAGGTACTCAATCTGCTAA, with worth: 1 and coverage: 7
Wed Jan 30 17:36:38 2019: Highest coverage kmer is: AGAAAGGTACTGGTCGTGCAC, with worth: 1 and coverage: 7
Wed Jan 30 17:36:39 2019: Highest coverage kmer is: TACTGGTAGAGCTAGACAAGG, with worth: 1 and coverage: 7
Wed Jan 30 17:36:39 2019: Highest coverage kmer is: TGGAGACAAAAAGGAACAGGA, with worth: 1 and coverage: 7
Wed Jan 30 17:36:40 2019: Highest coverage kmer is: AAACCCTGGCGTCAAAAGGGT, with worth: 1 and coverage: 6
Wed Jan 30 17:36:41 2019: Highest coverage kmer is: AAAGGTACCGGTCGCGCCCGT, with worth: 1 and coverage: 6
Wed Jan 30 17:36:41 2019: Highest coverage kmer is: ACAGGTGCCAAGGTGCAGCTT, with worth: 1 and coverage: 6
Wed Jan 30 17:36:42 2019: Highest coverage kmer is: ACTGGACGCGCACGTCAAGGT, with worth: 1 and coverage: 6
Wed Jan 30 17:36:42 2019: Highest coverage kmer is: ATGCAACGCGCATCAATGCGT, with worth: 1 and coverage: 6
Wed Jan 30 17:36:43 2019: Highest coverage kmer is: ATGGAACTGAGCGTATTTAAT, with worth: 1 and coverage: 6
Wed Jan 30 17:36:43 2019: Highest coverage kmer is: CGTAGGTGGTGGTCGTGTATT, with worth: 1 and coverage: 6
Wed Jan 30 17:36:44 2019: Highest coverage kmer is: CTCGTCGTGGTGATATCAATT, with worth: 1 and coverage: 6
Wed Jan 30 17:36:44 2019: Highest coverage kmer is: CTGTTCGTGGCGGTGGTAAGA, with worth: 1 and coverage: 6
Wed Jan 30 17:36:45 2019: Highest coverage kmer is: AAAAAACCTTGAAAACAAAAA, with worth: 1 and coverage: 5
Wed Jan 30 17:36:46 2019: Highest coverage kmer is: AAAAAGGGACTGGACGTGCTC, with worth: 1 and coverage: 5
Wed Jan 30 17:36:46 2019: Highest coverage kmer is: AAGATGAACAAGAAAGAGAAG, with worth: 1 and coverage: 5
Wed Jan 30 17:36:47 2019: Highest coverage kmer is: AAGCCATGGAAGCAGAAGGGT, with worth: 1 and coverage: 5
Wed Jan 30 17:36:47 2019: Highest coverage kmer is: AAGCCTTGGCGCCAGAAGGGC, with worth: 1 and coverage: 5
Wed Jan 30 17:36:48 2019: Highest coverage kmer is: AAGTCTAAAGAAAGAGCTGAG, with worth: 1 and coverage: 5
Wed Jan 30 17:36:48 2019: Highest coverage kmer is: ACCGGCGGCGCACGTCACGGT, with worth: 1 and coverage: 5
Wed Jan 30 17:36:49 2019: Highest coverage kmer is: CCTGACCTGATTAAAAAGGCA, with worth: 1 and coverage: 5
Wed Jan 30 17:36:49 2019: Highest coverage kmer is: CTATAAATTACCGAAAAAAGT, with worth: 1 and coverage: 5
Wed Jan 30 17:36:50 2019: Highest coverage kmer is: GAAGCACCTAAGACAAAAGAA, with worth: 1 and coverage: 5
Wed Jan 30 17:36:50 2019: Highest coverage kmer is: GTAGCTAAGATTGAGGAGGTG, with worth: 1 and coverage: 5
Wed Jan 30 17:36:51 2019: Highest coverage kmer is: AAAGGTGGTGGTGGCGCACGT, with worth: 1 and coverage: 4
Wed Jan 30 17:36:51 2019: Highest coverage kmer is: AAATCTAAAGAAAGAAGTGAA, with worth: 1 and coverage: 4
Wed Jan 30 17:36:52 2019: Highest coverage kmer is: ACCGGCCGTGCTCGTCAGGGT, with worth: 1 and coverage: 4
Wed Jan 30 17:36:52 2019: Highest coverage kmer is: AGCACTAGCTCGTTGGGGAGC, with worth: 1 and coverage: 4
Wed Jan 30 17:36:53 2019: Highest coverage kmer is: ATGGAAGTTAAAGTTTTAAAT, with worth: 1 and coverage: 4
Wed Jan 30 17:36:53 2019: Highest coverage kmer is: CGCCGATCTGGCGTACCGGTG, with worth: 1 and coverage: 4
Wed Jan 30 17:36:54 2019: Highest coverage kmer is: CGGCGCGCTCTGGAACTAAGG, with worth: 1 and coverage: 4
Wed Jan 30 17:36:54 2019: Highest coverage kmer is: GGCGGCGGCCGCAAACCCTGG, with worth: 1 and coverage: 4
Wed Jan 30 17:36:54 2019: Highest coverage kmer is: GGTGGTGGTAAGAAGCCGTGG, with worth: 1 and coverage: 4
Wed Jan 30 17:36:55 2019: Highest coverage kmer is: TGGCGCCAAAAAGGCACCGGC, with worth: 1 and coverage: 4
Wed Jan 30 17:36:55 2019: Highest coverage kmer is: TTCCGTGGTGGTGGTATTGTT, with worth: 1 and coverage: 4
Wed Jan 30 17:36:56 2019: Highest coverage kmer is: AAAAGGGAACAGGTAGAGCTA, with worth: 1 and coverage: 3
Wed Jan 30 17:36:56 2019: Highest coverage kmer is: AACATCCCAACAATGATGATG, with worth: 1 and coverage: 3
Wed Jan 30 17:36:57 2019: Highest coverage kmer is: AACCTGAAAGCAGACCGCAAA, with worth: 1 and coverage: 3
Wed Jan 30 17:36:57 2019: Highest coverage kmer is: AACCTTTATTTATATGTAAAA, with worth: 1 and coverage: 3
Wed Jan 30 17:36:58 2019: Highest coverage kmer is: AACGTCTACGACATCCTCCGC, with worth: 1 and coverage: 3
Wed Jan 30 17:36:58 2019: Highest coverage kmer is: AAGCCTTGGCGTCAAAAAGGG, with worth: 1 and coverage: 3
Wed Jan 30 17:36:59 2019: Highest coverage kmer is: AAGCCTTTCAAGCAGAAGGGA, with worth: 1 and coverage: 3
Wed Jan 30 17:36:59 2019: Highest coverage kmer is: AAGTATTAGATATCAACGGAA, with worth: 1 and coverage: 3
Wed Jan 30 17:36:59 2019: Highest coverage kmer is: AAGTTTCTGGTGGTGGAAGAA, with worth: 1 and coverage: 3
Wed Jan 30 17:37:00 2019: Highest coverage kmer is: AGCATGTTCGCATCAATAAAA, with worth: 1 and coverage: 3
Wed Jan 30 17:37:00 2019: Highest coverage kmer is: AGCTTCAAACTCAACAAGAAG, with worth: 1 and coverage: 3
Wed Jan 30 17:37:01 2019: Highest coverage kmer is: AGGACGACTGACCGTCTGGAC, with worth: 1 and coverage: 3
Wed Jan 30 17:37:01 2019: Highest coverage kmer is: ATCAGCGTCAGGGTACAGCTA, with worth: 1 and coverage: 3
Wed Jan 30 17:37:01 2019: Highest coverage kmer is: ATCTTTATCGGTGGTGGTAAG, with worth: 1 and coverage: 3
Wed Jan 30 17:37:02 2019: Highest coverage kmer is: ATTCAACGAATCCCTGGTGCA, with worth: 1 and coverage: 3
Wed Jan 30 17:37:02 2019: Highest coverage kmer is: CAAGCCCCGGGATTACAGCTA, with worth: 1 and coverage: 3
Wed Jan 30 17:37:03 2019: Highest coverage kmer is: CAAGCCCTTCCGTCAGAAGGG, with worth: 1 and coverage: 3
Wed Jan 30 17:37:03 2019: Highest coverage kmer is: CAGCAAACAACTGCTGCACGA, with worth: 1 and coverage: 3
Wed Jan 30 17:37:03 2019: Highest coverage kmer is: CAGGGTACGCACAAGTCGAAA, with worth: 1 and coverage: 3
Wed Jan 30 17:37:04 2019: Highest coverage kmer is: CCAGAAGGGAACCGGCAACGC, with worth: 1 and coverage: 3
Wed Jan 30 17:37:04 2019: Highest coverage kmer is: CCAGAAGGGTACCGGTCGTGC, with worth: 1 and coverage: 3
Wed Jan 30 17:37:05 2019: Highest coverage kmer is: CGGCGGCACGGTCTTCGGTCC, with worth: 1 and coverage: 3
Wed Jan 30 17:37:05 2019: Highest coverage kmer is: CGGTAAAAAGCCCTGGCGTCA, with worth: 1 and coverage: 3
Wed Jan 30 17:37:05 2019: Highest coverage kmer is: CTATGACATCCTCAACCATGA, with worth: 1 and coverage: 3
Wed Jan 30 17:37:06 2019: Highest coverage kmer is: CTTTCAGGAAGAAACATTCCT, with worth: 1 and coverage: 3
Wed Jan 30 17:37:06 2019: Highest coverage kmer is: GGCGGAATTATTTTTGGACCG, with worth: 1 and coverage: 3
Wed Jan 30 17:37:06 2019: Highest coverage kmer is: GGTACGGTCCACGGACCTCAG, with worth: 1 and coverage: 3
Wed Jan 30 17:37:07 2019: Highest coverage kmer is: TCGCGGTGGCGGAAAAAAGCC, with worth: 1 and coverage: 3
Wed Jan 30 17:37:07 2019: Highest coverage kmer is: AAAAAAAGAAAACTAAATAAA, with worth: 1 and coverage: 2
Wed Jan 30 17:37:07 2019: Highest coverage kmer is: AAAAAACCATGAGCACAAAAA, with worth: 1 and coverage: 2
Wed Jan 30 17:37:08 2019: Highest coverage kmer is: AAAAAATCTTATGATCATTCT, with worth: 1 and coverage: 2
Wed Jan 30 17:37:08 2019: Highest coverage kmer is: AAAAAGGAACGGGAAATGCTC, with worth: 1 and coverage: 2
Wed Jan 30 17:37:08 2019: Highest coverage kmer is: AAAAAGGCACCGGCCGGGCCC, with worth: 1 and coverage: 2
Wed Jan 30 17:37:09 2019: Highest coverage kmer is: AAAAGAAACCGGAAGAAAGGT, with worth: 1 and coverage: 2
Wed Jan 30 17:37:09 2019: Highest coverage kmer is: AAACCGTGGCGCCAAAAAGGT, with worth: 1 and coverage: 2
Wed Jan 30 17:37:09 2019: Highest coverage kmer is: AAACGCCAGGCTGGCACGCAC, with worth: 1 and coverage: 2
Wed Jan 30 17:37:10 2019: Highest coverage kmer is: AAAGCGGTAAAACAAAGGACT, with worth: 1 and coverage: 2
Wed Jan 30 17:37:10 2019: Highest coverage kmer is: AAAGGTACTGGAAGAGCAAGA, with worth: 1 and coverage: 2
Wed Jan 30 17:37:10 2019: Highest coverage kmer is: AACCGGACGTGCGCGTCAAGG, with worth: 1 and coverage: 2
Wed Jan 30 17:37:10 2019: Highest coverage kmer is: AACCTGCCGAATGTGCTGGTG, with worth: 1 and coverage: 2
Wed Jan 30 17:37:11 2019: Highest coverage kmer is: AACGATCACGCTATCTATTTG, with worth: 1 and coverage: 2
Wed Jan 30 17:37:11 2019: Highest coverage kmer is: AACGTCTATGATATTTTGAAG, with worth: 1 and coverage: 2
Wed Jan 30 17:37:11 2019: Highest coverage kmer is: AAGAAGCTTTGGAAGCAAAAG, with worth: 1 and coverage: 2
Wed Jan 30 17:37:12 2019: Highest coverage kmer is: AAGACTCGCGGCGAAGTCCGT, with worth: 1 and coverage: 2
Wed Jan 30 17:37:12 2019: Highest coverage kmer is: AAGCAATATTTGGCTAACCAA, with worth: 1 and coverage: 2
Wed Jan 30 17:37:12 2019: Highest coverage kmer is: AAGCATTGGAGGCACGTTTAA, with worth: 1 and coverage: 2
Wed Jan 30 17:37:12 2019: Highest coverage kmer is: AAGCGGTGGTGGAAGGAAACC, with worth: 1 and coverage: 2
Wed Jan 30 17:37:13 2019: Highest coverage kmer is: AAGTGTCTTGAGAGTAGGTTG, with worth: 1 and coverage: 2
Wed Jan 30 17:37:13 2019: Highest coverage kmer is: AATACAGACCTGATTTAATTA, with worth: 1 and coverage: 2
Wed Jan 30 17:37:13 2019: Highest coverage kmer is: AATGCCAAGCCCTATAAGCAG, with worth: 1 and coverage: 2
Wed Jan 30 17:37:13 2019: Highest coverage kmer is: ACCAGGTTGTTGTAGCTCAGC, with worth: 1 and coverage: 2
Wed Jan 30 17:37:14 2019: Highest coverage kmer is: ACCGCATGGTTCGTTACCAGC, with worth: 1 and coverage: 2
Wed Jan 30 17:37:14 2019: Highest coverage kmer is: ACCTCATAAAAAGGGCAGTCA, with worth: 1 and coverage: 2
Wed Jan 30 17:37:14 2019: Highest coverage kmer is: ACCTGATTTAATAAAAAGAGC, with worth: 1 and coverage: 2
Wed Jan 30 17:37:14 2019: Highest coverage kmer is: ACGAAGACCCGCGCAGAGGTC, with worth: 1 and coverage: 2
Wed Jan 30 17:37:15 2019: Highest coverage kmer is: ACGGTTCCAATGCCAAGCCTT, with worth: 1 and coverage: 2
Wed Jan 30 17:37:15 2019: Highest coverage kmer is: ACTCCCAGAAGGTCAACAAAA, with worth: 1 and coverage: 2
Wed Jan 30 17:37:15 2019: Highest coverage kmer is: AGCATCACTTCGCCCGTGTTT, with worth: 1 and coverage: 2
Wed Jan 30 17:37:15 2019: Highest coverage kmer is: AGGGCCGGTAAGGGTAAGATG, with worth: 1 and coverage: 2
Wed Jan 30 17:37:16 2019: Highest coverage kmer is: ATCTGTTTTAACTGATAAAGT, with worth: 1 and coverage: 2
Wed Jan 30 17:37:16 2019: Highest coverage kmer is: ATGAACCGCAAAGAGCGTCGT, with worth: 1 and coverage: 2
Wed Jan 30 17:37:16 2019: Highest coverage kmer is: ATTAAAAGAGCTGTAATTTCA, with worth: 1 and coverage: 2
Wed Jan 30 17:37:16 2019: Highest coverage kmer is: ATTTATTGATCACCTAGATCA, with worth: 1 and coverage: 2
Wed Jan 30 17:37:16 2019: Highest coverage kmer is: CACGTAATATTCCTAATGTAA, with worth: 1 and coverage: 2
Wed Jan 30 17:37:17 2019: Highest coverage kmer is: CCAAAAAGGGACAGGTCGTGC, with worth: 1 and coverage: 2
Wed Jan 30 17:37:17 2019: Highest coverage kmer is: CCAAAAAGGTGGTGGTGGTGC, with worth: 1 and coverage: 2
Wed Jan 30 17:37:17 2019: Highest coverage kmer is: CGGCCCGCAACCTGCCCCGGG, with worth: 1 and coverage: 2
Wed Jan 30 17:37:17 2019: Highest coverage kmer is: CGGCGCGCAACATTCCGGGCG, with worth: 1 and coverage: 2
Wed Jan 30 17:37:17 2019: Highest coverage kmer is: CGTCAAGGGACAGCTTCGACC, with worth: 1 and coverage: 2
Wed Jan 30 17:37:18 2019: Highest coverage kmer is: CTGAAGTTAGTGGCGGTGGAA, with worth: 1 and coverage: 2
Wed Jan 30 17:37:18 2019: Highest coverage kmer is: CTTAATGTTTACGATATTCTT, with worth: 1 and coverage: 2
Wed Jan 30 17:37:18 2019: Highest coverage kmer is: GCGCCCTCGACGAAGGCCGCG, with worth: 1 and coverage: 2
Wed Jan 30 17:37:18 2019: Highest coverage kmer is: GGGCGGCGGTGTTGCCTTCGG, with worth: 1 and coverage: 2
Wed Jan 30 17:37:18 2019: Highest coverage kmer is: GGTCCTCAGCCTCGCGATTAC, with worth: 1 and coverage: 2
Wed Jan 30 17:37:18 2019: Highest coverage kmer is: GGTGGTGGTCGTAAGCCGTGG, with worth: 1 and coverage: 2
Wed Jan 30 17:37:19 2019: Highest coverage kmer is: TCGCGTAGCCCCATCTGGCGC, with worth: 1 and coverage: 2
Wed Jan 30 17:37:19 2019: Highest coverage kmer is: TGGAGCCAAAAAGGTGGCGGT, with worth: 1 and coverage: 2
Wed Jan 30 17:37:19 2019: Highest coverage kmer is: AAAAAAACGCTGGTTCTTCTT, with worth: 1 and coverage: 1
Wed Jan 30 17:37:19 2019: Highest coverage kmer is: AAAAAAACTAAGGACGCCCAC, with worth: 1 and coverage: 1
Wed Jan 30 17:37:19 2019: Highest coverage kmer is: AAAAAAAGGTTTATTCAGTCG, with worth: 1 and coverage: 1
Wed Jan 30 17:37:19 2019: Highest coverage kmer is: AAAAAAAGTTTCTGTTTTAGA, with worth: 1 and coverage: 1
Wed Jan 30 17:37:19 2019: Highest coverage kmer is: AAAAAAATGTATCGAGCTGGT, with worth: 1 and coverage: 1
Wed Jan 30 17:37:19 2019: Highest coverage kmer is: AAAAAACATGATTGTTGGTGC, with worth: 1 and coverage: 1
Wed Jan 30 17:37:19 2019: Highest coverage kmer is: AAAAAAGAAAGAAAGCTAGCA, with worth: 1 and coverage: 1
Wed Jan 30 17:37:19 2019: Highest coverage kmer is: AAAAAAGACCAGGGATGCTGT, with worth: 1 and coverage: 1
Wed Jan 30 17:37:19 2019: Highest coverage kmer is: AAAAAAGTAAGACGCCTGGCC, with worth: 1 and coverage: 1
Wed Jan 30 17:37:19 2019: Highest coverage kmer is: AAAAAAGTGAAATCGTTGGCT, with worth: 1 and coverage: 1
Wed Jan 30 17:37:19 2019: Highest coverage kmer is: AAAAAATAGTACACAAAATGC, with worth: 1 and coverage: 1
Wed Jan 30 17:37:19 2019: Highest coverage kmer is: AAAAACAAAAGTTATTGACTT, with worth: 1 and coverage: 1
Wed Jan 30 17:37:19 2019: Highest coverage kmer is: AAAAACATACAGGCAGGGCAA, with worth: 1 and coverage: 1
Wed Jan 30 17:37:20 2019: Highest coverage kmer is: AAAAACCTTCTGCTGGTTAAA, with worth: 1 and coverage: 1
Wed Jan 30 17:37:20 2019: Highest coverage kmer is: AAAAACGAAGGATGCTATAGC, with worth: 1 and coverage: 1
Wed Jan 30 17:37:20 2019: Highest coverage kmer is: AAAAACTCGTGAGATCGTTGA, with worth: 1 and coverage: 1
Wed Jan 30 17:37:20 2019: Highest coverage kmer is: AAAAAGAAGAGCGTTTTGATA, with worth: 1 and coverage: 1
Wed Jan 30 17:37:20 2019: Highest coverage kmer is: AAAAAGCCCCTTGCAGCCGCA, with worth: 1 and coverage: 1
Wed Jan 30 17:37:20 2019: Highest coverage kmer is: AAAAAGGAGAAAAGAACGGCC, with worth: 1 and coverage: 1
Wed Jan 30 17:37:20 2019: Highest coverage kmer is: AAAAAGGTACAGGTAGGGCAC, with worth: 1 and coverage: 1
Wed Jan 30 17:37:20 2019: Highest coverage kmer is: AAAAAGGTACTGGTAGGGCTA, with worth: 1 and coverage: 1
Wed Jan 30 17:37:20 2019: Highest coverage kmer is: AAAAAGGTCAGGCAACTGGCT, with worth: 1 and coverage: 1
Wed Jan 30 17:37:20 2019: Highest coverage kmer is: AAAAAGGTTCAGGACGCGCAA, with worth: 1 and coverage: 1
Wed Jan 30 17:37:20 2019: Highest coverage kmer is: AAAAAGTAAACAGGAAAGAAA, with worth: 1 and coverage: 1
Wed Jan 30 17:37:20 2019: Highest coverage kmer is: AAAACACGAGGATTAGGGCTG, with worth: 1 and coverage: 1
Wed Jan 30 17:37:20 2019: Highest coverage kmer is: AAAACCATGGGCTCAGAAGGG, with worth: 1 and coverage: 1
Wed Jan 30 17:37:20 2019: Highest coverage kmer is: AAAACGTCTCAAAGGCCAAAG, with worth: 1 and coverage: 1
Wed Jan 30 17:37:20 2019: Highest coverage kmer is: AAAACTATACGGGTTAGGGAG, with worth: 1 and coverage: 1
Wed Jan 30 17:37:20 2019: Highest coverage kmer is: AAAAGAACCACTGCGAAGTAC, with worth: 1 and coverage: 1
Wed Jan 30 17:37:20 2019: Highest coverage kmer is: AAAAGACCTGATAAAGACGCT, with worth: 1 and coverage: 1
Wed Jan 30 17:37:20 2019: Highest coverage kmer is: AAAAGCATACCGGGAGAGCTC, with worth: 1 and coverage: 1
Wed Jan 30 17:37:20 2019: Highest coverage kmer is: AAACAAGAGGGAGAGGAGGCT, with worth: 1 and coverage: 1
Wed Jan 30 17:37:20 2019: Highest coverage kmer is: AAACAGCGAGCTATGCTACCA, with worth: 1 and coverage: 1
Wed Jan 30 17:37:20 2019: Highest coverage kmer is: AAAGACAGGAACGCAGCCGTC, with worth: 1 and coverage: 1

Checking output for redundant kmers...

AACGAAGCTCTTGTACACCAA is redundant.
TGGCGTCAAAAGGGTACTGGT is redundant.
CAGCGCACGCCCAAGAAGATG is redundant.
ATGTACCGTGCCGGTATGGCG is redundant.
AGAAGGTGAACCGCAAGATGT is redundant.
There are 581 21-mers in the representative list.
It took 17 minutes and 57 seconds to generate a list from 8000 sequences.
