Generating 21-mers
...

All 21-mers generated!

Wed Jan 30 17:19:50 2019: Highest coverage kmer is: GTTGAGGAGATGCTGGCATGA, with worth: 1181 and coverage: 1181
Wed Jan 30 17:20:22 2019: Highest coverage kmer is: AAAAAAGTTGAGGAGGTGCTC, with worth: 899 and coverage: 899
Wed Jan 30 17:20:49 2019: Highest coverage kmer is: AAACCATGGCGTCAAAAAGGA, with worth: 492 and coverage: 492
Wed Jan 30 17:21:10 2019: Highest coverage kmer is: GCCGCGCGACTACAGCCAGCG, with worth: 472 and coverage: 472
Wed Jan 30 17:21:41 2019: Highest coverage kmer is: AGAAGGGCACCGGCCGCGCCC, with worth: 273 and coverage: 312
Wed Jan 30 17:22:09 2019: Highest coverage kmer is: AACGAAGCTCTTGTACACCAA, with worth: 258 and coverage: 305
Wed Jan 30 17:22:24 2019: Highest coverage kmer is: TTCGAGGAGCTGCTGGGATGA, with worth: 255 and coverage: 255
Wed Jan 30 17:22:39 2019: Highest coverage kmer is: AAGGGTACGGGCCGCGCTCGT, with worth: 197 and coverage: 197
Wed Jan 30 17:23:06 2019: Highest coverage kmer is: CAGCGCACCCCCAAGAAGATG, with worth: 190 and coverage: 249
Wed Jan 30 17:23:31 2019: Highest coverage kmer is: AAACCATGGCGTCAAAAAGGT, with worth: 162 and coverage: 165
Wed Jan 30 17:23:55 2019: Highest coverage kmer is: TCAACAAGAAGATGTACCGCG, with worth: 115 and coverage: 163
Wed Jan 30 17:24:19 2019: Highest coverage kmer is: CAGCGCACCCCGAAGAAGATG, with worth: 80 and coverage: 131
Wed Jan 30 17:24:41 2019: Highest coverage kmer is: AGAAGGGTACGGGCCGCGCCC, with worth: 77 and coverage: 86
Wed Jan 30 17:24:54 2019: Highest coverage kmer is: GTAGAGGAGGTGCTTGCATAA, with worth: 76 and coverage: 176
Wed Jan 30 17:25:12 2019: Highest coverage kmer is: AAACCTTGGAGACAAAAAGGT, with worth: 76 and coverage: 76
Wed Jan 30 17:25:33 2019: Highest coverage kmer is: GTACAAGCAGAAGGGCACCGG, with worth: 75 and coverage: 101
Wed Jan 30 17:25:49 2019: Highest coverage kmer is: AGAAGGTCAACCGCAAGATGT, with worth: 73 and coverage: 74
Wed Jan 30 17:26:03 2019: Highest coverage kmer is: AAAAAACCTTGGCGTCAAAAA, with worth: 72 and coverage: 72
Wed Jan 30 17:26:14 2019: Highest coverage kmer is: AAAGCACAGAAGTATTCTAAA, with worth: 65 and coverage: 65
Wed Jan 30 17:26:25 2019: Highest coverage kmer is: AAGGCCATCGTTTTAGACAGC, with worth: 64 and coverage: 64
Wed Jan 30 17:26:44 2019: Highest coverage kmer is: GCCGCGTGACTACAGCCAGCG, with worth: 63 and coverage: 105
Wed Jan 30 17:26:56 2019: Highest coverage kmer is: ACAGGTAGAGCAAGACAAGGT, with worth: 62 and coverage: 62
Wed Jan 30 17:27:15 2019: Highest coverage kmer is: CGTGCTCGTCAAGGTTCTATC, with worth: 61 and coverage: 190
Wed Jan 30 17:27:34 2019: Highest coverage kmer is: GAAGCCGTGGCGCCAGAAGGG, with worth: 60 and coverage: 160
Wed Jan 30 17:27:53 2019: Highest coverage kmer is: AAGCCGTACCGCCAGAAGGGC, with worth: 53 and coverage: 236
Wed Jan 30 17:28:06 2019: Highest coverage kmer is: AAATAAAAATGTATATTTGTC, with worth: 52 and coverage: 52
Wed Jan 30 17:28:25 2019: Highest coverage kmer is: ATCGAGGAGGTGTACGCATAA, with worth: 47 and coverage: 47
Wed Jan 30 17:28:44 2019: Highest coverage kmer is: AAGCCATGGCGCCAAAAAGGT, with worth: 45 and coverage: 47
Wed Jan 30 17:28:59 2019: Highest coverage kmer is: AAAAAGTAAACCGTAAAATGT, with worth: 44 and coverage: 207
Wed Jan 30 17:29:13 2019: Highest coverage kmer is: CTACTCGACCAAGAAGATCTA, with worth: 43 and coverage: 43
Wed Jan 30 17:29:23 2019: Highest coverage kmer is: AAACCTTGGAAACAAAAAGGT, with worth: 40 and coverage: 40
Wed Jan 30 17:29:33 2019: Highest coverage kmer is: AAGAAGTTCGGTCGCCAGAAG, with worth: 37 and coverage: 37
Wed Jan 30 17:29:50 2019: Highest coverage kmer is: AAATAAAAACGTATATTTGTC, with worth: 34 and coverage: 34
Wed Jan 30 17:30:07 2019: Highest coverage kmer is: TGGCGTCAAAAGGGTACTGGT, with worth: 32 and coverage: 38
Wed Jan 30 17:30:21 2019: Highest coverage kmer is: GTTCAGAAGGTAGAGGAGGTG, with worth: 30 and coverage: 36
Wed Jan 30 17:30:38 2019: Highest coverage kmer is: GTCGAGGAGTGGCTGGCATGA, with worth: 29 and coverage: 67
Wed Jan 30 17:30:55 2019: Highest coverage kmer is: ATTGAGGAGGTGTACGCATAA, with worth: 29 and coverage: 33
Wed Jan 30 17:31:11 2019: Highest coverage kmer is: ATGGCGCCAAAAAGGAACTGG, with worth: 28 and coverage: 35
Wed Jan 30 17:31:27 2019: Highest coverage kmer is: AAAGCCATGGCGTCAAAAAGG, with worth: 27 and coverage: 32
Wed Jan 30 17:31:38 2019: Highest coverage kmer is: AAATAATAATGTATATTTGTC, with worth: 27 and coverage: 27
Wed Jan 30 17:31:54 2019: Highest coverage kmer is: CTAAGCCGCAAGATCACAGCC, with worth: 26 and coverage: 28
Wed Jan 30 17:32:08 2019: Highest coverage kmer is: AGCGGACCCCGAAGAAGATGA, with worth: 25 and coverage: 184
Wed Jan 30 17:32:17 2019: Highest coverage kmer is: AGTATTAAATACATCAGGAAA, with worth: 24 and coverage: 24
Wed Jan 30 17:32:27 2019: Highest coverage kmer is: AAAAAGCCTTTTAGACAAAAA, with worth: 23 and coverage: 23
Wed Jan 30 17:32:42 2019: Highest coverage kmer is: ATTGAGGAGGTGCTTGCATAA, with worth: 22 and coverage: 157
Wed Jan 30 17:32:58 2019: Highest coverage kmer is: ATTGAGGAGGTGTATGCATAA, with worth: 22 and coverage: 34
Wed Jan 30 17:33:13 2019: Highest coverage kmer is: GAAAAAATTCAGGAGGTCTAC, with worth: 22 and coverage: 25
Wed Jan 30 17:33:28 2019: Highest coverage kmer is: AAAATTGAGGTAGAACTCGGA, with worth: 21 and coverage: 210
Wed Jan 30 17:33:43 2019: Highest coverage kmer is: GGTAAGAAGCCATGGCGTCAA, with worth: 21 and coverage: 35
Wed Jan 30 17:33:58 2019: Highest coverage kmer is: CCAGCTCAACACCTACGACGT, with worth: 20 and coverage: 135
Wed Jan 30 17:34:13 2019: Highest coverage kmer is: TGAACAAGAAGATGTACCGCG, with worth: 20 and coverage: 76
Wed Jan 30 17:34:28 2019: Highest coverage kmer is: CGCCGACATCCTGCACCGCGT, with worth: 20 and coverage: 39
Wed Jan 30 17:34:41 2019: Highest coverage kmer is: AATATGGAAGGCAAAGAAGTT, with worth: 19 and coverage: 27
Wed Jan 30 17:34:54 2019: Highest coverage kmer is: CCACAATGGCGTGGTGGTGGT, with worth: 17 and coverage: 313
Wed Jan 30 17:35:06 2019: Highest coverage kmer is: CTGGAGGCTCGCCTGAAATGA, with worth: 17 and coverage: 29
Wed Jan 30 17:35:17 2019: Highest coverage kmer is: TAATAAAAAAATGTACAAACG, with worth: 17 and coverage: 18
Wed Jan 30 17:35:25 2019: Highest coverage kmer is: AAAACTAAAACAGTATCAGAA, with worth: 17 and coverage: 17
Wed Jan 30 17:35:39 2019: Highest coverage kmer is: CAGCGCACGCCCAAGAAGATG, with worth: 16 and coverage: 79
Wed Jan 30 17:35:53 2019: Highest coverage kmer is: AGAGGTGGAGGAAGAAAACCT, with worth: 16 and coverage: 17
Wed Jan 30 17:36:06 2019: Highest coverage kmer is: AGGGCATCAACGTCTACGACA, with worth: 15 and coverage: 60
Wed Jan 30 17:36:20 2019: Highest coverage kmer is: AAGCCTTGGAGACAAAAGGGT, with worth: 15 and coverage: 40
Wed Jan 30 17:36:32 2019: Highest coverage kmer is: AAGCCTTGGAAACAAAAAGGT, with worth: 14 and coverage: 28
Wed Jan 30 17:36:41 2019: Highest coverage kmer is: AAACAAAAAGGTACTGGTGGT, with worth: 14 and coverage: 15
Wed Jan 30 17:36:48 2019: Highest coverage kmer is: ACCCGCCGAAGGCCGAGAAGG, with worth: 14 and coverage: 14
Wed Jan 30 17:37:02 2019: Highest coverage kmer is: TCAACAAGAAGATGTATCGCG, with worth: 13 and coverage: 91
Wed Jan 30 17:37:15 2019: Highest coverage kmer is: GGCGTCAGAAGGGCACCGGTC, with worth: 13 and coverage: 65
Wed Jan 30 17:37:28 2019: Highest coverage kmer is: CAAGAAGATCTATCGCCAGAA, with worth: 13 and coverage: 38
Wed Jan 30 17:37:41 2019: Highest coverage kmer is: TGTATATTTGTCAGCTCGTAA, with worth: 13 and coverage: 36
Wed Jan 30 17:37:54 2019: Highest coverage kmer is: AGAAGGGCACCGGCCGTGCCC, with worth: 13 and coverage: 32
Wed Jan 30 17:38:07 2019: Highest coverage kmer is: ACTGGACGTGCTCGTCAAGGA, with worth: 13 and coverage: 18
Wed Jan 30 17:38:21 2019: Highest coverage kmer is: AAAGCCTTGGAGACAAAAAGG, with worth: 13 and coverage: 16
Wed Jan 30 17:38:33 2019: Highest coverage kmer is: AAGATGTACAAGCAGAAGGGT, with worth: 12 and coverage: 186
Wed Jan 30 17:38:45 2019: Highest coverage kmer is: CTACAAGCAGAAGGGCACCGG, with worth: 12 and coverage: 49
Wed Jan 30 17:38:57 2019: Highest coverage kmer is: CAGCGCACCCCTAAGAAGATG, with worth: 12 and coverage: 25
Wed Jan 30 17:39:08 2019: Highest coverage kmer is: ATGGAATTGGTATTGAAAGAC, with worth: 12 and coverage: 20
Wed Jan 30 17:39:16 2019: Highest coverage kmer is: AAATAATAACGTATATTTGTC, with worth: 12 and coverage: 12
Wed Jan 30 17:39:25 2019: Highest coverage kmer is: AATGTTTATGATATTTTGCGT, with worth: 12 and coverage: 12
Wed Jan 30 17:39:33 2019: Highest coverage kmer is: TTGGAAGCAAAAGGGTACTGG, with worth: 12 and coverage: 12
Wed Jan 30 17:39:45 2019: Highest coverage kmer is: ACAGGTCGTGCTCGTCAAGGT, with worth: 11 and coverage: 869
Wed Jan 30 17:39:56 2019: Highest coverage kmer is: AGCGGACCCCCAAGAAGATGA, with worth: 11 and coverage: 74
Wed Jan 30 17:40:08 2019: Highest coverage kmer is: AAAACCATGGAGACAAAAAGG, with worth: 11 and coverage: 18
Wed Jan 30 17:40:19 2019: Highest coverage kmer is: GGCGGCGGCAAGAAGCCCTGG, with worth: 11 and coverage: 17
Wed Jan 30 17:40:30 2019: Highest coverage kmer is: ATGGAAAGAAAAGTTTTTTCT, with worth: 11 and coverage: 12
Wed Jan 30 17:40:42 2019: Highest coverage kmer is: TAAGCCATGGCGTCAAAAAGG, with worth: 10 and coverage: 160
Wed Jan 30 17:40:54 2019: Highest coverage kmer is: AAAGTGAACCGTAAAATGTAC, with worth: 10 and coverage: 14
Wed Jan 30 17:41:05 2019: Highest coverage kmer is: ACGTCGTGGTGATATCAACTC, with worth: 10 and coverage: 14
Wed Jan 30 17:41:16 2019: Highest coverage kmer is: ATCGAGGAGGTGTATGCATAA, with worth: 10 and coverage: 13
Wed Jan 30 17:41:27 2019: Highest coverage kmer is: GCGTCAAAAAGGCACAGGTCG, with worth: 10 and coverage: 12
Wed Jan 30 17:41:38 2019: Highest coverage kmer is: AGAAGGGTACCGGCCGCGCTC, with worth: 9 and coverage: 41
Wed Jan 30 17:41:49 2019: Highest coverage kmer is: ATGACATCCTCAAGCGTGACA, with worth: 9 and coverage: 31
Wed Jan 30 17:41:59 2019: Highest coverage kmer is: ATCAGCTCAACACCTACGATG, with worth: 9 and coverage: 21
Wed Jan 30 17:42:08 2019: Highest coverage kmer is: ATCGAGGAGTGGCTGGCATGA, with worth: 9 and coverage: 16
Wed Jan 30 17:42:18 2019: Highest coverage kmer is: AAACCATGGCGTCAAAAAGGG, with worth: 9 and coverage: 13
Wed Jan 30 17:42:28 2019: Highest coverage kmer is: CGCACCGGCAAGAAGTTCGGC, with worth: 9 and coverage: 12
Wed Jan 30 17:42:33 2019: Highest coverage kmer is: AAAAAACCTTGAAGACAAAAA, with worth: 9 and coverage: 9
Wed Jan 30 17:42:40 2019: Highest coverage kmer is: AACTGTCTCCGAAACTACTTT, with worth: 9 and coverage: 9
Wed Jan 30 17:42:47 2019: Highest coverage kmer is: CTACACCCTGCCCCGCAAGGT, with worth: 9 and coverage: 9
Wed Jan 30 17:42:57 2019: Highest coverage kmer is: TGGCGTCAAAAAGGTACTGGT, with worth: 8 and coverage: 97
Wed Jan 30 17:43:08 2019: Highest coverage kmer is: AAGCCGTGGCGTCAGAAGGGT, with worth: 8 and coverage: 46
Wed Jan 30 17:43:18 2019: Highest coverage kmer is: GTTTCCGGCGGCGGCAAGAAG, with worth: 8 and coverage: 33
Wed Jan 30 17:43:28 2019: Highest coverage kmer is: CTCTTTCTCAAGTAGAGGAGG, with worth: 8 and coverage: 32
Wed Jan 30 17:43:38 2019: Highest coverage kmer is: AGTAAGCGGTGGTGGTAAAAA, with worth: 8 and coverage: 27
Wed Jan 30 17:43:49 2019: Highest coverage kmer is: GCCAACGTCTATGACATCCTG, with worth: 8 and coverage: 23
Wed Jan 30 17:43:59 2019: Highest coverage kmer is: CTGGCAGCTGGCCAAGCGCCG, with worth: 8 and coverage: 21
Wed Jan 30 17:44:10 2019: Highest coverage kmer is: ATCGAGGAGATGCTGGGATGA, with worth: 8 and coverage: 18
Wed Jan 30 17:44:20 2019: Highest coverage kmer is: AAAGAAACAGGTGCCAAGGTG, with worth: 8 and coverage: 14
Wed Jan 30 17:44:27 2019: Highest coverage kmer is: CGGTGCTCGTCGTGGTGATAT, with worth: 8 and coverage: 13
Wed Jan 30 17:44:33 2019: Highest coverage kmer is: AACTTCCAGCTATTTTTAATG, with worth: 8 and coverage: 8
Wed Jan 30 17:44:41 2019: Highest coverage kmer is: AACTTGAGGAGCAATGGGTAT, with worth: 8 and coverage: 8
Wed Jan 30 17:44:46 2019: Highest coverage kmer is: AGATATTACAGGAAAAGATAC, with worth: 8 and coverage: 8
Wed Jan 30 17:44:55 2019: Highest coverage kmer is: GAATAAAAATGTATATTTGTC, with worth: 8 and coverage: 8
Wed Jan 30 17:45:05 2019: Highest coverage kmer is: GAACAAGAAGATGTATCGCGC, with worth: 7 and coverage: 89
Wed Jan 30 17:45:14 2019: Highest coverage kmer is: AAGCCGTGGCGCCAGAAGGGC, with worth: 7 and coverage: 71
Wed Jan 30 17:45:24 2019: Highest coverage kmer is: ACAAAAAGGAACAGGTAGAGC, with worth: 7 and coverage: 56
Wed Jan 30 17:45:34 2019: Highest coverage kmer is: TATGACATCCTGCGCCGTGAC, with worth: 7 and coverage: 10
Wed Jan 30 17:45:39 2019: Highest coverage kmer is: AAGCTCGTCCTGACCAAGGCA, with worth: 7 and coverage: 7
Wed Jan 30 17:45:44 2019: Highest coverage kmer is: ACTACAGCTACACCCTGCCCA, with worth: 7 and coverage: 7
Wed Jan 30 17:45:49 2019: Highest coverage kmer is: CAAACCCTGGCGGCAAAAAGG, with worth: 7 and coverage: 7
Wed Jan 30 17:45:54 2019: Highest coverage kmer is: CTGAAGGAGCGCCTGGCATGA, with worth: 7 and coverage: 7
Wed Jan 30 17:45:59 2019: Highest coverage kmer is: GGCCGCCCGCAACCTCGCGGG, with worth: 7 and coverage: 7
Wed Jan 30 17:46:08 2019: Highest coverage kmer is: CAAAAAGGAACAGGTCGTGCT, with worth: 6 and coverage: 853
Wed Jan 30 17:46:18 2019: Highest coverage kmer is: CAAAAAGGAACTGGTCGTGCT, with worth: 6 and coverage: 106
Wed Jan 30 17:46:27 2019: Highest coverage kmer is: AACAAGAAAATGTACCGTGGT, with worth: 6 and coverage: 76
Wed Jan 30 17:46:36 2019: Highest coverage kmer is: CTCAAGGAGATGTTCGCATGA, with worth: 6 and coverage: 62
Wed Jan 30 17:46:45 2019: Highest coverage kmer is: ATTGAGGAGATGCTGGCATGA, with worth: 6 and coverage: 30
Wed Jan 30 17:46:54 2019: Highest coverage kmer is: GCCAACGTCTACGACATCCTG, with worth: 6 and coverage: 27
Wed Jan 30 17:47:03 2019: Highest coverage kmer is: TTCGAGGAGAAGCTGGCATGA, with worth: 6 and coverage: 17
Wed Jan 30 17:47:12 2019: Highest coverage kmer is: AAAAAACAAAAAGGAACAGGT, with worth: 6 and coverage: 15
Wed Jan 30 17:47:21 2019: Highest coverage kmer is: ACATCAGGAAAAGAAACCGGA, with worth: 6 and coverage: 15
Wed Jan 30 17:47:30 2019: Highest coverage kmer is: CGGAAGAAAACCTTGGAGACA, with worth: 6 and coverage: 12
Wed Jan 30 17:47:38 2019: Highest coverage kmer is: ACAAAAAACACGCTCTGAAGT, with worth: 6 and coverage: 9
Wed Jan 30 17:47:47 2019: Highest coverage kmer is: AAACCTTGAAAACAAAAAGGT, with worth: 6 and coverage: 8
Wed Jan 30 17:47:56 2019: Highest coverage kmer is: AAAGCCTTGGCGTCAAAAAGG, with worth: 6 and coverage: 8
Wed Jan 30 17:48:04 2019: Highest coverage kmer is: CGTGGTGGTGGTAAGAAGCCT, with worth: 6 and coverage: 8
Wed Jan 30 17:48:09 2019: Highest coverage kmer is: AAGCCATGGAGACAAAAAGGT, with worth: 6 and coverage: 6
Wed Jan 30 17:48:13 2019: Highest coverage kmer is: AAGCCTTATAGGCAGAAGCAT, with worth: 6 and coverage: 6
Wed Jan 30 17:48:18 2019: Highest coverage kmer is: AATCCGCTCTGCAATCGCAGC, with worth: 6 and coverage: 6
Wed Jan 30 17:48:22 2019: Highest coverage kmer is: ACCGCCCGGACCTGATCGCCC, with worth: 6 and coverage: 6
Wed Jan 30 17:48:27 2019: Highest coverage kmer is: GCACGTCACGGTAACCGTAAA, with worth: 6 and coverage: 6
Wed Jan 30 17:48:34 2019: Highest coverage kmer is: GGTGGTGGCAGAAAACCCTGG, with worth: 6 and coverage: 6
Wed Jan 30 17:48:42 2019: Highest coverage kmer is: CAGCTCAACACCTATGACGTG, with worth: 5 and coverage: 401
Wed Jan 30 17:48:51 2019: Highest coverage kmer is: AAAGGAACTGGACGTGCTCGT, with worth: 5 and coverage: 209
Wed Jan 30 17:48:59 2019: Highest coverage kmer is: CCGCAGTTCCGCGGCGGCGGC, with worth: 5 and coverage: 93
Wed Jan 30 17:49:07 2019: Highest coverage kmer is: CGCTCGTCAGGGCTCGATCCG, with worth: 5 and coverage: 50
Wed Jan 30 17:49:17 2019: Highest coverage kmer is: AAAGCAGGGGAGGTGCTTGCA, with worth: 5 and coverage: 20
Wed Jan 30 17:49:25 2019: Highest coverage kmer is: TCGGTCGTGAATACAACGAAG, with worth: 5 and coverage: 20
Wed Jan 30 17:49:33 2019: Highest coverage kmer is: CAAACCTTGGCGGCAAAAAGG, with worth: 5 and coverage: 19
Wed Jan 30 17:49:41 2019: Highest coverage kmer is: CCAAAAAGGCACCGGTGGCGC, with worth: 5 and coverage: 14
Wed Jan 30 17:49:49 2019: Highest coverage kmer is: GGTGGTGGTAAAAAGCCATGG, with worth: 5 and coverage: 14
Wed Jan 30 17:49:57 2019: Highest coverage kmer is: GAAGCAGAAGGGCACCGGCCG, with worth: 5 and coverage: 11
Wed Jan 30 17:50:05 2019: Highest coverage kmer is: AAAATCAACAAAAAACAAAAG, with worth: 5 and coverage: 10
Wed Jan 30 17:50:13 2019: Highest coverage kmer is: CCACAATGGGTTGGCGGTGGT, with worth: 5 and coverage: 10
Wed Jan 30 17:50:20 2019: Highest coverage kmer is: AAGCCCTGGCGCCAGAAAGGC, with worth: 5 and coverage: 8
Wed Jan 30 17:50:28 2019: Highest coverage kmer is: CCGCTGTGGCGTGGCGGCGGC, with worth: 5 and coverage: 8
Wed Jan 30 17:50:36 2019: Highest coverage kmer is: CCGCTGTTGAAAAGCTGGAGG, with worth: 5 and coverage: 8
Wed Jan 30 17:50:44 2019: Highest coverage kmer is: CGAGGAGGTGGCCGACCGATG, with worth: 5 and coverage: 8
Wed Jan 30 17:50:51 2019: Highest coverage kmer is: AAAGGTGGTGGTACCATCTTC, with worth: 5 and coverage: 7
Wed Jan 30 17:50:59 2019: Highest coverage kmer is: AAAAAACCATGAAGACAAAAA, with worth: 5 and coverage: 6
Wed Jan 30 17:51:06 2019: Highest coverage kmer is: AACCAGCGCCAGGGTACGCAC, with worth: 5 and coverage: 6
Wed Jan 30 17:51:14 2019: Highest coverage kmer is: AGAGGTGGAGGAAGAAAGCCT, with worth: 5 and coverage: 6
Wed Jan 30 17:51:17 2019: Highest coverage kmer is: AAAAAGATCGAGGAATGGTTG, with worth: 5 and coverage: 5
Wed Jan 30 17:51:21 2019: Highest coverage kmer is: AAAGCACAGAAGTACTCAAAA, with worth: 5 and coverage: 5
Wed Jan 30 17:51:25 2019: Highest coverage kmer is: AAATATTACTAAAAATCTTAA, with worth: 5 and coverage: 5
Wed Jan 30 17:51:29 2019: Highest coverage kmer is: AACCATCCAGGAGGTCTACGG, with worth: 5 and coverage: 5
Wed Jan 30 17:51:33 2019: Highest coverage kmer is: ACCCACAAGGTGAAGGGCATG, with worth: 5 and coverage: 5
Wed Jan 30 17:51:37 2019: Highest coverage kmer is: AGGGCTGGAAAGGGCAAAATG, with worth: 5 and coverage: 5
Wed Jan 30 17:51:41 2019: Highest coverage kmer is: ATAGCGTATTTGGCGTTGAAG, with worth: 5 and coverage: 5
Wed Jan 30 17:51:45 2019: Highest coverage kmer is: ATGGAAAAGAAAGTCTATTCA, with worth: 5 and coverage: 5
Wed Jan 30 17:51:49 2019: Highest coverage kmer is: TCAAAAAGGTGGCGGTAGAGC, with worth: 5 and coverage: 5
Wed Jan 30 17:51:56 2019: Highest coverage kmer is: CACAAGGTCAACAAGAAGATG, with worth: 4 and coverage: 114
Wed Jan 30 17:52:03 2019: Highest coverage kmer is: TCAGCTCAACACCTACGACGT, with worth: 4 and coverage: 51
Wed Jan 30 17:52:11 2019: Highest coverage kmer is: CAAGCCATGGCGCCAAAAAGG, with worth: 4 and coverage: 21
Wed Jan 30 17:52:18 2019: Highest coverage kmer is: TATCGCCAGAAGGGCACCGGC, with worth: 4 and coverage: 21
Wed Jan 30 17:52:25 2019: Highest coverage kmer is: CAAAAAGGTACAGGTAGAGCA, with worth: 4 and coverage: 20
Wed Jan 30 17:52:32 2019: Highest coverage kmer is: ATGAAAGTAGCAGTTTTAGAT, with worth: 4 and coverage: 18
Wed Jan 30 17:52:39 2019: Highest coverage kmer is: CGCCGCAGCGCCAACAACCTG, with worth: 4 and coverage: 15
Wed Jan 30 17:52:46 2019: Highest coverage kmer is: AAGCCCTGGCGCCAGAAGGGC, with worth: 4 and coverage: 13
Wed Jan 30 17:52:53 2019: Highest coverage kmer is: AAAGCCTTGGAGACAGAAGGG, with worth: 4 and coverage: 12
Wed Jan 30 17:53:00 2019: Highest coverage kmer is: GGAGACAGAAAGGAACAGGTC, with worth: 4 and coverage: 12
Wed Jan 30 17:53:07 2019: Highest coverage kmer is: GTGGTGGCCGTGTATTCGGTC, with worth: 4 and coverage: 11
Wed Jan 30 17:53:13 2019: Highest coverage kmer is: CCGCACATCGACGTGCTGCCG, with worth: 4 and coverage: 10
Wed Jan 30 17:53:20 2019: Highest coverage kmer is: TGGAGACAAAAAGGAACAGGA, with worth: 4 and coverage: 9
Wed Jan 30 17:53:26 2019: Highest coverage kmer is: TTTGACGCACCAAAAACAAAA, with worth: 4 and coverage: 8
Wed Jan 30 17:53:33 2019: Highest coverage kmer is: GGTGGCGGCAAGAAGCCATGG, with worth: 4 and coverage: 6
Wed Jan 30 17:53:39 2019: Highest coverage kmer is: ACAAATGACCAATTCTCGCCA, with worth: 4 and coverage: 5
Wed Jan 30 17:53:45 2019: Highest coverage kmer is: AGCCCGAAGACCAAGGAATTC, with worth: 4 and coverage: 5
Wed Jan 30 17:53:52 2019: Highest coverage kmer is: ATGGAAGTAATCGTATATAAC, with worth: 4 and coverage: 5
Wed Jan 30 17:53:58 2019: Highest coverage kmer is: GGAAGCAGAAGGGCACGGGCC, with worth: 4 and coverage: 5
Wed Jan 30 17:54:01 2019: Highest coverage kmer is: AAAAAGTTTTGGTTATTCTTG, with worth: 4 and coverage: 4
Wed Jan 30 17:54:05 2019: Highest coverage kmer is: AAAAATTGAGTATTTTGCATG, with worth: 4 and coverage: 4
Wed Jan 30 17:54:08 2019: Highest coverage kmer is: AAAGGTACTGGTAATGCACGT, with worth: 4 and coverage: 4
Wed Jan 30 17:54:12 2019: Highest coverage kmer is: AACCGTAAGGCTTACCGTGCT, with worth: 4 and coverage: 4
Wed Jan 30 17:54:15 2019: Highest coverage kmer is: AAGGTCGAGAAGATAATCTGG, with worth: 4 and coverage: 4
Wed Jan 30 17:54:19 2019: Highest coverage kmer is: ATCAGAGACAAGGTACGCACA, with worth: 4 and coverage: 4
Wed Jan 30 17:54:22 2019: Highest coverage kmer is: CCGAAGATCGACGTGCTGCCG, with worth: 4 and coverage: 4
Wed Jan 30 17:54:29 2019: Highest coverage kmer is: ACAAGATCACAGCCAAAAAGT, with worth: 3 and coverage: 185
Wed Jan 30 17:54:35 2019: Highest coverage kmer is: AAAGGTACTGGTCGTGCTCGT, with worth: 3 and coverage: 51
Wed Jan 30 17:54:42 2019: Highest coverage kmer is: CAGCCAGAAGGTCAACAAGAA, with worth: 3 and coverage: 51
Wed Jan 30 17:54:48 2019: Highest coverage kmer is: AAGCCGCGCAGCTTCGAGCAG, with worth: 3 and coverage: 49
Wed Jan 30 17:54:54 2019: Highest coverage kmer is: AAAAAGTGGAGGAGGTGTACG, with worth: 3 and coverage: 48
Wed Jan 30 17:55:00 2019: Highest coverage kmer is: ACTGGCCGTGCTCGTGCTGGT, with worth: 3 and coverage: 38
Wed Jan 30 17:55:07 2019: Highest coverage kmer is: CAGGGTACCCACAAGACCAAG, with worth: 3 and coverage: 27
Wed Jan 30 17:55:13 2019: Highest coverage kmer is: CCGTTCACCACAATGGGTTGG, with worth: 3 and coverage: 19
Wed Jan 30 17:55:19 2019: Highest coverage kmer is: CGTGCCCGTCAAGGTTCTATC, with worth: 3 and coverage: 18
Wed Jan 30 17:55:25 2019: Highest coverage kmer is: GCACCAAAGCCAAGAGATTAT, with worth: 3 and coverage: 16
Wed Jan 30 17:55:31 2019: Highest coverage kmer is: TTCGAAGCTCCAAAAACAAAA, with worth: 3 and coverage: 16
Wed Jan 30 17:55:38 2019: Highest coverage kmer is: CAACATCCCGAACATCGACGT, with worth: 3 and coverage: 13
Wed Jan 30 17:55:45 2019: Highest coverage kmer is: AAGGGCACCGGCCGTGCTCGT, with worth: 3 and coverage: 12
Wed Jan 30 17:55:51 2019: Highest coverage kmer is: CTCTTGAGGAGCGTTTTAAAT, with worth: 3 and coverage: 10
Wed Jan 30 17:55:57 2019: Highest coverage kmer is: ATGGCAGTTTTAAACATATAT, with worth: 3 and coverage: 8
Wed Jan 30 17:56:03 2019: Highest coverage kmer is: AAAAAGTATTTTTTCTGAATT, with worth: 3 and coverage: 7
Wed Jan 30 17:56:09 2019: Highest coverage kmer is: AAAGGTACTGGTAGAGCTAGA, with worth: 3 and coverage: 7
Wed Jan 30 17:56:15 2019: Highest coverage kmer is: CGCCGATCTTCCGCAAGGGCG, with worth: 3 and coverage: 7
Wed Jan 30 17:56:21 2019: Highest coverage kmer is: AAAAGGGAACCGGTCGCGCTC, with worth: 3 and coverage: 6
Wed Jan 30 17:56:26 2019: Highest coverage kmer is: AAGAAGCCTTGGCGTCAAAAA, with worth: 3 and coverage: 6
Wed Jan 30 17:56:32 2019: Highest coverage kmer is: AGAAGCTGAACAAGAAAATGT, with worth: 3 and coverage: 6
Wed Jan 30 17:56:38 2019: Highest coverage kmer is: CCGCAGTTCCGCGGTGGTGGC, with worth: 3 and coverage: 6
Wed Jan 30 17:56:44 2019: Highest coverage kmer is: GTTAACCGCAAAATGTATCGC, with worth: 3 and coverage: 6
Wed Jan 30 17:56:49 2019: Highest coverage kmer is: AAAGTTAGAAGACTTGCTCTT, with worth: 3 and coverage: 5
Wed Jan 30 17:56:55 2019: Highest coverage kmer is: AAGCCTTGGCGTCAGAAGGGT, with worth: 3 and coverage: 5
Wed Jan 30 17:57:01 2019: Highest coverage kmer is: ACCAGGTCGTCGTTGCGCAGC, with worth: 3 and coverage: 5
Wed Jan 30 17:57:06 2019: Highest coverage kmer is: AGCCAAATGATCACGCTATCT, with worth: 3 and coverage: 5
Wed Jan 30 17:57:12 2019: Highest coverage kmer is: ATTGATGAAAAAACTTATTTA, with worth: 3 and coverage: 5
Wed Jan 30 17:57:17 2019: Highest coverage kmer is: CACCGCCAGCACCAAGACCCG, with worth: 3 and coverage: 5
Wed Jan 30 17:57:23 2019: Highest coverage kmer is: CCGATCTTCCGCGGTGGTGGT, with worth: 3 and coverage: 5
Wed Jan 30 17:57:28 2019: Highest coverage kmer is: CGGACCGACTCCGCGCAGCTA, with worth: 3 and coverage: 5
Wed Jan 30 17:57:34 2019: Highest coverage kmer is: GATCTTCCCAAGAAGGTCCGT, with worth: 3 and coverage: 5
Wed Jan 30 17:57:39 2019: Highest coverage kmer is: GCGTCAAAAGGGAACTGGACG, with worth: 3 and coverage: 5
Wed Jan 30 17:57:44 2019: Highest coverage kmer is: TAATAAAAACGTATATTTGTC, with worth: 3 and coverage: 5
Wed Jan 30 17:57:50 2019: Highest coverage kmer is: AAAGCCTTGGCGCCAAAAAGG, with worth: 3 and coverage: 4
Wed Jan 30 17:57:55 2019: Highest coverage kmer is: AACCTTTATTTATATGTAAAA, with worth: 3 and coverage: 4
Wed Jan 30 17:58:00 2019: Highest coverage kmer is: AAGCAGAAGGGTACGGGTCGT, with worth: 3 and coverage: 4
Wed Jan 30 17:58:05 2019: Highest coverage kmer is: AAGGTGAAGGTCCAGAAAATC, with worth: 3 and coverage: 4
Wed Jan 30 17:58:10 2019: Highest coverage kmer is: ATGGCAGGTAAAAGAACTTCT, with worth: 3 and coverage: 4
Wed Jan 30 17:58:15 2019: Highest coverage kmer is: CAAAGGCGAAGACACCGGCCG, with worth: 3 and coverage: 4
Wed Jan 30 17:58:21 2019: Highest coverage kmer is: CAGCGCCAGGGTACACATAAA, with worth: 3 and coverage: 4
Wed Jan 30 17:58:26 2019: Highest coverage kmer is: CCGCAATGGAAAGGCGGCGGT, with worth: 3 and coverage: 4
Wed Jan 30 17:58:31 2019: Highest coverage kmer is: GGCGGCGGCAAGAAGCCATGG, with worth: 3 and coverage: 4
Wed Jan 30 17:58:33 2019: Highest coverage kmer is: AAAAAAGCCGTACCGACAAAA, with worth: 3 and coverage: 3
Wed Jan 30 17:58:36 2019: Highest coverage kmer is: AAAATTAAATAAAAGTGAAAA, with worth: 3 and coverage: 3
Wed Jan 30 17:58:38 2019: Highest coverage kmer is: AAAGATGTCAAAGTACTCAAG, with worth: 3 and coverage: 3
Wed Jan 30 17:58:41 2019: Highest coverage kmer is: AAAGGAGAAGATACCGGCAAG, with worth: 3 and coverage: 3
Wed Jan 30 17:58:43 2019: Highest coverage kmer is: AAGAAGCTTGGAATATGGGAT, with worth: 3 and coverage: 3
Wed Jan 30 17:58:46 2019: Highest coverage kmer is: AAGGCTCGCACAACACGCGAA, with worth: 3 and coverage: 3
Wed Jan 30 17:58:48 2019: Highest coverage kmer is: AAGGGTACCGGTAACGCTCGT, with worth: 3 and coverage: 3
Wed Jan 30 17:58:51 2019: Highest coverage kmer is: AAGGTCAATAAAAAGCAAAAA, with worth: 3 and coverage: 3
Wed Jan 30 17:58:53 2019: Highest coverage kmer is: ACGATTTCAAACTGAACCGTA, with worth: 3 and coverage: 3
Wed Jan 30 17:58:56 2019: Highest coverage kmer is: AGAAGCTGAACAAAAAAATGT, with worth: 3 and coverage: 3
Wed Jan 30 17:58:58 2019: Highest coverage kmer is: ATCAAAATTTGATTTTTCAGG, with worth: 3 and coverage: 3
Wed Jan 30 17:59:01 2019: Highest coverage kmer is: ATGCCTAAAGTAGCTTTATAT, with worth: 3 and coverage: 3
Wed Jan 30 17:59:03 2019: Highest coverage kmer is: CCTTTGTACAAGGGTGGTGGT, with worth: 3 and coverage: 3
Wed Jan 30 17:59:06 2019: Highest coverage kmer is: CGATCCTGTTCGTCACGAGCG, with worth: 3 and coverage: 3
Wed Jan 30 17:59:08 2019: Highest coverage kmer is: CTCAAAAAGGTACTGGTAACG, with worth: 3 and coverage: 3
Wed Jan 30 17:59:10 2019: Highest coverage kmer is: CTGTTTTCGGTATTGAGCCCA, with worth: 3 and coverage: 3
Wed Jan 30 17:59:14 2019: Highest coverage kmer is: GCCAAGATCCAGGAGGTTTAC, with worth: 3 and coverage: 3
Wed Jan 30 17:59:17 2019: Highest coverage kmer is: TGCGCTGGCCAAGATGGAGGA, with worth: 3 and coverage: 3
Wed Jan 30 17:59:22 2019: Highest coverage kmer is: CAAAAAGGTACTGGTCGCGCT, with worth: 2 and coverage: 227
Wed Jan 30 17:59:26 2019: Highest coverage kmer is: AAGCCGTGGCGCCAGAAGGGT, with worth: 2 and coverage: 121
Wed Jan 30 17:59:31 2019: Highest coverage kmer is: ATGGAATTGGTAATGAAAGAC, with worth: 2 and coverage: 113
Wed Jan 30 17:59:36 2019: Highest coverage kmer is: GCGTCAGGGCACTCGTGCTCA, with worth: 2 and coverage: 98
Wed Jan 30 17:59:40 2019: Highest coverage kmer is: AGAAGGGCACCGGTCGCGCCC, with worth: 2 and coverage: 82
Wed Jan 30 17:59:45 2019: Highest coverage kmer is: GAAGATGTACAAGCAGAAGGG, with worth: 2 and coverage: 74
Wed Jan 30 17:59:49 2019: Highest coverage kmer is: CCTTGAGGAGCGTTTCAAATG, with worth: 2 and coverage: 71
Wed Jan 30 17:59:54 2019: Highest coverage kmer is: AAAGGAACAGGTCGTGCACGT, with worth: 2 and coverage: 64
Wed Jan 30 17:59:58 2019: Highest coverage kmer is: ACAGGTCGTGCCCGTCAAGGT, with worth: 2 and coverage: 54
Wed Jan 30 18:00:03 2019: Highest coverage kmer is: AAACCTTGGAAACAAAAAGGA, with worth: 2 and coverage: 51
Wed Jan 30 18:00:07 2019: Highest coverage kmer is: GGTCGTGCCCGTCAAGGTTCA, with worth: 2 and coverage: 46
Wed Jan 30 18:00:12 2019: Highest coverage kmer is: CAAGCCCTTCAAGCAGAAGGG, with worth: 2 and coverage: 42
Wed Jan 30 18:00:16 2019: Highest coverage kmer is: GAAGCCCTGGCGCCAGAAGGG, with worth: 2 and coverage: 40
Wed Jan 30 18:00:21 2019: Highest coverage kmer is: AGAAGGGCACCGGTCGTGCCC, with worth: 2 and coverage: 32
Wed Jan 30 18:00:25 2019: Highest coverage kmer is: GGTCGCCAGAAGGGCGGCGGT, with worth: 2 and coverage: 32
Wed Jan 30 18:00:29 2019: Highest coverage kmer is: ACCGGTCGCGCCCGTCAGGGT, with worth: 2 and coverage: 30
Wed Jan 30 18:00:34 2019: Highest coverage kmer is: AAGAAGCCTTGGAGACAAAAG, with worth: 2 and coverage: 29
Wed Jan 30 18:00:38 2019: Highest coverage kmer is: CGTAAGATTAAAAAACAAAAA, with worth: 2 and coverage: 27
Wed Jan 30 18:00:42 2019: Highest coverage kmer is: TGGAGACAAAAAGGAACAGGT, with worth: 2 and coverage: 24
Wed Jan 30 18:00:46 2019: Highest coverage kmer is: ATCAACGTCTATGACATCCTG, with worth: 2 and coverage: 22
Wed Jan 30 18:00:51 2019: Highest coverage kmer is: CGCGCTTCCCTTCGTCAAGGT, with worth: 2 and coverage: 20
Wed Jan 30 18:00:55 2019: Highest coverage kmer is: CAAGCCGTTCCGCCAGAAGGG, with worth: 2 and coverage: 17
Wed Jan 30 18:00:59 2019: Highest coverage kmer is: AAGGGTACTGGTCGTGCACGT, with worth: 2 and coverage: 16
Wed Jan 30 18:01:03 2019: Highest coverage kmer is: GGAGACAGAAGGGTACAGGTC, with worth: 2 and coverage: 16
Wed Jan 30 18:01:07 2019: Highest coverage kmer is: AAAAGAGACCGGAAGAAAAGT, with worth: 2 and coverage: 15
Wed Jan 30 18:01:12 2019: Highest coverage kmer is: AAGGGCACTGGTCGTGCTCGT, with worth: 2 and coverage: 15
Wed Jan 30 18:01:16 2019: Highest coverage kmer is: GTATTCGGTATTGAACCAAAT, with worth: 2 and coverage: 15
Wed Jan 30 18:01:20 2019: Highest coverage kmer is: AGCTCCAAAAACTGCTGAGTT, with worth: 2 and coverage: 14
Wed Jan 30 18:01:24 2019: Highest coverage kmer is: CCAAAAAGGTACTGGCCGTGC, with worth: 2 and coverage: 13
Wed Jan 30 18:01:28 2019: Highest coverage kmer is: GGTGGTGGTCGTGTATTCGGT, with worth: 2 and coverage: 13
Wed Jan 30 18:01:32 2019: Highest coverage kmer is: AAAGCCTTGGAAGCAAAAAGG, with worth: 2 and coverage: 11
Wed Jan 30 18:01:36 2019: Highest coverage kmer is: CAAGATGAACCGCAAAGAGCG, with worth: 2 and coverage: 11
Wed Jan 30 18:01:40 2019: Highest coverage kmer is: TGGAGACAGAAGGGAACAGGT, with worth: 2 and coverage: 11
Wed Jan 30 18:01:44 2019: Highest coverage kmer is: AAAAATTGGCAAGGAGAACAA, with worth: 2 and coverage: 10
Wed Jan 30 18:01:48 2019: Highest coverage kmer is: AAACCTTGAAGACAAAAAGGA, with worth: 2 and coverage: 10
Wed Jan 30 18:01:52 2019: Highest coverage kmer is: GGCTAATCAGCGTCAGGGTAC, with worth: 2 and coverage: 10
Wed Jan 30 18:01:56 2019: Highest coverage kmer is: TAAGCCTTGGAGACAAAAAGG, with worth: 2 and coverage: 10
Wed Jan 30 18:02:00 2019: Highest coverage kmer is: AGAAGGTGAACCGCAAGATGT, with worth: 2 and coverage: 9
Wed Jan 30 18:02:04 2019: Highest coverage kmer is: AGCTCGCCAAGCGGCGCGCCG, with worth: 2 and coverage: 9
Wed Jan 30 18:02:08 2019: Highest coverage kmer is: CAAAAAGGAACAGGTAGAGCT, with worth: 2 and coverage: 9
Wed Jan 30 18:02:11 2019: Highest coverage kmer is: CGGCGCCAACGTCTATGACAT, with worth: 2 and coverage: 9
Wed Jan 30 18:02:15 2019: Highest coverage kmer is: CGTCGTTTAGCAATTAAATCT, with worth: 2 and coverage: 9
Wed Jan 30 18:02:19 2019: Highest coverage kmer is: AAACCATGGAAACAAAAAGGT, with worth: 2 and coverage: 8
Wed Jan 30 18:02:23 2019: Highest coverage kmer is: AGTGGACCCACGGCGGCATCG, with worth: 2 and coverage: 8
Wed Jan 30 18:02:27 2019: Highest coverage kmer is: CGTCACCAGCGAGGAGCCGTC, with worth: 2 and coverage: 7
Wed Jan 30 18:02:30 2019: Highest coverage kmer is: ATCGAGGAGGTATATGCATAA, with worth: 2 and coverage: 6
Wed Jan 30 18:02:34 2019: Highest coverage kmer is: AACAAGAAAATGTATCGCGCT, with worth: 2 and coverage: 5
Wed Jan 30 18:02:38 2019: Highest coverage kmer is: AAGCTGGAGGCCCGGTTCAAT, with worth: 2 and coverage: 5
Wed Jan 30 18:02:41 2019: Highest coverage kmer is: ACAGCTTCAAGCTGAATAAGA, with worth: 2 and coverage: 5
Wed Jan 30 18:02:45 2019: Highest coverage kmer is: GAAAATGAACCGCAAAGAGCG, with worth: 2 and coverage: 5
Wed Jan 30 18:02:49 2019: Highest coverage kmer is: GGTGGTACTGTTCACGGACCT, with worth: 2 and coverage: 5
Wed Jan 30 18:02:52 2019: Highest coverage kmer is: GTATTTGGCATCGAGCCAAAT, with worth: 2 and coverage: 5
Wed Jan 30 18:02:56 2019: Highest coverage kmer is: TGGTGGTGGTAAAAAACCATT, with worth: 2 and coverage: 5
Wed Jan 30 18:02:59 2019: Highest coverage kmer is: TTCCGTGGTGGTGGTATTGTT, with worth: 2 and coverage: 5
Wed Jan 30 18:03:03 2019: Highest coverage kmer is: AAGAAGCTGTGGAAGCAGAAG, with worth: 2 and coverage: 4
Wed Jan 30 18:03:07 2019: Highest coverage kmer is: AAGCAAAAAGGTACAGGTGGT, with worth: 2 and coverage: 4
Wed Jan 30 18:03:10 2019: Highest coverage kmer is: AGCGGTGGTGGTAAGAAACCT, with worth: 2 and coverage: 4
Wed Jan 30 18:03:14 2019: Highest coverage kmer is: ATCTGCTCGCAACATTCCTGG, with worth: 2 and coverage: 4
Wed Jan 30 18:03:17 2019: Highest coverage kmer is: CGACTGACCGTCTGGACCGAA, with worth: 2 and coverage: 4
Wed Jan 30 18:03:20 2019: Highest coverage kmer is: CTGAATGTTTACGACGTGCTG, with worth: 2 and coverage: 4
Wed Jan 30 18:03:24 2019: Highest coverage kmer is: GGAGACAAAAAGGAACCGGTC, with worth: 2 and coverage: 4
Wed Jan 30 18:03:27 2019: Highest coverage kmer is: AAAAGGGAACTGGTCGCGCTC, with worth: 2 and coverage: 3
Wed Jan 30 18:03:32 2019: Highest coverage kmer is: AAAATGTATCGCGGTGCCATG, with worth: 2 and coverage: 3
Wed Jan 30 18:03:35 2019: Highest coverage kmer is: AAAGCCCTGGAGACAGAAGGG, with worth: 2 and coverage: 3
Wed Jan 30 18:03:39 2019: Highest coverage kmer is: AAGAAGCCTTTCAAGCAGAAG, with worth: 2 and coverage: 3
Wed Jan 30 18:03:42 2019: Highest coverage kmer is: AAGCAGTACTTGGCTAATCAA, with worth: 2 and coverage: 3
Wed Jan 30 18:03:45 2019: Highest coverage kmer is: ACACATAAATCTAAAGAAAGA, with worth: 2 and coverage: 3
Wed Jan 30 18:03:49 2019: Highest coverage kmer is: ACCTGGCCAACCAACGTCAGG, with worth: 2 and coverage: 3
Wed Jan 30 18:03:52 2019: Highest coverage kmer is: AGAGGCTTAGGGAGATTTACG, with worth: 2 and coverage: 3
Wed Jan 30 18:03:55 2019: Highest coverage kmer is: ATCAAGTGGTCACTGCTTATT, with worth: 2 and coverage: 3
Wed Jan 30 18:03:58 2019: Highest coverage kmer is: ATGAAGGTAGCAGTATTAGAT, with worth: 2 and coverage: 3
Wed Jan 30 18:04:01 2019: Highest coverage kmer is: CACGCACAAGTCGAAGCAGCG, with worth: 2 and coverage: 3
Wed Jan 30 18:04:05 2019: Highest coverage kmer is: CCTTGGAAACAGAAAGGTACT, with worth: 2 and coverage: 3
Wed Jan 30 18:04:08 2019: Highest coverage kmer is: CTGTCGGCCCGCAACCTGCCC, with worth: 2 and coverage: 3
Wed Jan 30 18:04:11 2019: Highest coverage kmer is: CTTCCGCCAGAAGGGCACGGG, with worth: 2 and coverage: 3
Wed Jan 30 18:04:14 2019: Highest coverage kmer is: GAAGTACTAGAAAAATTAAAA, with worth: 2 and coverage: 3
Wed Jan 30 18:04:17 2019: Highest coverage kmer is: TGGACCAAGACCAAGAAACTA, with worth: 2 and coverage: 3
Wed Jan 30 18:04:18 2019: Highest coverage kmer is: AAAAAAAGAAAACTAAATAAA, with worth: 2 and coverage: 2
Wed Jan 30 18:04:20 2019: Highest coverage kmer is: AAAAAACCATGAAAACAAAAA, with worth: 2 and coverage: 2
Wed Jan 30 18:04:21 2019: Highest coverage kmer is: AAAAACCCGATGTTTAAAGGC, with worth: 2 and coverage: 2
Wed Jan 30 18:04:23 2019: Highest coverage kmer is: AAAAAGCCATGGCGCCAGAAG, with worth: 2 and coverage: 2
Wed Jan 30 18:04:24 2019: Highest coverage kmer is: AAAAAGCCTTGGCGGCAAAAG, with worth: 2 and coverage: 2
Wed Jan 30 18:04:26 2019: Highest coverage kmer is: AAAAAGGCACCGGCCGGGCCC, with worth: 2 and coverage: 2
Wed Jan 30 18:04:27 2019: Highest coverage kmer is: AAAAAGGCACTGGACGTGCAC, with worth: 2 and coverage: 2
Wed Jan 30 18:04:29 2019: Highest coverage kmer is: AAAAATAAAATCAACACATCT, with worth: 2 and coverage: 2
Wed Jan 30 18:04:30 2019: Highest coverage kmer is: AAAACCATGGAGGCAAAAAGG, with worth: 2 and coverage: 2
Wed Jan 30 18:04:32 2019: Highest coverage kmer is: AAAAGTAACATCTTTATCAAT, with worth: 2 and coverage: 2
Wed Jan 30 18:04:33 2019: Highest coverage kmer is: AAAATTTGATCAGCATGTTCG, with worth: 2 and coverage: 2
Wed Jan 30 18:04:35 2019: Highest coverage kmer is: AAACCCTGGCGCCAGAAAGGC, with worth: 2 and coverage: 2
Wed Jan 30 18:04:36 2019: Highest coverage kmer is: AAACGCCAGGCTGGCACGCAC, with worth: 2 and coverage: 2
Wed Jan 30 18:04:37 2019: Highest coverage kmer is: AAACTCCTCCTTTCTGCGAGG, with worth: 2 and coverage: 2
Wed Jan 30 18:04:39 2019: Highest coverage kmer is: AAACTGCCGAAAAAAGTGCGC, with worth: 2 and coverage: 2
Wed Jan 30 18:04:40 2019: Highest coverage kmer is: AAAGAAACCTTGGAGACAGAA, with worth: 2 and coverage: 2
Wed Jan 30 18:04:42 2019: Highest coverage kmer is: AAAGAATAAACAGAAAAGAAA, with worth: 2 and coverage: 2
Wed Jan 30 18:04:43 2019: Highest coverage kmer is: AAAGATGGTAGTTGATTGGCA, with worth: 2 and coverage: 2
Wed Jan 30 18:04:44 2019: Highest coverage kmer is: AAAGCCCTGGCGGCAAAAGGG, with worth: 2 and coverage: 2
Wed Jan 30 18:04:46 2019: Highest coverage kmer is: AAAGGTAAGATGAGAGGAAGA, with worth: 2 and coverage: 2
Wed Jan 30 18:04:47 2019: Highest coverage kmer is: AAAGTGATCCAGGCCCAGAAC, with worth: 2 and coverage: 2
Wed Jan 30 18:04:48 2019: Highest coverage kmer is: AAATTCCTGTTTATAACGCAT, with worth: 2 and coverage: 2
Wed Jan 30 18:04:50 2019: Highest coverage kmer is: AAATTGGCAGCTTGCAAAAAG, with worth: 2 and coverage: 2
Wed Jan 30 18:04:51 2019: Highest coverage kmer is: AAGATTGAGGAGGTGCTGGGA, with worth: 2 and coverage: 2
Wed Jan 30 18:04:52 2019: Highest coverage kmer is: AAGCCAAGAGATTACAGCTAC, with worth: 2 and coverage: 2
Wed Jan 30 18:04:53 2019: Highest coverage kmer is: AAGTAAGAGGCGGCGGAAGAA, with worth: 2 and coverage: 2
Wed Jan 30 18:04:55 2019: Highest coverage kmer is: ACACGTGGAGAGGTAAGAGGT, with worth: 2 and coverage: 2
Wed Jan 30 18:04:56 2019: Highest coverage kmer is: ACAGGCCGTGCCCGTCAGGGT, with worth: 2 and coverage: 2
Wed Jan 30 18:04:57 2019: Highest coverage kmer is: ACCATGCCATTTACCTTGATG, with worth: 2 and coverage: 2
Wed Jan 30 18:04:58 2019: Highest coverage kmer is: ATACAGAAAACCAAAAAGTGT, with worth: 2 and coverage: 2
Wed Jan 30 18:05:00 2019: Highest coverage kmer is: ATTCAGACAAAAAGGAACAGG, with worth: 2 and coverage: 2
Wed Jan 30 18:05:01 2019: Highest coverage kmer is: CAAGCCGTGGCGTCAAAAAGG, with worth: 2 and coverage: 2
Wed Jan 30 18:05:02 2019: Highest coverage kmer is: CCCCAAGCCGCGCAAATACAC, with worth: 2 and coverage: 2
Wed Jan 30 18:05:03 2019: Highest coverage kmer is: CCCTGGAGGCAGAAAGGCACA, with worth: 2 and coverage: 2
Wed Jan 30 18:05:04 2019: Highest coverage kmer is: CCGAGTTCGGCGGGAAGATCA, with worth: 2 and coverage: 2
Wed Jan 30 18:05:06 2019: Highest coverage kmer is: CCTATCTTCGTTGGTGGTGGT, with worth: 2 and coverage: 2
Wed Jan 30 18:05:07 2019: Highest coverage kmer is: CCTTGGCGCCAAAAAGGAACC, with worth: 2 and coverage: 2
Wed Jan 30 18:05:08 2019: Highest coverage kmer is: CGGGCCAAAACCGAGAGACTA, with worth: 2 and coverage: 2
Wed Jan 30 18:05:09 2019: Highest coverage kmer is: CGGTGGCGGTATCAAGCCTTT, with worth: 2 and coverage: 2
Wed Jan 30 18:05:10 2019: Highest coverage kmer is: GAGGAGGTGCTCGGAAAATGA, with worth: 2 and coverage: 2
Wed Jan 30 18:05:11 2019: Highest coverage kmer is: GGGCCCCATCCCCGGGACTAC, with worth: 2 and coverage: 2
Wed Jan 30 18:05:12 2019: Highest coverage kmer is: GGTGGGTATCGCCGGTTGGCA, with worth: 2 and coverage: 2
Wed Jan 30 18:05:14 2019: Highest coverage kmer is: GTAGAGGAGGTGCTGGCATAA, with worth: 2 and coverage: 2
Wed Jan 30 18:05:15 2019: Highest coverage kmer is: GTTCGCGGTGGTGGTCGTAAG, with worth: 2 and coverage: 2
Wed Jan 30 18:05:16 2019: Highest coverage kmer is: GTTTCCGGCGGAGGCAAAAAG, with worth: 2 and coverage: 2
Wed Jan 30 18:05:17 2019: Highest coverage kmer is: TGGACCTAAGCCCCGTGATTA, with worth: 2 and coverage: 2
Wed Jan 30 18:05:18 2019: Highest coverage kmer is: TGGAGCCAAAAAGGTGGCGGT, with worth: 2 and coverage: 2
Wed Jan 30 18:05:20 2019: Highest coverage kmer is: CAACCTGCACAAGGTTGACGT, with worth: 1 and coverage: 525
Wed Jan 30 18:05:23 2019: Highest coverage kmer is: CCAAAAACAAAAGAATTCAAA, with worth: 1 and coverage: 185
Wed Jan 30 18:05:25 2019: Highest coverage kmer is: TCGTAGCCCAATCTGGGTTGG, with worth: 1 and coverage: 179
Wed Jan 30 18:05:27 2019: Highest coverage kmer is: TCAAAAAGGAACTGGTCGTGC, with worth: 1 and coverage: 92
Wed Jan 30 18:05:30 2019: Highest coverage kmer is: CCAGCTGAACACCTACGACGT, with worth: 1 and coverage: 80
Wed Jan 30 18:05:32 2019: Highest coverage kmer is: CTGCCGATCCAGGGCATCAAC, with worth: 1 and coverage: 77
Wed Jan 30 18:05:34 2019: Highest coverage kmer is: GGTGGTCGGATTTTCCCGAAC, with worth: 1 and coverage: 75
Wed Jan 30 18:05:36 2019: Highest coverage kmer is: CCTACATGGCTGGCGGTCGTC, with worth: 1 and coverage: 58
Wed Jan 30 18:05:39 2019: Highest coverage kmer is: GCGTCAAAAAGGTACCGGCCG, with worth: 1 and coverage: 52
Wed Jan 30 18:05:41 2019: Highest coverage kmer is: GGTGGCAAGAAGCCGTGGCGT, with worth: 1 and coverage: 51
Wed Jan 30 18:05:43 2019: Highest coverage kmer is: ACAGCCAGCGCACCCCGAAGA, with worth: 1 and coverage: 42
Wed Jan 30 18:05:45 2019: Highest coverage kmer is: CGGCCCCAAGCCGCGCGACTA, with worth: 1 and coverage: 34
Wed Jan 30 18:05:48 2019: Highest coverage kmer is: GGTACGGGCCGTGCTCGTGCC, with worth: 1 and coverage: 33
Wed Jan 30 18:05:50 2019: Highest coverage kmer is: CACTCGACCAAGAAGCCTTTC, with worth: 1 and coverage: 31
Wed Jan 30 18:05:52 2019: Highest coverage kmer is: AAAGGTACAGGTCGTGCTCGT, with worth: 1 and coverage: 30
Wed Jan 30 18:05:54 2019: Highest coverage kmer is: AACTGGACGTGCACGTCAAGG, with worth: 1 and coverage: 30
Wed Jan 30 18:05:56 2019: Highest coverage kmer is: AAACGTATCTGTTTACAATAT, with worth: 1 and coverage: 26
Wed Jan 30 18:05:58 2019: Highest coverage kmer is: CTATCGCCAGAAGGGCACCGG, with worth: 1 and coverage: 26
Wed Jan 30 18:06:00 2019: Highest coverage kmer is: AACAAGAAGATGTATCGCGCT, with worth: 1 and coverage: 25
Wed Jan 30 18:06:02 2019: Highest coverage kmer is: CGCGGCGGTGGCCGCAAGCCG, with worth: 1 and coverage: 25
Wed Jan 30 18:06:05 2019: Highest coverage kmer is: CTATGACATCCTCAAGCGTGA, with worth: 1 and coverage: 25
Wed Jan 30 18:06:07 2019: Highest coverage kmer is: AAGGGTACTGGTCGTGCCCGT, with worth: 1 and coverage: 24
Wed Jan 30 18:06:09 2019: Highest coverage kmer is: AAGGGTACAGGTCGTGCTCGT, with worth: 1 and coverage: 22
Wed Jan 30 18:06:11 2019: Highest coverage kmer is: ACAAAAGGGAACAGGTAGAGC, with worth: 1 and coverage: 22
Wed Jan 30 18:06:13 2019: Highest coverage kmer is: AAAAAGCCGTGGCGTCAGAAG, with worth: 1 and coverage: 21
Wed Jan 30 18:06:15 2019: Highest coverage kmer is: TTTGAAGCACCAAAAACAAAA, with worth: 1 and coverage: 21
Wed Jan 30 18:06:17 2019: Highest coverage kmer is: CCGGCCGCAAGCCGTTCAAGC, with worth: 1 and coverage: 20
Wed Jan 30 18:06:19 2019: Highest coverage kmer is: ATGGAGACAAAAAGGAACAGG, with worth: 1 and coverage: 18
Wed Jan 30 18:06:21 2019: Highest coverage kmer is: GCAGAAGGGTACCGGCCGCGC, with worth: 1 and coverage: 17
Wed Jan 30 18:06:23 2019: Highest coverage kmer is: GGTCGCAAACCTTGGCGGCAA, with worth: 1 and coverage: 17
Wed Jan 30 18:06:25 2019: Highest coverage kmer is: AAAAAGTGAACAAAAAAATGT, with worth: 1 and coverage: 16
Wed Jan 30 18:06:27 2019: Highest coverage kmer is: AAGACCCGTGGCGAGGTCCGC, with worth: 1 and coverage: 16
Wed Jan 30 18:06:29 2019: Highest coverage kmer is: CACCGGTGGCGCACGTCACGG, with worth: 1 and coverage: 16
Wed Jan 30 18:06:31 2019: Highest coverage kmer is: AAGGGTACTGGTCGCGCCCGT, with worth: 1 and coverage: 15
Wed Jan 30 18:06:33 2019: Highest coverage kmer is: GAAGCCTTGGGCACAAAAAGG, with worth: 1 and coverage: 15
Wed Jan 30 18:06:35 2019: Highest coverage kmer is: ACGGCCCGGTGCCGCGCGACT, with worth: 1 and coverage: 14
Wed Jan 30 18:06:37 2019: Highest coverage kmer is: CGCGCTCGTCAGGGTTCGATC, with worth: 1 and coverage: 14
Wed Jan 30 18:06:38 2019: Highest coverage kmer is: ATGGATATTAACGTATTAGAT, with worth: 1 and coverage: 13
Wed Jan 30 18:06:40 2019: Highest coverage kmer is: GCAGAAGGGCACCGGTCGGGC, with worth: 1 and coverage: 13
Wed Jan 30 18:06:42 2019: Highest coverage kmer is: AAGGTTGCTTGGCAGCTCCTC, with worth: 1 and coverage: 12
Wed Jan 30 18:06:44 2019: Highest coverage kmer is: CTGATGCACCAGGTTGTTGTC, with worth: 1 and coverage: 12
Wed Jan 30 18:06:46 2019: Highest coverage kmer is: AAACCTTGGCGTCAGAAAGGT, with worth: 1 and coverage: 11
Wed Jan 30 18:06:48 2019: Highest coverage kmer is: AAAGTGAACAAGAAGATGTAC, with worth: 1 and coverage: 11
Wed Jan 30 18:06:50 2019: Highest coverage kmer is: AAGCCCTTCAAGCAGAAGGGT, with worth: 1 and coverage: 11
Wed Jan 30 18:06:51 2019: Highest coverage kmer is: AGAAGGGTACCGGTCGCGCTC, with worth: 1 and coverage: 11
Wed Jan 30 18:06:53 2019: Highest coverage kmer is: ATCTTCGCTGATCAGCTCAAC, with worth: 1 and coverage: 11
Wed Jan 30 18:06:55 2019: Highest coverage kmer is: CAGGAAAAGAAACCGGAAGAA, with worth: 1 and coverage: 11
Wed Jan 30 18:06:57 2019: Highest coverage kmer is: GGTTCGCGGCGGCGGCAAGAA, with worth: 1 and coverage: 11
Wed Jan 30 18:06:59 2019: Highest coverage kmer is: GTTATAACTAACTCAGAATTA, with worth: 1 and coverage: 10
Wed Jan 30 18:07:00 2019: Highest coverage kmer is: TGGTGGTGTAACTTTTGCAGC, with worth: 1 and coverage: 10
Wed Jan 30 18:07:02 2019: Highest coverage kmer is: TTAGAAACTCCAAAAACAAGA, with worth: 1 and coverage: 10
Wed Jan 30 18:07:04 2019: Highest coverage kmer is: AAACAAAAAGGAACAGGTACT, with worth: 1 and coverage: 9
Wed Jan 30 18:07:06 2019: Highest coverage kmer is: CGCCAAGCGCCGCGCCGGCAC, with worth: 1 and coverage: 9
Wed Jan 30 18:07:07 2019: Highest coverage kmer is: AACGAGACGCTGGTGCACCAG, with worth: 1 and coverage: 8
Wed Jan 30 18:07:09 2019: Highest coverage kmer is: AAGCGTTGGAGGCACGTCTCA, with worth: 1 and coverage: 8
Wed Jan 30 18:07:11 2019: Highest coverage kmer is: AAAGGTACAGGCCGTGCACGT, with worth: 1 and coverage: 7
Wed Jan 30 18:07:13 2019: Highest coverage kmer is: AAAGGTACCGGTCGCGCCCGT, with worth: 1 and coverage: 7
Wed Jan 30 18:07:14 2019: Highest coverage kmer is: ACAAGGTACTCAATCTGCTAA, with worth: 1 and coverage: 7
Wed Jan 30 18:07:16 2019: Highest coverage kmer is: ACCGTGTGGTCCGTTGGCAGC, with worth: 1 and coverage: 7
Wed Jan 30 18:07:18 2019: Highest coverage kmer is: ACGCCAGGGCTCGACTCGCGC, with worth: 1 and coverage: 7
Wed Jan 30 18:07:19 2019: Highest coverage kmer is: ATGGAACTGAGCGTATTTAAT, with worth: 1 and coverage: 7
Wed Jan 30 18:07:21 2019: Highest coverage kmer is: CGTAGGTGGTGGTCGTGTATT, with worth: 1 and coverage: 7
Wed Jan 30 18:07:23 2019: Highest coverage kmer is: CGTGGCGTCAAAAAGGCACCG, with worth: 1 and coverage: 7
Wed Jan 30 18:07:24 2019: Highest coverage kmer is: CTCGTCGTGGTGATATCAATT, with worth: 1 and coverage: 7
Wed Jan 30 18:07:26 2019: Highest coverage kmer is: AAAAATTGGCAAGGGGAAGAA, with worth: 1 and coverage: 6
Wed Jan 30 18:07:27 2019: Highest coverage kmer is: AAAGGTGGTGGTGGCGCACGT, with worth: 1 and coverage: 6
Wed Jan 30 18:07:29 2019: Highest coverage kmer is: AAATCGAAAGAAAGAGCTGAG, with worth: 1 and coverage: 6
Wed Jan 30 18:07:31 2019: Highest coverage kmer is: ACAGGTGCCAAGGTGCAGCTT, with worth: 1 and coverage: 6
Wed Jan 30 18:07:32 2019: Highest coverage kmer is: ACCATCCGCAGCCCGCTGTGG, with worth: 1 and coverage: 6
Wed Jan 30 18:07:34 2019: Highest coverage kmer is: ATGGAAGTTAAAGTTTTAAAT, with worth: 1 and coverage: 6
Wed Jan 30 18:07:35 2019: Highest coverage kmer is: CAGAGGCAGGAAATACAAGCA, with worth: 1 and coverage: 6
Wed Jan 30 18:07:37 2019: Highest coverage kmer is: CCTCAATGGGTAGGCGGTGGC, with worth: 1 and coverage: 6
Wed Jan 30 18:07:38 2019: Highest coverage kmer is: CGGTCGTCAGAAGGGCGGCGG, with worth: 1 and coverage: 6
Wed Jan 30 18:07:40 2019: Highest coverage kmer is: CTGTTCGTGGCGGTGGTAAGA, with worth: 1 and coverage: 6
Wed Jan 30 18:07:41 2019: Highest coverage kmer is: TACTGGTAGAGCTAGACAAGG, with worth: 1 and coverage: 6
Wed Jan 30 18:07:43 2019: Highest coverage kmer is: AAGCCATGGAAGCAGAAGGGT, with worth: 1 and coverage: 5
Wed Jan 30 18:07:44 2019: Highest coverage kmer is: ACCGGAAGAGCAAGACACGGT, with worth: 1 and coverage: 5
Wed Jan 30 18:07:46 2019: Highest coverage kmer is: ATCTATTTGGATGTGAAACAA, with worth: 1 and coverage: 5
Wed Jan 30 18:07:47 2019: Highest coverage kmer is: ATGGAAGTAGCAGTATTAAAT, with worth: 1 and coverage: 5
Wed Jan 30 18:07:49 2019: Highest coverage kmer is: ATGGCGCTGAGCGACAAGGCG, with worth: 1 and coverage: 5
Wed Jan 30 18:07:50 2019: Highest coverage kmer is: CAAGAAGCCGTATCGCCAGAA, with worth: 1 and coverage: 5
Wed Jan 30 18:07:52 2019: Highest coverage kmer is: CAATGTCTATGACATCCTCAA, with worth: 1 and coverage: 5
Wed Jan 30 18:07:53 2019: Highest coverage kmer is: GGTGGTGGAAGAAAGCCATGG, with worth: 1 and coverage: 5
Wed Jan 30 18:07:54 2019: Highest coverage kmer is: TCTATTAGAGCTCCTCAATGG, with worth: 1 and coverage: 5
Wed Jan 30 18:07:56 2019: Highest coverage kmer is: TGGCGTCAAAAGGGTACCGGT, with worth: 1 and coverage: 5
Wed Jan 30 18:07:57 2019: Highest coverage kmer is: AAAAAACCTTGAAAACAAAAA, with worth: 1 and coverage: 4
Wed Jan 30 18:07:58 2019: Highest coverage kmer is: AAAACCTTGGGCTCAAAAAGG, with worth: 1 and coverage: 4
Wed Jan 30 18:08:00 2019: Highest coverage kmer is: AAAGGTACAGGTAGAGCAAGG, with worth: 1 and coverage: 4
Wed Jan 30 18:08:01 2019: Highest coverage kmer is: AACGTCTACGACATCCTCCGC, with worth: 1 and coverage: 4
Wed Jan 30 18:08:02 2019: Highest coverage kmer is: AAGTCTAAAGAAAGAGCTGAG, with worth: 1 and coverage: 4
Wed Jan 30 18:08:04 2019: Highest coverage kmer is: ATCAGCGTCAGGGTACAGCTA, with worth: 1 and coverage: 4
Wed Jan 30 18:08:05 2019: Highest coverage kmer is: CAGCGCCAGGGTACGCACAAG, with worth: 1 and coverage: 4
Wed Jan 30 18:08:06 2019: Highest coverage kmer is: CCATCCGTGCTCCCCAGTGGA, with worth: 1 and coverage: 4
Wed Jan 30 18:08:08 2019: Highest coverage kmer is: CGGCGCGCTCTGGAACTAAGG, with worth: 1 and coverage: 4
Wed Jan 30 18:08:09 2019: Highest coverage kmer is: CGGTAAAAAGCCCTGGCGTCA, with worth: 1 and coverage: 4
Wed Jan 30 18:08:10 2019: Highest coverage kmer is: CTAATCAGCGTCAGGGTACGC, with worth: 1 and coverage: 4
Wed Jan 30 18:08:11 2019: Highest coverage kmer is: GGGCGGCGGCGTGGCCTTCGG, with worth: 1 and coverage: 4
Wed Jan 30 18:08:13 2019: Highest coverage kmer is: AAAAAGCCCTGGCGTCAAAAA, with worth: 1 and coverage: 3
Wed Jan 30 18:08:14 2019: Highest coverage kmer is: AAAACCCTGGCGCCAGAAGGG, with worth: 1 and coverage: 3
Wed Jan 30 18:08:15 2019: Highest coverage kmer is: AAAAGGGAACAGGTAGAGCTA, with worth: 1 and coverage: 3
Wed Jan 30 18:08:16 2019: Highest coverage kmer is: AAAGGTAATATCCGTAACCCT, with worth: 1 and coverage: 3
Wed Jan 30 18:08:17 2019: Highest coverage kmer is: AACATCCCAACAATGATGATG, with worth: 1 and coverage: 3
Wed Jan 30 18:08:19 2019: Highest coverage kmer is: AAGACCAAGAGCTTTGTCGCC, with worth: 1 and coverage: 3
Wed Jan 30 18:08:20 2019: Highest coverage kmer is: AAGATGAACAAGAAAGAGAAG, with worth: 1 and coverage: 3
Wed Jan 30 18:08:21 2019: Highest coverage kmer is: AAGCCTTGGCGTCAAAAAGGG, with worth: 1 and coverage: 3
Wed Jan 30 18:08:22 2019: Highest coverage kmer is: AAGTATTAGATATCAACGGAA, with worth: 1 and coverage: 3
Wed Jan 30 18:08:23 2019: Highest coverage kmer is: ACCAGATCTTATTAAAAGAGC, with worth: 1 and coverage: 3
Wed Jan 30 18:08:25 2019: Highest coverage kmer is: ACTCGCATGGCAATCCGCTCG, with worth: 1 and coverage: 3
Wed Jan 30 18:08:26 2019: Highest coverage kmer is: AGAAGGGTACCGGTCGTGCGC, with worth: 1 and coverage: 3
Wed Jan 30 18:08:27 2019: Highest coverage kmer is: AGTGGTTCTACTCGCAAACTT, with worth: 1 and coverage: 3
Wed Jan 30 18:08:28 2019: Highest coverage kmer is: ATCAAAAAGCAAAAAGGTACT, with worth: 1 and coverage: 3
Wed Jan 30 18:08:29 2019: Highest coverage kmer is: ATCTTTATCGGTGGTGGTAAG, with worth: 1 and coverage: 3
Wed Jan 30 18:08:30 2019: Highest coverage kmer is: ATTCAACGAATCCCTGGTGCA, with worth: 1 and coverage: 3
Wed Jan 30 18:08:31 2019: Highest coverage kmer is: CAAGCCCCGGGATTACAGCTA, with worth: 1 and coverage: 3
Wed Jan 30 18:08:32 2019: Highest coverage kmer is: CAAGCCCTTCCGTCAGAAGGG, with worth: 1 and coverage: 3
Wed Jan 30 18:08:33 2019: Highest coverage kmer is: CAAGCCTTGGCGTCAAAAGGG, with worth: 1 and coverage: 3
Wed Jan 30 18:08:34 2019: Highest coverage kmer is: CCAGAAGGGAACCGGCAACGC, with worth: 1 and coverage: 3
Wed Jan 30 18:08:35 2019: Highest coverage kmer is: CGCCGATCTGGCGTACCGGTG, with worth: 1 and coverage: 3
Wed Jan 30 18:08:36 2019: Highest coverage kmer is: CGGCGGCACGGTCTTCGGTCC, with worth: 1 and coverage: 3
Wed Jan 30 18:08:37 2019: Highest coverage kmer is: CGTGGCGGTGGCCGCAAGCCA, with worth: 1 and coverage: 3
Wed Jan 30 18:08:38 2019: Highest coverage kmer is: CTATAAATTACCGAAAAAAGT, with worth: 1 and coverage: 3
Wed Jan 30 18:08:39 2019: Highest coverage kmer is: CTGGAAAAACAAAAGATGCAG, with worth: 1 and coverage: 3
Wed Jan 30 18:08:40 2019: Highest coverage kmer is: GGCGGAATTATTTTTGGACCG, with worth: 1 and coverage: 3
Wed Jan 30 18:08:41 2019: Highest coverage kmer is: GGGCGGCGGCGTGGTCTTCGG, with worth: 1 and coverage: 3
Wed Jan 30 18:08:42 2019: Highest coverage kmer is: GGTGGTGGTCGTAAGCCGTGG, with worth: 1 and coverage: 3
Wed Jan 30 18:08:43 2019: Highest coverage kmer is: TCCTCAATTTAGAGGTGGTGG, with worth: 1 and coverage: 3
Wed Jan 30 18:08:44 2019: Highest coverage kmer is: AAAAAATCTTATGATCATTCT, with worth: 1 and coverage: 2
Wed Jan 30 18:08:45 2019: Highest coverage kmer is: AAAAAGGAACGGGAAATGCTC, with worth: 1 and coverage: 2
Wed Jan 30 18:08:46 2019: Highest coverage kmer is: AAAAGCTGGCCATGCGCATGG, with worth: 1 and coverage: 2
Wed Jan 30 18:08:47 2019: Highest coverage kmer is: AAACCAGAGACAGGGCACACA, with worth: 1 and coverage: 2
Wed Jan 30 18:08:48 2019: Highest coverage kmer is: AAACCCTGGCGACAGAAAGGA, with worth: 1 and coverage: 2
Wed Jan 30 18:08:49 2019: Highest coverage kmer is: AAACCGTGGCGCCAAAAAGGT, with worth: 1 and coverage: 2
Wed Jan 30 18:08:49 2019: Highest coverage kmer is: AAAGCGGTAAAACAAAGGACT, with worth: 1 and coverage: 2
Wed Jan 30 18:08:50 2019: Highest coverage kmer is: AAAGGCCGCAGCGAAGTGGCC, with worth: 1 and coverage: 2
Wed Jan 30 18:08:51 2019: Highest coverage kmer is: AACCGGACGTGCGCGTCAAGG, with worth: 1 and coverage: 2
Wed Jan 30 18:08:52 2019: Highest coverage kmer is: AACGATCACGCTATCTATTTG, with worth: 1 and coverage: 2
Wed Jan 30 18:08:53 2019: Highest coverage kmer is: AACGTCTATGATATTTTGAAG, with worth: 1 and coverage: 2
Wed Jan 30 18:08:54 2019: Highest coverage kmer is: AAGAAGATGTATCGCCAAAAA, with worth: 1 and coverage: 2
Wed Jan 30 18:08:54 2019: Highest coverage kmer is: AAGAAGCTTTGGAAGCAAAAG, with worth: 1 and coverage: 2
Wed Jan 30 18:08:55 2019: Highest coverage kmer is: AAGACTCGCGGCGAAGTCCGT, with worth: 1 and coverage: 2
Wed Jan 30 18:08:56 2019: Highest coverage kmer is: AAGCAATATTTGGCTAACCAA, with worth: 1 and coverage: 2
Wed Jan 30 18:08:57 2019: Highest coverage kmer is: AAGCATTGGAGGCACGTTTAA, with worth: 1 and coverage: 2
Wed Jan 30 18:08:58 2019: Highest coverage kmer is: AAGTGGTGGTGGTGCGAAGCC, with worth: 1 and coverage: 2
Wed Jan 30 18:08:58 2019: Highest coverage kmer is: AAGTGTCTTGAGAGTAGGTTG, with worth: 1 and coverage: 2
Wed Jan 30 18:08:59 2019: Highest coverage kmer is: AAGTTTCTGGTGGTGGAAGAA, with worth: 1 and coverage: 2
Wed Jan 30 18:09:00 2019: Highest coverage kmer is: ACACGCTCGTGCTGACGAAGG, with worth: 1 and coverage: 2
Wed Jan 30 18:09:01 2019: Highest coverage kmer is: ACCAGGTTGTTGTAGCTCAGC, with worth: 1 and coverage: 2
Wed Jan 30 18:09:01 2019: Highest coverage kmer is: ACCGCATGGTTCGTTACCAGC, with worth: 1 and coverage: 2
Wed Jan 30 18:09:02 2019: Highest coverage kmer is: ACCTGATTTAATAAAAAGAGC, with worth: 1 and coverage: 2
Wed Jan 30 18:09:03 2019: Highest coverage kmer is: ACGAAGACCCGCGCAGAGGTC, with worth: 1 and coverage: 2
Wed Jan 30 18:09:03 2019: Highest coverage kmer is: ACGGTTCCAATGCCAAGCCTT, with worth: 1 and coverage: 2
Wed Jan 30 18:09:04 2019: Highest coverage kmer is: AGCATCACTTCGCCCGTGTTT, with worth: 1 and coverage: 2
Wed Jan 30 18:09:05 2019: Highest coverage kmer is: AGCTCCTGGAACTCATCCTGG, with worth: 1 and coverage: 2
Wed Jan 30 18:09:05 2019: Highest coverage kmer is: AGGAATCTTCCAAATGTAAAA, with worth: 1 and coverage: 2
Wed Jan 30 18:09:06 2019: Highest coverage kmer is: AGGACGACTGACCGTCTGGAC, with worth: 1 and coverage: 2
Wed Jan 30 18:09:06 2019: Highest coverage kmer is: AGGGCCGGTAAGGGTAAGATG, with worth: 1 and coverage: 2
Wed Jan 30 18:09:07 2019: Highest coverage kmer is: AGGGTTCGATTCGTGCTCCGC, with worth: 1 and coverage: 2
Wed Jan 30 18:09:08 2019: Highest coverage kmer is: CAAACCCTGGAGACAGAAAGG, with worth: 1 and coverage: 2
Wed Jan 30 18:09:08 2019: Highest coverage kmer is: CAGCGCCAGGGAACGCACAAA, with worth: 1 and coverage: 2
Wed Jan 30 18:09:09 2019: Highest coverage kmer is: CAGGAGGTTTACAGTGACTAA, with worth: 1 and coverage: 2
Wed Jan 30 18:09:09 2019: Highest coverage kmer is: CCAAAAAGGGACAGGTCGTGC, with worth: 1 and coverage: 2
Wed Jan 30 18:09:10 2019: Highest coverage kmer is: CGGCGCGCAACATTCCGGGCG, with worth: 1 and coverage: 2
Wed Jan 30 18:09:11 2019: Highest coverage kmer is: CGTAAGCCTTGGCGCCAGAAG, with worth: 1 and coverage: 2
Wed Jan 30 18:09:11 2019: Highest coverage kmer is: CGTGGAGGTGGAAAAATTTTT, with worth: 1 and coverage: 2
Wed Jan 30 18:09:12 2019: Highest coverage kmer is: CTGAAGTTAGTGGCGGTGGAA, with worth: 1 and coverage: 2
Wed Jan 30 18:09:12 2019: Highest coverage kmer is: CTTAATGTTTACGATATTCTT, with worth: 1 and coverage: 2
Wed Jan 30 18:09:13 2019: Highest coverage kmer is: GAAGAAGAATACAGACCAGAT, with worth: 1 and coverage: 2
Wed Jan 30 18:09:13 2019: Highest coverage kmer is: GCGCGGCGGCGGTCGCAAACC, with worth: 1 and coverage: 2
Wed Jan 30 18:09:14 2019: Highest coverage kmer is: GGGCGGCGGTGTTGCCTTCGG, with worth: 1 and coverage: 2
Wed Jan 30 18:09:14 2019: Highest coverage kmer is: GGTAAGAAGCCGTGGAAGCAG, with worth: 1 and coverage: 2
Wed Jan 30 18:09:14 2019: Highest coverage kmer is: GGTCCTCAGCCTCGCGATTAC, with worth: 1 and coverage: 2
Wed Jan 30 18:09:15 2019: Highest coverage kmer is: TCGCGTAGCCCCATCTGGCGC, with worth: 1 and coverage: 2
Wed Jan 30 18:09:15 2019: Highest coverage kmer is: TGTATCTGTTGAAAATTTAAA, with worth: 1 and coverage: 2
Wed Jan 30 18:09:15 2019: Highest coverage kmer is: AAAAAAACGCTGGTTCTTCTT, with worth: 1 and coverage: 1
Wed Jan 30 18:09:16 2019: Highest coverage kmer is: AAAAAAACTAAGGACGCCCAC, with worth: 1 and coverage: 1
Wed Jan 30 18:09:16 2019: Highest coverage kmer is: AAAAAAAGGTTTATTCAGTCG, with worth: 1 and coverage: 1
Wed Jan 30 18:09:16 2019: Highest coverage kmer is: AAAAAAAGTTAGAAAGCTTGG, with worth: 1 and coverage: 1
Wed Jan 30 18:09:16 2019: Highest coverage kmer is: AAAAAAAGTTTCTGTTTTAGA, with worth: 1 and coverage: 1
Wed Jan 30 18:09:16 2019: Highest coverage kmer is: AAAAAAATAAGAATTTAAGAT, with worth: 1 and coverage: 1
Wed Jan 30 18:09:17 2019: Highest coverage kmer is: AAAAAAATGTATCGAGCTGGT, with worth: 1 and coverage: 1
Wed Jan 30 18:09:17 2019: Highest coverage kmer is: AAAAAACATGATTGTTGGTGC, with worth: 1 and coverage: 1
Wed Jan 30 18:09:17 2019: Highest coverage kmer is: AAAAAACTAGGAATAATAGAT, with worth: 1 and coverage: 1
Wed Jan 30 18:09:17 2019: Highest coverage kmer is: AAAAAAGAAAGGACTTTAGCT, with worth: 1 and coverage: 1
Wed Jan 30 18:09:17 2019: Highest coverage kmer is: AAAAAAGTAAGACGCCTGGCC, with worth: 1 and coverage: 1
Wed Jan 30 18:09:17 2019: Highest coverage kmer is: AAAAAAGTGAAATCGTTGGCT, with worth: 1 and coverage: 1
Wed Jan 30 18:09:18 2019: Highest coverage kmer is: AAAAAATAGTACACAAAATGC, with worth: 1 and coverage: 1
Wed Jan 30 18:09:18 2019: Highest coverage kmer is: AAAAACAAAAGTTATTGACTT, with worth: 1 and coverage: 1
Wed Jan 30 18:09:18 2019: Highest coverage kmer is: AAAAACATACAGGCAGGGCAA, with worth: 1 and coverage: 1
Wed Jan 30 18:09:18 2019: Highest coverage kmer is: AAAAACCTTCTGCTGGTTAAA, with worth: 1 and coverage: 1
Wed Jan 30 18:09:18 2019: Highest coverage kmer is: AAAAACCTTGCTGGAGTCGAT, with worth: 1 and coverage: 1
Wed Jan 30 18:09:18 2019: Highest coverage kmer is: AAAAACGAAGGATGCTATAGC, with worth: 1 and coverage: 1
Wed Jan 30 18:09:19 2019: Highest coverage kmer is: AAAAACTCGTGAGATCGTTGA, with worth: 1 and coverage: 1
Wed Jan 30 18:09:19 2019: Highest coverage kmer is: AAAAAGAAGAGCGTTCTGCTT, with worth: 1 and coverage: 1
Wed Jan 30 18:09:19 2019: Highest coverage kmer is: AAAAAGACAAGCGAGATTGCC, with worth: 1 and coverage: 1
Wed Jan 30 18:09:19 2019: Highest coverage kmer is: AAAAAGCCCTTCAAGCAGAAA, with worth: 1 and coverage: 1
Wed Jan 30 18:09:19 2019: Highest coverage kmer is: AAAAAGGTACAGGTAGGGCAC, with worth: 1 and coverage: 1
Wed Jan 30 18:09:19 2019: Highest coverage kmer is: AAAAAGGTACTGGTAGGGCTA, with worth: 1 and coverage: 1
Wed Jan 30 18:09:19 2019: Highest coverage kmer is: AAAAAGTAAACAGGAAAGAAA, with worth: 1 and coverage: 1
Wed Jan 30 18:09:19 2019: Highest coverage kmer is: AAAAAGTTATTGCTTCTAGAT, with worth: 1 and coverage: 1
Wed Jan 30 18:09:19 2019: Highest coverage kmer is: AAAACACGAGGATTAGGGCTG, with worth: 1 and coverage: 1
Wed Jan 30 18:09:19 2019: Highest coverage kmer is: AAAACCATGGGCTCAGAAGGG, with worth: 1 and coverage: 1
Wed Jan 30 18:09:20 2019: Highest coverage kmer is: AAAACGTCTCAAAGGCCAAAG, with worth: 1 and coverage: 1
Wed Jan 30 18:09:20 2019: Highest coverage kmer is: AAAACTATACGGGTTAGGGAG, with worth: 1 and coverage: 1
Wed Jan 30 18:09:20 2019: Highest coverage kmer is: AAAAGAATGGTGGAAATCCTG, with worth: 1 and coverage: 1
Wed Jan 30 18:09:20 2019: Highest coverage kmer is: AAAAGACCTGATAAAGACGCT, with worth: 1 and coverage: 1
Wed Jan 30 18:09:20 2019: Highest coverage kmer is: AAAAGAGCGGCGAGGTAGCGC, with worth: 1 and coverage: 1
Wed Jan 30 18:09:20 2019: Highest coverage kmer is: AAAAGCATACCGGGAGAGCTC, with worth: 1 and coverage: 1
Wed Jan 30 18:09:20 2019: Highest coverage kmer is: AAAAGCGCCCTCATCCTCCTG, with worth: 1 and coverage: 1
Wed Jan 30 18:09:20 2019: Highest coverage kmer is: AAAAGCTACGATCAGGAGAAG, with worth: 1 and coverage: 1
Wed Jan 30 18:09:20 2019: Highest coverage kmer is: AAACAAGAGGGAGAGGAGGCT, with worth: 1 and coverage: 1
Wed Jan 30 18:09:20 2019: Highest coverage kmer is: AAACAGCGAGCTATGCTACCA, with worth: 1 and coverage: 1
Wed Jan 30 18:09:20 2019: Highest coverage kmer is: AAACGGTTGGCGATGAAGTCG, with worth: 1 and coverage: 1

Checking output for redundant kmers...

AACGAAGCTCTTGTACACCAA is redundant.
TTCGAGGAGCTGCTGGGATGA is redundant.
GAAGCCGTGGCGCCAGAAGGG is redundant.
ACAGGTCGTGCTCGTCAAGGT is redundant.
AGAAGGGTACCGGCCGCGCTC is redundant.
ATCAGCTCAACACCTACGATG is redundant.
AAGCCGTGGCGTCAGAAGGGT is redundant.
CGGTGCTCGTCGTGGTGATAT is redundant.
AAGGCTCGCACAACACGCGAA is redundant.
AAAAATTGGCAAGGAGAACAA is redundant.
AGAAGGTGAACCGCAAGATGT is redundant.
There are 581 21-mers in the representative list.
It took 49 minutes and 59 seconds to generate a list from 8000 sequences.
