Generating 21-mers
...

All 21-mers generated!

Wed Jan 30 17:19:42 2019: Highest coverage kmer is: GTTGAGGAGATGCTGGCATGA, with worth: 1176 and coverage: 1176
Wed Jan 30 17:20:05 2019: Highest coverage kmer is: AAAAAAGTTGAGGAGGTGCTC, with worth: 899 and coverage: 899
Wed Jan 30 17:20:24 2019: Highest coverage kmer is: AAACCATGGCGTCAAAAAGGA, with worth: 492 and coverage: 492
Wed Jan 30 17:20:38 2019: Highest coverage kmer is: GCCGCGCGACTACAGCCAGCG, with worth: 467 and coverage: 467
Wed Jan 30 17:21:03 2019: Highest coverage kmer is: AGAAGGGCACCGGCCGCGCCC, with worth: 275 and coverage: 319
Wed Jan 30 17:21:15 2019: Highest coverage kmer is: TTCGAGGAGCTGCTGGGATGA, with worth: 260 and coverage: 260
Wed Jan 30 17:21:33 2019: Highest coverage kmer is: AACGAAGCTCTTGTACACCAA, with worth: 256 and coverage: 298
Wed Jan 30 17:21:44 2019: Highest coverage kmer is: AAGGGTACGGGCCGCGCTCGT, with worth: 205 and coverage: 205
Wed Jan 30 17:22:03 2019: Highest coverage kmer is: CAGCGCACCCCCAAGAAGATG, with worth: 185 and coverage: 252
Wed Jan 30 17:22:21 2019: Highest coverage kmer is: AAACCATGGCGTCAAAAAGGT, with worth: 170 and coverage: 174
Wed Jan 30 17:22:38 2019: Highest coverage kmer is: TCAACAAGAAGATGTACCGCG, with worth: 111 and coverage: 173
Wed Jan 30 17:22:55 2019: Highest coverage kmer is: ACCCCGAAGAAGATGAAGGCC, with worth: 90 and coverage: 194
Wed Jan 30 17:23:09 2019: Highest coverage kmer is: AAAACCTTGGCGTCAAAAAGG, with worth: 78 and coverage: 78
Wed Jan 30 17:23:24 2019: Highest coverage kmer is: GTAGAGGAGGTGCTTGCATAA, with worth: 77 and coverage: 187
Wed Jan 30 17:23:39 2019: Highest coverage kmer is: GTACAAGCAGAAGGGCACCGG, with worth: 76 and coverage: 104
Wed Jan 30 17:23:55 2019: Highest coverage kmer is: AAGATGTACAAGCAGAAGGGT, with worth: 74 and coverage: 188
Wed Jan 30 17:24:05 2019: Highest coverage kmer is: AAACCTTGGAGACAAAAAGGT, with worth: 74 and coverage: 75
Wed Jan 30 17:24:12 2019: Highest coverage kmer is: AAGAAGTCGAAGAAGCAGAAG, with worth: 73 and coverage: 73
Wed Jan 30 17:24:26 2019: Highest coverage kmer is: GAAGCCGTGGCGCCAGAAGGG, with worth: 72 and coverage: 160
Wed Jan 30 17:24:33 2019: Highest coverage kmer is: CAAGATAAGACAGAGGAGTAA, with worth: 70 and coverage: 70
Wed Jan 30 17:24:40 2019: Highest coverage kmer is: ACAGGTAGAGCAAGACAAGGT, with worth: 66 and coverage: 66
Wed Jan 30 17:24:47 2019: Highest coverage kmer is: AAAGCACAGAAGTATTCTAAA, with worth: 63 and coverage: 63
Wed Jan 30 17:25:01 2019: Highest coverage kmer is: CCACAATGGCGTGGTGGTGGT, with worth: 54 and coverage: 311
Wed Jan 30 17:25:12 2019: Highest coverage kmer is: CTACTCGACCAAGAAGATCTA, with worth: 51 and coverage: 51
Wed Jan 30 17:25:26 2019: Highest coverage kmer is: ATCGAGGAGGTGTACGCATAA, with worth: 49 and coverage: 49
Wed Jan 30 17:25:40 2019: Highest coverage kmer is: GCCGCGTGACTACAGCCAGCG, with worth: 48 and coverage: 102
Wed Jan 30 17:25:53 2019: Highest coverage kmer is: AAAAAGTAAACCGTAAAATGT, with worth: 47 and coverage: 210
Wed Jan 30 17:26:01 2019: Highest coverage kmer is: AAATAAAAATGTATATTTGTC, with worth: 46 and coverage: 46
Wed Jan 30 17:26:13 2019: Highest coverage kmer is: CAGCGCACCCCGAAGAAGATG, with worth: 42 and coverage: 138
Wed Jan 30 17:26:26 2019: Highest coverage kmer is: AAGCCATGGCGCCAAAAAGGT, with worth: 41 and coverage: 43
Wed Jan 30 17:26:32 2019: Highest coverage kmer is: AAATAAAAACGTATATTTGTC, with worth: 39 and coverage: 39
Wed Jan 30 17:26:40 2019: Highest coverage kmer is: GTTCAGAAGGTAGAGGAGGTG, with worth: 38 and coverage: 38
Wed Jan 30 17:26:46 2019: Highest coverage kmer is: AAGAAGTTCGGTCGCCAGAAG, with worth: 37 and coverage: 37
Wed Jan 30 17:26:59 2019: Highest coverage kmer is: AAGCCGTACCGCCAGAAGGGC, with worth: 36 and coverage: 234
Wed Jan 30 17:27:12 2019: Highest coverage kmer is: GGTCGTGCTCGTCAAGGTTCT, with worth: 32 and coverage: 55
Wed Jan 30 17:27:24 2019: Highest coverage kmer is: AAGCCGTGGCGTCAGAAGGGT, with worth: 32 and coverage: 53
Wed Jan 30 17:27:30 2019: Highest coverage kmer is: AAATAATAATGTATATTTGTC, with worth: 32 and coverage: 32
Wed Jan 30 17:27:41 2019: Highest coverage kmer is: TGGCGTCAAAAGGGTACTGGT, with worth: 29 and coverage: 37
Wed Jan 30 17:27:53 2019: Highest coverage kmer is: AAACCTTGGAAACAAAAAGGT, with worth: 28 and coverage: 38
Wed Jan 30 17:28:00 2019: Highest coverage kmer is: AGTATTAAATACATCAGGAAA, with worth: 28 and coverage: 28
Wed Jan 30 17:28:12 2019: Highest coverage kmer is: ATTGAGGAGGTGCTTGCATAA, with worth: 27 and coverage: 145
Wed Jan 30 17:28:24 2019: Highest coverage kmer is: AAAGCCATGGCGTCAAAAAGG, with worth: 27 and coverage: 30
Wed Jan 30 17:28:35 2019: Highest coverage kmer is: AGAAGGTCAACCGCAAGATGT, with worth: 24 and coverage: 73
Wed Jan 30 17:28:46 2019: Highest coverage kmer is: ATTGAGGAGGTGTACGCATAA, with worth: 23 and coverage: 27
Wed Jan 30 17:28:58 2019: Highest coverage kmer is: CTAAGAAAATTGAGGTAGAAC, with worth: 22 and coverage: 215
Wed Jan 30 17:29:06 2019: Highest coverage kmer is: ACTAAAAAGCCTTTTAGACAA, with worth: 22 and coverage: 22
Wed Jan 30 17:29:17 2019: Highest coverage kmer is: CCAGCTCAACACCTACGACGT, with worth: 21 and coverage: 141
Wed Jan 30 17:29:29 2019: Highest coverage kmer is: AATATGGAAGGCAAAGAAGTT, with worth: 21 and coverage: 28
Wed Jan 30 17:29:40 2019: Highest coverage kmer is: GAAAAAATTCAGGAGGTCTAC, with worth: 21 and coverage: 26
Wed Jan 30 17:29:50 2019: Highest coverage kmer is: CGCCGACATCCTGCACCGCGT, with worth: 19 and coverage: 42
Wed Jan 30 17:30:01 2019: Highest coverage kmer is: ATGGCGCCAAAAAGGAACTGG, with worth: 19 and coverage: 40
Wed Jan 30 17:30:12 2019: Highest coverage kmer is: GGTAAGAAGCCATGGCGTCAA, with worth: 19 and coverage: 30
Wed Jan 30 17:30:22 2019: Highest coverage kmer is: CAGCGCACGCCCAAGAAGATG, with worth: 17 and coverage: 76
Wed Jan 30 17:30:32 2019: Highest coverage kmer is: ATTGAGGAGGTGTATGCATAA, with worth: 17 and coverage: 30
Wed Jan 30 17:30:41 2019: Highest coverage kmer is: AGAGGTGGAGGAAGAAAACCT, with worth: 17 and coverage: 18
Wed Jan 30 17:30:46 2019: Highest coverage kmer is: AAAACTAAAACAGTATCAGAA, with worth: 17 and coverage: 17
Wed Jan 30 17:30:57 2019: Highest coverage kmer is: AAGCCGTGGCGTCAGAAGGGC, with worth: 16 and coverage: 61
Wed Jan 30 17:31:05 2019: Highest coverage kmer is: ACAAAAAGGAACTGGACGTGC, with worth: 16 and coverage: 27
Wed Jan 30 17:31:12 2019: Highest coverage kmer is: TAATAAAAAAATGTACAAACG, with worth: 16 and coverage: 16
Wed Jan 30 17:31:21 2019: Highest coverage kmer is: CAAAAAGGAACTGGTCGTGCT, with worth: 15 and coverage: 99
Wed Jan 30 17:31:29 2019: Highest coverage kmer is: ATCGAGGAGATGCTGGGATGA, with worth: 15 and coverage: 19
Wed Jan 30 17:31:34 2019: Highest coverage kmer is: CTCTTGAGGAGCGTTTTAAAT, with worth: 15 and coverage: 15
Wed Jan 30 17:31:39 2019: Highest coverage kmer is: GGTAAAAAGCCTTGGAGACAA, with worth: 15 and coverage: 15
Wed Jan 30 17:31:49 2019: Highest coverage kmer is: CAAGAAGATCTATCGCCAGAA, with worth: 14 and coverage: 43
Wed Jan 30 17:31:59 2019: Highest coverage kmer is: TTCCGGCGGCGGCAAGAAGCC, with worth: 14 and coverage: 35
Wed Jan 30 17:32:08 2019: Highest coverage kmer is: TGTATATTTGTCAGCTCGTAA, with worth: 14 and coverage: 34
Wed Jan 30 17:32:17 2019: Highest coverage kmer is: CAAGCCGTGGCGCCAGAAGGG, with worth: 14 and coverage: 30
Wed Jan 30 17:32:27 2019: Highest coverage kmer is: CAGCGCACCCCTAAGAAGATG, with worth: 14 and coverage: 30
Wed Jan 30 17:32:37 2019: Highest coverage kmer is: AAGCCTTGGAAACAAAAAGGT, with worth: 13 and coverage: 27
Wed Jan 30 17:32:46 2019: Highest coverage kmer is: GATCACAGCCAAAAAGTTAAC, with worth: 13 and coverage: 21
Wed Jan 30 17:32:55 2019: Highest coverage kmer is: AAAGTGAACCGTAAAATGTAC, with worth: 13 and coverage: 16
Wed Jan 30 17:33:00 2019: Highest coverage kmer is: AAACAAAAAGGTACTGGTGGT, with worth: 13 and coverage: 14
Wed Jan 30 17:33:05 2019: Highest coverage kmer is: ACCCGCCGAAGGCCGAGAAGG, with worth: 13 and coverage: 13
Wed Jan 30 17:33:12 2019: Highest coverage kmer is: TTGGAAGCAAAAGGGTACTGG, with worth: 13 and coverage: 13
Wed Jan 30 17:33:21 2019: Highest coverage kmer is: AGAAGCTGAACAAGAAGATGT, with worth: 12 and coverage: 120
Wed Jan 30 17:33:30 2019: Highest coverage kmer is: TCAACAAGAAGATGTATCGCG, with worth: 12 and coverage: 93
Wed Jan 30 17:33:39 2019: Highest coverage kmer is: AGGGCATCAACGTCTACGACA, with worth: 12 and coverage: 56
Wed Jan 30 17:33:47 2019: Highest coverage kmer is: CTGGCAGCTGGCCAAGCGCCG, with worth: 12 and coverage: 21
Wed Jan 30 17:33:53 2019: Highest coverage kmer is: AAATAATAACGTATATTTGTC, with worth: 12 and coverage: 12
Wed Jan 30 17:34:02 2019: Highest coverage kmer is: AAAACCATGGAGACAAAAAGG, with worth: 11 and coverage: 19
Wed Jan 30 17:34:10 2019: Highest coverage kmer is: CAAAAAGGAACAGGTCGTGCT, with worth: 10 and coverage: 858
Wed Jan 30 17:34:19 2019: Highest coverage kmer is: AGCGGACCCCGAAGAAGATGA, with worth: 10 and coverage: 190
Wed Jan 30 17:34:28 2019: Highest coverage kmer is: CCGCAGTTCCGCGGCGGCGGC, with worth: 10 and coverage: 93
Wed Jan 30 17:34:36 2019: Highest coverage kmer is: ATGAAGAGCATTCTTTCTGAG, with worth: 10 and coverage: 87
Wed Jan 30 17:34:44 2019: Highest coverage kmer is: CTCTTTCTCAAGTAGAGGAGG, with worth: 10 and coverage: 30
Wed Jan 30 17:34:53 2019: Highest coverage kmer is: CTGGAGGCTCGCCTGAAATGA, with worth: 10 and coverage: 30
Wed Jan 30 17:35:01 2019: Highest coverage kmer is: AACGTCTACGACATCCTGAAG, with worth: 10 and coverage: 28
Wed Jan 30 17:35:09 2019: Highest coverage kmer is: AATAAAAATGTATATTTGTCG, with worth: 10 and coverage: 27
Wed Jan 30 17:35:17 2019: Highest coverage kmer is: AAAGCAGGGGAGGTGCTTGCA, with worth: 10 and coverage: 21
Wed Jan 30 17:35:25 2019: Highest coverage kmer is: AGCTCCTAAGACTAAAGAATT, with worth: 10 and coverage: 14
Wed Jan 30 17:35:33 2019: Highest coverage kmer is: AGCGGACCCCCAAGAAGATGA, with worth: 9 and coverage: 70
Wed Jan 30 17:35:41 2019: Highest coverage kmer is: AGAAGGGTACCGGCCGCGCTC, with worth: 9 and coverage: 37
Wed Jan 30 17:35:48 2019: Highest coverage kmer is: AGTAAGCGGTGGTGGTAAAAA, with worth: 9 and coverage: 26
Wed Jan 30 17:35:56 2019: Highest coverage kmer is: ATCAGCTCAACACCTACGATG, with worth: 9 and coverage: 21
Wed Jan 30 17:36:02 2019: Highest coverage kmer is: GGCGGCGGCAAGAAGCCCTGG, with worth: 9 and coverage: 19
Wed Jan 30 17:36:06 2019: Highest coverage kmer is: AACTTCCAGCTATTTTTAATG, with worth: 9 and coverage: 9
Wed Jan 30 17:36:13 2019: Highest coverage kmer is: AGATATTACAGGAAAAGATAC, with worth: 9 and coverage: 9
Wed Jan 30 17:36:20 2019: Highest coverage kmer is: TGGCGTCAAAAAGGTACTGGT, with worth: 8 and coverage: 93
Wed Jan 30 17:36:28 2019: Highest coverage kmer is: AGAAGGGCACCGGCCGTGCCC, with worth: 8 and coverage: 34
Wed Jan 30 17:36:36 2019: Highest coverage kmer is: ATGACATCCTCAAGCGTGACA, with worth: 8 and coverage: 28
Wed Jan 30 17:36:43 2019: Highest coverage kmer is: CGGCGGTGGTAAGGCTCACGG, with worth: 8 and coverage: 25
Wed Jan 30 17:36:50 2019: Highest coverage kmer is: GGCGGTCGCATCTTCCCGAAC, with worth: 8 and coverage: 17
Wed Jan 30 17:36:58 2019: Highest coverage kmer is: AAAGAAACAGGTGCCAAGGTG, with worth: 8 and coverage: 11
Wed Jan 30 17:37:05 2019: Highest coverage kmer is: ATGGAAAGAAAAGTTTTTTCT, with worth: 8 and coverage: 9
Wed Jan 30 17:37:12 2019: Highest coverage kmer is: GCGTCAAAAAGGCACAGGTCG, with worth: 8 and coverage: 9
Wed Jan 30 17:37:20 2019: Highest coverage kmer is: CGAGCAGAAGGTCAACCGCAA, with worth: 7 and coverage: 51
Wed Jan 30 17:37:27 2019: Highest coverage kmer is: AAGAAGCCTTGGAGACAAAAG, with worth: 7 and coverage: 29
Wed Jan 30 17:37:34 2019: Highest coverage kmer is: ATTGAGGAGATGCTGGCATGA, with worth: 7 and coverage: 29
Wed Jan 30 17:37:42 2019: Highest coverage kmer is: AAACGTATCTGTTTACAATAT, with worth: 7 and coverage: 25
Wed Jan 30 17:37:49 2019: Highest coverage kmer is: CAAAAAGGTACAGGTAGAGCA, with worth: 7 and coverage: 20
Wed Jan 30 17:37:56 2019: Highest coverage kmer is: GTATATTTGTCGGCTCGTAAT, with worth: 7 and coverage: 16
Wed Jan 30 17:38:03 2019: Highest coverage kmer is: CGATCTTCCCAAGAAGGTCCG, with worth: 7 and coverage: 9
Wed Jan 30 17:38:10 2019: Highest coverage kmer is: GTGGTGGTGGTAAGAAGCCTT, with worth: 7 and coverage: 9
Wed Jan 30 17:38:17 2019: Highest coverage kmer is: TGAACCGCAAGATGTATCGCG, with worth: 7 and coverage: 9
Wed Jan 30 17:38:21 2019: Highest coverage kmer is: AAACCTTGAAAACAAAAAGGT, with worth: 7 and coverage: 7
Wed Jan 30 17:38:25 2019: Highest coverage kmer is: GTTGAGGAGGTGTACGCATAA, with worth: 7 and coverage: 7
Wed Jan 30 17:38:32 2019: Highest coverage kmer is: GCGTCAGGGCACTCGTGCTCA, with worth: 6 and coverage: 96
Wed Jan 30 17:38:39 2019: Highest coverage kmer is: CTTGAGGAGCGTTTCAAATGA, with worth: 6 and coverage: 75
Wed Jan 30 17:38:46 2019: Highest coverage kmer is: AACGTCTATGACATCCTGCGC, with worth: 6 and coverage: 27
Wed Jan 30 17:38:52 2019: Highest coverage kmer is: CGCCCGTCAGGGTTCGATCCG, with worth: 6 and coverage: 22
Wed Jan 30 17:38:59 2019: Highest coverage kmer is: TGGAGACAGAAAGGAACAGGT, with worth: 6 and coverage: 16
Wed Jan 30 17:39:06 2019: Highest coverage kmer is: GCCGGCACCCACAAGGTGAAG, with worth: 6 and coverage: 13
Wed Jan 30 17:39:13 2019: Highest coverage kmer is: AGAAGGTTAACCGCAAGATGT, with worth: 6 and coverage: 11
Wed Jan 30 17:39:19 2019: Highest coverage kmer is: AACTTGAGGAGCAATGGGTAT, with worth: 6 and coverage: 9
Wed Jan 30 17:39:26 2019: Highest coverage kmer is: ACAAAAAACACGCTCTGAAGT, with worth: 6 and coverage: 9
Wed Jan 30 17:39:31 2019: Highest coverage kmer is: CCGCTGTGGCGTGGCGGCGGC, with worth: 6 and coverage: 9
Wed Jan 30 17:39:37 2019: Highest coverage kmer is: ACCAGCGCCAGGGTACGCACA, with worth: 6 and coverage: 7
Wed Jan 30 17:39:40 2019: Highest coverage kmer is: AACAGTACGAGACCTGGACGG, with worth: 6 and coverage: 6
Wed Jan 30 17:39:43 2019: Highest coverage kmer is: AAGCCTTATAGGCAGAAGCAT, with worth: 6 and coverage: 6
Wed Jan 30 17:39:46 2019: Highest coverage kmer is: CAAACCCTGGCGGCAAAAAGG, with worth: 6 and coverage: 6
Wed Jan 30 17:39:49 2019: Highest coverage kmer is: CAGAGGCAGGAAATACAAGCA, with worth: 6 and coverage: 6
Wed Jan 30 17:39:52 2019: Highest coverage kmer is: CTACACCCTGCCCCGCAAGGT, with worth: 6 and coverage: 6
Wed Jan 30 17:39:55 2019: Highest coverage kmer is: GGTGGTCGTAAACCTTGGCGG, with worth: 6 and coverage: 6
Wed Jan 30 17:40:02 2019: Highest coverage kmer is: CAAGAAGATGATCGCCGCGGC, with worth: 5 and coverage: 382
Wed Jan 30 17:40:08 2019: Highest coverage kmer is: AACAAGAAAATGTACCGTGGT, with worth: 5 and coverage: 70
Wed Jan 30 17:40:15 2019: Highest coverage kmer is: AAACCTTGGAAACAAAAAGGA, with worth: 5 and coverage: 57
Wed Jan 30 17:40:21 2019: Highest coverage kmer is: ATCTTCCCGAATTCGCCGGAA, with worth: 5 and coverage: 56
Wed Jan 30 17:40:27 2019: Highest coverage kmer is: CAAGCCATGGCGCCAAAAAGG, with worth: 5 and coverage: 22
Wed Jan 30 17:40:34 2019: Highest coverage kmer is: GGCGCCAACGTCTATGACATC, with worth: 5 and coverage: 20
Wed Jan 30 17:40:40 2019: Highest coverage kmer is: GTTCGCTGGCAGCTTGCAAAG, with worth: 5 and coverage: 19
Wed Jan 30 17:40:46 2019: Highest coverage kmer is: GAAGCAGAAGGGCACCGGCCG, with worth: 5 and coverage: 15
Wed Jan 30 17:40:52 2019: Highest coverage kmer is: CAACATCCCGAACATCGACGT, with worth: 5 and coverage: 14
Wed Jan 30 17:40:58 2019: Highest coverage kmer is: GGTGGTGGTAAAAAGCCATGG, with worth: 5 and coverage: 14
Wed Jan 30 17:41:04 2019: Highest coverage kmer is: GTATTTGCACCAAAGCCAAGA, with worth: 5 and coverage: 14
Wed Jan 30 17:41:10 2019: Highest coverage kmer is: AAATCAAAAGAAAGAAGCGAA, with worth: 5 and coverage: 13
Wed Jan 30 17:41:16 2019: Highest coverage kmer is: ATGGATATTAACGTATTAGAT, with worth: 5 and coverage: 13
Wed Jan 30 17:41:22 2019: Highest coverage kmer is: GGTGGAGCACGTCGTGGTGAT, with worth: 5 and coverage: 10
Wed Jan 30 17:41:28 2019: Highest coverage kmer is: AAAAGGGTACAGGTCGTGCTC, with worth: 5 and coverage: 9
Wed Jan 30 17:41:34 2019: Highest coverage kmer is: AAACCATGGCGTCAAAAAGGG, with worth: 5 and coverage: 9
Wed Jan 30 17:41:40 2019: Highest coverage kmer is: AAGCCCTGGCGCCAGAAAGGC, with worth: 5 and coverage: 9
Wed Jan 30 17:41:46 2019: Highest coverage kmer is: CCACAATGGGTTGGCGGTGGT, with worth: 5 and coverage: 9
Wed Jan 30 17:41:52 2019: Highest coverage kmer is: AGAAGCTGAACAAGAAAATGT, with worth: 5 and coverage: 8
Wed Jan 30 17:41:57 2019: Highest coverage kmer is: AAAGGTGGTGGTACCATCTTC, with worth: 5 and coverage: 7
Wed Jan 30 17:42:03 2019: Highest coverage kmer is: ATTGATGAAAAAACTTATTTA, with worth: 5 and coverage: 7
Wed Jan 30 17:42:07 2019: Highest coverage kmer is: AGCCAAATGATCACGCTATCT, with worth: 5 and coverage: 6
Wed Jan 30 17:42:11 2019: Highest coverage kmer is: TTCGAGGAGATGCTGGGATGA, with worth: 5 and coverage: 6
Wed Jan 30 17:42:13 2019: Highest coverage kmer is: AAAAAACCATGAAGACAAAAA, with worth: 5 and coverage: 5
Wed Jan 30 17:42:16 2019: Highest coverage kmer is: AAAAAGATCGAGGAATGGTTG, with worth: 5 and coverage: 5
Wed Jan 30 17:42:19 2019: Highest coverage kmer is: AAAAAGTTTTGGTTATTCTTG, with worth: 5 and coverage: 5
Wed Jan 30 17:42:21 2019: Highest coverage kmer is: AAAGCACAGAAGTACTCAAAA, with worth: 5 and coverage: 5
Wed Jan 30 17:42:24 2019: Highest coverage kmer is: AACCATCCAGGAGGTCTACGG, with worth: 5 and coverage: 5
Wed Jan 30 17:42:26 2019: Highest coverage kmer is: AGAGGTGGAGGAAGAAAGCCT, with worth: 5 and coverage: 5
Wed Jan 30 17:42:29 2019: Highest coverage kmer is: GGCCGCCCGCAACCTCGCGGG, with worth: 5 and coverage: 5
Wed Jan 30 17:42:31 2019: Highest coverage kmer is: GGTGGTGGCAGAAAACCCTGG, with worth: 5 and coverage: 5
Wed Jan 30 17:42:34 2019: Highest coverage kmer is: GGTGGTGGTGCTAAGCCATGG, with worth: 5 and coverage: 5
Wed Jan 30 17:42:36 2019: Highest coverage kmer is: TCAAAAAGGTGGCGGTAGAGC, with worth: 5 and coverage: 5
Wed Jan 30 17:42:40 2019: Highest coverage kmer is: TCAGCGTCAGGGTACGCACAA, with worth: 5 and coverage: 5
Wed Jan 30 17:42:45 2019: Highest coverage kmer is: TAAGCCATGGCGTCAAAAAGG, with worth: 4 and coverage: 154
Wed Jan 30 17:42:51 2019: Highest coverage kmer is: AGAAGGGCACCGGTCGCGCCC, with worth: 4 and coverage: 83
Wed Jan 30 17:42:56 2019: Highest coverage kmer is: TAAACCATGGAGACAAAAAGG, with worth: 4 and coverage: 72
Wed Jan 30 17:43:01 2019: Highest coverage kmer is: TCAGCTCAACACCTACGACGT, with worth: 4 and coverage: 50
Wed Jan 30 17:43:06 2019: Highest coverage kmer is: CGCTCGTCAGGGCTCGATCCG, with worth: 4 and coverage: 48
Wed Jan 30 17:43:11 2019: Highest coverage kmer is: TATCGCCAGAAGGGCACCGGC, with worth: 4 and coverage: 28
Wed Jan 30 17:43:17 2019: Highest coverage kmer is: CGTAAGATTAAAAAACAAAAA, with worth: 4 and coverage: 24
Wed Jan 30 17:43:22 2019: Highest coverage kmer is: TGGAGACAAAAAGGAACAGGT, with worth: 4 and coverage: 24
Wed Jan 30 17:43:27 2019: Highest coverage kmer is: GTGCGCTGGCAGCTCGCCAAG, with worth: 4 and coverage: 16
Wed Jan 30 17:43:32 2019: Highest coverage kmer is: AAAGTTAACAAGAAAATGTAT, with worth: 4 and coverage: 10
Wed Jan 30 17:43:37 2019: Highest coverage kmer is: AAGTTCCGCAAGCTGGGTCTG, with worth: 4 and coverage: 8
Wed Jan 30 17:43:42 2019: Highest coverage kmer is: ACTGGTCGTGCCCGTCAAGGT, with worth: 4 and coverage: 7
Wed Jan 30 17:43:47 2019: Highest coverage kmer is: ATTGAGGAGGTGCTCGCATAA, with worth: 4 and coverage: 7
Wed Jan 30 17:43:51 2019: Highest coverage kmer is: GAAAAGACACAGGTAGAAAGG, with worth: 4 and coverage: 7
Wed Jan 30 17:43:56 2019: Highest coverage kmer is: CAAGCTGACCCGTACAGCCTG, with worth: 4 and coverage: 6
Wed Jan 30 17:44:01 2019: Highest coverage kmer is: CGGCGGCAAAAAGCCGTGGCG, with worth: 4 and coverage: 6
Wed Jan 30 17:44:05 2019: Highest coverage kmer is: AACTGGTCGTGCAAGACAAGG, with worth: 4 and coverage: 5
Wed Jan 30 17:44:09 2019: Highest coverage kmer is: AAGAAGCTGTGGAAGCAGAAG, with worth: 4 and coverage: 5
Wed Jan 30 17:44:12 2019: Highest coverage kmer is: ATGGAAGTAATCGTATATAAC, with worth: 4 and coverage: 5
Wed Jan 30 17:44:16 2019: Highest coverage kmer is: CTGGCCGCACGCAACATCCCG, with worth: 4 and coverage: 5
Wed Jan 30 17:44:18 2019: Highest coverage kmer is: AAAAATTGAGTATTTTGCATG, with worth: 4 and coverage: 4
Wed Jan 30 17:44:20 2019: Highest coverage kmer is: AGGGCTGGAAAGGGCAAAATG, with worth: 4 and coverage: 4
Wed Jan 30 17:44:22 2019: Highest coverage kmer is: AGTATTTGGCATCGAGCCAAA, with worth: 4 and coverage: 4
Wed Jan 30 17:44:25 2019: Highest coverage kmer is: AGTGCTATAGAGAGGCTTAGG, with worth: 4 and coverage: 4
Wed Jan 30 17:44:27 2019: Highest coverage kmer is: ATACAAGGGTGGTGGTACCAT, with worth: 4 and coverage: 4
Wed Jan 30 17:44:29 2019: Highest coverage kmer is: ATGGAAAAGAAAGTCTATTCA, with worth: 4 and coverage: 4
Wed Jan 30 17:44:32 2019: Highest coverage kmer is: CACGCACAAGTCGAAGCAGCG, with worth: 4 and coverage: 4
Wed Jan 30 17:44:34 2019: Highest coverage kmer is: CCCTGGCGTCAAAAAGGCACC, with worth: 4 and coverage: 4
Wed Jan 30 17:44:37 2019: Highest coverage kmer is: CGGCCGTCAAAAAGGTGGTGG, with worth: 4 and coverage: 4
Wed Jan 30 17:44:40 2019: Highest coverage kmer is: CGTGTTGTGCACTGGCAGCTG, with worth: 4 and coverage: 4
Wed Jan 30 17:44:42 2019: Highest coverage kmer is: CTCAAAAAGGTACTGGTAACG, with worth: 4 and coverage: 4
Wed Jan 30 17:44:46 2019: Highest coverage kmer is: GCCACGCAAGACAGGGCTCCA, with worth: 4 and coverage: 4
Wed Jan 30 17:44:50 2019: Highest coverage kmer is: CAATGTTTACGACATCCTGCG, with worth: 3 and coverage: 31
Wed Jan 30 17:44:55 2019: Highest coverage kmer is: AGCTGAACACCTACGACGTTC, with worth: 3 and coverage: 26
Wed Jan 30 17:45:00 2019: Highest coverage kmer is: GCAGAAGGGCACGGGTAACGC, with worth: 3 and coverage: 25
Wed Jan 30 17:45:04 2019: Highest coverage kmer is: AAGCCTTGGAGACAAAAAGGT, with worth: 3 and coverage: 17
Wed Jan 30 17:45:09 2019: Highest coverage kmer is: AAGGCGCCGATCTTCCGCAAG, with worth: 3 and coverage: 16
Wed Jan 30 17:45:14 2019: Highest coverage kmer is: TTCGGTCGTGAATACAACGAA, with worth: 3 and coverage: 16
Wed Jan 30 17:45:18 2019: Highest coverage kmer is: AAAGCCTTGGAGACAGAAGGG, with worth: 3 and coverage: 15
Wed Jan 30 17:45:23 2019: Highest coverage kmer is: AAAAAACAAAAAGGAACAGGT, with worth: 3 and coverage: 14
Wed Jan 30 17:45:27 2019: Highest coverage kmer is: GCAGAAGGGCACCGGTCGGGC, with worth: 3 and coverage: 14
Wed Jan 30 17:45:32 2019: Highest coverage kmer is: AAGAAGCCATGGAAGCAGAAG, with worth: 3 and coverage: 13
Wed Jan 30 17:45:36 2019: Highest coverage kmer is: AAAACCTTGAAGACAAAAAGG, with worth: 3 and coverage: 12
Wed Jan 30 17:45:40 2019: Highest coverage kmer is: AACGTGCATCAATGCGTCAAG, with worth: 3 and coverage: 11
Wed Jan 30 17:45:45 2019: Highest coverage kmer is: CCCTGGCGCCAGAAGGGCACC, with worth: 3 and coverage: 11
Wed Jan 30 17:45:49 2019: Highest coverage kmer is: AAAATCAACAAAAAACAAAAG, with worth: 3 and coverage: 10
Wed Jan 30 17:45:53 2019: Highest coverage kmer is: GGTGGTGGTGTGATCTTTGGG, with worth: 3 and coverage: 10
Wed Jan 30 17:45:57 2019: Highest coverage kmer is: ATGGCAGTTTTAAACATATAT, with worth: 3 and coverage: 8
Wed Jan 30 17:46:01 2019: Highest coverage kmer is: GCGCATGATCTGCCCAAGAAG, with worth: 3 and coverage: 8
Wed Jan 30 17:46:06 2019: Highest coverage kmer is: AAGGTCCAGAAAATCGACGGC, with worth: 3 and coverage: 6
Wed Jan 30 17:46:10 2019: Highest coverage kmer is: CCGAAGCTACCTTTGGACGTG, with worth: 3 and coverage: 6
Wed Jan 30 17:46:14 2019: Highest coverage kmer is: GTTAACCGCAAAATGTATCGC, with worth: 3 and coverage: 6
Wed Jan 30 17:46:18 2019: Highest coverage kmer is: AAAACCATGGCGTCAAAAGGG, with worth: 3 and coverage: 5
Wed Jan 30 17:46:22 2019: Highest coverage kmer is: AAAGCCGTGGAGACAGAAGGG, with worth: 3 and coverage: 5
Wed Jan 30 17:46:27 2019: Highest coverage kmer is: AAGGTCAATCGCAAGATGTAT, with worth: 3 and coverage: 5
Wed Jan 30 17:46:31 2019: Highest coverage kmer is: ACAAAAAGGTACTGGTAATGC, with worth: 3 and coverage: 5
Wed Jan 30 17:46:35 2019: Highest coverage kmer is: ACTTGGCTAACCAAAGACAAG, with worth: 3 and coverage: 5
Wed Jan 30 17:46:39 2019: Highest coverage kmer is: CCAATTTGGGTAGGTGGTGGT, with worth: 3 and coverage: 5
Wed Jan 30 17:46:43 2019: Highest coverage kmer is: CGTCACCAGCGAGGAGCCGTC, with worth: 3 and coverage: 5
Wed Jan 30 17:46:47 2019: Highest coverage kmer is: AAACCATGGCGCCAAAAGGGA, with worth: 3 and coverage: 4
Wed Jan 30 17:46:50 2019: Highest coverage kmer is: AACCTTTATTTATATGTAAAA, with worth: 3 and coverage: 4
Wed Jan 30 17:46:54 2019: Highest coverage kmer is: AGCTTCAAACTGAACAAGAAA, with worth: 3 and coverage: 4
Wed Jan 30 17:46:58 2019: Highest coverage kmer is: ATGGCAGGTAAAAGAACTTCT, with worth: 3 and coverage: 4
Wed Jan 30 17:47:01 2019: Highest coverage kmer is: CACCAAGACCCGGGGCGAGGT, with worth: 3 and coverage: 4
Wed Jan 30 17:47:04 2019: Highest coverage kmer is: CCGCAATGGAAAGGCGGCGGT, with worth: 3 and coverage: 4
Wed Jan 30 17:47:08 2019: Highest coverage kmer is: TAATAAAAACGTATATTTGTC, with worth: 3 and coverage: 4
Wed Jan 30 17:47:10 2019: Highest coverage kmer is: AAAAAACCATGGAGACAAAAG, with worth: 3 and coverage: 3
Wed Jan 30 17:47:11 2019: Highest coverage kmer is: AAAAGGGAACCGGTCGCGCTC, with worth: 3 and coverage: 3
Wed Jan 30 17:47:13 2019: Highest coverage kmer is: AAAGGCACTGGCCGCGCTCGC, with worth: 3 and coverage: 3
Wed Jan 30 17:47:15 2019: Highest coverage kmer is: AAAGGTACTGGTAATGCACGT, with worth: 3 and coverage: 3
Wed Jan 30 17:47:17 2019: Highest coverage kmer is: AAGCCGTGGCGTCAGAAGGGA, with worth: 3 and coverage: 3
Wed Jan 30 17:47:18 2019: Highest coverage kmer is: AAGCCTTGGCGCCAAAAAGGG, with worth: 3 and coverage: 3
Wed Jan 30 17:47:20 2019: Highest coverage kmer is: AAGGGAACAGGTAGAGCTAGG, with worth: 3 and coverage: 3
Wed Jan 30 17:47:22 2019: Highest coverage kmer is: AAGGGTACCGGTAACGCTCGT, with worth: 3 and coverage: 3
Wed Jan 30 17:47:23 2019: Highest coverage kmer is: ACTCGCATGGCAATCCGCTCG, with worth: 3 and coverage: 3
Wed Jan 30 17:47:25 2019: Highest coverage kmer is: AGAGAGCTTCATTAAGACAGG, with worth: 3 and coverage: 3
Wed Jan 30 17:47:27 2019: Highest coverage kmer is: AGGACGACTGACCGTCTGGAC, with worth: 3 and coverage: 3
Wed Jan 30 17:47:28 2019: Highest coverage kmer is: CGATCCTGTTCGTCACGAGCG, with worth: 3 and coverage: 3
Wed Jan 30 17:47:30 2019: Highest coverage kmer is: CGGCGGTACGGTATTCGGACC, with worth: 3 and coverage: 3
Wed Jan 30 17:47:33 2019: Highest coverage kmer is: GCCAAGATCCAGGAGGTTTAC, with worth: 3 and coverage: 3
Wed Jan 30 17:47:37 2019: Highest coverage kmer is: AAGCGCTGGTTCACCAGGTTG, with worth: 2 and coverage: 949
Wed Jan 30 17:47:40 2019: Highest coverage kmer is: CAAAAAGGTACTGGTCGCGCT, with worth: 2 and coverage: 222
Wed Jan 30 17:47:44 2019: Highest coverage kmer is: CAGGGCACGCACAAGACCAAG, with worth: 2 and coverage: 181
Wed Jan 30 17:47:48 2019: Highest coverage kmer is: AAGGTCAACCGCAAGATGTAC, with worth: 2 and coverage: 62
Wed Jan 30 17:47:51 2019: Highest coverage kmer is: AAAGGAACAGGTCGTGCACGT, with worth: 2 and coverage: 60
Wed Jan 30 17:47:55 2019: Highest coverage kmer is: CTCAAGGAGATGTTCGCATGA, with worth: 2 and coverage: 57
Wed Jan 30 17:47:58 2019: Highest coverage kmer is: GGCGTCAGAAGGGCACCGGTC, with worth: 2 and coverage: 57
Wed Jan 30 17:48:02 2019: Highest coverage kmer is: AAAAAGCCATGGCGCCAGAAA, with worth: 2 and coverage: 54
Wed Jan 30 17:48:05 2019: Highest coverage kmer is: TCTATCCGTTCACCACAATGG, with worth: 2 and coverage: 54
Wed Jan 30 17:48:09 2019: Highest coverage kmer is: ACAGGTCGTGCCCGTCAAGGT, with worth: 2 and coverage: 51
Wed Jan 30 17:48:12 2019: Highest coverage kmer is: CCTTGGAAACAAAAAGGAACA, with worth: 2 and coverage: 51
Wed Jan 30 17:48:15 2019: Highest coverage kmer is: CTGGAGGAGCGGTTCAAATGA, with worth: 2 and coverage: 49
Wed Jan 30 17:48:19 2019: Highest coverage kmer is: AGAAGGGCACCGGTCGTGCCC, with worth: 2 and coverage: 39
Wed Jan 30 17:48:22 2019: Highest coverage kmer is: GAAGCCCTGGCGCCAGAAGGG, with worth: 2 and coverage: 38
Wed Jan 30 17:48:26 2019: Highest coverage kmer is: GGTCGCCAGAAGGGCGGCGGT, with worth: 2 and coverage: 29
Wed Jan 30 17:48:29 2019: Highest coverage kmer is: ACGTCAAGGTACAATCCGTGC, with worth: 2 and coverage: 28
Wed Jan 30 17:48:32 2019: Highest coverage kmer is: ATCGAGGAGTGGCTGGCATGA, with worth: 2 and coverage: 20
Wed Jan 30 17:48:36 2019: Highest coverage kmer is: AAAAGAGACCGGAAGAAAAGT, with worth: 2 and coverage: 17
Wed Jan 30 17:48:39 2019: Highest coverage kmer is: ATTCGCACCAAAGCCAAGAGA, with worth: 2 and coverage: 17
Wed Jan 30 17:48:42 2019: Highest coverage kmer is: TCGCTGAACAAGAAGATCCGC, with worth: 2 and coverage: 16
Wed Jan 30 17:48:46 2019: Highest coverage kmer is: GACAGGCGGCGGAGTTGTATT, with worth: 2 and coverage: 15
Wed Jan 30 17:48:49 2019: Highest coverage kmer is: GGTCGCAAACCTTGGCGGCAA, with worth: 2 and coverage: 15
Wed Jan 30 17:48:53 2019: Highest coverage kmer is: CGTCAGGGTTCCATCCGTGCT, with worth: 2 and coverage: 14
Wed Jan 30 17:48:56 2019: Highest coverage kmer is: AAACCTTGGCGTCAGAAAGGT, with worth: 2 and coverage: 13
Wed Jan 30 17:48:59 2019: Highest coverage kmer is: TCGAAGCTCCAAAAACAAAAG, with worth: 2 and coverage: 13
Wed Jan 30 17:49:02 2019: Highest coverage kmer is: AGCTCGCCAAGCGGCGCGCCG, with worth: 2 and coverage: 10
Wed Jan 30 17:49:06 2019: Highest coverage kmer is: CAAGATGAACCGCAAAGAGCG, with worth: 2 and coverage: 10
Wed Jan 30 17:49:09 2019: Highest coverage kmer is: CCAAAAAGGTACTGGCCGTGC, with worth: 2 and coverage: 10
Wed Jan 30 17:49:12 2019: Highest coverage kmer is: CGCGCTGGTACCAAGGCTCAG, with worth: 2 and coverage: 10
Wed Jan 30 17:49:15 2019: Highest coverage kmer is: GCTAACCAGCGTCAGGGTACA, with worth: 2 and coverage: 10
Wed Jan 30 17:49:18 2019: Highest coverage kmer is: GCTCGTCAAGGGTCAATCCGT, with worth: 2 and coverage: 9
Wed Jan 30 17:49:21 2019: Highest coverage kmer is: GGTGGCCGTGCATTCGGTCCG, with worth: 2 and coverage: 9
Wed Jan 30 17:49:24 2019: Highest coverage kmer is: AAACCATGGAAACAAAAAGGT, with worth: 2 and coverage: 8
Wed Jan 30 17:49:28 2019: Highest coverage kmer is: AAAGCCTTGGAAGCAAAAAGG, with worth: 2 and coverage: 8
Wed Jan 30 17:49:31 2019: Highest coverage kmer is: AAGCCGTTCCGTCAGAAGGGT, with worth: 2 and coverage: 8
Wed Jan 30 17:49:34 2019: Highest coverage kmer is: CAAAAAGGAACAGGTAGAGCT, with worth: 2 and coverage: 8
Wed Jan 30 17:49:37 2019: Highest coverage kmer is: CGCGCGTGGTGCACTGGCAGC, with worth: 2 and coverage: 8
Wed Jan 30 17:49:40 2019: Highest coverage kmer is: CGGCAAGAAGCCTTGGCGTCA, with worth: 2 and coverage: 8
Wed Jan 30 17:49:43 2019: Highest coverage kmer is: AAGCCATGGAGACAAAAAGGT, with worth: 2 and coverage: 7
Wed Jan 30 17:49:46 2019: Highest coverage kmer is: AAAGGTACTGGTAGAGCTAGA, with worth: 2 and coverage: 6
Wed Jan 30 17:49:49 2019: Highest coverage kmer is: ATCTGCTCGCAACATTCCTGG, with worth: 2 and coverage: 6
Wed Jan 30 17:49:52 2019: Highest coverage kmer is: GGTGCGAATGTCTATGACATC, with worth: 2 and coverage: 6
Wed Jan 30 17:49:55 2019: Highest coverage kmer is: TCTATTAGAGCTCCTCAATGG, with worth: 2 and coverage: 6
Wed Jan 30 17:49:57 2019: Highest coverage kmer is: TGGCCAACCAGCGCCAGGGTA, with worth: 2 and coverage: 6
Wed Jan 30 17:50:00 2019: Highest coverage kmer is: AAAAGAGACAGGTGCCAAGGT, with worth: 2 and coverage: 5
Wed Jan 30 17:50:03 2019: Highest coverage kmer is: AAGAAACAAAAAGGAACAGGT, with worth: 2 and coverage: 5
Wed Jan 30 17:50:06 2019: Highest coverage kmer is: AAGAAGAGCTCACCCACCAAA, with worth: 2 and coverage: 5
Wed Jan 30 17:50:09 2019: Highest coverage kmer is: ACAAAAAGGAACAGGACGTGC, with worth: 2 and coverage: 5
Wed Jan 30 17:50:12 2019: Highest coverage kmer is: CGGTGGTACTGTTCACGGACC, with worth: 2 and coverage: 5
Wed Jan 30 17:50:15 2019: Highest coverage kmer is: CTGACCAAGAAGTTCCGCAAA, with worth: 2 and coverage: 5
Wed Jan 30 17:50:18 2019: Highest coverage kmer is: GGAAGCAGAAGGGCACGGGCC, with worth: 2 and coverage: 5
Wed Jan 30 17:50:20 2019: Highest coverage kmer is: GGTGGTGGAAGAAAGCCATGG, with worth: 2 and coverage: 5
Wed Jan 30 17:50:23 2019: Highest coverage kmer is: AAAACCTTGGAGACAAAAGGG, with worth: 2 and coverage: 4
Wed Jan 30 17:50:27 2019: Highest coverage kmer is: AACGTCAAGGTACGCACAAAG, with worth: 2 and coverage: 4
Wed Jan 30 17:50:29 2019: Highest coverage kmer is: AAGCCTTGGCGTCAAAAAGGA, with worth: 2 and coverage: 4
Wed Jan 30 17:50:32 2019: Highest coverage kmer is: ACCCACAAGACCAAGGGCCGC, with worth: 2 and coverage: 4
Wed Jan 30 17:50:35 2019: Highest coverage kmer is: ATGCCTAAAGTAGCTTTATAT, with worth: 2 and coverage: 4
Wed Jan 30 17:50:37 2019: Highest coverage kmer is: CCCAGGCAAACCGGAAACAGG, with worth: 2 and coverage: 4
Wed Jan 30 17:50:40 2019: Highest coverage kmer is: CGCCGTCTGGCGATCAAATCG, with worth: 2 and coverage: 4
Wed Jan 30 17:50:43 2019: Highest coverage kmer is: TCGCGTAACCTGCCGAACGTG, with worth: 2 and coverage: 4
Wed Jan 30 17:50:46 2019: Highest coverage kmer is: TTCCGTGGTGGTGGTATTGTT, with worth: 2 and coverage: 4
Wed Jan 30 17:50:48 2019: Highest coverage kmer is: AAAAGGGAACTGGTCGCGCTC, with worth: 2 and coverage: 3
Wed Jan 30 17:50:51 2019: Highest coverage kmer is: ACAGGCCGTGCACGTGCCGGT, with worth: 2 and coverage: 3
Wed Jan 30 17:50:53 2019: Highest coverage kmer is: AGCGCACACCAAAGAAGATGA, with worth: 2 and coverage: 3
Wed Jan 30 17:50:56 2019: Highest coverage kmer is: AGCGGTGGTGGTAAGAAACCT, with worth: 2 and coverage: 3
Wed Jan 30 17:50:59 2019: Highest coverage kmer is: ATCAAAAAGCAAAAAGGTACT, with worth: 2 and coverage: 3
Wed Jan 30 17:51:01 2019: Highest coverage kmer is: ATCAAGTGGTCACTGCTTATT, with worth: 2 and coverage: 3
Wed Jan 30 17:51:04 2019: Highest coverage kmer is: CAAGCCCAGAGATTACAGCTA, with worth: 2 and coverage: 3
Wed Jan 30 17:51:06 2019: Highest coverage kmer is: CAAGCCCTATAAGCAGAAGGG, with worth: 2 and coverage: 3
Wed Jan 30 17:51:09 2019: Highest coverage kmer is: CCAAAAAGGTGCGCAGGCTGG, with worth: 2 and coverage: 3
Wed Jan 30 17:51:11 2019: Highest coverage kmer is: CCGAAGATCGACGTGCTGCCG, with worth: 2 and coverage: 3
Wed Jan 30 17:51:13 2019: Highest coverage kmer is: CCGTTGTGGCGTGGTGGTGGT, with worth: 2 and coverage: 3
Wed Jan 30 17:51:16 2019: Highest coverage kmer is: CGCCAAGCCCTGGCGGCAGAA, with worth: 2 and coverage: 3
Wed Jan 30 17:51:18 2019: Highest coverage kmer is: CTTCCGCCAGAAGGGCACGGG, with worth: 2 and coverage: 3
Wed Jan 30 17:51:20 2019: Highest coverage kmer is: GCAAAAAGGAACCGGTCGCGC, with worth: 2 and coverage: 3
Wed Jan 30 17:51:22 2019: Highest coverage kmer is: GTGGTGGTGGCAAAAAACCTT, with worth: 2 and coverage: 3
Wed Jan 30 17:51:24 2019: Highest coverage kmer is: GTTCGCGGTGGTGGTCGTAAG, with worth: 2 and coverage: 3
Wed Jan 30 17:51:26 2019: Highest coverage kmer is: TGGACCAAGACCAAGAAACTA, with worth: 2 and coverage: 3
Wed Jan 30 17:51:27 2019: Highest coverage kmer is: AAAAAACCATGAAAACAAAAA, with worth: 2 and coverage: 2
Wed Jan 30 17:51:28 2019: Highest coverage kmer is: AAAAAAGCAAGAAAAAATGCG, with worth: 2 and coverage: 2
Wed Jan 30 17:51:29 2019: Highest coverage kmer is: AAAAAAGGCGTTGATGCGTCT, with worth: 2 and coverage: 2
Wed Jan 30 17:51:30 2019: Highest coverage kmer is: AAAAACTCGGAATAATGGATG, with worth: 2 and coverage: 2
Wed Jan 30 17:51:31 2019: Highest coverage kmer is: AAAAAGGAACCGGGCGTGCCC, with worth: 2 and coverage: 2
Wed Jan 30 17:51:32 2019: Highest coverage kmer is: AAAAATAAAATCAACACATCT, with worth: 2 and coverage: 2
Wed Jan 30 17:51:33 2019: Highest coverage kmer is: AAAATCCAGGAGGTTTACGGT, with worth: 2 and coverage: 2
Wed Jan 30 17:51:34 2019: Highest coverage kmer is: AAAATTAAATAAAAGTGAAAA, with worth: 2 and coverage: 2
Wed Jan 30 17:51:35 2019: Highest coverage kmer is: AAAATTTGATCAGCATGTTCG, with worth: 2 and coverage: 2
Wed Jan 30 17:51:36 2019: Highest coverage kmer is: AAACCGCCGCGCTCGACCCGA, with worth: 2 and coverage: 2
Wed Jan 30 17:51:37 2019: Highest coverage kmer is: AAACGCCAGGCTGGCACGCAC, with worth: 2 and coverage: 2
Wed Jan 30 17:51:38 2019: Highest coverage kmer is: AAACTCCTCCTTTCTGCGAGG, with worth: 2 and coverage: 2
Wed Jan 30 17:51:39 2019: Highest coverage kmer is: AAACTGAACAAGAAAGTAAAA, with worth: 2 and coverage: 2
Wed Jan 30 17:51:40 2019: Highest coverage kmer is: AAACTGCCGAAAAAAGTGCGC, with worth: 2 and coverage: 2
Wed Jan 30 17:51:41 2019: Highest coverage kmer is: AAAGAATAAACAGAAAAGAAA, with worth: 2 and coverage: 2
Wed Jan 30 17:51:42 2019: Highest coverage kmer is: AAAGATGTCAAAGTACTCAAG, with worth: 2 and coverage: 2
Wed Jan 30 17:51:43 2019: Highest coverage kmer is: AAAGCCCTGGCGGCAAAAGGG, with worth: 2 and coverage: 2
Wed Jan 30 17:51:44 2019: Highest coverage kmer is: AAAGGAACCGGTCGTGCACGT, with worth: 2 and coverage: 2
Wed Jan 30 17:51:45 2019: Highest coverage kmer is: AAAGGTAATAAGGGAACTGTT, with worth: 2 and coverage: 2
Wed Jan 30 17:51:46 2019: Highest coverage kmer is: AAAGGTACAGGAAATGCAAGG, with worth: 2 and coverage: 2
Wed Jan 30 17:51:47 2019: Highest coverage kmer is: AAATTCCTGTTTATAACGCAT, with worth: 2 and coverage: 2
Wed Jan 30 17:51:48 2019: Highest coverage kmer is: AAATTGGCAGCTTGCAAAAAG, with worth: 2 and coverage: 2
Wed Jan 30 17:51:49 2019: Highest coverage kmer is: AAGAAGATCAAGAAGCAAAAA, with worth: 2 and coverage: 2
Wed Jan 30 17:51:50 2019: Highest coverage kmer is: AAGATTGAGGAGGTGCTGGGA, with worth: 2 and coverage: 2
Wed Jan 30 17:51:51 2019: Highest coverage kmer is: AAGCATTGGAGGCACGTTTAA, with worth: 2 and coverage: 2
Wed Jan 30 17:51:52 2019: Highest coverage kmer is: AAGCCCTGGCGACAAAAAGGA, with worth: 2 and coverage: 2
Wed Jan 30 17:51:53 2019: Highest coverage kmer is: AAGGGAACAGGCCGTGCCCGT, with worth: 2 and coverage: 2
Wed Jan 30 17:51:54 2019: Highest coverage kmer is: AAGGTCAATAAAAAGCAAAAA, with worth: 2 and coverage: 2
Wed Jan 30 17:51:55 2019: Highest coverage kmer is: AAGTAAGAGGCGGCGGAAGAA, with worth: 2 and coverage: 2
Wed Jan 30 17:51:56 2019: Highest coverage kmer is: ACACATAAAGTGAAAACCCGT, with worth: 2 and coverage: 2
Wed Jan 30 17:51:57 2019: Highest coverage kmer is: ACTGGTGGAGCTCGTGCGGGT, with worth: 2 and coverage: 2
Wed Jan 30 17:51:58 2019: Highest coverage kmer is: AGATGACAACAGCCGATACCG, with worth: 2 and coverage: 2
Wed Jan 30 17:51:59 2019: Highest coverage kmer is: ATATTTGTCTTCTCGTAATTT, with worth: 2 and coverage: 2
Wed Jan 30 17:52:00 2019: Highest coverage kmer is: ATCAAAATTTGATTTTTCAGG, with worth: 2 and coverage: 2
Wed Jan 30 17:52:01 2019: Highest coverage kmer is: ATCTGGCGCACCGGTGGTGTG, with worth: 2 and coverage: 2
Wed Jan 30 17:52:02 2019: Highest coverage kmer is: ATGAACCGCAAGGAGCGGCGC, with worth: 2 and coverage: 2
Wed Jan 30 17:52:03 2019: Highest coverage kmer is: CAAAAAGGGACAGGTAGAGCT, with worth: 2 and coverage: 2
Wed Jan 30 17:52:04 2019: Highest coverage kmer is: CATCAACAAGAAGGAGCGCAG, with worth: 2 and coverage: 2
Wed Jan 30 17:52:05 2019: Highest coverage kmer is: CCAGGGAAGCATTCGCGCGCC, with worth: 2 and coverage: 2
Wed Jan 30 17:52:06 2019: Highest coverage kmer is: CCCTGGAGGCAGAAAGGCACA, with worth: 2 and coverage: 2
Wed Jan 30 17:52:07 2019: Highest coverage kmer is: CCTATCTTCGTTGGTGGTGGT, with worth: 2 and coverage: 2
Wed Jan 30 17:52:08 2019: Highest coverage kmer is: CGTGCCCGCCAAGGTTCTATT, with worth: 2 and coverage: 2
Wed Jan 30 17:52:08 2019: Highest coverage kmer is: GAGAGATAATGAAATTATAGT, with worth: 2 and coverage: 2
Wed Jan 30 17:52:09 2019: Highest coverage kmer is: GCGCCAAAAAGGAACCGGGCG, with worth: 2 and coverage: 2
Wed Jan 30 17:52:10 2019: Highest coverage kmer is: GGGTGGTGTTGTTTTTGGACC, with worth: 2 and coverage: 2
Wed Jan 30 17:52:11 2019: Highest coverage kmer is: GGTGGGTATCGCCGGTTGGCA, with worth: 2 and coverage: 2
Wed Jan 30 17:52:12 2019: Highest coverage kmer is: GGTGGTCGTATTTTCGGTCCA, with worth: 2 and coverage: 2
Wed Jan 30 17:52:13 2019: Highest coverage kmer is: GTAGAGGAGGTGCTGGCATAA, with worth: 2 and coverage: 2
Wed Jan 30 17:52:13 2019: Highest coverage kmer is: GTGAAGAAAGTAGAGGAGGTG, with worth: 2 and coverage: 2
Wed Jan 30 17:52:14 2019: Highest coverage kmer is: GTTTTCGGTATTGAGCCCAAT, with worth: 2 and coverage: 2
Wed Jan 30 17:52:15 2019: Highest coverage kmer is: TGGACCTAAGCCCCGTGATTA, with worth: 2 and coverage: 2
Wed Jan 30 17:52:16 2019: Highest coverage kmer is: TGGAGCCAAAAAGGTGGCGGT, with worth: 2 and coverage: 2
Wed Jan 30 17:52:17 2019: Highest coverage kmer is: TTTTGGTCCTAAACCAAGAAA, with worth: 2 and coverage: 2
Wed Jan 30 17:52:19 2019: Highest coverage kmer is: ACAGGTCGTGCTCGTCAAGGT, with worth: 1 and coverage: 871
Wed Jan 30 17:52:20 2019: Highest coverage kmer is: AAACCGTGGCGCCAGAAAGGC, with worth: 1 and coverage: 767
Wed Jan 30 17:52:22 2019: Highest coverage kmer is: CTGTTCCTGGCTGCGCGCAAC, with worth: 1 and coverage: 555
Wed Jan 30 17:52:24 2019: Highest coverage kmer is: AACTGGACGTGCTCGTCAAGG, with worth: 1 and coverage: 216
Wed Jan 30 17:52:26 2019: Highest coverage kmer is: AGAAGGGTACGGGCCGCGCTC, with worth: 1 and coverage: 204
Wed Jan 30 17:52:28 2019: Highest coverage kmer is: GCGCCAGAAAGGTACCGGCCG, with worth: 1 and coverage: 197
Wed Jan 30 17:52:29 2019: Highest coverage kmer is: TCGTAGCCCAATCTGGGTTGG, with worth: 1 and coverage: 180
Wed Jan 30 17:52:31 2019: Highest coverage kmer is: GAACAAGAAGATGTATCGCGC, with worth: 1 and coverage: 87
Wed Jan 30 17:52:33 2019: Highest coverage kmer is: GAAGATGTACAAGCAGAAGGG, with worth: 1 and coverage: 82
Wed Jan 30 17:52:35 2019: Highest coverage kmer is: CTGCCGATCCAGGGCATCAAC, with worth: 1 and coverage: 76
Wed Jan 30 17:52:36 2019: Highest coverage kmer is: TGTAAGTGGTGGTGGTAAAAA, with worth: 1 and coverage: 59
Wed Jan 30 17:52:38 2019: Highest coverage kmer is: GCCGCGCAGCTTCGAGCAGAA, with worth: 1 and coverage: 55
Wed Jan 30 17:52:40 2019: Highest coverage kmer is: ACAGCCAGCGCACCCCGAAGA, with worth: 1 and coverage: 51
Wed Jan 30 17:52:41 2019: Highest coverage kmer is: GGTGGCAAGAAGCCGTGGCGT, with worth: 1 and coverage: 48
Wed Jan 30 17:52:43 2019: Highest coverage kmer is: CCGGTGGTGGCAAGAAGCCGT, with worth: 1 and coverage: 44
Wed Jan 30 17:52:45 2019: Highest coverage kmer is: CTACCGCCAGAAGGGCACCGG, with worth: 1 and coverage: 40
Wed Jan 30 17:52:46 2019: Highest coverage kmer is: GGCGCCAGAAGGGTACCGGCC, with worth: 1 and coverage: 39
Wed Jan 30 17:52:48 2019: Highest coverage kmer is: TCAACACCTACGACGTGCTCA, with worth: 1 and coverage: 38
Wed Jan 30 17:52:49 2019: Highest coverage kmer is: AAGCCTTGGAGACAAAAGGGT, with worth: 1 and coverage: 37
Wed Jan 30 17:52:51 2019: Highest coverage kmer is: CGGCCCCAAGCCGCGCGACTA, with worth: 1 and coverage: 31
Wed Jan 30 17:52:53 2019: Highest coverage kmer is: AACAAGAAGATGTATCGCGCT, with worth: 1 and coverage: 29
Wed Jan 30 17:52:54 2019: Highest coverage kmer is: ACCCACAAGACCAAGACCCGC, with worth: 1 and coverage: 28
Wed Jan 30 17:52:56 2019: Highest coverage kmer is: AACTGGACGTGCACGTCAAGG, with worth: 1 and coverage: 27
Wed Jan 30 17:52:57 2019: Highest coverage kmer is: AAGGGTACTGGTCGTGCCCGT, with worth: 1 and coverage: 27
Wed Jan 30 17:52:59 2019: Highest coverage kmer is: AAAGGTACAGGTCGTGCTCGT, with worth: 1 and coverage: 26
Wed Jan 30 17:53:00 2019: Highest coverage kmer is: CAAAAAGTTAACCGTAAAATG, with worth: 1 and coverage: 22
Wed Jan 30 17:53:02 2019: Highest coverage kmer is: CTCGTCCTCAGGATCACTCCC, with worth: 1 and coverage: 22
Wed Jan 30 17:53:03 2019: Highest coverage kmer is: ACTGGTAGAGCAAGACAAGGT, with worth: 1 and coverage: 20
Wed Jan 30 17:53:05 2019: Highest coverage kmer is: AAAAAGTGAACAAAAAAATGT, with worth: 1 and coverage: 18
Wed Jan 30 17:53:06 2019: Highest coverage kmer is: ACAGTCAAAAAGTTAATAAAA, with worth: 1 and coverage: 18
Wed Jan 30 17:53:08 2019: Highest coverage kmer is: ACGGCCCGGTGCCGCGCGACT, with worth: 1 and coverage: 18
Wed Jan 30 17:53:10 2019: Highest coverage kmer is: CCGCGGCGACGTCCGCGGCGG, with worth: 1 and coverage: 18
Wed Jan 30 17:53:11 2019: Highest coverage kmer is: ATGGAGACAAAAAGGAACAGG, with worth: 1 and coverage: 17
Wed Jan 30 17:53:13 2019: Highest coverage kmer is: GCAGAAGGGTACCGGCCGCGC, with worth: 1 and coverage: 17
Wed Jan 30 17:53:14 2019: Highest coverage kmer is: AAGGGTACTGGTCGCGCCCGT, with worth: 1 and coverage: 15
Wed Jan 30 17:53:16 2019: Highest coverage kmer is: ACAGCTTCTACTAAGACTAGA, with worth: 1 and coverage: 15
Wed Jan 30 17:53:17 2019: Highest coverage kmer is: ATGGCGTCAGAAAGGCACTGG, with worth: 1 and coverage: 15
Wed Jan 30 17:53:18 2019: Highest coverage kmer is: GAAGCCTTGGGCACAAAAAGG, with worth: 1 and coverage: 15
Wed Jan 30 17:53:20 2019: Highest coverage kmer is: GTTCGCGGCGGCGGCAAGAAG, with worth: 1 and coverage: 15
Wed Jan 30 17:53:21 2019: Highest coverage kmer is: TGGAGACAGAAGGGAACAGGT, with worth: 1 and coverage: 14
Wed Jan 30 17:53:23 2019: Highest coverage kmer is: TTCGACAAGGTTCTAATGACT, with worth: 1 and coverage: 14
Wed Jan 30 17:53:24 2019: Highest coverage kmer is: AAAAACGTATATTTGTCGGCT, with worth: 1 and coverage: 13
Wed Jan 30 17:53:25 2019: Highest coverage kmer is: CTGGTTCACCAGGTTGTCGTT, with worth: 1 and coverage: 13
Wed Jan 30 17:53:27 2019: Highest coverage kmer is: AAAATTGGCAGGGAGAACAAG, with worth: 1 and coverage: 12
Wed Jan 30 17:53:28 2019: Highest coverage kmer is: AAGCCCTTCAAGCAGAAGGGT, with worth: 1 and coverage: 12
Wed Jan 30 17:53:30 2019: Highest coverage kmer is: AATGTTTATGATATTTTGCGT, with worth: 1 and coverage: 12
Wed Jan 30 17:53:31 2019: Highest coverage kmer is: CAAAAAGGAACTGGTAACGCT, with worth: 1 and coverage: 12
Wed Jan 30 17:53:32 2019: Highest coverage kmer is: GGTTCGCGGCGGCGGCAAGAA, with worth: 1 and coverage: 12
Wed Jan 30 17:53:34 2019: Highest coverage kmer is: ACTCATAAATCTAAAGAAAGA, with worth: 1 and coverage: 11
Wed Jan 30 17:53:35 2019: Highest coverage kmer is: ATCTTCGCTGATCAGCTCAAC, with worth: 1 and coverage: 11
Wed Jan 30 17:53:36 2019: Highest coverage kmer is: GTGGTGGCCGTGTATTCGGTC, with worth: 1 and coverage: 11
Wed Jan 30 17:53:38 2019: Highest coverage kmer is: ACGATCTGACCAAGAAATTCC, with worth: 1 and coverage: 9
Wed Jan 30 17:53:39 2019: Highest coverage kmer is: ATTTAGCAAACCAAAGACAAG, with worth: 1 and coverage: 9
Wed Jan 30 17:53:40 2019: Highest coverage kmer is: CCAAGAGATTACTCTTTCAAG, with worth: 1 and coverage: 9
Wed Jan 30 17:53:42 2019: Highest coverage kmer is: CCCTGGCGCCAGAAAGGCACC, with worth: 1 and coverage: 9
Wed Jan 30 17:53:43 2019: Highest coverage kmer is: TCGCCAGAAAGGTGGTGGTGG, with worth: 1 and coverage: 9
Wed Jan 30 17:53:44 2019: Highest coverage kmer is: ATGGAACTGAGCGTATTTAAT, with worth: 1 and coverage: 8
Wed Jan 30 17:53:46 2019: Highest coverage kmer is: GCACCAAAAACTAAAGAATTC, with worth: 1 and coverage: 8
Wed Jan 30 17:53:47 2019: Highest coverage kmer is: TGGAGACAAAAGGGAACTGGT, with worth: 1 and coverage: 8
Wed Jan 30 17:53:48 2019: Highest coverage kmer is: AAAGGTACCGGTCGCGCCCGT, with worth: 1 and coverage: 7
Wed Jan 30 17:53:49 2019: Highest coverage kmer is: ACCGTGTGGTCCGTTGGCAGC, with worth: 1 and coverage: 7
Wed Jan 30 17:53:51 2019: Highest coverage kmer is: GCTAAAGAAAGAGCTGAAGTT, with worth: 1 and coverage: 7
Wed Jan 30 17:53:52 2019: Highest coverage kmer is: TTCGGAATCGAGCCAAACGAA, with worth: 1 and coverage: 7
Wed Jan 30 17:53:53 2019: Highest coverage kmer is: AAGATGAACAAGAAAGAGAAG, with worth: 1 and coverage: 6
Wed Jan 30 17:53:54 2019: Highest coverage kmer is: AAGCCCTGGCGGCAGAAAGGC, with worth: 1 and coverage: 6
Wed Jan 30 17:53:56 2019: Highest coverage kmer is: ACAAGGTACTCAATCTGCTAA, with worth: 1 and coverage: 6
Wed Jan 30 17:53:57 2019: Highest coverage kmer is: ACTGGACGCGCACGTCAAGGT, with worth: 1 and coverage: 6
Wed Jan 30 17:53:58 2019: Highest coverage kmer is: CGGACCTACTCCACGTTCATA, with worth: 1 and coverage: 6
Wed Jan 30 17:53:59 2019: Highest coverage kmer is: CGTGGCGTCAAAAAGGCACCG, with worth: 1 and coverage: 6
Wed Jan 30 17:54:00 2019: Highest coverage kmer is: AAAAATTGGCAAGGGGAAGAA, with worth: 1 and coverage: 5
Wed Jan 30 17:54:02 2019: Highest coverage kmer is: AAGCCATGGAAGCAGAAGGGT, with worth: 1 and coverage: 5
Wed Jan 30 17:54:03 2019: Highest coverage kmer is: ACAGTACACGACCTGGACGGC, with worth: 1 and coverage: 5
Wed Jan 30 17:54:04 2019: Highest coverage kmer is: CAAAGACAAGGTACGCATAAG, with worth: 1 and coverage: 5
Wed Jan 30 17:54:05 2019: Highest coverage kmer is: CAGCGCCAGGGTACGCACAAG, with worth: 1 and coverage: 5
Wed Jan 30 17:54:06 2019: Highest coverage kmer is: CCCGCGCCGCCCGCAACCTCG, with worth: 1 and coverage: 5
Wed Jan 30 17:54:07 2019: Highest coverage kmer is: CGCCGATCTGGCGTACCGGTG, with worth: 1 and coverage: 5
Wed Jan 30 17:54:09 2019: Highest coverage kmer is: CGGTCCGCAGCCCCGCGACTA, with worth: 1 and coverage: 5
Wed Jan 30 17:54:10 2019: Highest coverage kmer is: CTATAAATTACCGAAAAAAGT, with worth: 1 and coverage: 5
Wed Jan 30 17:54:11 2019: Highest coverage kmer is: GAAACAAAAAGGAACCGGCCG, with worth: 1 and coverage: 5
Wed Jan 30 17:54:12 2019: Highest coverage kmer is: GAACGATTCCGTTTTCGGTAT, with worth: 1 and coverage: 5
Wed Jan 30 17:54:13 2019: Highest coverage kmer is: GCGTCAAAAAGGAACCGGTCG, with worth: 1 and coverage: 5
Wed Jan 30 17:54:14 2019: Highest coverage kmer is: GGTGGTGGAAGAAAACCATGG, with worth: 1 and coverage: 5
Wed Jan 30 17:54:15 2019: Highest coverage kmer is: TGGCGTCAAAAGGGTACCGGT, with worth: 1 and coverage: 5
Wed Jan 30 17:54:16 2019: Highest coverage kmer is: AAAAAGCCCTGGCGTCAAAAA, with worth: 1 and coverage: 4
Wed Jan 30 17:54:17 2019: Highest coverage kmer is: AAAACCTTGGGCTCAAAAAGG, with worth: 1 and coverage: 4
Wed Jan 30 17:54:19 2019: Highest coverage kmer is: AAGCAAAAAGGTACAGGTGGT, with worth: 1 and coverage: 4
Wed Jan 30 17:54:20 2019: Highest coverage kmer is: AAGTTTCTGGTGGTGGAAGAA, with worth: 1 and coverage: 4
Wed Jan 30 17:54:21 2019: Highest coverage kmer is: ACCAAAAACTAAAGAGTTTGC, with worth: 1 and coverage: 4
Wed Jan 30 17:54:22 2019: Highest coverage kmer is: ACCAGGTCGTCGTTGCGCAGC, with worth: 1 and coverage: 4
Wed Jan 30 17:54:23 2019: Highest coverage kmer is: ACGATTTCAAACTGAACCGTA, with worth: 1 and coverage: 4
Wed Jan 30 17:54:24 2019: Highest coverage kmer is: AGCACTAGCTCGTTGGGGAGC, with worth: 1 and coverage: 4
Wed Jan 30 17:54:25 2019: Highest coverage kmer is: ATGCGATCTATTTGGATGTGA, with worth: 1 and coverage: 4
Wed Jan 30 17:54:26 2019: Highest coverage kmer is: ATGGAAGTTAAAGTTTTAAAT, with worth: 1 and coverage: 4
Wed Jan 30 17:54:27 2019: Highest coverage kmer is: CGTCGTGGTGATATCAATTCT, with worth: 1 and coverage: 4
Wed Jan 30 17:54:28 2019: Highest coverage kmer is: CGTGGCGGTGGCCGCAAGCCA, with worth: 1 and coverage: 4
Wed Jan 30 17:54:29 2019: Highest coverage kmer is: CTGGAAAAACAAAAGATGCAG, with worth: 1 and coverage: 4
Wed Jan 30 17:54:30 2019: Highest coverage kmer is: CTGGTAGTACACGTAAGATTA, with worth: 1 and coverage: 4
Wed Jan 30 17:54:31 2019: Highest coverage kmer is: GCCCGCAACCTGCCCGGCGTC, with worth: 1 and coverage: 4
Wed Jan 30 17:54:32 2019: Highest coverage kmer is: GGTGGTGGTAAGAAGCCGTGG, with worth: 1 and coverage: 4
Wed Jan 30 17:54:33 2019: Highest coverage kmer is: GGTGGTGGTCGTAAGCCGTGG, with worth: 1 and coverage: 4
Wed Jan 30 17:54:34 2019: Highest coverage kmer is: TCCTCAATTTAGAGGTGGTGG, with worth: 1 and coverage: 4
Wed Jan 30 17:54:35 2019: Highest coverage kmer is: AACCAGAGACAGGGCACACAG, with worth: 1 and coverage: 3
Wed Jan 30 17:54:36 2019: Highest coverage kmer is: AAGAGCAGGTTCTATCAAGTC, with worth: 1 and coverage: 3
Wed Jan 30 17:54:37 2019: Highest coverage kmer is: AAGGGCACCGGACGCGCCCGC, with worth: 1 and coverage: 3
Wed Jan 30 17:54:37 2019: Highest coverage kmer is: ACCAGATCTTATTAAAAGAGC, with worth: 1 and coverage: 3
Wed Jan 30 17:54:38 2019: Highest coverage kmer is: ACGCACAAGACCAAGGGCCGT, with worth: 1 and coverage: 3
Wed Jan 30 17:54:39 2019: Highest coverage kmer is: AGAAGGGTACCGGTCGTGCGC, with worth: 1 and coverage: 3
Wed Jan 30 17:54:40 2019: Highest coverage kmer is: ATCAGCGTCAGGGTACAGCTA, with worth: 1 and coverage: 3
Wed Jan 30 17:54:41 2019: Highest coverage kmer is: ATCGCCAAAAAGGCACAGGTG, with worth: 1 and coverage: 3
Wed Jan 30 17:54:42 2019: Highest coverage kmer is: ATCTTTATCGGTGGTGGTAAG, with worth: 1 and coverage: 3
Wed Jan 30 17:54:43 2019: Highest coverage kmer is: ATTCAACGAATCCCTGGTGCA, with worth: 1 and coverage: 3
Wed Jan 30 17:54:44 2019: Highest coverage kmer is: CAAGCCCCGGGATTACAGCTA, with worth: 1 and coverage: 3
Wed Jan 30 17:54:45 2019: Highest coverage kmer is: CAAGCCTTGGCGTCAAAAGGG, with worth: 1 and coverage: 3
Wed Jan 30 17:54:45 2019: Highest coverage kmer is: CCGAGTTCGGCGGGAAGATCA, with worth: 1 and coverage: 3
Wed Jan 30 17:54:46 2019: Highest coverage kmer is: GCAGAAGGGAACCGGACGCGC, with worth: 1 and coverage: 3
Wed Jan 30 17:54:47 2019: Highest coverage kmer is: GGCGGAATTATTTTTGGACCG, with worth: 1 and coverage: 3
Wed Jan 30 17:54:48 2019: Highest coverage kmer is: TGGCGCCAAAAAGGCACCGGC, with worth: 1 and coverage: 3
Wed Jan 30 17:54:49 2019: Highest coverage kmer is: TTTGGCCGCGATTACAACGAA, with worth: 1 and coverage: 3
Wed Jan 30 17:54:49 2019: Highest coverage kmer is: AAAAAAAGAAAACTAAATAAA, with worth: 1 and coverage: 2
Wed Jan 30 17:54:50 2019: Highest coverage kmer is: AAAAAACCATGGAATCAAAAA, with worth: 1 and coverage: 2
Wed Jan 30 17:54:51 2019: Highest coverage kmer is: AAAAAGCTCTGGAAGCAGAAG, with worth: 1 and coverage: 2
Wed Jan 30 17:54:52 2019: Highest coverage kmer is: AAAAAGGCACCGGCCGGGCCC, with worth: 1 and coverage: 2
Wed Jan 30 17:54:53 2019: Highest coverage kmer is: AAACAGAAAGGTACTGGAAGA, with worth: 1 and coverage: 2
Wed Jan 30 17:54:53 2019: Highest coverage kmer is: AAACCCTCGCCAGCCGTACTG, with worth: 1 and coverage: 2
Wed Jan 30 17:54:54 2019: Highest coverage kmer is: AAAGCGGTAAAACAAAGGACT, with worth: 1 and coverage: 2
Wed Jan 30 17:54:55 2019: Highest coverage kmer is: AAAGGAATAAGCCTCGGTGCA, with worth: 1 and coverage: 2
Wed Jan 30 17:54:56 2019: Highest coverage kmer is: AAAGGCGAAGACACAGGCAAG, with worth: 1 and coverage: 2
Wed Jan 30 17:54:56 2019: Highest coverage kmer is: AACATCCCAACAATGATGATG, with worth: 1 and coverage: 2
Wed Jan 30 17:54:57 2019: Highest coverage kmer is: AACCGGACGTGCGCGTCAAGG, with worth: 1 and coverage: 2
Wed Jan 30 17:54:58 2019: Highest coverage kmer is: AACCTGCCGAATGTGCTGGTG, with worth: 1 and coverage: 2
Wed Jan 30 17:54:58 2019: Highest coverage kmer is: AACGTCTACGACATCCTCCGC, with worth: 1 and coverage: 2
Wed Jan 30 17:54:59 2019: Highest coverage kmer is: AACGTCTATGATATTTTGAAG, with worth: 1 and coverage: 2
Wed Jan 30 17:55:00 2019: Highest coverage kmer is: AAGAAACCGTGGCGTCAGAAA, with worth: 1 and coverage: 2
Wed Jan 30 17:55:01 2019: Highest coverage kmer is: AAGAAACTATAGCTTCAAACT, with worth: 1 and coverage: 2
Wed Jan 30 17:55:01 2019: Highest coverage kmer is: AAGAAGCTTTGGAAGCAAAAG, with worth: 1 and coverage: 2
Wed Jan 30 17:55:02 2019: Highest coverage kmer is: AAGCAATATTTGGCTAACCAA, with worth: 1 and coverage: 2
Wed Jan 30 17:55:02 2019: Highest coverage kmer is: AAGCCTTGGCGTCAAAAAGGG, with worth: 1 and coverage: 2
Wed Jan 30 17:55:03 2019: Highest coverage kmer is: AAGCGGTGGTGGAAGGAAACC, with worth: 1 and coverage: 2
Wed Jan 30 17:55:04 2019: Highest coverage kmer is: AAGGTCAACAAGAAGGTTAAG, with worth: 1 and coverage: 2
Wed Jan 30 17:55:04 2019: Highest coverage kmer is: AAGTATTAGATATCAACGGAA, with worth: 1 and coverage: 2
Wed Jan 30 17:55:05 2019: Highest coverage kmer is: AATACAGACCTGATTTAATTA, with worth: 1 and coverage: 2
Wed Jan 30 17:55:06 2019: Highest coverage kmer is: AATCAGCAGCGACAGGTTGTG, with worth: 1 and coverage: 2
Wed Jan 30 17:55:06 2019: Highest coverage kmer is: AATGCCAAGCCCTATAAGCAG, with worth: 1 and coverage: 2
Wed Jan 30 17:55:07 2019: Highest coverage kmer is: ACCGCATGGTTCGTTACCAGC, with worth: 1 and coverage: 2
Wed Jan 30 17:55:07 2019: Highest coverage kmer is: ACCTCATAAAAAGGGCAGTCA, with worth: 1 and coverage: 2
Wed Jan 30 17:55:08 2019: Highest coverage kmer is: ACCTGATTTAATAAAAAGAGC, with worth: 1 and coverage: 2
Wed Jan 30 17:55:08 2019: Highest coverage kmer is: ACGAAGACCCGCGCAGAGGTC, with worth: 1 and coverage: 2
Wed Jan 30 17:55:09 2019: Highest coverage kmer is: ACGCACAAGACGAAGACTCGT, with worth: 1 and coverage: 2
Wed Jan 30 17:55:09 2019: Highest coverage kmer is: ACGGTTCCAATGCCAAGCCTT, with worth: 1 and coverage: 2
Wed Jan 30 17:55:10 2019: Highest coverage kmer is: ACTCCCAGAAGGTCAACAAAA, with worth: 1 and coverage: 2
Wed Jan 30 17:55:10 2019: Highest coverage kmer is: AGCATCACTTCGCCCGTGTTT, with worth: 1 and coverage: 2
Wed Jan 30 17:55:11 2019: Highest coverage kmer is: ATTTATTGATCACCTAGATCA, with worth: 1 and coverage: 2
Wed Jan 30 17:55:11 2019: Highest coverage kmer is: ATTTTCGGACCTAAACCGAGA, with worth: 1 and coverage: 2
Wed Jan 30 17:55:12 2019: Highest coverage kmer is: CAAACCCTGGAGACAGAAAGG, with worth: 1 and coverage: 2
Wed Jan 30 17:55:12 2019: Highest coverage kmer is: CAAGCCCTTCCGTCAGAAGGG, with worth: 1 and coverage: 2
Wed Jan 30 17:55:13 2019: Highest coverage kmer is: CCAAAAAGGGACAGGTCGTGC, with worth: 1 and coverage: 2
Wed Jan 30 17:55:13 2019: Highest coverage kmer is: CCAGAAGGGAACCGGCAACGC, with worth: 1 and coverage: 2
Wed Jan 30 17:55:14 2019: Highest coverage kmer is: CGGCCCGCAACCTGCCCCGGG, with worth: 1 and coverage: 2
Wed Jan 30 17:55:14 2019: Highest coverage kmer is: CGGCGCGCAACATTCCGGGCG, with worth: 1 and coverage: 2
Wed Jan 30 17:55:15 2019: Highest coverage kmer is: CGTGGAGGTGGAAAAATTTTT, with worth: 1 and coverage: 2
Wed Jan 30 17:55:15 2019: Highest coverage kmer is: CTGAAGTTAGTGGCGGTGGAA, with worth: 1 and coverage: 2
Wed Jan 30 17:55:16 2019: Highest coverage kmer is: CTTAATGTTTACGATATTCTT, with worth: 1 and coverage: 2
Wed Jan 30 17:55:16 2019: Highest coverage kmer is: GCGCCCTCGACGAAGGCCGCG, with worth: 1 and coverage: 2
Wed Jan 30 17:55:16 2019: Highest coverage kmer is: GCGGCAAAAGGGAACCGGTCG, with worth: 1 and coverage: 2
Wed Jan 30 17:55:17 2019: Highest coverage kmer is: GGGCGGCGGTGTTGCCTTCGG, with worth: 1 and coverage: 2
Wed Jan 30 17:55:17 2019: Highest coverage kmer is: GGTCCTCAGCCTCGCGATTAC, with worth: 1 and coverage: 2
Wed Jan 30 17:55:17 2019: Highest coverage kmer is: TCGCGTAGCCCCATCTGGCGC, with worth: 1 and coverage: 2
Wed Jan 30 17:55:18 2019: Highest coverage kmer is: TGTTGGTGGTGGTGTGGCTCA, with worth: 1 and coverage: 2
Wed Jan 30 17:55:18 2019: Highest coverage kmer is: AAAAAAACTAAGGACGCCCAC, with worth: 1 and coverage: 1
Wed Jan 30 17:55:18 2019: Highest coverage kmer is: AAAAAAAGGTGAACAAAAAGA, with worth: 1 and coverage: 1
Wed Jan 30 17:55:18 2019: Highest coverage kmer is: AAAAAAAGTTAGAAAGCTTGG, with worth: 1 and coverage: 1
Wed Jan 30 17:55:18 2019: Highest coverage kmer is: AAAAAAAGTTTCTGTTTTAGA, with worth: 1 and coverage: 1
Wed Jan 30 17:55:18 2019: Highest coverage kmer is: AAAAAAATCAGCGGGATCCAG, with worth: 1 and coverage: 1
Wed Jan 30 17:55:19 2019: Highest coverage kmer is: AAAAAAATCGCGCTGCGGTAA, with worth: 1 and coverage: 1
Wed Jan 30 17:55:19 2019: Highest coverage kmer is: AAAAAAATTTAAGTTGTTGAA, with worth: 1 and coverage: 1
Wed Jan 30 17:55:19 2019: Highest coverage kmer is: AAAAAACATGATTGTTGGTGC, with worth: 1 and coverage: 1
Wed Jan 30 17:55:19 2019: Highest coverage kmer is: AAAAAAGAAAGAATATTAGCA, with worth: 1 and coverage: 1
Wed Jan 30 17:55:19 2019: Highest coverage kmer is: AAAAAAGAAAGGACTTTAGCT, with worth: 1 and coverage: 1
Wed Jan 30 17:55:19 2019: Highest coverage kmer is: AAAAAAGACCAGGGATGCTGT, with worth: 1 and coverage: 1
Wed Jan 30 17:55:19 2019: Highest coverage kmer is: AAAAAAGAGAAACGTCTTGCA, with worth: 1 and coverage: 1
Wed Jan 30 17:55:20 2019: Highest coverage kmer is: AAAAAAGCCGTACCGACAAAA, with worth: 1 and coverage: 1
Wed Jan 30 17:55:20 2019: Highest coverage kmer is: AAAAAAGTAAGACGCCTGGCC, with worth: 1 and coverage: 1
Wed Jan 30 17:55:20 2019: Highest coverage kmer is: AAAAAATCCCGGCAACTGGCT, with worth: 1 and coverage: 1
Wed Jan 30 17:55:20 2019: Highest coverage kmer is: AAAAACACCCTGATCGTCATT, with worth: 1 and coverage: 1
Wed Jan 30 17:55:20 2019: Highest coverage kmer is: AAAAACATACAGGCAGGGCAA, with worth: 1 and coverage: 1
Wed Jan 30 17:55:20 2019: Highest coverage kmer is: AAAAACCTTCTGCTGGTTAAA, with worth: 1 and coverage: 1
Wed Jan 30 17:55:20 2019: Highest coverage kmer is: AAAAACCTTGCTGGAGTCGAT, with worth: 1 and coverage: 1
Wed Jan 30 17:55:20 2019: Highest coverage kmer is: AAAAACTCGTGAGATCGTTGA, with worth: 1 and coverage: 1
Wed Jan 30 17:55:20 2019: Highest coverage kmer is: AAAAAGAAGAGCGTTCTGCTT, with worth: 1 and coverage: 1
Wed Jan 30 17:55:21 2019: Highest coverage kmer is: AAAAAGAAGAGCGTTTTGATA, with worth: 1 and coverage: 1
Wed Jan 30 17:55:21 2019: Highest coverage kmer is: AAAAAGACAAGCGAGATTGCC, with worth: 1 and coverage: 1
Wed Jan 30 17:55:21 2019: Highest coverage kmer is: AAAAAGCCCCTTGCAGCCGCA, with worth: 1 and coverage: 1
Wed Jan 30 17:55:21 2019: Highest coverage kmer is: AAAAAGCCCTTCAAGCAGAAA, with worth: 1 and coverage: 1
Wed Jan 30 17:55:21 2019: Highest coverage kmer is: AAAAAGGTACAGGTAGGGCAC, with worth: 1 and coverage: 1
Wed Jan 30 17:55:21 2019: Highest coverage kmer is: AAAAAGGTACTGGTAGGGCTA, with worth: 1 and coverage: 1
Wed Jan 30 17:55:21 2019: Highest coverage kmer is: AAAAAGGTCAGGCAACTGGCT, with worth: 1 and coverage: 1
Wed Jan 30 17:55:21 2019: Highest coverage kmer is: AAAAAGGTTCGCCGTCTTGCG, with worth: 1 and coverage: 1
Wed Jan 30 17:55:21 2019: Highest coverage kmer is: AAAAAGTAAACAGGAAAGAAA, with worth: 1 and coverage: 1
Wed Jan 30 17:55:21 2019: Highest coverage kmer is: AAAACACGAGGATTAGGGCTG, with worth: 1 and coverage: 1
Wed Jan 30 17:55:21 2019: Highest coverage kmer is: AAAACCATGGGCTCAGAAGGG, with worth: 1 and coverage: 1
Wed Jan 30 17:55:21 2019: Highest coverage kmer is: AAAACGTCTCAAAGGCCAAAG, with worth: 1 and coverage: 1
Wed Jan 30 17:55:21 2019: Highest coverage kmer is: AAAACTATACGGGTTAGGGAG, with worth: 1 and coverage: 1
Wed Jan 30 17:55:22 2019: Highest coverage kmer is: AAAAGAACCACTGCGAAGTAC, with worth: 1 and coverage: 1
Wed Jan 30 17:55:22 2019: Highest coverage kmer is: AAAAGAATGGTGGAAATCCTG, with worth: 1 and coverage: 1
Wed Jan 30 17:55:22 2019: Highest coverage kmer is: AAAAGACCTGATAAAGACGCT, with worth: 1 and coverage: 1
Wed Jan 30 17:55:22 2019: Highest coverage kmer is: AAAAGAGCGGCGAGGTAGCGC, with worth: 1 and coverage: 1
Wed Jan 30 17:55:22 2019: Highest coverage kmer is: AAAAGCATACCGGGAGAGCTC, with worth: 1 and coverage: 1
Wed Jan 30 17:55:22 2019: Highest coverage kmer is: AAAAGCGCCCTCATCCTCCTG, with worth: 1 and coverage: 1
Wed Jan 30 17:55:22 2019: Highest coverage kmer is: AAAAGCTACGATCAGGAGAAG, with worth: 1 and coverage: 1
Wed Jan 30 17:55:22 2019: Highest coverage kmer is: AAACAAGAGGGAGAGGAGGCT, with worth: 1 and coverage: 1
Wed Jan 30 17:55:22 2019: Highest coverage kmer is: AAACAGCGAGCTATGCTACCA, with worth: 1 and coverage: 1
Wed Jan 30 17:55:22 2019: Highest coverage kmer is: AAAGACAGGAACGCAGCCGTC, with worth: 1 and coverage: 1

Checking output for redundant kmers...

AAAAAAGTTGAGGAGGTGCTC is redundant.
AACGAAGCTCTTGTACACCAA is redundant.
AAGGGTACGGGCCGCGCTCGT is redundant.
ACCCCGAAGAAGATGAAGGCC is redundant.
AGAAGGTCAACCGCAAGATGT is redundant.
ATTGAGGAGGTGTACGCATAA is redundant.
GGTAAAAAGCCTTGGAGACAA is redundant.
AGCTCCTAAGACTAAAGAATT is redundant.
AGAAGGGTACCGGCCGCGCTC is redundant.
CGCCCGTCAGGGTTCGATCCG is redundant.
CAAACCCTGGCGGCAAAAAGG is redundant.
GCAGAAGGGCACGGGTAACGC is redundant.
AAGCGCTGGTTCACCAGGTTG is redundant.
AACGTCAAGGTACGCACAAAG is redundant.
There are 576 21-mers in the representative list.
It took 35 minutes and 56 seconds to generate a list from 8000 sequences.
