Generating 21-mers
...

All 21-mers generated!

Wed Jan 30 17:19:39 2019: Highest coverage kmer is: GTTGAGGAGATGCTGGCATGA, with worth: 1211 and coverage: 1211
Wed Jan 30 17:20:02 2019: Highest coverage kmer is: AAAAAAGTTGAGGAGGTGCTC, with worth: 876 and coverage: 876
Wed Jan 30 17:20:21 2019: Highest coverage kmer is: AAACCATGGCGTCAAAAAGGA, with worth: 496 and coverage: 496
Wed Jan 30 17:20:35 2019: Highest coverage kmer is: GCCGCGCGACTACAGCCAGCG, with worth: 458 and coverage: 458
Wed Jan 30 17:20:50 2019: Highest coverage kmer is: TTCGAGGAGCTGCTGGGATGA, with worth: 279 and coverage: 279
Wed Jan 30 17:21:12 2019: Highest coverage kmer is: AGAAGGGCACCGGCCGCGCCC, with worth: 270 and coverage: 304
Wed Jan 30 17:21:31 2019: Highest coverage kmer is: AACGAAGCTCTTGTACACCAA, with worth: 242 and coverage: 289
Wed Jan 30 17:21:41 2019: Highest coverage kmer is: AAGGGTACGGGCCGCGCTCGT, with worth: 204 and coverage: 204
Wed Jan 30 17:22:01 2019: Highest coverage kmer is: CAGCGCACCCCCAAGAAGATG, with worth: 196 and coverage: 262
Wed Jan 30 17:22:20 2019: Highest coverage kmer is: AAACCATGGCGTCAAAAAGGT, with worth: 167 and coverage: 171
Wed Jan 30 17:22:38 2019: Highest coverage kmer is: TCAACAAGAAGATGTACCGCG, with worth: 116 and coverage: 172
Wed Jan 30 17:22:55 2019: Highest coverage kmer is: CCCGAAGAAGATGAAGGCCGC, with worth: 93 and coverage: 198
Wed Jan 30 17:23:03 2019: Highest coverage kmer is: AAACCTTGGAGACAAAAAGGT, with worth: 81 and coverage: 81
Wed Jan 30 17:23:11 2019: Highest coverage kmer is: AAAACCTTGGCGTCAAAAAGG, with worth: 79 and coverage: 79
Wed Jan 30 17:23:26 2019: Highest coverage kmer is: AAGATGTACAAGCAGAAGGGT, with worth: 74 and coverage: 183
Wed Jan 30 17:23:36 2019: Highest coverage kmer is: GAAGCCGTGGCGCCAGAAGGG, with worth: 70 and coverage: 160
Wed Jan 30 17:23:44 2019: Highest coverage kmer is: AACAGGTAGAGCAAGACAAGG, with worth: 69 and coverage: 69
Wed Jan 30 17:23:51 2019: Highest coverage kmer is: CAAGATAAGACAGAGGAGTAA, with worth: 67 and coverage: 67
Wed Jan 30 17:24:02 2019: Highest coverage kmer is: GTCGAGGAGTGGCTGGCATGA, with worth: 66 and coverage: 66
Wed Jan 30 17:24:17 2019: Highest coverage kmer is: GTAGAGGAGGTGCTTGCATAA, with worth: 65 and coverage: 170
Wed Jan 30 17:24:31 2019: Highest coverage kmer is: GTACAAGCAGAAGGGCACCGG, with worth: 64 and coverage: 97
Wed Jan 30 17:24:38 2019: Highest coverage kmer is: AAAGCACAGAAGTATTCTAAA, with worth: 61 and coverage: 61
Wed Jan 30 17:24:53 2019: Highest coverage kmer is: CCACAATGGCGTGGTGGTGGT, with worth: 53 and coverage: 316
Wed Jan 30 17:25:07 2019: Highest coverage kmer is: CAGCGCACCCCGAAGAAGATG, with worth: 53 and coverage: 146
Wed Jan 30 17:25:22 2019: Highest coverage kmer is: GCCGCGTGACTACAGCCAGCG, with worth: 49 and coverage: 102
Wed Jan 30 17:25:29 2019: Highest coverage kmer is: ATCGAGGAGGTGTACGCATAA, with worth: 49 and coverage: 49
Wed Jan 30 17:25:36 2019: Highest coverage kmer is: AAATAAAAATGTATATTTGTC, with worth: 48 and coverage: 48
Wed Jan 30 17:25:43 2019: Highest coverage kmer is: CGACCAAGAAGATCTATCGCC, with worth: 48 and coverage: 48
Wed Jan 30 17:25:57 2019: Highest coverage kmer is: AAGCCATGGCGCCAAAAAGGT, with worth: 43 and coverage: 45
Wed Jan 30 17:26:09 2019: Highest coverage kmer is: AAAAAGTAAACCGTAAAATGT, with worth: 40 and coverage: 196
Wed Jan 30 17:26:15 2019: Highest coverage kmer is: AAGAAGTTCGGTCGCCAGAAG, with worth: 39 and coverage: 39
Wed Jan 30 17:26:27 2019: Highest coverage kmer is: AAACCTTGGAAACAAAAAGGT, with worth: 36 and coverage: 41
Wed Jan 30 17:26:41 2019: Highest coverage kmer is: GGTCGTGCTCGTCAAGGTTCT, with worth: 35 and coverage: 54
Wed Jan 30 17:26:53 2019: Highest coverage kmer is: AAATAAAAACGTATATTTGTC, with worth: 35 and coverage: 35
Wed Jan 30 17:27:06 2019: Highest coverage kmer is: CTAAGCCGCAAGATCACAGCC, with worth: 32 and coverage: 34
Wed Jan 30 17:27:17 2019: Highest coverage kmer is: ATTGAGGAGGTGTACGCATAA, with worth: 30 and coverage: 34
Wed Jan 30 17:27:25 2019: Highest coverage kmer is: AAATAATAATGTATATTTGTC, with worth: 29 and coverage: 29
Wed Jan 30 17:27:34 2019: Highest coverage kmer is: GTTCAGAAGGTAGAGGAGGTG, with worth: 28 and coverage: 34
Wed Jan 30 17:27:46 2019: Highest coverage kmer is: AAGCCGTACCGCCAGAAGGGC, with worth: 27 and coverage: 217
Wed Jan 30 17:27:58 2019: Highest coverage kmer is: TGGCGTCAAAAGGGTACTGGT, with worth: 27 and coverage: 36
Wed Jan 30 17:28:09 2019: Highest coverage kmer is: AAGCCATGGCGTCAAAAAGGT, with worth: 26 and coverage: 169
Wed Jan 30 17:28:15 2019: Highest coverage kmer is: ACTAAAAAGCCTTTTAGACAA, with worth: 26 and coverage: 26
Wed Jan 30 17:28:26 2019: Highest coverage kmer is: AGAAGGTCAACCGCAAGATGT, with worth: 25 and coverage: 69
Wed Jan 30 17:28:34 2019: Highest coverage kmer is: AGTATTAAATACATCAGGAAA, with worth: 23 and coverage: 23
Wed Jan 30 17:28:46 2019: Highest coverage kmer is: ATTGAGGAGGTGCTTGCATAA, with worth: 22 and coverage: 150
Wed Jan 30 17:28:57 2019: Highest coverage kmer is: ATTGAGGAGGTGTATGCATAA, with worth: 22 and coverage: 36
Wed Jan 30 17:29:09 2019: Highest coverage kmer is: AAAATTCAGGAGGTCTACAGT, with worth: 22 and coverage: 26
Wed Jan 30 17:29:20 2019: Highest coverage kmer is: AAGCCATGGCGTCAAAAAGGA, with worth: 22 and coverage: 24
Wed Jan 30 17:29:32 2019: Highest coverage kmer is: CTAAGAAAATTGAGGTAGAAC, with worth: 21 and coverage: 201
Wed Jan 30 17:29:43 2019: Highest coverage kmer is: CTGGAGGCTCGCCTGAAATGA, with worth: 21 and coverage: 36
Wed Jan 30 17:29:54 2019: Highest coverage kmer is: AATATGGAAGGCAAAGAAGTT, with worth: 21 and coverage: 29
Wed Jan 30 17:30:05 2019: Highest coverage kmer is: CCAGCTCAACACCTACGACGT, with worth: 20 and coverage: 138
Wed Jan 30 17:30:16 2019: Highest coverage kmer is: TCAACAAGAAGATGTATCGCG, with worth: 18 and coverage: 106
Wed Jan 30 17:30:27 2019: Highest coverage kmer is: TGAACAAGAAGATGTACCGCG, with worth: 17 and coverage: 70
Wed Jan 30 17:30:38 2019: Highest coverage kmer is: CGCCGACATCCTGCACCGCGT, with worth: 16 and coverage: 40
Wed Jan 30 17:30:48 2019: Highest coverage kmer is: ATGGCGCCAAAAAGGAACTGG, with worth: 16 and coverage: 30
Wed Jan 30 17:30:59 2019: Highest coverage kmer is: ATCGAGGAGATGCTGGGATGA, with worth: 16 and coverage: 21
Wed Jan 30 17:31:09 2019: Highest coverage kmer is: AGAGGTGGAGGAAGAAAACCT, with worth: 16 and coverage: 17
Wed Jan 30 17:31:19 2019: Highest coverage kmer is: CAGCGCACGCCCAAGAAGATG, with worth: 15 and coverage: 69
Wed Jan 30 17:31:30 2019: Highest coverage kmer is: AGGGCATCAACGTCTACGACA, with worth: 14 and coverage: 58
Wed Jan 30 17:31:40 2019: Highest coverage kmer is: CCGGCGGCGGCAAGAAGCCGT, with worth: 14 and coverage: 57
Wed Jan 30 17:31:50 2019: Highest coverage kmer is: AAGCCTTGGAAACAAAAAGGT, with worth: 14 and coverage: 28
Wed Jan 30 17:32:00 2019: Highest coverage kmer is: AAAGCCTTGGAGACAAAAAGG, with worth: 14 and coverage: 18
Wed Jan 30 17:32:10 2019: Highest coverage kmer is: TAATAAAAAAATGTACAAACG, with worth: 14 and coverage: 15
Wed Jan 30 17:32:18 2019: Highest coverage kmer is: ACAGGTGCCAAGGTGCAACTT, with worth: 14 and coverage: 14
Wed Jan 30 17:32:28 2019: Highest coverage kmer is: CCGAAGGCCGAGAAGGACCAG, with worth: 14 and coverage: 14
Wed Jan 30 17:32:38 2019: Highest coverage kmer is: AAGCCTTGGAGACAAAAGGGT, with worth: 13 and coverage: 37
Wed Jan 30 17:32:43 2019: Highest coverage kmer is: ACAAAAAGGAACTGGACGTGC, with worth: 13 and coverage: 23
Wed Jan 30 17:32:50 2019: Highest coverage kmer is: AAAACCATGGAGACAAAAAGG, with worth: 13 and coverage: 18
Wed Jan 30 17:32:54 2019: Highest coverage kmer is: AAAACTAAAACAGTATCAGAA, with worth: 13 and coverage: 13
Wed Jan 30 17:32:59 2019: Highest coverage kmer is: CGGTGCTCGTCGTGGTGATAT, with worth: 13 and coverage: 13
Wed Jan 30 17:33:06 2019: Highest coverage kmer is: CTCTTGAGGAGCGTTTTAAAT, with worth: 13 and coverage: 13
Wed Jan 30 17:33:16 2019: Highest coverage kmer is: GGTGGTAAGAAGCCATGGCGT, with worth: 12 and coverage: 28
Wed Jan 30 17:33:25 2019: Highest coverage kmer is: ATGACATCCTCAAGCGTGACA, with worth: 12 and coverage: 27
Wed Jan 30 17:33:35 2019: Highest coverage kmer is: CAGCGCACCCCTAAGAAGATG, with worth: 12 and coverage: 22
Wed Jan 30 17:33:44 2019: Highest coverage kmer is: GGCGGCGGCAAGAAGCCCTGG, with worth: 12 and coverage: 18
Wed Jan 30 17:33:49 2019: Highest coverage kmer is: CGCACCGGCAAGAAGTTCGGC, with worth: 12 and coverage: 14
Wed Jan 30 17:33:53 2019: Highest coverage kmer is: TTGGAAGCAAAAGGGTACTGG, with worth: 12 and coverage: 12
Wed Jan 30 17:34:02 2019: Highest coverage kmer is: CCGCAGTTCCGCGGCGGCGGC, with worth: 11 and coverage: 100
Wed Jan 30 17:34:11 2019: Highest coverage kmer is: AAGAAGCCGTGGCGTCAGAAG, with worth: 11 and coverage: 85
Wed Jan 30 17:34:20 2019: Highest coverage kmer is: CCTTGGCGTCAAAAAGGTACT, with worth: 11 and coverage: 24
Wed Jan 30 17:34:29 2019: Highest coverage kmer is: AAACCATGGCGCCAAAAAGGT, with worth: 11 and coverage: 21
Wed Jan 30 17:34:37 2019: Highest coverage kmer is: CTGGCAGCTGGCCAAGCGCCG, with worth: 11 and coverage: 19
Wed Jan 30 17:34:44 2019: Highest coverage kmer is: AAAGCCTTGGAAGCAAAAAGG, with worth: 11 and coverage: 11
Wed Jan 30 17:34:52 2019: Highest coverage kmer is: ATATTTGTCGTCACGCAATTT, with worth: 10 and coverage: 31
Wed Jan 30 17:35:00 2019: Highest coverage kmer is: GCCAACGTCTATGACATCCTG, with worth: 10 and coverage: 23
Wed Jan 30 17:35:04 2019: Highest coverage kmer is: AGATATTACAGGAAAAGATAC, with worth: 10 and coverage: 10
Wed Jan 30 17:35:08 2019: Highest coverage kmer is: GCGTCAAAAAGGCACAGGTCG, with worth: 10 and coverage: 10
Wed Jan 30 17:35:17 2019: Highest coverage kmer is: CAGGGCACGCACAAGACCAAG, with worth: 9 and coverage: 180
Wed Jan 30 17:35:25 2019: Highest coverage kmer is: AGTTGAGGAGATGCTAGCATG, with worth: 9 and coverage: 47
Wed Jan 30 17:35:34 2019: Highest coverage kmer is: CAAGCCGTGGCGCCAGAAGGG, with worth: 9 and coverage: 27
Wed Jan 30 17:35:42 2019: Highest coverage kmer is: ATCGAGGAGTGGCTGGCATGA, with worth: 9 and coverage: 17
Wed Jan 30 17:35:50 2019: Highest coverage kmer is: AAATAATAACGTATATTTGTC, with worth: 9 and coverage: 10
Wed Jan 30 17:35:56 2019: Highest coverage kmer is: CTGAAGGAGCGCCTGGCATGA, with worth: 9 and coverage: 9
Wed Jan 30 17:36:03 2019: Highest coverage kmer is: AGAAGGGTACCGGCCGCGCTC, with worth: 8 and coverage: 40
Wed Jan 30 17:36:11 2019: Highest coverage kmer is: AGTAAGCGGTGGTGGTAAAAA, with worth: 8 and coverage: 22
Wed Jan 30 17:36:19 2019: Highest coverage kmer is: AAAGCAGGGGAGGTGCTTGCA, with worth: 8 and coverage: 18
Wed Jan 30 17:36:27 2019: Highest coverage kmer is: ATCAGCTCAACACCTACGATG, with worth: 8 and coverage: 17
Wed Jan 30 17:36:34 2019: Highest coverage kmer is: GTGGTGGCCGTGTATTCGGTC, with worth: 8 and coverage: 10
Wed Jan 30 17:36:38 2019: Highest coverage kmer is: AAACCTTGAAAACAAAAAGGT, with worth: 8 and coverage: 8
Wed Jan 30 17:36:42 2019: Highest coverage kmer is: AACTTCCAGCTATTTTTAATG, with worth: 8 and coverage: 8
Wed Jan 30 17:36:46 2019: Highest coverage kmer is: AACTTGAGGAGCAATGGGTAT, with worth: 8 and coverage: 8
Wed Jan 30 17:36:53 2019: Highest coverage kmer is: AAGCCATGGAGACAAAAAGGT, with worth: 8 and coverage: 8
Wed Jan 30 17:37:00 2019: Highest coverage kmer is: CAAAAAGGAACAGGTCGTGCT, with worth: 7 and coverage: 827
Wed Jan 30 17:37:08 2019: Highest coverage kmer is: GAACAAGAAGATGTATCGCGC, with worth: 7 and coverage: 95
Wed Jan 30 17:37:16 2019: Highest coverage kmer is: GGCGTCAGAAGGGCACCGGTC, with worth: 7 and coverage: 66
Wed Jan 30 17:37:23 2019: Highest coverage kmer is: TGTATATTTGTCAGCTCGTAA, with worth: 7 and coverage: 34
Wed Jan 30 17:37:31 2019: Highest coverage kmer is: AGAAGGGCACCGGCCGTGCCC, with worth: 7 and coverage: 32
Wed Jan 30 17:37:38 2019: Highest coverage kmer is: AACGTCTACGACATCCTGAAG, with worth: 7 and coverage: 27
Wed Jan 30 17:37:46 2019: Highest coverage kmer is: AAACGTATCTGTTTACAATAT, with worth: 7 and coverage: 26
Wed Jan 30 17:37:54 2019: Highest coverage kmer is: AACGAAGCCCTGATTCACCAG, with worth: 7 and coverage: 25
Wed Jan 30 17:38:01 2019: Highest coverage kmer is: AAAGCCTTGGAGACAGAAGGG, with worth: 7 and coverage: 20
Wed Jan 30 17:38:08 2019: Highest coverage kmer is: ATGGAATTGGTATTGAAAGAC, with worth: 7 and coverage: 20
Wed Jan 30 17:38:16 2019: Highest coverage kmer is: CGTAAATTCGAGGAGAAGCTG, with worth: 7 and coverage: 17
Wed Jan 30 17:38:22 2019: Highest coverage kmer is: CAACATCCCGAACATCGACGT, with worth: 7 and coverage: 14
Wed Jan 30 17:38:28 2019: Highest coverage kmer is: ACAAAAAGGAACTGGTCGTGC, with worth: 7 and coverage: 12
Wed Jan 30 17:38:33 2019: Highest coverage kmer is: CGAGGAGGTGGCCGACCGATG, with worth: 7 and coverage: 9
Wed Jan 30 17:38:37 2019: Highest coverage kmer is: AAAGGTGGTGGTACCATCTTC, with worth: 7 and coverage: 7
Wed Jan 30 17:38:40 2019: Highest coverage kmer is: ATGGAAAAGAAAGTCTATTCA, with worth: 7 and coverage: 7
Wed Jan 30 17:38:44 2019: Highest coverage kmer is: CACCGCCAGCACCAAGACCCG, with worth: 7 and coverage: 7
Wed Jan 30 17:38:47 2019: Highest coverage kmer is: CAGAGGCAGGAAATACAAGCA, with worth: 7 and coverage: 7
Wed Jan 30 17:38:54 2019: Highest coverage kmer is: CCAGCTGAACACCTACGACGT, with worth: 6 and coverage: 82
Wed Jan 30 17:39:01 2019: Highest coverage kmer is: ACAAAAAGGAACAGGTAGAGC, with worth: 6 and coverage: 64
Wed Jan 30 17:39:08 2019: Highest coverage kmer is: CTCAAGGAGATGTTCGCATGA, with worth: 6 and coverage: 55
Wed Jan 30 17:39:15 2019: Highest coverage kmer is: ATGGCGTCAGAAGGGTACTGG, with worth: 6 and coverage: 42
Wed Jan 30 17:39:22 2019: Highest coverage kmer is: CAAGCCATGGCGCCAAAAAGG, with worth: 6 and coverage: 22
Wed Jan 30 17:39:29 2019: Highest coverage kmer is: AAATCAAAAGAAAGAAGCGAA, with worth: 6 and coverage: 13
Wed Jan 30 17:39:36 2019: Highest coverage kmer is: GGTGGTGGTCGTGTATTCGGT, with worth: 6 and coverage: 10
Wed Jan 30 17:39:43 2019: Highest coverage kmer is: CACCAAGAAGATCTATCGCCA, with worth: 6 and coverage: 9
Wed Jan 30 17:39:50 2019: Highest coverage kmer is: CGTGGTGGTGGTAAGAAGCCT, with worth: 6 and coverage: 9
Wed Jan 30 17:39:56 2019: Highest coverage kmer is: TATGACATCCTGCGCCGTGAC, with worth: 6 and coverage: 9
Wed Jan 30 17:40:03 2019: Highest coverage kmer is: GAAACAAAAAGGAACCGGCCG, with worth: 6 and coverage: 7
Wed Jan 30 17:40:08 2019: Highest coverage kmer is: AGGTGGAGGAAGAAAGCCTTT, with worth: 6 and coverage: 6
Wed Jan 30 17:40:12 2019: Highest coverage kmer is: GGTGGTGGCAGAAAACCCTGG, with worth: 6 and coverage: 6
Wed Jan 30 17:40:19 2019: Highest coverage kmer is: TGGCGCCAGAAAGGCACCGGC, with worth: 5 and coverage: 554
Wed Jan 30 17:40:26 2019: Highest coverage kmer is: CAGCTCAACACCTATGACGTG, with worth: 5 and coverage: 384
Wed Jan 30 17:40:32 2019: Highest coverage kmer is: CGCTCGTCAGGGCTCGATCCG, with worth: 5 and coverage: 53
Wed Jan 30 17:40:39 2019: Highest coverage kmer is: AGAAGGGCACCGGTCGTGCCC, with worth: 5 and coverage: 38
Wed Jan 30 17:40:45 2019: Highest coverage kmer is: CTCTTTCTCAAGTAGAGGAGG, with worth: 5 and coverage: 29
Wed Jan 30 17:40:52 2019: Highest coverage kmer is: AAGGGTACAGGTCGTGCTCGT, with worth: 5 and coverage: 24
Wed Jan 30 17:40:58 2019: Highest coverage kmer is: CGCCCGTCAGGGTTCGATCCG, with worth: 5 and coverage: 24
Wed Jan 30 17:41:05 2019: Highest coverage kmer is: CGTGCTCGTCAAGGATCTATC, with worth: 5 and coverage: 23
Wed Jan 30 17:41:11 2019: Highest coverage kmer is: CCAAAAAGGCACCGGTGGCGC, with worth: 5 and coverage: 19
Wed Jan 30 17:41:17 2019: Highest coverage kmer is: ATGAAAGTAGCAGTTTTAGAT, with worth: 5 and coverage: 18
Wed Jan 30 17:41:24 2019: Highest coverage kmer is: AAAAAACAAAAAGGAACAGGT, with worth: 5 and coverage: 16
Wed Jan 30 17:41:30 2019: Highest coverage kmer is: GAAGCAGAAGGGCACCGGCCG, with worth: 5 and coverage: 13
Wed Jan 30 17:41:36 2019: Highest coverage kmer is: GGTGGTGGTAAAAAGCCATGG, with worth: 5 and coverage: 13
Wed Jan 30 17:41:43 2019: Highest coverage kmer is: AAACAAAAAGGTACTGGTGGT, with worth: 5 and coverage: 12
Wed Jan 30 17:41:49 2019: Highest coverage kmer is: AAAAAACCTTGAAGACAAAAA, with worth: 5 and coverage: 10
Wed Jan 30 17:41:55 2019: Highest coverage kmer is: AACGAGCCTCTGGTTCATCAG, with worth: 5 and coverage: 7
Wed Jan 30 17:42:01 2019: Highest coverage kmer is: AGAAGCTGAACAAGAAAATGT, with worth: 5 and coverage: 7
Wed Jan 30 17:42:07 2019: Highest coverage kmer is: ATTGATGAAAAAACTTATTTA, with worth: 5 and coverage: 7
Wed Jan 30 17:42:13 2019: Highest coverage kmer is: CAAGCCCTGGCGCCAGAAGGG, with worth: 5 and coverage: 7
Wed Jan 30 17:42:19 2019: Highest coverage kmer is: AAAAAACCATGAAGACAAAAA, with worth: 5 and coverage: 6
Wed Jan 30 17:42:25 2019: Highest coverage kmer is: CAAACCCTGGCGGCAAAAAGG, with worth: 5 and coverage: 6
Wed Jan 30 17:42:31 2019: Highest coverage kmer is: GGCCGCCCGCAACCTCGCGGG, with worth: 5 and coverage: 6
Wed Jan 30 17:42:33 2019: Highest coverage kmer is: AAAGCACAGAAGTACTCAAAA, with worth: 5 and coverage: 5
Wed Jan 30 17:42:36 2019: Highest coverage kmer is: AACCGTAAGGCTTACCGTGCT, with worth: 5 and coverage: 5
Wed Jan 30 17:42:38 2019: Highest coverage kmer is: AAGCCTTATAGGCAGAAGCAT, with worth: 5 and coverage: 5
Wed Jan 30 17:42:41 2019: Highest coverage kmer is: ACCCACAAGGTGAAGGGCATG, with worth: 5 and coverage: 5
Wed Jan 30 17:42:44 2019: Highest coverage kmer is: ACTGGCAGGGCAAGGAAGCCG, with worth: 5 and coverage: 5
Wed Jan 30 17:42:46 2019: Highest coverage kmer is: AGGGCTGGAAAGGGCAAAATG, with worth: 5 and coverage: 5
Wed Jan 30 17:42:49 2019: Highest coverage kmer is: ATGCCTAAAGTAGCTTTATAT, with worth: 5 and coverage: 5
Wed Jan 30 17:42:52 2019: Highest coverage kmer is: CAAAGGCGAAGACACCGGCCG, with worth: 5 and coverage: 5
Wed Jan 30 17:42:55 2019: Highest coverage kmer is: GCACGTCACGGTAACCGTAAA, with worth: 5 and coverage: 5
Wed Jan 30 17:42:57 2019: Highest coverage kmer is: TCAAAAAGGTGGCGGTAGAGC, with worth: 5 and coverage: 5
Wed Jan 30 17:43:03 2019: Highest coverage kmer is: TTCGGTATCGAACCAAACGAA, with worth: 4 and coverage: 110
Wed Jan 30 17:43:08 2019: Highest coverage kmer is: GATGCACCAAAAACAAAAGAA, with worth: 4 and coverage: 88
Wed Jan 30 17:43:14 2019: Highest coverage kmer is: AGAAGGGTACGGGCCGCGCCC, with worth: 4 and coverage: 80
Wed Jan 30 17:43:20 2019: Highest coverage kmer is: CTACAAGCAGAAGGGCACCGG, with worth: 4 and coverage: 46
Wed Jan 30 17:43:25 2019: Highest coverage kmer is: CTACCGCCAGAAGGGCACCGG, with worth: 4 and coverage: 43
Wed Jan 30 17:43:31 2019: Highest coverage kmer is: ATTGAGGAGATGCTGGCATGA, with worth: 4 and coverage: 28
Wed Jan 30 17:43:36 2019: Highest coverage kmer is: CACCGGCGGCGCACGCCACGG, with worth: 4 and coverage: 26
Wed Jan 30 17:43:42 2019: Highest coverage kmer is: GGTCGCAAACCTTGGCGGCAA, with worth: 4 and coverage: 19
Wed Jan 30 17:43:47 2019: Highest coverage kmer is: TCGGTCGTGAATACAACGAAG, with worth: 4 and coverage: 18
Wed Jan 30 17:43:52 2019: Highest coverage kmer is: GTATTTGCACCAAAGCCAAGA, with worth: 4 and coverage: 15
Wed Jan 30 17:43:58 2019: Highest coverage kmer is: CGCTCTTGAAGTATCCGAAGC, with worth: 4 and coverage: 14
Wed Jan 30 17:44:03 2019: Highest coverage kmer is: GTATTTGGTATTGAACCAAAT, with worth: 4 and coverage: 14
Wed Jan 30 17:44:08 2019: Highest coverage kmer is: GGAGACAGAAAGGAACAGGTC, with worth: 4 and coverage: 13
Wed Jan 30 17:44:14 2019: Highest coverage kmer is: AAGCACTCGACCAAGAAGCCG, with worth: 4 and coverage: 11
Wed Jan 30 17:44:19 2019: Highest coverage kmer is: TGGAGACAAAAAGGAACAGGA, with worth: 4 and coverage: 9
Wed Jan 30 17:44:24 2019: Highest coverage kmer is: AGGTTCGCGGCGGTGGCCGTA, with worth: 4 and coverage: 8
Wed Jan 30 17:44:29 2019: Highest coverage kmer is: GGACATCCTGCACCGCATGGT, with worth: 4 and coverage: 8
Wed Jan 30 17:44:34 2019: Highest coverage kmer is: CCGATCTTCGTCGGCGGTGGT, with worth: 4 and coverage: 7
Wed Jan 30 17:44:39 2019: Highest coverage kmer is: GGTGGCGGCAAGAAGCCATGG, with worth: 4 and coverage: 7
Wed Jan 30 17:44:44 2019: Highest coverage kmer is: GTTGAGGAGGTGTACGCATAA, with worth: 4 and coverage: 6
Wed Jan 30 17:44:49 2019: Highest coverage kmer is: AAAATTAAAAAGCAAAAAGGT, with worth: 4 and coverage: 5
Wed Jan 30 17:44:54 2019: Highest coverage kmer is: ACAAATGACCAATTCTCGCCA, with worth: 4 and coverage: 5
Wed Jan 30 17:44:59 2019: Highest coverage kmer is: ACCGTCTGGACCGAAAGCGCA, with worth: 4 and coverage: 5
Wed Jan 30 17:45:04 2019: Highest coverage kmer is: CAGCGCCAGGGTACGCACAAG, with worth: 4 and coverage: 5
Wed Jan 30 17:45:09 2019: Highest coverage kmer is: CGGCGGCAAAAAGCCGTGGCG, with worth: 4 and coverage: 5
Wed Jan 30 17:45:13 2019: Highest coverage kmer is: CTACACCCTGCCCCGCAAGGT, with worth: 4 and coverage: 5
Wed Jan 30 17:45:18 2019: Highest coverage kmer is: GGAAGCAGAAGGGCACGGGCC, with worth: 4 and coverage: 5
Wed Jan 30 17:45:21 2019: Highest coverage kmer is: GGTAGAAAACCTTGGAGACAA, with worth: 4 and coverage: 5
Wed Jan 30 17:45:24 2019: Highest coverage kmer is: TCAGAAGGGTACCGGCCGTGC, with worth: 4 and coverage: 5
Wed Jan 30 17:45:26 2019: Highest coverage kmer is: AAAAAGGGACTGGCCGTGCAC, with worth: 4 and coverage: 4
Wed Jan 30 17:45:28 2019: Highest coverage kmer is: AAAAAGTTTTGGTTATTCTTG, with worth: 4 and coverage: 4
Wed Jan 30 17:45:30 2019: Highest coverage kmer is: AAAAATTGAGTATTTTGCATG, with worth: 4 and coverage: 4
Wed Jan 30 17:45:32 2019: Highest coverage kmer is: ACTCGCATGGCAATCCGCTCG, with worth: 4 and coverage: 4
Wed Jan 30 17:45:35 2019: Highest coverage kmer is: ACTGGACGTGCTCGTCAGGGT, with worth: 4 and coverage: 4
Wed Jan 30 17:45:37 2019: Highest coverage kmer is: AGCTTCAAACTGAACAAGAAA, with worth: 4 and coverage: 4
Wed Jan 30 17:45:39 2019: Highest coverage kmer is: ATCAAAATTTGATTTTTCAGG, with worth: 4 and coverage: 4
Wed Jan 30 17:45:41 2019: Highest coverage kmer is: ATCAGAGACAAGGTACGCACA, with worth: 4 and coverage: 4
Wed Jan 30 17:45:44 2019: Highest coverage kmer is: CGGCGGTACGGTATTCGGACC, with worth: 4 and coverage: 4
Wed Jan 30 17:45:49 2019: Highest coverage kmer is: CTCAAAAAGGTACTGGTAACG, with worth: 4 and coverage: 4
Wed Jan 30 17:45:53 2019: Highest coverage kmer is: GAAGCCGTACCGGCAGAAGGG, with worth: 3 and coverage: 88
Wed Jan 30 17:45:58 2019: Highest coverage kmer is: CTTGAGGAGCGTTTCAAATGA, with worth: 3 and coverage: 70
Wed Jan 30 17:46:02 2019: Highest coverage kmer is: AAAAAGCCATGGCGCCAGAAA, with worth: 3 and coverage: 59
Wed Jan 30 17:46:07 2019: Highest coverage kmer is: CCTTGGAAACAAAAAGGAACA, with worth: 3 and coverage: 53
Wed Jan 30 17:46:12 2019: Highest coverage kmer is: TCAGCTCAACACCTACGACGT, with worth: 3 and coverage: 43
Wed Jan 30 17:46:16 2019: Highest coverage kmer is: GCAAGACAGGGTTCAACAAGA, with worth: 3 and coverage: 28
Wed Jan 30 17:46:21 2019: Highest coverage kmer is: AAAAAGTTAATAAAAAACAAA, with worth: 3 and coverage: 21
Wed Jan 30 17:46:25 2019: Highest coverage kmer is: GCCCGTCAGGGTTCGATCCGC, with worth: 3 and coverage: 18
Wed Jan 30 17:46:29 2019: Highest coverage kmer is: GTATATTTGTCGGCTCGTAAT, with worth: 3 and coverage: 16
Wed Jan 30 17:46:34 2019: Highest coverage kmer is: AACGTGCATCAATGCGTCAAG, with worth: 3 and coverage: 13
Wed Jan 30 17:46:38 2019: Highest coverage kmer is: ATCGAGGAGGTGTATGCATAA, with worth: 3 and coverage: 12
Wed Jan 30 17:46:43 2019: Highest coverage kmer is: AAAAAACCTTGGCGTCAGAAA, with worth: 3 and coverage: 11
Wed Jan 30 17:46:47 2019: Highest coverage kmer is: GCTAACCAGCGTCAGGGTACA, with worth: 3 and coverage: 11
Wed Jan 30 17:46:51 2019: Highest coverage kmer is: GGCTAATCAGCGTCAGGGTAC, with worth: 3 and coverage: 10
Wed Jan 30 17:46:56 2019: Highest coverage kmer is: AAAATCAACAAAAAACAAAAG, with worth: 3 and coverage: 9
Wed Jan 30 17:47:00 2019: Highest coverage kmer is: CCCTGGCGCCAGAAAGGCACC, with worth: 3 and coverage: 9
Wed Jan 30 17:47:04 2019: Highest coverage kmer is: CCGATCTTCCGCGGTGGTGGT, with worth: 3 and coverage: 7
Wed Jan 30 17:47:09 2019: Highest coverage kmer is: CGATCTTCCCAAGAAGGTCCG, with worth: 3 and coverage: 7
Wed Jan 30 17:47:13 2019: Highest coverage kmer is: GGTAGAGCTAGACAAGGTTCT, with worth: 3 and coverage: 7
Wed Jan 30 17:47:17 2019: Highest coverage kmer is: AAAAAGTATTTTTTCTGAATT, with worth: 3 and coverage: 5
Wed Jan 30 17:47:21 2019: Highest coverage kmer is: AAAAGGGAACCGGTCGCGCTC, with worth: 3 and coverage: 5
Wed Jan 30 17:47:25 2019: Highest coverage kmer is: ACCAGGTCGTCGTTGCGCAGC, with worth: 3 and coverage: 5
Wed Jan 30 17:47:29 2019: Highest coverage kmer is: CGTGGTGGTGGTCGTAAACCT, with worth: 3 and coverage: 5
Wed Jan 30 17:47:33 2019: Highest coverage kmer is: GTTAACCGCAAAATGTATCGC, with worth: 3 and coverage: 5
Wed Jan 30 17:47:37 2019: Highest coverage kmer is: AACGTCTATGACATCCTGCGG, with worth: 3 and coverage: 4
Wed Jan 30 17:47:41 2019: Highest coverage kmer is: AGCCCCGCGATTACAGCTTCA, with worth: 3 and coverage: 4
Wed Jan 30 17:47:45 2019: Highest coverage kmer is: ATGGCAGGTAAAAGAACTTCT, with worth: 3 and coverage: 4
Wed Jan 30 17:47:48 2019: Highest coverage kmer is: CAAGCCCTGGCGGCAAAAAGG, with worth: 3 and coverage: 4
Wed Jan 30 17:47:51 2019: Highest coverage kmer is: CAGCGCCAGGGTACACATAAA, with worth: 3 and coverage: 4
Wed Jan 30 17:47:53 2019: Highest coverage kmer is: CCCTGGCGTCAAAAAGGCACC, with worth: 3 and coverage: 4
Wed Jan 30 17:47:55 2019: Highest coverage kmer is: AAAAAACCATGGAGACAAAAG, with worth: 3 and coverage: 3
Wed Jan 30 17:47:57 2019: Highest coverage kmer is: AAAAAGATCGAGGAATGGTTG, with worth: 3 and coverage: 3
Wed Jan 30 17:47:59 2019: Highest coverage kmer is: AAAATCCAGGAGGTTTACGGT, with worth: 3 and coverage: 3
Wed Jan 30 17:48:00 2019: Highest coverage kmer is: AAAATTTGATCAGCATGTTCG, with worth: 3 and coverage: 3
Wed Jan 30 17:48:02 2019: Highest coverage kmer is: AAAGCAGTACATGGCCAACCA, with worth: 3 and coverage: 3
Wed Jan 30 17:48:04 2019: Highest coverage kmer is: AAAGCCTTGGCGCCAAAAAGG, with worth: 3 and coverage: 3
Wed Jan 30 17:48:05 2019: Highest coverage kmer is: AAAGGTACTGGTAATGCACGT, with worth: 3 and coverage: 3
Wed Jan 30 17:48:07 2019: Highest coverage kmer is: AAATTCCTGTTTATAACGCAT, with worth: 3 and coverage: 3
Wed Jan 30 17:48:09 2019: Highest coverage kmer is: AAGGGTACCGGTAACGCTCGT, with worth: 3 and coverage: 3
Wed Jan 30 17:48:10 2019: Highest coverage kmer is: AATCAGCAGCGACAGGTTGTG, with worth: 3 and coverage: 3
Wed Jan 30 17:48:12 2019: Highest coverage kmer is: ACCAAAGGTTGAGAAGATAAT, with worth: 3 and coverage: 3
Wed Jan 30 17:48:14 2019: Highest coverage kmer is: ACGTGCAGGTAGCATTAAGTC, with worth: 3 and coverage: 3
Wed Jan 30 17:48:15 2019: Highest coverage kmer is: AGAAGCTGAACAAAAAAATGT, with worth: 3 and coverage: 3
Wed Jan 30 17:48:17 2019: Highest coverage kmer is: AGAGAGCTTCATTAAGACAGG, with worth: 3 and coverage: 3
Wed Jan 30 17:48:19 2019: Highest coverage kmer is: CCGAAGATCGACGTGCTGCCG, with worth: 3 and coverage: 3
Wed Jan 30 17:48:20 2019: Highest coverage kmer is: CCGAGTTCGGCGGGAAGATCA, with worth: 3 and coverage: 3
Wed Jan 30 17:48:23 2019: Highest coverage kmer is: CGATCCTGTTCGTCACGAGCG, with worth: 3 and coverage: 3
Wed Jan 30 17:48:26 2019: Highest coverage kmer is: GGTGGTCGTATTTTCGGTCCA, with worth: 3 and coverage: 3
Wed Jan 30 17:48:30 2019: Highest coverage kmer is: AAGCGCTGGTTCACCAGGTTG, with worth: 2 and coverage: 978
Wed Jan 30 17:48:33 2019: Highest coverage kmer is: CAAAAAGGTACTGGTCGCGCT, with worth: 2 and coverage: 208
Wed Jan 30 17:48:37 2019: Highest coverage kmer is: CGTAGCCCAATCTGGGTTGGT, with worth: 2 and coverage: 143
Wed Jan 30 17:48:40 2019: Highest coverage kmer is: GCGTCAGGGCACTCGTGCTCA, with worth: 2 and coverage: 96
Wed Jan 30 17:48:44 2019: Highest coverage kmer is: AGAAGGTCAACAAGAAGATGT, with worth: 2 and coverage: 71
Wed Jan 30 17:48:47 2019: Highest coverage kmer is: ACAGGTAGAGCAAGACAAGGT, with worth: 2 and coverage: 69
Wed Jan 30 17:48:51 2019: Highest coverage kmer is: GAAGATGTACAAGCAGAAGGG, with worth: 2 and coverage: 69
Wed Jan 30 17:48:54 2019: Highest coverage kmer is: GCCGCGCAGCTTCGAGCAGAA, with worth: 2 and coverage: 51
Wed Jan 30 17:48:58 2019: Highest coverage kmer is: CAAGCCCTTCAAGCAGAAGGG, with worth: 2 and coverage: 45
Wed Jan 30 17:49:01 2019: Highest coverage kmer is: ACTGGCCGTGCTCGTGCTGGT, with worth: 2 and coverage: 43
Wed Jan 30 17:49:05 2019: Highest coverage kmer is: GAAGCCCTGGCGCCAGAAGGG, with worth: 2 and coverage: 42
Wed Jan 30 17:49:08 2019: Highest coverage kmer is: GGTCGCCAGAAGGGCGGCGGT, with worth: 2 and coverage: 35
Wed Jan 30 17:49:12 2019: Highest coverage kmer is: CAACGTCTACGACATCCTGCG, with worth: 2 and coverage: 34
Wed Jan 30 17:49:15 2019: Highest coverage kmer is: CGTAAGATTAAAAAACAAAAA, with worth: 2 and coverage: 26
Wed Jan 30 17:49:19 2019: Highest coverage kmer is: TATCGCCAGAAGGGCACCGGC, with worth: 2 and coverage: 23
Wed Jan 30 17:49:22 2019: Highest coverage kmer is: CTCCGGTGGCGGCAAGAAGCC, with worth: 2 and coverage: 22
Wed Jan 30 17:49:25 2019: Highest coverage kmer is: AAAGTTAACAAGAAAATGTAC, with worth: 2 and coverage: 20
Wed Jan 30 17:49:29 2019: Highest coverage kmer is: AGCTCCAAAAACTGCTGAGTT, with worth: 2 and coverage: 15
Wed Jan 30 17:49:32 2019: Highest coverage kmer is: GCAGAAGGGCACCGGTCGGGC, with worth: 2 and coverage: 15
Wed Jan 30 17:49:35 2019: Highest coverage kmer is: AAGAAAACCTTTCAAACAAAA, with worth: 2 and coverage: 14
Wed Jan 30 17:49:38 2019: Highest coverage kmer is: CAAGCCGTTCCGCCAGAAGGG, with worth: 2 and coverage: 14
Wed Jan 30 17:49:42 2019: Highest coverage kmer is: AAGCTGGAGGCGCGTTTCAAT, with worth: 2 and coverage: 12
Wed Jan 30 17:49:45 2019: Highest coverage kmer is: TGGAGACAGAAGGGAACAGGT, with worth: 2 and coverage: 12
Wed Jan 30 17:49:48 2019: Highest coverage kmer is: AATGTTTATGATATTTTGCGT, with worth: 2 and coverage: 11
Wed Jan 30 17:49:51 2019: Highest coverage kmer is: AGGGTACGCACAAGTCCAAGG, with worth: 2 and coverage: 11
Wed Jan 30 17:49:55 2019: Highest coverage kmer is: AAAAAACTAGATCAGAAGTTT, with worth: 2 and coverage: 10
Wed Jan 30 17:49:58 2019: Highest coverage kmer is: ATGGAAAGAAAAGTTTTTTCT, with worth: 2 and coverage: 10
Wed Jan 30 17:50:01 2019: Highest coverage kmer is: CCACAATGGGTTGGCGGTGGT, with worth: 2 and coverage: 10
Wed Jan 30 17:50:04 2019: Highest coverage kmer is: CGTCGTTTAGCAATTAAATCT, with worth: 2 and coverage: 10
Wed Jan 30 17:50:07 2019: Highest coverage kmer is: AAAAAGGCACCGGCCGTGCGC, with worth: 2 and coverage: 9
Wed Jan 30 17:50:10 2019: Highest coverage kmer is: AAAGGTACAGGCCGTGCACGT, with worth: 2 and coverage: 9
Wed Jan 30 17:50:14 2019: Highest coverage kmer is: AGAAGGTGAACCGCAAGATGT, with worth: 2 and coverage: 9
Wed Jan 30 17:50:17 2019: Highest coverage kmer is: AGCTCGCCAAGCGGCGCGCCG, with worth: 2 and coverage: 9
Wed Jan 30 17:50:20 2019: Highest coverage kmer is: CAAAAAGGAACAGGTAGAGCT, with worth: 2 and coverage: 9
Wed Jan 30 17:50:23 2019: Highest coverage kmer is: GCTGGTACTATCCGCAGCCCA, with worth: 2 and coverage: 9
Wed Jan 30 17:50:26 2019: Highest coverage kmer is: ACCGAGAGCGCGCTCGAGGAG, with worth: 2 and coverage: 8
Wed Jan 30 17:50:29 2019: Highest coverage kmer is: CAAAAAGGAACTGGTCGTGCA, with worth: 2 and coverage: 8
Wed Jan 30 17:50:32 2019: Highest coverage kmer is: CAGAAAGCCGTGGAGACAGAA, with worth: 2 and coverage: 8
Wed Jan 30 17:50:35 2019: Highest coverage kmer is: TGGTGGTGGTAAAAAACCATT, with worth: 2 and coverage: 8
Wed Jan 30 17:50:38 2019: Highest coverage kmer is: ATGCAACGCGCATCAATGCGT, with worth: 2 and coverage: 7
Wed Jan 30 17:50:41 2019: Highest coverage kmer is: CGCCAAGCGCCGCGCCGGCAC, with worth: 2 and coverage: 7
Wed Jan 30 17:50:44 2019: Highest coverage kmer is: CGTGCACGTCAAGGTTCAATC, with worth: 2 and coverage: 7
Wed Jan 30 17:50:47 2019: Highest coverage kmer is: TCTATTAGAGCTCCTCAATGG, with worth: 2 and coverage: 7
Wed Jan 30 17:50:50 2019: Highest coverage kmer is: AAGAAGAGCTCACCCACCAAA, with worth: 2 and coverage: 6
Wed Jan 30 17:50:53 2019: Highest coverage kmer is: AAGGTCAATCGCAAGATGTAT, with worth: 2 and coverage: 6
Wed Jan 30 17:50:56 2019: Highest coverage kmer is: GGTGGTGGTAGAAAACCATGG, with worth: 2 and coverage: 6
Wed Jan 30 17:50:59 2019: Highest coverage kmer is: AAGAAACAAAAAGGAACAGGT, with worth: 2 and coverage: 5
Wed Jan 30 17:51:01 2019: Highest coverage kmer is: AAGCAAAAAGGTACAGGTGGT, with worth: 2 and coverage: 5
Wed Jan 30 17:51:04 2019: Highest coverage kmer is: AGCCAAATGATCACGCTATCT, with worth: 2 and coverage: 5
Wed Jan 30 17:51:07 2019: Highest coverage kmer is: ATCTGCTCGCAACATTCCTGG, with worth: 2 and coverage: 5
Wed Jan 30 17:51:10 2019: Highest coverage kmer is: GGTGGTGGAAGAAAGCCATGG, with worth: 2 and coverage: 5
Wed Jan 30 17:51:13 2019: Highest coverage kmer is: TCAGCGTCAGGGTACGCACAA, with worth: 2 and coverage: 5
Wed Jan 30 17:51:15 2019: Highest coverage kmer is: AAAACCTTGGGCTCAAAAAGG, with worth: 2 and coverage: 4
Wed Jan 30 17:51:18 2019: Highest coverage kmer is: AAAGGTGGTGGCGGTGCACGT, with worth: 2 and coverage: 4
Wed Jan 30 17:51:21 2019: Highest coverage kmer is: AAGCGTTTGGCAAGAAAATCT, with worth: 2 and coverage: 4
Wed Jan 30 17:51:24 2019: Highest coverage kmer is: ATCTTCGGTATTGAACCGAAT, with worth: 2 and coverage: 4
Wed Jan 30 17:51:26 2019: Highest coverage kmer is: CAAAAAGGAACTGGTAGAGCT, with worth: 2 and coverage: 4
Wed Jan 30 17:51:29 2019: Highest coverage kmer is: CCAAAGACAAGGTACGCACAA, with worth: 2 and coverage: 4
Wed Jan 30 17:51:32 2019: Highest coverage kmer is: CTGAATGTTTACGACGTGCTG, with worth: 2 and coverage: 4
Wed Jan 30 17:51:35 2019: Highest coverage kmer is: GAAGTACTAGAAAAATTAAAA, with worth: 2 and coverage: 4
Wed Jan 30 17:51:38 2019: Highest coverage kmer is: GAGATCAAGACCAAGAAGTTC, with worth: 2 and coverage: 4
Wed Jan 30 17:51:40 2019: Highest coverage kmer is: GGAGACAAAAAGGAACCGGTC, with worth: 2 and coverage: 4
Wed Jan 30 17:51:43 2019: Highest coverage kmer is: TTCCGTGGTGGTGGTATTGTT, with worth: 2 and coverage: 4
Wed Jan 30 17:51:46 2019: Highest coverage kmer is: AAAAGGTCAACCGCAAGATGT, with worth: 2 and coverage: 3
Wed Jan 30 17:51:48 2019: Highest coverage kmer is: AAAATGTATCGCGGTGCCATG, with worth: 2 and coverage: 3
Wed Jan 30 17:51:51 2019: Highest coverage kmer is: AAAGGTAATATCCGTAACCCT, with worth: 2 and coverage: 3
Wed Jan 30 17:51:53 2019: Highest coverage kmer is: AAGAAGCCTTTCAAGCAGAAG, with worth: 2 and coverage: 3
Wed Jan 30 17:51:56 2019: Highest coverage kmer is: AAGCCATGGAGACAGAAGGGA, with worth: 2 and coverage: 3
Wed Jan 30 17:51:59 2019: Highest coverage kmer is: ACACATAAATCTAAAGAAAGA, with worth: 2 and coverage: 3
Wed Jan 30 17:52:01 2019: Highest coverage kmer is: ACCTGGCTAATCAGAGACAGG, with worth: 2 and coverage: 3
Wed Jan 30 17:52:04 2019: Highest coverage kmer is: ATCAAGTGGTCACTGCTTATT, with worth: 2 and coverage: 3
Wed Jan 30 17:52:06 2019: Highest coverage kmer is: ATCGCCAAAAAGGCACAGGTG, with worth: 2 and coverage: 3
Wed Jan 30 17:52:09 2019: Highest coverage kmer is: ATGAAGGTAGCAGTATTAGAT, with worth: 2 and coverage: 3
Wed Jan 30 17:52:11 2019: Highest coverage kmer is: CCAAAAAGGTGCGCAGGCTGG, with worth: 2 and coverage: 3
Wed Jan 30 17:52:13 2019: Highest coverage kmer is: CCGTTGTGGCGTGGTGGTGGT, with worth: 2 and coverage: 3
Wed Jan 30 17:52:16 2019: Highest coverage kmer is: CCTTGGAAACAGAAAGGTACT, with worth: 2 and coverage: 3
Wed Jan 30 17:52:18 2019: Highest coverage kmer is: GGTGGAGGTAAAAAGCCTTGG, with worth: 2 and coverage: 3
Wed Jan 30 17:52:19 2019: Highest coverage kmer is: GGTGGTGGCAAAAAACCTTGG, with worth: 2 and coverage: 3
Wed Jan 30 17:52:20 2019: Highest coverage kmer is: TTTTCGGTATCGAGCCGAACA, with worth: 2 and coverage: 3
Wed Jan 30 17:52:21 2019: Highest coverage kmer is: AAAAAACCGTGGAGACAAAAA, with worth: 2 and coverage: 2
Wed Jan 30 17:52:22 2019: Highest coverage kmer is: AAAAACTAGGGATCTGATACA, with worth: 2 and coverage: 2
Wed Jan 30 17:52:23 2019: Highest coverage kmer is: AAAAACTATAGGTGATATTTC, with worth: 2 and coverage: 2
Wed Jan 30 17:52:24 2019: Highest coverage kmer is: AAAAACTCGGAATAATGGATG, with worth: 2 and coverage: 2
Wed Jan 30 17:52:25 2019: Highest coverage kmer is: AAAAAGGAACAGGTAACGCAC, with worth: 2 and coverage: 2
Wed Jan 30 17:52:26 2019: Highest coverage kmer is: AAAAAGGCACTGGACGTGCAC, with worth: 2 and coverage: 2
Wed Jan 30 17:52:27 2019: Highest coverage kmer is: AAAAAGTGAACAAAAAGCAAA, with worth: 2 and coverage: 2
Wed Jan 30 17:52:28 2019: Highest coverage kmer is: AAAAATAAAATCAACACATCT, with worth: 2 and coverage: 2
Wed Jan 30 17:52:29 2019: Highest coverage kmer is: AAAACAAAAATCAACCGGAAA, with worth: 2 and coverage: 2
Wed Jan 30 17:52:30 2019: Highest coverage kmer is: AAAAGTTAAACAAAAAAATGT, with worth: 2 and coverage: 2
Wed Jan 30 17:52:31 2019: Highest coverage kmer is: AAAATGTATCGTGCTGGAATG, with worth: 2 and coverage: 2
Wed Jan 30 17:52:32 2019: Highest coverage kmer is: AAAATTAAATAAAAGTGAAAA, with worth: 2 and coverage: 2
Wed Jan 30 17:52:33 2019: Highest coverage kmer is: AAACCCTGGCGACAGAAAGGA, with worth: 2 and coverage: 2
Wed Jan 30 17:52:34 2019: Highest coverage kmer is: AAACTCCTCCTTTCTGCGAGG, with worth: 2 and coverage: 2
Wed Jan 30 17:52:35 2019: Highest coverage kmer is: AAACTGCCGAAAAAAGTGCGC, with worth: 2 and coverage: 2
Wed Jan 30 17:52:36 2019: Highest coverage kmer is: AAAGAATAAACAGAAAAGAAA, with worth: 2 and coverage: 2
Wed Jan 30 17:52:37 2019: Highest coverage kmer is: AAAGCCCTGGAGGCAGAAAGG, with worth: 2 and coverage: 2
Wed Jan 30 17:52:38 2019: Highest coverage kmer is: AAAGCCCTGGCGGCAAAAGGG, with worth: 2 and coverage: 2
Wed Jan 30 17:52:39 2019: Highest coverage kmer is: AAAGGCCGCAGCGAAGTGGCC, with worth: 2 and coverage: 2
Wed Jan 30 17:52:40 2019: Highest coverage kmer is: AAAGGTACAGGAAATGCAAGG, with worth: 2 and coverage: 2
Wed Jan 30 17:52:41 2019: Highest coverage kmer is: AAATTGGCAGCTTGCAAAAAG, with worth: 2 and coverage: 2
Wed Jan 30 17:52:42 2019: Highest coverage kmer is: AACCTCGCGGGTGTCGACGTG, with worth: 2 and coverage: 2
Wed Jan 30 17:52:43 2019: Highest coverage kmer is: AACGCAGAAGGAAAGAAAGTT, with worth: 2 and coverage: 2
Wed Jan 30 17:52:44 2019: Highest coverage kmer is: AAGAAACTATAGCTTCAAACT, with worth: 2 and coverage: 2
Wed Jan 30 17:52:44 2019: Highest coverage kmer is: AAGATTGAGGAGGTGCTGGGA, with worth: 2 and coverage: 2
Wed Jan 30 17:52:45 2019: Highest coverage kmer is: AAGCCCTGGCGTCAAAAAGGT, with worth: 2 and coverage: 2
Wed Jan 30 17:52:46 2019: Highest coverage kmer is: AAGTAAGAGGCGGCGGAAGAA, with worth: 2 and coverage: 2
Wed Jan 30 17:52:47 2019: Highest coverage kmer is: ACACGTGGAGAGGTAAGAGGT, with worth: 2 and coverage: 2
Wed Jan 30 17:52:48 2019: Highest coverage kmer is: ACAGGCCGTGCCCGTCAGGGT, with worth: 2 and coverage: 2
Wed Jan 30 17:52:49 2019: Highest coverage kmer is: ACCATGCCATTTACCTTGATG, with worth: 2 and coverage: 2
Wed Jan 30 17:52:50 2019: Highest coverage kmer is: ACCGCCCGTCATGGCGATCGT, with worth: 2 and coverage: 2
Wed Jan 30 17:52:51 2019: Highest coverage kmer is: ACTGGTGGAGCTCGTGCGGGT, with worth: 2 and coverage: 2
Wed Jan 30 17:52:51 2019: Highest coverage kmer is: AGAGGCTTAGGGAGATTTACG, with worth: 2 and coverage: 2
Wed Jan 30 17:52:52 2019: Highest coverage kmer is: AGGCTCTGCAGGAGACGCTGA, with worth: 2 and coverage: 2
Wed Jan 30 17:52:53 2019: Highest coverage kmer is: ATAAAAAAAACAAAAGAAATG, with worth: 2 and coverage: 2
Wed Jan 30 17:52:54 2019: Highest coverage kmer is: ATTAAAAGAGCTGTAATTTCA, with worth: 2 and coverage: 2
Wed Jan 30 17:52:55 2019: Highest coverage kmer is: ATTTGTATGTAAAATCTTATC, with worth: 2 and coverage: 2
Wed Jan 30 17:52:55 2019: Highest coverage kmer is: CAAGCCTTGGCGCCAAAAAGG, with worth: 2 and coverage: 2
Wed Jan 30 17:52:56 2019: Highest coverage kmer is: CAGCGTCAAGGTACGCACAAA, with worth: 2 and coverage: 2
Wed Jan 30 17:52:57 2019: Highest coverage kmer is: CATTCGCGCTCCGCAATGGAA, with worth: 2 and coverage: 2
Wed Jan 30 17:52:58 2019: Highest coverage kmer is: CCAGGGAAGCATTCGCGCGCC, with worth: 2 and coverage: 2
Wed Jan 30 17:52:59 2019: Highest coverage kmer is: CCGGTCGTGCGTTCCCACGCC, with worth: 2 and coverage: 2
Wed Jan 30 17:52:59 2019: Highest coverage kmer is: CCTATCTTCGTTGGTGGTGGT, with worth: 2 and coverage: 2
Wed Jan 30 17:53:00 2019: Highest coverage kmer is: CGGCAAAAAACCCTGGCGCCA, with worth: 2 and coverage: 2
Wed Jan 30 17:53:01 2019: Highest coverage kmer is: CGGTGGCGGTATCAAGCCTTT, with worth: 2 and coverage: 2
Wed Jan 30 17:53:02 2019: Highest coverage kmer is: GAGGAGGTGCTCGGAAAATGA, with worth: 2 and coverage: 2
Wed Jan 30 17:53:02 2019: Highest coverage kmer is: GATTTAATAAACAATGAAAAA, with worth: 2 and coverage: 2
Wed Jan 30 17:53:03 2019: Highest coverage kmer is: GGGCCCCATCCCCGGGACTAC, with worth: 2 and coverage: 2
Wed Jan 30 17:53:04 2019: Highest coverage kmer is: GGGTGGTGTTGTTTTTGGACC, with worth: 2 and coverage: 2
Wed Jan 30 17:53:05 2019: Highest coverage kmer is: GGTGGCGGTGCTCGCCGTGGT, with worth: 2 and coverage: 2
Wed Jan 30 17:53:05 2019: Highest coverage kmer is: GGTGGTGGTCGTGTTTTTGGT, with worth: 2 and coverage: 2
Wed Jan 30 17:53:06 2019: Highest coverage kmer is: GTAGAGGAGGTGCTGGCATAA, with worth: 2 and coverage: 2
Wed Jan 30 17:53:07 2019: Highest coverage kmer is: GTTTCCGGCGGAGGCAAAAAG, with worth: 2 and coverage: 2
Wed Jan 30 17:53:07 2019: Highest coverage kmer is: TGGAGCCAAAAAGGTGGCGGT, with worth: 2 and coverage: 2
Wed Jan 30 17:53:09 2019: Highest coverage kmer is: AACAGGTCGTGCTCGTCAAGG, with worth: 1 and coverage: 825
Wed Jan 30 17:53:11 2019: Highest coverage kmer is: CGCGCAACCTGCACAAGGTTG, with worth: 1 and coverage: 556
Wed Jan 30 17:53:13 2019: Highest coverage kmer is: GCGTCAAAAAGGAACTGGACG, with worth: 1 and coverage: 358
Wed Jan 30 17:53:14 2019: Highest coverage kmer is: GCGCCAGAAAGGTACCGGCCG, with worth: 1 and coverage: 205
Wed Jan 30 17:53:16 2019: Highest coverage kmer is: GGTGGTGGACGTAAACCATGG, with worth: 1 and coverage: 205
Wed Jan 30 17:53:18 2019: Highest coverage kmer is: AGAAGGGTACGGGCCGCGCTC, with worth: 1 and coverage: 203
Wed Jan 30 17:53:19 2019: Highest coverage kmer is: TAAGCCATGGCGTCAAAAAGG, with worth: 1 and coverage: 152
Wed Jan 30 17:53:21 2019: Highest coverage kmer is: CCTAAGAAAGTTCGTCGTTTA, with worth: 1 and coverage: 100
Wed Jan 30 17:53:23 2019: Highest coverage kmer is: GGTGGTGGTCGTAAACCATGG, with worth: 1 and coverage: 100
Wed Jan 30 17:53:24 2019: Highest coverage kmer is: TTAGAGGAGCAATGGGTATGA, with worth: 1 and coverage: 90
Wed Jan 30 17:53:26 2019: Highest coverage kmer is: AGAAGGGCACCGGTCGCGCCC, with worth: 1 and coverage: 83
Wed Jan 30 17:53:28 2019: Highest coverage kmer is: CTGCCGATCCAGGGCATCAAC, with worth: 1 and coverage: 72
Wed Jan 30 17:53:29 2019: Highest coverage kmer is: CAAAAAGGAACAGGTCGTGCA, with worth: 1 and coverage: 66
Wed Jan 30 17:53:31 2019: Highest coverage kmer is: AAAGGAACAGGTCGTGCACGT, with worth: 1 and coverage: 63
Wed Jan 30 17:53:32 2019: Highest coverage kmer is: ACAGGTCGTGCCCGTCAAGGT, with worth: 1 and coverage: 56
Wed Jan 30 17:53:34 2019: Highest coverage kmer is: ACAGCCAGCGCACCCCGAAGA, with worth: 1 and coverage: 55
Wed Jan 30 17:53:35 2019: Highest coverage kmer is: GGTGGCAAGAAGCCGTGGCGT, with worth: 1 and coverage: 52
Wed Jan 30 17:53:37 2019: Highest coverage kmer is: ACCTTCGCGGCCAAGCCGCGC, with worth: 1 and coverage: 50
Wed Jan 30 17:53:39 2019: Highest coverage kmer is: ACTGGTCGCGCTCGCGCTGGT, with worth: 1 and coverage: 44
Wed Jan 30 17:53:40 2019: Highest coverage kmer is: TGGCGCCAGAAGGGCACCGGC, with worth: 1 and coverage: 42
Wed Jan 30 17:53:42 2019: Highest coverage kmer is: AAGCCGTGGCGCCAGAAAGGT, with worth: 1 and coverage: 34
Wed Jan 30 17:53:43 2019: Highest coverage kmer is: AAGGGTACTGGTCGTGCCCGT, with worth: 1 and coverage: 33
Wed Jan 30 17:53:45 2019: Highest coverage kmer is: TCAACACCTACGACGTGCTCA, with worth: 1 and coverage: 32
Wed Jan 30 17:53:46 2019: Highest coverage kmer is: CAGGGTACCCACAAGACCAAG, with worth: 1 and coverage: 31
Wed Jan 30 17:53:48 2019: Highest coverage kmer is: AAAGGTACAGGTCGTGCTCGT, with worth: 1 and coverage: 30
Wed Jan 30 17:53:49 2019: Highest coverage kmer is: ACCGGTCGCGCCCGTCAGGGT, with worth: 1 and coverage: 29
Wed Jan 30 17:53:51 2019: Highest coverage kmer is: CACTCGACCAAGAAGCCTTTC, with worth: 1 and coverage: 29
Wed Jan 30 17:53:52 2019: Highest coverage kmer is: AAGAAGCCTTGGAGACAAAAG, with worth: 1 and coverage: 28
Wed Jan 30 17:53:54 2019: Highest coverage kmer is: AAAAAGCCGTGGCGTCAGAAG, with worth: 1 and coverage: 25
Wed Jan 30 17:53:55 2019: Highest coverage kmer is: GAAAAAATTCAGGAGGTCTAC, with worth: 1 and coverage: 25
Wed Jan 30 17:53:56 2019: Highest coverage kmer is: TTTGAAGCACCAAAAACAAAA, with worth: 1 and coverage: 25
Wed Jan 30 17:53:58 2019: Highest coverage kmer is: CCGAACATCGACGTGCTGCCG, with worth: 1 and coverage: 22
Wed Jan 30 17:53:59 2019: Highest coverage kmer is: GGCCGCGCCCGTCAGGGTTCC, with worth: 1 and coverage: 22
Wed Jan 30 17:54:01 2019: Highest coverage kmer is: AAAAAACAAAAAGGAACTGGT, with worth: 1 and coverage: 21
Wed Jan 30 17:54:02 2019: Highest coverage kmer is: TCGCTGAACAAGAAGATCCGC, with worth: 1 and coverage: 20
Wed Jan 30 17:54:03 2019: Highest coverage kmer is: AACGTATCTGTTTACAATATG, with worth: 1 and coverage: 19
Wed Jan 30 17:54:05 2019: Highest coverage kmer is: AAGGGCACCGGCCGTGCCCGC, with worth: 1 and coverage: 19
Wed Jan 30 17:54:06 2019: Highest coverage kmer is: ATGGAGACAAAAAGGAACAGG, with worth: 1 and coverage: 19
Wed Jan 30 17:54:08 2019: Highest coverage kmer is: AAAAAGTGAACAAAAAAATGT, with worth: 1 and coverage: 18
Wed Jan 30 17:54:09 2019: Highest coverage kmer is: CCGCGGCGACGTCCGCGGCGG, with worth: 1 and coverage: 18
Wed Jan 30 17:54:10 2019: Highest coverage kmer is: GCAGAAGGGTACCGGCCGCGC, with worth: 1 and coverage: 18
Wed Jan 30 17:54:12 2019: Highest coverage kmer is: AAGCCTTGGAGACAAAAAGGA, with worth: 1 and coverage: 16
Wed Jan 30 17:54:13 2019: Highest coverage kmer is: TTCGACAAGGTTCTAATGACT, with worth: 1 and coverage: 16
Wed Jan 30 17:54:14 2019: Highest coverage kmer is: AAGGGTACTGGTCGCGCCCGT, with worth: 1 and coverage: 15
Wed Jan 30 17:54:16 2019: Highest coverage kmer is: AAGGGTACTGGTCGTGCACGT, with worth: 1 and coverage: 15
Wed Jan 30 17:54:17 2019: Highest coverage kmer is: AAGGGCACCGGTCGTGCCCGC, with worth: 1 and coverage: 13
Wed Jan 30 17:54:18 2019: Highest coverage kmer is: AAGGTTGCTTGGCAGCTCCTC, with worth: 1 and coverage: 13
Wed Jan 30 17:54:19 2019: Highest coverage kmer is: ACGTGCTCGTCAAGGATCTAT, with worth: 1 and coverage: 13
Wed Jan 30 17:54:21 2019: Highest coverage kmer is: CGTAACCTGCCGAACGTGAAA, with worth: 1 and coverage: 12
Wed Jan 30 17:54:22 2019: Highest coverage kmer is: GTTCGCGGCGGCGGCAAGAAG, with worth: 1 and coverage: 12
Wed Jan 30 17:54:23 2019: Highest coverage kmer is: AAATGGCCAATGCTCGTCAAG, with worth: 1 and coverage: 11
Wed Jan 30 17:54:25 2019: Highest coverage kmer is: CAGGAAAAGAAACCGGAAGAA, with worth: 1 and coverage: 11
Wed Jan 30 17:54:26 2019: Highest coverage kmer is: AAGAAAACCTTGGAGACAAAA, with worth: 1 and coverage: 10
Wed Jan 30 17:54:27 2019: Highest coverage kmer is: AGAAGGGTACCGGTCGCGCTC, with worth: 1 and coverage: 10
Wed Jan 30 17:54:28 2019: Highest coverage kmer is: CAAAAAGGAACTGGTAACGCT, with worth: 1 and coverage: 10
Wed Jan 30 17:54:30 2019: Highest coverage kmer is: CCAGAAAGGCACCGGCGGCGC, with worth: 1 and coverage: 10
Wed Jan 30 17:54:31 2019: Highest coverage kmer is: AAAGGTACCGGTCGCGCCCGT, with worth: 1 and coverage: 9
Wed Jan 30 17:54:32 2019: Highest coverage kmer is: ACGATCTGACCAAGAAATTCC, with worth: 1 and coverage: 9
Wed Jan 30 17:54:33 2019: Highest coverage kmer is: AGGTTCGCGGCGGCGGCAAGA, with worth: 1 and coverage: 9
Wed Jan 30 17:54:34 2019: Highest coverage kmer is: GAAGCTCCAAAAACTAAAGAG, with worth: 1 and coverage: 9
Wed Jan 30 17:54:36 2019: Highest coverage kmer is: TGGTGGTGTAACTTTTGCAGC, with worth: 1 and coverage: 9
Wed Jan 30 17:54:37 2019: Highest coverage kmer is: AACGAGACGCTGGTGCACCAG, with worth: 1 and coverage: 8
Wed Jan 30 17:54:38 2019: Highest coverage kmer is: ACAAGGTACTCAATCTGCTAA, with worth: 1 and coverage: 8
Wed Jan 30 17:54:39 2019: Highest coverage kmer is: ATTTAGCAAACCAAAGACAAG, with worth: 1 and coverage: 8
Wed Jan 30 17:54:40 2019: Highest coverage kmer is: GGTAAGAAGCCTTGGCGTCAA, with worth: 1 and coverage: 8
Wed Jan 30 17:54:41 2019: Highest coverage kmer is: AAACCATGGAAACAAAAAGGT, with worth: 1 and coverage: 7
Wed Jan 30 17:54:43 2019: Highest coverage kmer is: AAATCGAAAGAAAGAGCTGAG, with worth: 1 and coverage: 7
Wed Jan 30 17:54:44 2019: Highest coverage kmer is: AAGCCGTTCCGTCAGAAGGGT, with worth: 1 and coverage: 7
Wed Jan 30 17:54:45 2019: Highest coverage kmer is: ACCGTGTGGTCCGTTGGCAGC, with worth: 1 and coverage: 7
Wed Jan 30 17:54:46 2019: Highest coverage kmer is: ATGACCTGCCCAAGAAGGTGC, with worth: 1 and coverage: 7
Wed Jan 30 17:54:47 2019: Highest coverage kmer is: AAAGGTACTGGTAGAGCTAGA, with worth: 1 and coverage: 6
Wed Jan 30 17:54:48 2019: Highest coverage kmer is: ACTGGTAGAGCTAGACAAGGT, with worth: 1 and coverage: 6
Wed Jan 30 17:54:49 2019: Highest coverage kmer is: CGGCGGCGCACGCCACGGCTC, with worth: 1 and coverage: 6
Wed Jan 30 17:54:50 2019: Highest coverage kmer is: CGTGGCGTCAAAAAGGCACCG, with worth: 1 and coverage: 6
Wed Jan 30 17:54:51 2019: Highest coverage kmer is: GCTAAAGAAAGAGCTGAAGTT, with worth: 1 and coverage: 6
Wed Jan 30 17:54:52 2019: Highest coverage kmer is: AAAAAGGTACAGGCGGTGCCC, with worth: 1 and coverage: 5
Wed Jan 30 17:54:53 2019: Highest coverage kmer is: AAACCCTGGCGTCAAAAGGGT, with worth: 1 and coverage: 5
Wed Jan 30 17:54:54 2019: Highest coverage kmer is: AAAGGTGGTGGTGGCGCACGT, with worth: 1 and coverage: 5
Wed Jan 30 17:54:55 2019: Highest coverage kmer is: AAGCCCTGGCGGCAGAAAGGC, with worth: 1 and coverage: 5
Wed Jan 30 17:54:56 2019: Highest coverage kmer is: ACTTTTGGTCGTGAGTTTAAC, with worth: 1 and coverage: 5
Wed Jan 30 17:54:58 2019: Highest coverage kmer is: ATGGAAGTTAAAGTTTTAAAT, with worth: 1 and coverage: 5
Wed Jan 30 17:54:59 2019: Highest coverage kmer is: CTCGTCGTGGTGATATCAATT, with worth: 1 and coverage: 5
Wed Jan 30 17:54:59 2019: Highest coverage kmer is: AAAATTCAGGAGGTTTATGGT, with worth: 1 and coverage: 4
Wed Jan 30 17:55:00 2019: Highest coverage kmer is: AACGTCAAGGTACGCACAAAG, with worth: 1 and coverage: 4
Wed Jan 30 17:55:01 2019: Highest coverage kmer is: AAGCCATGGAAGCAGAAGGGT, with worth: 1 and coverage: 4
Wed Jan 30 17:55:02 2019: Highest coverage kmer is: AAGTTTCTGGTGGTGGAAGAA, with worth: 1 and coverage: 4
Wed Jan 30 17:55:03 2019: Highest coverage kmer is: ACTGGACGCGCACGTCAAGGT, with worth: 1 and coverage: 4
Wed Jan 30 17:55:04 2019: Highest coverage kmer is: ATGCGATCTATTTGGATGTGA, with worth: 1 and coverage: 4
Wed Jan 30 17:55:05 2019: Highest coverage kmer is: CGTCTGGCGATTAAATCCGCT, with worth: 1 and coverage: 4
Wed Jan 30 17:55:06 2019: Highest coverage kmer is: CTATAAATTACCGAAAAAAGT, with worth: 1 and coverage: 4
Wed Jan 30 17:55:07 2019: Highest coverage kmer is: GCAGTGAAGAAACTTGAGGAG, with worth: 1 and coverage: 4
Wed Jan 30 17:55:08 2019: Highest coverage kmer is: GCCCGCAACCTGCCCGGCGTC, with worth: 1 and coverage: 4
Wed Jan 30 17:55:09 2019: Highest coverage kmer is: AAATCTAAAGAAAGAAGTGAA, with worth: 1 and coverage: 3
Wed Jan 30 17:55:10 2019: Highest coverage kmer is: AACGTCTACGACATCCTCCGC, with worth: 1 and coverage: 3
Wed Jan 30 17:55:11 2019: Highest coverage kmer is: AAGAAGCCTTGGAAGCAGAAG, with worth: 1 and coverage: 3
Wed Jan 30 17:55:12 2019: Highest coverage kmer is: AAGGCTCGCACAACACGCGAA, with worth: 1 and coverage: 3
Wed Jan 30 17:55:13 2019: Highest coverage kmer is: AAGTATTAGATATCAACGGAA, with worth: 1 and coverage: 3
Wed Jan 30 17:55:14 2019: Highest coverage kmer is: ACCAGATCTTATTAAAAGAGC, with worth: 1 and coverage: 3
Wed Jan 30 17:55:14 2019: Highest coverage kmer is: AGCATGTTCGCATCAATAAAA, with worth: 1 and coverage: 3
Wed Jan 30 17:55:15 2019: Highest coverage kmer is: AGCGGTGGTGGTAAGAAACCT, with worth: 1 and coverage: 3
Wed Jan 30 17:55:16 2019: Highest coverage kmer is: AGTATTTGGCATCGAGCCAAA, with worth: 1 and coverage: 3
Wed Jan 30 17:55:17 2019: Highest coverage kmer is: ATACAAGGGTGGTGGTACCAT, with worth: 1 and coverage: 3
Wed Jan 30 17:55:18 2019: Highest coverage kmer is: ATCAGCGTCAGGGTACAGCTA, with worth: 1 and coverage: 3
Wed Jan 30 17:55:19 2019: Highest coverage kmer is: ATGGTCCGGTTGTTCGCAGCC, with worth: 1 and coverage: 3
Wed Jan 30 17:55:19 2019: Highest coverage kmer is: CAAAAAGGGACAGGTAGAGCT, with worth: 1 and coverage: 3
Wed Jan 30 17:55:20 2019: Highest coverage kmer is: CAAGCCCCGGGATTACAGCTA, with worth: 1 and coverage: 3
Wed Jan 30 17:55:21 2019: Highest coverage kmer is: CAAGCCCTTCCGTCAGAAGGG, with worth: 1 and coverage: 3
Wed Jan 30 17:55:22 2019: Highest coverage kmer is: CAAGCCTTGGCGTCAAAAGGG, with worth: 1 and coverage: 3
Wed Jan 30 17:55:23 2019: Highest coverage kmer is: CGCCGATCTGGCGTACCGGTG, with worth: 1 and coverage: 3
Wed Jan 30 17:55:23 2019: Highest coverage kmer is: CGTGGCGGTGGCCGCAAGCCA, with worth: 1 and coverage: 3
Wed Jan 30 17:55:24 2019: Highest coverage kmer is: CTATGACATCCTCAACCATGA, with worth: 1 and coverage: 3
Wed Jan 30 17:55:25 2019: Highest coverage kmer is: GCTAGACAAGGTTCTACAAGA, with worth: 1 and coverage: 3
Wed Jan 30 17:55:26 2019: Highest coverage kmer is: GGCGGAATTATTTTTGGACCG, with worth: 1 and coverage: 3
Wed Jan 30 17:55:26 2019: Highest coverage kmer is: GGTGGTGGAACAGTATTTGGT, with worth: 1 and coverage: 3
Wed Jan 30 17:55:27 2019: Highest coverage kmer is: GGTGGTGGTAAGAAGCCGTGG, with worth: 1 and coverage: 3
Wed Jan 30 17:55:28 2019: Highest coverage kmer is: TTTGGCCGCGATTACAACGAA, with worth: 1 and coverage: 3
Wed Jan 30 17:55:29 2019: Highest coverage kmer is: AAAAAACCATGGAATCAAAAA, with worth: 1 and coverage: 2
Wed Jan 30 17:55:29 2019: Highest coverage kmer is: AAAAAATCTTATGATCATTCT, with worth: 1 and coverage: 2
Wed Jan 30 17:55:30 2019: Highest coverage kmer is: AAAAAGCTCTGGAAGCAGAAG, with worth: 1 and coverage: 2
Wed Jan 30 17:55:31 2019: Highest coverage kmer is: AAAAAGGCACCGGCCGGGCCC, with worth: 1 and coverage: 2
Wed Jan 30 17:55:31 2019: Highest coverage kmer is: AAACCAGAGACAGGGCACACA, with worth: 1 and coverage: 2
Wed Jan 30 17:55:32 2019: Highest coverage kmer is: AAACCATGGAAACAGAAAGGA, with worth: 1 and coverage: 2
Wed Jan 30 17:55:33 2019: Highest coverage kmer is: AAACGCCAGGCTGGCACGCAC, with worth: 1 and coverage: 2
Wed Jan 30 17:55:33 2019: Highest coverage kmer is: AAAGATCAAAAAGCAAAAAGG, with worth: 1 and coverage: 2
Wed Jan 30 17:55:34 2019: Highest coverage kmer is: AAAGCGGTAAAACAAAGGACT, with worth: 1 and coverage: 2
Wed Jan 30 17:55:35 2019: Highest coverage kmer is: AAATATCTAGAAGGGATGGCT, with worth: 1 and coverage: 2
Wed Jan 30 17:55:35 2019: Highest coverage kmer is: AACATCCCAACAATGATGATG, with worth: 1 and coverage: 2
Wed Jan 30 17:55:36 2019: Highest coverage kmer is: AACCGGACGTGCGCGTCAAGG, with worth: 1 and coverage: 2
Wed Jan 30 17:55:37 2019: Highest coverage kmer is: AACCTTTATTTATATGTAAAA, with worth: 1 and coverage: 2
Wed Jan 30 17:55:37 2019: Highest coverage kmer is: AACGATCACGCTATCTATTTG, with worth: 1 and coverage: 2
Wed Jan 30 17:55:38 2019: Highest coverage kmer is: AAGAAGCTTTGGAAGCAAAAG, with worth: 1 and coverage: 2
Wed Jan 30 17:55:38 2019: Highest coverage kmer is: AAGCAATATTTGGCTAACCAA, with worth: 1 and coverage: 2
Wed Jan 30 17:55:39 2019: Highest coverage kmer is: AAGCAATTTTTGATGCAATTT, with worth: 1 and coverage: 2
Wed Jan 30 17:55:40 2019: Highest coverage kmer is: AAGCATTGGAGGCACGTTTAA, with worth: 1 and coverage: 2
Wed Jan 30 17:55:40 2019: Highest coverage kmer is: AAGTGTCTTGAGAGTAGGTTG, with worth: 1 and coverage: 2
Wed Jan 30 17:55:41 2019: Highest coverage kmer is: AATACAGACCTGATTTAATTA, with worth: 1 and coverage: 2
Wed Jan 30 17:55:41 2019: Highest coverage kmer is: ACACGCTCGTGCTGACGAAGG, with worth: 1 and coverage: 2
Wed Jan 30 17:55:42 2019: Highest coverage kmer is: ACCAGGTTGTTGTAGCTCAGC, with worth: 1 and coverage: 2
Wed Jan 30 17:55:42 2019: Highest coverage kmer is: ACCTCATAAAAAGGGCAGTCA, with worth: 1 and coverage: 2
Wed Jan 30 17:55:43 2019: Highest coverage kmer is: ACCTGATTTAATAAAAAGAGC, with worth: 1 and coverage: 2
Wed Jan 30 17:55:43 2019: Highest coverage kmer is: ACGAAGACCCGCGCAGAGGTC, with worth: 1 and coverage: 2
Wed Jan 30 17:55:44 2019: Highest coverage kmer is: ACGACGTATTCGGCCTTGAGC, with worth: 1 and coverage: 2
Wed Jan 30 17:55:44 2019: Highest coverage kmer is: ACGGTTCCAATGCCAAGCCTT, with worth: 1 and coverage: 2
Wed Jan 30 17:55:45 2019: Highest coverage kmer is: ACTCCCAGAAGGTCAACAAAA, with worth: 1 and coverage: 2
Wed Jan 30 17:55:45 2019: Highest coverage kmer is: AGGACGACTGACCGTCTGGAC, with worth: 1 and coverage: 2
Wed Jan 30 17:55:46 2019: Highest coverage kmer is: AGGGAGATATTCAAGAAGCTT, with worth: 1 and coverage: 2
Wed Jan 30 17:55:46 2019: Highest coverage kmer is: AGGGTTCGATTCGTGCTCCGC, with worth: 1 and coverage: 2
Wed Jan 30 17:55:47 2019: Highest coverage kmer is: ATATGACATTCTTAAATACGA, with worth: 1 and coverage: 2
Wed Jan 30 17:55:47 2019: Highest coverage kmer is: ATCCTATGGCTGGTAAAAGAA, with worth: 1 and coverage: 2
Wed Jan 30 17:55:48 2019: Highest coverage kmer is: ATTCGTAGTCCAATCTGGCGT, with worth: 1 and coverage: 2
Wed Jan 30 17:55:48 2019: Highest coverage kmer is: ATTTATTGATCACCTAGATCA, with worth: 1 and coverage: 2
Wed Jan 30 17:55:49 2019: Highest coverage kmer is: ATTTTCGGACCTAAACCGAGA, with worth: 1 and coverage: 2
Wed Jan 30 17:55:49 2019: Highest coverage kmer is: CAAACCCTGGAGACAGAAAGG, with worth: 1 and coverage: 2
Wed Jan 30 17:55:49 2019: Highest coverage kmer is: CACGTAATATTCCTAATGTAA, with worth: 1 and coverage: 2
Wed Jan 30 17:55:50 2019: Highest coverage kmer is: CAGGAGGTTTACAGTGACTAA, with worth: 1 and coverage: 2
Wed Jan 30 17:55:50 2019: Highest coverage kmer is: CCAAAAAGGGACAGGTCGTGC, with worth: 1 and coverage: 2
Wed Jan 30 17:55:50 2019: Highest coverage kmer is: CCAAAAAGGTGGTGGTGGTGC, with worth: 1 and coverage: 2
Wed Jan 30 17:55:51 2019: Highest coverage kmer is: CGGCGCGCAACATTCCGGGCG, with worth: 1 and coverage: 2
Wed Jan 30 17:55:51 2019: Highest coverage kmer is: CGGCGCGCTCTGGAACTAAGG, with worth: 1 and coverage: 2
Wed Jan 30 17:55:52 2019: Highest coverage kmer is: CGGCGGCGTGGTCTTCGGTCC, with worth: 1 and coverage: 2
Wed Jan 30 17:55:52 2019: Highest coverage kmer is: CGTAAGCCTTGGCGCCAGAAG, with worth: 1 and coverage: 2
Wed Jan 30 17:55:52 2019: Highest coverage kmer is: CTATCGCCAGAAAGGTACCGG, with worth: 1 and coverage: 2
Wed Jan 30 17:55:53 2019: Highest coverage kmer is: GGTCCTCAGCCTCGCGATTAC, with worth: 1 and coverage: 2
Wed Jan 30 17:55:53 2019: Highest coverage kmer is: GTTTACTTAGAAGTAAAGCAA, with worth: 1 and coverage: 2
Wed Jan 30 17:55:53 2019: Highest coverage kmer is: AAAAAAACGCTGGTTCTTCTT, with worth: 1 and coverage: 1
Wed Jan 30 17:55:53 2019: Highest coverage kmer is: AAAAAAAGTTAGAAAGCTTGG, with worth: 1 and coverage: 1
Wed Jan 30 17:55:53 2019: Highest coverage kmer is: AAAAAAAGTTTCTGTTTTAGA, with worth: 1 and coverage: 1
Wed Jan 30 17:55:53 2019: Highest coverage kmer is: AAAAAAATGTTTCGTTCGGGC, with worth: 1 and coverage: 1
Wed Jan 30 17:55:54 2019: Highest coverage kmer is: AAAAAACAGAAAAAACTCGCT, with worth: 1 and coverage: 1
Wed Jan 30 17:55:54 2019: Highest coverage kmer is: AAAAAACATGATTGTTGGTGC, with worth: 1 and coverage: 1
Wed Jan 30 17:55:54 2019: Highest coverage kmer is: AAAAAAGAAAGGACTTTAGCT, with worth: 1 and coverage: 1
Wed Jan 30 17:55:54 2019: Highest coverage kmer is: AAAAAAGACCAGGGATGCTGT, with worth: 1 and coverage: 1
Wed Jan 30 17:55:54 2019: Highest coverage kmer is: AAAAAAGCCGTACCGACAAAA, with worth: 1 and coverage: 1
Wed Jan 30 17:55:54 2019: Highest coverage kmer is: AAAAAAGTAAGACGCCTGGCC, with worth: 1 and coverage: 1
Wed Jan 30 17:55:54 2019: Highest coverage kmer is: AAAAAAGTGAAATCGTTGGCT, with worth: 1 and coverage: 1
Wed Jan 30 17:55:54 2019: Highest coverage kmer is: AAAAAATAGTACACAAAATGC, with worth: 1 and coverage: 1
Wed Jan 30 17:55:54 2019: Highest coverage kmer is: AAAAAATCTCCCATCATGGTT, with worth: 1 and coverage: 1
Wed Jan 30 17:55:55 2019: Highest coverage kmer is: AAAAACAAAAGTTATTGACTT, with worth: 1 and coverage: 1
Wed Jan 30 17:55:55 2019: Highest coverage kmer is: AAAAACCTTCTGCTGGTTAAA, with worth: 1 and coverage: 1
Wed Jan 30 17:55:55 2019: Highest coverage kmer is: AAAAACCTTGCTGGAGTCGAT, with worth: 1 and coverage: 1
Wed Jan 30 17:55:55 2019: Highest coverage kmer is: AAAAACGAAGGATGCTATAGC, with worth: 1 and coverage: 1
Wed Jan 30 17:55:55 2019: Highest coverage kmer is: AAAAAGACAAGCGAGATTGCC, with worth: 1 and coverage: 1
Wed Jan 30 17:55:55 2019: Highest coverage kmer is: AAAAAGCCCTTCAAGCAGAAA, with worth: 1 and coverage: 1
Wed Jan 30 17:55:55 2019: Highest coverage kmer is: AAAAAGGAGAAAAGAACGGCC, with worth: 1 and coverage: 1
Wed Jan 30 17:55:55 2019: Highest coverage kmer is: AAAAAGGTACAGGTAGGGCAC, with worth: 1 and coverage: 1
Wed Jan 30 17:55:55 2019: Highest coverage kmer is: AAAAAGGTACTGGTAGGGCTA, with worth: 1 and coverage: 1
Wed Jan 30 17:55:55 2019: Highest coverage kmer is: AAAAAGGTTCAGGACGCGCAA, with worth: 1 and coverage: 1
Wed Jan 30 17:55:55 2019: Highest coverage kmer is: AAAAAGTAAACAGGAAAGAAA, with worth: 1 and coverage: 1
Wed Jan 30 17:55:55 2019: Highest coverage kmer is: AAAAAGTTATTGCTTCTAGAT, with worth: 1 and coverage: 1
Wed Jan 30 17:55:55 2019: Highest coverage kmer is: AAAACACGAGGATTAGGGCTG, with worth: 1 and coverage: 1
Wed Jan 30 17:55:55 2019: Highest coverage kmer is: AAAACCATGGGCTCAGAAGGG, with worth: 1 and coverage: 1
Wed Jan 30 17:55:56 2019: Highest coverage kmer is: AAAACGTCTCAAAGGCCAAAG, with worth: 1 and coverage: 1
Wed Jan 30 17:55:56 2019: Highest coverage kmer is: AAAACTATACGGGTTAGGGAG, with worth: 1 and coverage: 1
Wed Jan 30 17:55:56 2019: Highest coverage kmer is: AAAAGAATGGTGGAAATCCTG, with worth: 1 and coverage: 1
Wed Jan 30 17:55:56 2019: Highest coverage kmer is: AAAAGACCTGATAAAGACGCT, with worth: 1 and coverage: 1
Wed Jan 30 17:55:56 2019: Highest coverage kmer is: AAAAGAGCGGCGAGGTAGCGC, with worth: 1 and coverage: 1
Wed Jan 30 17:55:56 2019: Highest coverage kmer is: AAAAGCATACCGGGAGAGCTC, with worth: 1 and coverage: 1
Wed Jan 30 17:55:56 2019: Highest coverage kmer is: AAAAGCGCCCTCATCCTCCTG, with worth: 1 and coverage: 1
Wed Jan 30 17:55:56 2019: Highest coverage kmer is: AAACAAGAGGGAGAGGAGGCT, with worth: 1 and coverage: 1
Wed Jan 30 17:55:56 2019: Highest coverage kmer is: AAAGACAGGAACGCAGCCGTC, with worth: 1 and coverage: 1

Checking output for redundant kmers...

TTCGAGGAGCTGCTGGGATGA is redundant.
AACGAAGCTCTTGTACACCAA is redundant.
AACAGGTAGAGCAAGACAAGG is redundant.
AGAAGGGTACCGGCCGCGCTC is redundant.
AGAAGGGCACCGGCCGTGCCC is redundant.
CGCCCGTCAGGGTTCGATCCG is redundant.
AACGAGCCTCTGGTTCATCAG is redundant.
GGTAGAGCTAGACAAGGTTCT is redundant.
AAAGTTAACAAGAAAATGTAC is redundant.
There are 577 21-mers in the representative list.
It took 36 minutes and 33 seconds to generate a list from 8000 sequences.
