Generating 21-mers
...

All 21-mers generated!

Wed Jan 30 17:27:16 2019: Highest coverage kmer is: GTTGAGGAGATGCTGGCATGA, with worth: 1176 and coverage: 1176
Wed Jan 30 17:27:39 2019: Highest coverage kmer is: AAAAAAGTTGAGGAGGTGCTC, with worth: 872 and coverage: 872
Wed Jan 30 17:27:58 2019: Highest coverage kmer is: AAACCATGGCGTCAAAAAGGA, with worth: 485 and coverage: 485
Wed Jan 30 17:28:12 2019: Highest coverage kmer is: GCCGCGCGACTACAGCCAGCG, with worth: 478 and coverage: 478
Wed Jan 30 17:28:36 2019: Highest coverage kmer is: AGAAGGGCACCGGCCGCGCCC, with worth: 269 and coverage: 311
Wed Jan 30 17:28:49 2019: Highest coverage kmer is: TTCGAGGAGCTGCTGGGATGA, with worth: 267 and coverage: 267
Wed Jan 30 17:29:07 2019: Highest coverage kmer is: AACGAAGCTCTTGTACACCAA, with worth: 263 and coverage: 311
Wed Jan 30 17:29:24 2019: Highest coverage kmer is: CAGCGCACCCCCAAGAAGATG, with worth: 198 and coverage: 259
Wed Jan 30 17:29:34 2019: Highest coverage kmer is: AAGGGTACGGGCCGCGCTCGT, with worth: 191 and coverage: 191
Wed Jan 30 17:29:50 2019: Highest coverage kmer is: AAACCATGGCGTCAAAAAGGT, with worth: 182 and coverage: 186
Wed Jan 30 17:30:07 2019: Highest coverage kmer is: TCAACAAGAAGATGTACCGCG, with worth: 114 and coverage: 174
Wed Jan 30 17:30:23 2019: Highest coverage kmer is: ACCCCGAAGAAGATGAAGGCC, with worth: 93 and coverage: 201
Wed Jan 30 17:30:31 2019: Highest coverage kmer is: AAACCTTGGCGTCAAAAAGGT, with worth: 80 and coverage: 80
Wed Jan 30 17:30:39 2019: Highest coverage kmer is: AAACCTTGGAGACAAAAAGGT, with worth: 75 and coverage: 75
Wed Jan 30 17:30:48 2019: Highest coverage kmer is: AGAAGGTCAACCGCAAGATGT, with worth: 73 and coverage: 73
Wed Jan 30 17:31:03 2019: Highest coverage kmer is: GTAGAGGAGGTGCTTGCATAA, with worth: 70 and coverage: 187
Wed Jan 30 17:31:19 2019: Highest coverage kmer is: AAGATGTACAAGCAGAAGGGT, with worth: 69 and coverage: 177
Wed Jan 30 17:31:33 2019: Highest coverage kmer is: GTACAAGCAGAAGGGCACCGG, with worth: 67 and coverage: 94
Wed Jan 30 17:31:42 2019: Highest coverage kmer is: GAAGCCGTGGCGCCAGAAGGG, with worth: 61 and coverage: 153
Wed Jan 30 17:31:49 2019: Highest coverage kmer is: AAAGCACAGAAGTATTCTAAA, with worth: 61 and coverage: 61
Wed Jan 30 17:31:56 2019: Highest coverage kmer is: AAGGCCATCGTTTTAGACAGC, with worth: 61 and coverage: 61
Wed Jan 30 17:32:04 2019: Highest coverage kmer is: AACAGGTAGAGCAAGACAAGG, with worth: 58 and coverage: 58
Wed Jan 30 17:32:18 2019: Highest coverage kmer is: CCACAATGGCGTGGTGGTGGT, with worth: 57 and coverage: 308
Wed Jan 30 17:32:32 2019: Highest coverage kmer is: GCCGCGTGACTACAGCCAGCG, with worth: 53 and coverage: 105
Wed Jan 30 17:32:40 2019: Highest coverage kmer is: AAATAAAAATGTATATTTGTC, with worth: 53 and coverage: 53
Wed Jan 30 17:32:53 2019: Highest coverage kmer is: ATCGAGGAGGTGTACGCATAA, with worth: 52 and coverage: 52
Wed Jan 30 17:33:06 2019: Highest coverage kmer is: CAGCGCACCCCGAAGAAGATG, with worth: 47 and coverage: 143
Wed Jan 30 17:33:19 2019: Highest coverage kmer is: CCGCGCGCCGACATCCTGCAC, with worth: 47 and coverage: 48
Wed Jan 30 17:33:32 2019: Highest coverage kmer is: AAAGGTACTGGCCGTGCACGT, with worth: 45 and coverage: 108
Wed Jan 30 17:33:46 2019: Highest coverage kmer is: AAGCCATGGCGCCAAAAAGGT, with worth: 40 and coverage: 47
Wed Jan 30 17:33:59 2019: Highest coverage kmer is: GGTCGTGCTCGTCAAGGTTCT, with worth: 39 and coverage: 59
Wed Jan 30 17:34:11 2019: Highest coverage kmer is: CTAAGAAAATTGAGGTAGAAC, with worth: 38 and coverage: 210
Wed Jan 30 17:34:24 2019: Highest coverage kmer is: TGGCGTCAAAAGGGTACTGGT, with worth: 35 and coverage: 42
Wed Jan 30 17:34:37 2019: Highest coverage kmer is: AAGCCGTACCGCCAGAAGGGC, with worth: 34 and coverage: 239
Wed Jan 30 17:34:50 2019: Highest coverage kmer is: CGACCAAGAAGATCTATCGCC, with worth: 34 and coverage: 47
Wed Jan 30 17:35:02 2019: Highest coverage kmer is: AAACCTTGGAAACAAAAAGGT, with worth: 33 and coverage: 39
Wed Jan 30 17:35:10 2019: Highest coverage kmer is: AAATAATAATGTATATTTGTC, with worth: 31 and coverage: 31
Wed Jan 30 17:35:19 2019: Highest coverage kmer is: AAATAAAAACGTATATTTGTC, with worth: 30 and coverage: 30
Wed Jan 30 17:35:31 2019: Highest coverage kmer is: GTCGAGGAGTGGCTGGCATGA, with worth: 29 and coverage: 67
Wed Jan 30 17:35:43 2019: Highest coverage kmer is: AAGCCGTGGCGTCAGAAGGGT, with worth: 28 and coverage: 47
Wed Jan 30 17:35:55 2019: Highest coverage kmer is: AAGAAGTTCGGTCGCCAGAAG, with worth: 28 and coverage: 41
Wed Jan 30 17:36:04 2019: Highest coverage kmer is: ATTGAGGAGGTGTACGCATAA, with worth: 27 and coverage: 32
Wed Jan 30 17:36:11 2019: Highest coverage kmer is: GTTCAGAAGGTAGAGGAGGTG, with worth: 26 and coverage: 30
Wed Jan 30 17:36:17 2019: Highest coverage kmer is: ACTAAAAAGCCTTTTAGACAA, with worth: 26 and coverage: 26
Wed Jan 30 17:36:28 2019: Highest coverage kmer is: AAGCCATGGCGTCAAAAAGGA, with worth: 25 and coverage: 28
Wed Jan 30 17:36:34 2019: Highest coverage kmer is: AGTATTAAATACATCAGGAAA, with worth: 25 and coverage: 25
Wed Jan 30 17:36:45 2019: Highest coverage kmer is: ATTGAGGAGGTGCTTGCATAA, with worth: 24 and coverage: 142
Wed Jan 30 17:36:56 2019: Highest coverage kmer is: AAAATTCAGGAGGTCTACAGT, with worth: 23 and coverage: 28
Wed Jan 30 17:37:08 2019: Highest coverage kmer is: AATATGGAAGGCAAAGAAGTT, with worth: 20 and coverage: 26
Wed Jan 30 17:37:18 2019: Highest coverage kmer is: TGAACAAGAAGATGTACCGCG, with worth: 19 and coverage: 75
Wed Jan 30 17:37:26 2019: Highest coverage kmer is: AAAAAGTTAATAAAAAACAAA, with worth: 19 and coverage: 19
Wed Jan 30 17:37:36 2019: Highest coverage kmer is: AGAAGGGCACCGGCCGTGCCC, with worth: 18 and coverage: 37
Wed Jan 30 17:37:43 2019: Highest coverage kmer is: TAATAAAAAAATGTACAAACG, with worth: 18 and coverage: 18
Wed Jan 30 17:37:53 2019: Highest coverage kmer is: CTGGAGGCTCGCCTGAAATGA, with worth: 17 and coverage: 34
Wed Jan 30 17:38:03 2019: Highest coverage kmer is: GGTGGTAAGAAGCCATGGCGT, with worth: 17 and coverage: 31
Wed Jan 30 17:38:12 2019: Highest coverage kmer is: ATTGAGGAGGTGTATGCATAA, with worth: 17 and coverage: 30
Wed Jan 30 17:38:22 2019: Highest coverage kmer is: AGAGGTGGAGGAAGAAAACCT, with worth: 17 and coverage: 18
Wed Jan 30 17:38:26 2019: Highest coverage kmer is: AAAACTAAAACAGTATCAGAA, with worth: 17 and coverage: 17
Wed Jan 30 17:38:37 2019: Highest coverage kmer is: TCAACAAGAAGATGTATCGCG, with worth: 16 and coverage: 92
Wed Jan 30 17:38:44 2019: Highest coverage kmer is: AAAGAAACAGGTGCCAAGGTG, with worth: 16 and coverage: 16
Wed Jan 30 17:38:54 2019: Highest coverage kmer is: AAAGGAACTGGACGTGCTCGT, with worth: 15 and coverage: 213
Wed Jan 30 17:39:04 2019: Highest coverage kmer is: CCAGCTCAACACCTACGACGT, with worth: 15 and coverage: 130
Wed Jan 30 17:39:14 2019: Highest coverage kmer is: GGCGTCAGAAGGGCACCGGTC, with worth: 14 and coverage: 66
Wed Jan 30 17:39:24 2019: Highest coverage kmer is: AGGGCATCAACGTCTACGACA, with worth: 14 and coverage: 54
Wed Jan 30 17:39:33 2019: Highest coverage kmer is: TGTATATTTGTCAGCTCGTAA, with worth: 14 and coverage: 38
Wed Jan 30 17:39:42 2019: Highest coverage kmer is: AACGTCTACGACATCCTGAAG, with worth: 14 and coverage: 32
Wed Jan 30 17:39:52 2019: Highest coverage kmer is: AAGCCATGGCGTCAAAAAGGT, with worth: 13 and coverage: 179
Wed Jan 30 17:40:02 2019: Highest coverage kmer is: CAGCGCACGCCCAAGAAGATG, with worth: 13 and coverage: 68
Wed Jan 30 17:40:10 2019: Highest coverage kmer is: ATGACATCCTCAAGCGTGACA, with worth: 13 and coverage: 29
Wed Jan 30 17:40:19 2019: Highest coverage kmer is: CAGCGCACCCCTAAGAAGATG, with worth: 13 and coverage: 28
Wed Jan 30 17:40:26 2019: Highest coverage kmer is: AAGCCTTGGAAACAAAAAGGT, with worth: 13 and coverage: 24
Wed Jan 30 17:40:32 2019: Highest coverage kmer is: AAAACCATGGAGACAAAAAGG, with worth: 13 and coverage: 19
Wed Jan 30 17:40:38 2019: Highest coverage kmer is: AAAGCCTTGGAGACAAAAAGG, with worth: 13 and coverage: 16
Wed Jan 30 17:40:43 2019: Highest coverage kmer is: AAAGCCTTGGAAGCAAAAAGG, with worth: 13 and coverage: 13
Wed Jan 30 17:40:47 2019: Highest coverage kmer is: ACCCGCCGAAGGCCGAGAAGG, with worth: 13 and coverage: 13
Wed Jan 30 17:40:51 2019: Highest coverage kmer is: CTCTTGAGGAGCGTTTTAAAT, with worth: 13 and coverage: 13
Wed Jan 30 17:41:00 2019: Highest coverage kmer is: ACCGTGCCGGTATGGCGACTA, with worth: 12 and coverage: 83
Wed Jan 30 17:41:09 2019: Highest coverage kmer is: CCGGCGGCGGCAAGAAGCCGT, with worth: 12 and coverage: 59
Wed Jan 30 17:41:18 2019: Highest coverage kmer is: ATGGCGCCAAAAAGGAACTGG, with worth: 12 and coverage: 33
Wed Jan 30 17:41:27 2019: Highest coverage kmer is: ATGGAATTGGTATTGAAAGAC, with worth: 12 and coverage: 26
Wed Jan 30 17:41:35 2019: Highest coverage kmer is: GCCAACGTCTATGACATCCTG, with worth: 12 and coverage: 25
Wed Jan 30 17:41:44 2019: Highest coverage kmer is: AAGAAGATCGAGGAGTGGCTG, with worth: 12 and coverage: 19
Wed Jan 30 17:41:52 2019: Highest coverage kmer is: CGTAAGATTAAAAAACAAAAA, with worth: 11 and coverage: 27
Wed Jan 30 17:42:01 2019: Highest coverage kmer is: TGGCAGCTGGCCAAGCGCCGC, with worth: 11 and coverage: 19
Wed Jan 30 17:42:09 2019: Highest coverage kmer is: CAAAAAGGAACAGGTCGTGCT, with worth: 10 and coverage: 834
Wed Jan 30 17:42:17 2019: Highest coverage kmer is: AGCGGACCCCCAAGAAGATGA, with worth: 10 and coverage: 68
Wed Jan 30 17:42:26 2019: Highest coverage kmer is: CTACAAGCAGAAGGGCACCGG, with worth: 10 and coverage: 45
Wed Jan 30 17:42:34 2019: Highest coverage kmer is: AAATAATAACGTATATTTGTC, with worth: 10 and coverage: 11
Wed Jan 30 17:42:42 2019: Highest coverage kmer is: GCGTCAAAAAGGCACAGGTCG, with worth: 10 and coverage: 11
Wed Jan 30 17:42:49 2019: Highest coverage kmer is: AGATATTACAGGAAAAGATAC, with worth: 10 and coverage: 10
Wed Jan 30 17:42:57 2019: Highest coverage kmer is: AGAAGGGTACCGGCCGCGCTC, with worth: 9 and coverage: 40
Wed Jan 30 17:43:05 2019: Highest coverage kmer is: ATCGAGGAGATGCTGGGATGA, with worth: 9 and coverage: 22
Wed Jan 30 17:43:13 2019: Highest coverage kmer is: ATCAGCTCAACACCTACGATG, with worth: 9 and coverage: 21
Wed Jan 30 17:43:21 2019: Highest coverage kmer is: ATGGAATTGGTAGTCAAAGGC, with worth: 9 and coverage: 17
Wed Jan 30 17:43:29 2019: Highest coverage kmer is: GGCGGCGGCAAGAAGCCCTGG, with worth: 9 and coverage: 16
Wed Jan 30 17:43:37 2019: Highest coverage kmer is: GTATTTGCACCAAAGCCAAGA, with worth: 9 and coverage: 16
Wed Jan 30 17:43:44 2019: Highest coverage kmer is: GTATATTTGTCGGCTCGTAAT, with worth: 9 and coverage: 14
Wed Jan 30 17:43:52 2019: Highest coverage kmer is: AAGGGTACTGGTCGTGCACGT, with worth: 9 and coverage: 13
Wed Jan 30 17:44:00 2019: Highest coverage kmer is: GAACAAGAAGATGTATCGCGC, with worth: 8 and coverage: 92
Wed Jan 30 17:44:08 2019: Highest coverage kmer is: CTCTTTCTCAAGTAGAGGAGG, with worth: 8 and coverage: 36
Wed Jan 30 17:44:15 2019: Highest coverage kmer is: CGTAAATTCGAGGAGAAGCTG, with worth: 8 and coverage: 17
Wed Jan 30 17:44:23 2019: Highest coverage kmer is: AGCTCCTAAGACTAAAGAATT, with worth: 8 and coverage: 12
Wed Jan 30 17:44:30 2019: Highest coverage kmer is: ATCGAGGAGGTGTATGCATAA, with worth: 8 and coverage: 11
Wed Jan 30 17:44:33 2019: Highest coverage kmer is: AAAAAACCTTGAAGACAAAAA, with worth: 8 and coverage: 8
Wed Jan 30 17:44:37 2019: Highest coverage kmer is: AAGCTCGTCCTGACCAAGGCA, with worth: 8 and coverage: 8
Wed Jan 30 17:44:40 2019: Highest coverage kmer is: CTGAAGGAGCGCCTGGCATGA, with worth: 8 and coverage: 8
Wed Jan 30 17:44:48 2019: Highest coverage kmer is: CAGGGCACGCACAAGACCAAG, with worth: 7 and coverage: 178
Wed Jan 30 17:44:55 2019: Highest coverage kmer is: CCGCAGTTCCGCGGCGGCGGC, with worth: 7 and coverage: 94
Wed Jan 30 17:45:02 2019: Highest coverage kmer is: CAAGCCGTGGCGCCAGAAGGG, with worth: 7 and coverage: 27
Wed Jan 30 17:45:09 2019: Highest coverage kmer is: TATCGCCAGAAGGGCACCGGC, with worth: 7 and coverage: 25
Wed Jan 30 17:45:16 2019: Highest coverage kmer is: AAGTAAGCGGTGGTGGTAAAA, with worth: 7 and coverage: 24
Wed Jan 30 17:45:23 2019: Highest coverage kmer is: AAAGCCTTGGAGACAGAAGGG, with worth: 7 and coverage: 17
Wed Jan 30 17:45:30 2019: Highest coverage kmer is: AAACCATGGCGTCAAAAAGGG, with worth: 7 and coverage: 10
Wed Jan 30 17:45:36 2019: Highest coverage kmer is: AAGCCTTGGCGTCAAAAAGGT, with worth: 7 and coverage: 10
Wed Jan 30 17:45:43 2019: Highest coverage kmer is: GTGGTGGTGGTAAGAAGCCTT, with worth: 7 and coverage: 10
Wed Jan 30 17:45:50 2019: Highest coverage kmer is: AACGAGCCTCTGGTTCATCAG, with worth: 7 and coverage: 9
Wed Jan 30 17:45:53 2019: Highest coverage kmer is: AAGCCATGGAGACAAAAAGGT, with worth: 7 and coverage: 8
Wed Jan 30 17:45:57 2019: Highest coverage kmer is: AAAAAATCAACATAAAAGAAA, with worth: 7 and coverage: 7
Wed Jan 30 17:46:00 2019: Highest coverage kmer is: AAACCTTGAAAACAAAAAGGT, with worth: 7 and coverage: 7
Wed Jan 30 17:46:03 2019: Highest coverage kmer is: ACCGCCCGGACCTGATCGCCC, with worth: 7 and coverage: 7
Wed Jan 30 17:46:06 2019: Highest coverage kmer is: ATGGAAAAGAAAGTCTATTCA, with worth: 7 and coverage: 7
Wed Jan 30 17:46:10 2019: Highest coverage kmer is: CTACACCCTGCCCCGCAAGGT, with worth: 7 and coverage: 7
Wed Jan 30 17:46:17 2019: Highest coverage kmer is: CTCAAGGAGATGTTCGCATGA, with worth: 6 and coverage: 61
Wed Jan 30 17:46:23 2019: Highest coverage kmer is: ATTGAGGAGATGCTGGCATGA, with worth: 6 and coverage: 32
Wed Jan 30 17:46:30 2019: Highest coverage kmer is: AAGAAGCCTTGGAGACAAAAG, with worth: 6 and coverage: 30
Wed Jan 30 17:46:36 2019: Highest coverage kmer is: CACCGGTGGCGCACGTCACGG, with worth: 6 and coverage: 19
Wed Jan 30 17:46:43 2019: Highest coverage kmer is: GGTCGCAAACCTTGGCGGCAA, with worth: 6 and coverage: 18
Wed Jan 30 17:46:49 2019: Highest coverage kmer is: CGCGCACCGGCAAGAAGTTCG, with worth: 6 and coverage: 16
Wed Jan 30 17:46:56 2019: Highest coverage kmer is: CAGGAAAAGAAACCGGAAGAA, with worth: 6 and coverage: 14
Wed Jan 30 17:47:02 2019: Highest coverage kmer is: AAACAAAAAGGTACTGGTGGT, with worth: 6 and coverage: 11
Wed Jan 30 17:47:09 2019: Highest coverage kmer is: AGAGGTGGAGGAAGAAAGCCT, with worth: 6 and coverage: 10
Wed Jan 30 17:47:15 2019: Highest coverage kmer is: GAATAAAAATGTATATTTGTC, with worth: 6 and coverage: 10
Wed Jan 30 17:47:21 2019: Highest coverage kmer is: TATGACATCCTGCGCCGTGAC, with worth: 6 and coverage: 9
Wed Jan 30 17:47:27 2019: Highest coverage kmer is: CAAGCCCTGGCGCCAGAAGGG, with worth: 6 and coverage: 8
Wed Jan 30 17:47:33 2019: Highest coverage kmer is: CTACACCCTGCCCAAGAAGGT, with worth: 6 and coverage: 8
Wed Jan 30 17:47:39 2019: Highest coverage kmer is: ACCAGCGCCAGGGTACGCACA, with worth: 6 and coverage: 7
Wed Jan 30 17:47:42 2019: Highest coverage kmer is: AAAGCACAGAAGTACTCAAAA, with worth: 6 and coverage: 6
Wed Jan 30 17:47:45 2019: Highest coverage kmer is: AACCATCCAGGAGGTCTACGG, with worth: 6 and coverage: 6
Wed Jan 30 17:47:48 2019: Highest coverage kmer is: AAGCCTTATAGGCAGAAGCAT, with worth: 6 and coverage: 6
Wed Jan 30 17:47:51 2019: Highest coverage kmer is: GGCCGCCCGCAACCTCGCGGG, with worth: 6 and coverage: 6
Wed Jan 30 17:47:57 2019: Highest coverage kmer is: TGGCGCCAGAAAGGCACCGGC, with worth: 5 and coverage: 523
Wed Jan 30 17:48:04 2019: Highest coverage kmer is: GATGCACCAAAAACAAAAGAA, with worth: 5 and coverage: 87
Wed Jan 30 17:48:10 2019: Highest coverage kmer is: GGTCGCAAGCCGTTCAAGCAG, with worth: 5 and coverage: 66
Wed Jan 30 17:48:15 2019: Highest coverage kmer is: ATCTTCCCGAATTCGCCGGAA, with worth: 5 and coverage: 51
Wed Jan 30 17:48:21 2019: Highest coverage kmer is: TCCGCAGTTCCGCGGCGGTGG, with worth: 5 and coverage: 44
Wed Jan 30 17:48:27 2019: Highest coverage kmer is: CAAGCCATGGCGCCAAAAAGG, with worth: 5 and coverage: 19
Wed Jan 30 17:48:33 2019: Highest coverage kmer is: GGTGGTGGTCGTGTATTCGGT, with worth: 5 and coverage: 15
Wed Jan 30 17:48:39 2019: Highest coverage kmer is: TGGAGACAGAAAGGAACAGGT, with worth: 5 and coverage: 14
Wed Jan 30 17:48:45 2019: Highest coverage kmer is: AAGAAAACCTTGGAGACAAAA, with worth: 5 and coverage: 11
Wed Jan 30 17:48:51 2019: Highest coverage kmer is: CCACAATGGGTTGGCGGTGGT, with worth: 5 and coverage: 11
Wed Jan 30 17:48:56 2019: Highest coverage kmer is: AACTTGAGGAGCAATGGGTAT, with worth: 5 and coverage: 8
Wed Jan 30 17:49:02 2019: Highest coverage kmer is: AGAAGCTGAACAAGAAAATGT, with worth: 5 and coverage: 7
Wed Jan 30 17:49:08 2019: Highest coverage kmer is: ATTGAGGAGGTGCTCGCATAA, with worth: 5 and coverage: 7
Wed Jan 30 17:49:13 2019: Highest coverage kmer is: CCGAAGCTACCTTTGGACGTG, with worth: 5 and coverage: 7
Wed Jan 30 17:49:18 2019: Highest coverage kmer is: CCTTGGCGTCAAAAAGGAACA, with worth: 5 and coverage: 6
Wed Jan 30 17:49:23 2019: Highest coverage kmer is: CGGCGGCAAAAAGCCGTGGCG, with worth: 5 and coverage: 6
Wed Jan 30 17:49:26 2019: Highest coverage kmer is: AAAAAGATCGAGGAATGGTTG, with worth: 5 and coverage: 5
Wed Jan 30 17:49:28 2019: Highest coverage kmer is: AACCGTAAGGCTTACCGTGCT, with worth: 5 and coverage: 5
Wed Jan 30 17:49:31 2019: Highest coverage kmer is: AATCCGCTCTGCAATCGCAGC, with worth: 5 and coverage: 5
Wed Jan 30 17:49:34 2019: Highest coverage kmer is: ACCGGAAGAGCAAGACACGGT, with worth: 5 and coverage: 5
Wed Jan 30 17:49:36 2019: Highest coverage kmer is: ACGACATCCTCAACCACGACA, with worth: 5 and coverage: 5
Wed Jan 30 17:49:39 2019: Highest coverage kmer is: ATCAAAATTTGATTTTTCAGG, with worth: 5 and coverage: 5
Wed Jan 30 17:49:41 2019: Highest coverage kmer is: GCACGTCACGGTAACCGTAAA, with worth: 5 and coverage: 5
Wed Jan 30 17:49:44 2019: Highest coverage kmer is: GTACCGGTAGGGCAAGACAAG, with worth: 5 and coverage: 5
Wed Jan 30 17:49:46 2019: Highest coverage kmer is: TCAAAAAGGTGGCGGTAGAGC, with worth: 5 and coverage: 5
Wed Jan 30 17:49:50 2019: Highest coverage kmer is: TCAGCGTCAGGGTACGCACAA, with worth: 5 and coverage: 5
Wed Jan 30 17:49:56 2019: Highest coverage kmer is: CAGCTCAACACCTATGACGTG, with worth: 4 and coverage: 408
Wed Jan 30 17:50:01 2019: Highest coverage kmer is: ATCATCATGCAACGTGCTTCA, with worth: 4 and coverage: 60
Wed Jan 30 17:50:06 2019: Highest coverage kmer is: AAGTGGTGGTGGTAAAAAACC, with worth: 4 and coverage: 55
Wed Jan 30 17:50:12 2019: Highest coverage kmer is: TCAGCTCAACACCTACGACGT, with worth: 4 and coverage: 49
Wed Jan 30 17:50:17 2019: Highest coverage kmer is: ACTGGCCGTGCTCGTGCTGGT, with worth: 4 and coverage: 48
Wed Jan 30 17:50:22 2019: Highest coverage kmer is: AAGCCGTGGAAGCAGAAGGGC, with worth: 4 and coverage: 39
Wed Jan 30 17:50:27 2019: Highest coverage kmer is: TTCGGTCGTGAATACAACGAA, with worth: 4 and coverage: 19
Wed Jan 30 17:50:32 2019: Highest coverage kmer is: GTGCGCTGGCAGCTCGCCAAG, with worth: 4 and coverage: 18
Wed Jan 30 17:50:38 2019: Highest coverage kmer is: AAAAAACAAAAAGGAACAGGT, with worth: 4 and coverage: 15
Wed Jan 30 17:50:43 2019: Highest coverage kmer is: AAAAGGGTACAGGTCGTGCTC, with worth: 4 and coverage: 11
Wed Jan 30 17:50:48 2019: Highest coverage kmer is: ACAAGAGCTCCACAGTGGACA, with worth: 4 and coverage: 11
Wed Jan 30 17:50:53 2019: Highest coverage kmer is: ATGGCAGTTTTAAACATATAT, with worth: 4 and coverage: 11
Wed Jan 30 17:50:58 2019: Highest coverage kmer is: GCTCGTCAAGGGTCAATCCGT, with worth: 4 and coverage: 11
Wed Jan 30 17:51:02 2019: Highest coverage kmer is: CGAGGAGGTGGCCGACCGATG, with worth: 4 and coverage: 7
Wed Jan 30 17:51:07 2019: Highest coverage kmer is: CTGGAAGCAGAAGGGCACCGG, with worth: 4 and coverage: 7
Wed Jan 30 17:51:12 2019: Highest coverage kmer is: AAAATCAACAAAAAACAAAAG, with worth: 4 and coverage: 6
Wed Jan 30 17:51:17 2019: Highest coverage kmer is: AACTGGTCGTGCCCGTCAAGG, with worth: 4 and coverage: 6
Wed Jan 30 17:51:22 2019: Highest coverage kmer is: CAAACCCTGGCGGCAAAAAGG, with worth: 4 and coverage: 6
Wed Jan 30 17:51:27 2019: Highest coverage kmer is: CCGATCTTCCGCGGTGGTGGT, with worth: 4 and coverage: 6
Wed Jan 30 17:51:32 2019: Highest coverage kmer is: AAAAGGGAACCGGTCGCGCTC, with worth: 4 and coverage: 5
Wed Jan 30 17:51:37 2019: Highest coverage kmer is: AAAATTAAAAAGCAAAAAGGT, with worth: 4 and coverage: 5
Wed Jan 30 17:51:41 2019: Highest coverage kmer is: AAAGGTGGTGGTACCATCTTC, with worth: 4 and coverage: 5
Wed Jan 30 17:51:46 2019: Highest coverage kmer is: AAAGTAAAAGTTCTTGCTCGT, with worth: 4 and coverage: 5
Wed Jan 30 17:51:50 2019: Highest coverage kmer is: AGCCAAATGATCACGCTATCT, with worth: 4 and coverage: 5
Wed Jan 30 17:51:54 2019: Highest coverage kmer is: ATGGAAGTAATCGTATATAAC, with worth: 4 and coverage: 5
Wed Jan 30 17:51:57 2019: Highest coverage kmer is: CAAAGGCGAAGACACCGGCCG, with worth: 4 and coverage: 5
Wed Jan 30 17:51:59 2019: Highest coverage kmer is: AAAAAACCATGAAGACAAAAA, with worth: 4 and coverage: 4
Wed Jan 30 17:52:01 2019: Highest coverage kmer is: AAAAAGCCCTGGCGTCAAAAA, with worth: 4 and coverage: 4
Wed Jan 30 17:52:03 2019: Highest coverage kmer is: AAAATTCAGGAGGTTTATGGT, with worth: 4 and coverage: 4
Wed Jan 30 17:52:06 2019: Highest coverage kmer is: AAACCTACCTATCCTCGACGC, with worth: 4 and coverage: 4
Wed Jan 30 17:52:08 2019: Highest coverage kmer is: AAAGCAGTACATGGCCAACCA, with worth: 4 and coverage: 4
Wed Jan 30 17:52:10 2019: Highest coverage kmer is: AGGGCTGGAAAGGGCAAAATG, with worth: 4 and coverage: 4
Wed Jan 30 17:52:12 2019: Highest coverage kmer is: AGTGCTATAGAGAGGCTTAGG, with worth: 4 and coverage: 4
Wed Jan 30 17:52:14 2019: Highest coverage kmer is: ATCAGAGACAAGGTACGCACA, with worth: 4 and coverage: 4
Wed Jan 30 17:52:16 2019: Highest coverage kmer is: ATGCCTAAAGTAGCTTTATAT, with worth: 4 and coverage: 4
Wed Jan 30 17:52:19 2019: Highest coverage kmer is: CGGCGGTACGGTATTCGGACC, with worth: 4 and coverage: 4
Wed Jan 30 17:52:23 2019: Highest coverage kmer is: CTCAAAAAGGTACTGGTAACG, with worth: 4 and coverage: 4
Wed Jan 30 17:52:27 2019: Highest coverage kmer is: AACAAGAAAATGTACCGTGGT, with worth: 3 and coverage: 74
Wed Jan 30 17:52:32 2019: Highest coverage kmer is: CTTGAGGAGCGTTTCAAATGA, with worth: 3 and coverage: 67
Wed Jan 30 17:52:36 2019: Highest coverage kmer is: AAACCTTGGAAACAAAAAGGA, with worth: 3 and coverage: 50
Wed Jan 30 17:52:41 2019: Highest coverage kmer is: TCAGCTGAACACCTACGACGT, with worth: 3 and coverage: 50
Wed Jan 30 17:52:45 2019: Highest coverage kmer is: GCCCGTCAGGGTTCGATCCGC, with worth: 3 and coverage: 21
Wed Jan 30 17:52:49 2019: Highest coverage kmer is: AAAGCAGGGGAGGTGCTTGCA, with worth: 3 and coverage: 20
Wed Jan 30 17:52:54 2019: Highest coverage kmer is: ACAGTCAAAAAGTTAATAAAA, with worth: 3 and coverage: 20
Wed Jan 30 17:52:58 2019: Highest coverage kmer is: CAACATCCCGAACATCGACGT, with worth: 3 and coverage: 14
Wed Jan 30 17:53:02 2019: Highest coverage kmer is: GCAGAAGGGCACCGGTCGGGC, with worth: 3 and coverage: 14
Wed Jan 30 17:53:06 2019: Highest coverage kmer is: AAGCACTCGACCAAGAAGCCG, with worth: 3 and coverage: 12
Wed Jan 30 17:53:10 2019: Highest coverage kmer is: ACTTGCAAATAAAAGACAAGG, with worth: 3 and coverage: 12
Wed Jan 30 17:53:15 2019: Highest coverage kmer is: AAGAAGCCATGGAAGCAGAAG, with worth: 3 and coverage: 11
Wed Jan 30 17:53:19 2019: Highest coverage kmer is: AATGTTTATGATATTTTGCGT, with worth: 3 and coverage: 11
Wed Jan 30 17:53:23 2019: Highest coverage kmer is: CGTGCCGACATCCTGCACCGC, with worth: 3 and coverage: 11
Wed Jan 30 17:53:27 2019: Highest coverage kmer is: GGTGGTGGTAAAAAGCCATGG, with worth: 3 and coverage: 11
Wed Jan 30 17:53:31 2019: Highest coverage kmer is: CCGCTGGCAGCTCGCCAAGCG, with worth: 3 and coverage: 10
Wed Jan 30 17:53:35 2019: Highest coverage kmer is: CCCTGGCGCCAGAAAGGCACC, with worth: 3 and coverage: 9
Wed Jan 30 17:53:39 2019: Highest coverage kmer is: GGTAGAGCTAGACAAGGTTCT, with worth: 3 and coverage: 9
Wed Jan 30 17:53:43 2019: Highest coverage kmer is: CCCACAATGGCGTGGCGGTGG, with worth: 3 and coverage: 8
Wed Jan 30 17:53:47 2019: Highest coverage kmer is: ACCAGGTCGTCGTTGCGCAGC, with worth: 3 and coverage: 7
Wed Jan 30 17:53:51 2019: Highest coverage kmer is: AAACAAAAAGGTACAGGTACT, with worth: 3 and coverage: 6
Wed Jan 30 17:53:55 2019: Highest coverage kmer is: ATTTGGTCCAACACCTCGTTC, with worth: 3 and coverage: 6
Wed Jan 30 17:53:59 2019: Highest coverage kmer is: CAAGCCTTGGAAACAAAAAGG, with worth: 3 and coverage: 6
Wed Jan 30 17:54:03 2019: Highest coverage kmer is: GGTGCGAATGTCTATGACATC, with worth: 3 and coverage: 6
Wed Jan 30 17:54:07 2019: Highest coverage kmer is: GGTGGTGGTGCTAAGCCATGG, with worth: 3 and coverage: 6
Wed Jan 30 17:54:11 2019: Highest coverage kmer is: AAAGCCCTGGAGACAGAAGGG, with worth: 3 and coverage: 5
Wed Jan 30 17:54:15 2019: Highest coverage kmer is: AAAGCCTTGGCGCCAAAAAGG, with worth: 3 and coverage: 5
Wed Jan 30 17:54:18 2019: Highest coverage kmer is: AAGCCATGGCGCCAGAAGGGC, with worth: 3 and coverage: 5
Wed Jan 30 17:54:22 2019: Highest coverage kmer is: AAGCCTTGGCGCCAGAAGGGC, with worth: 3 and coverage: 5
Wed Jan 30 17:54:26 2019: Highest coverage kmer is: AAAAAGTAAATAAAAAAATGT, with worth: 3 and coverage: 4
Wed Jan 30 17:54:30 2019: Highest coverage kmer is: AAGCAGAAGGGTACGGGTCGT, with worth: 3 and coverage: 4
Wed Jan 30 17:54:33 2019: Highest coverage kmer is: ACAGCCAGCACCAAAACCCGT, with worth: 3 and coverage: 4
Wed Jan 30 17:54:37 2019: Highest coverage kmer is: ACGCCCATGATCTGCCGAAGA, with worth: 3 and coverage: 4
Wed Jan 30 17:54:41 2019: Highest coverage kmer is: ACGTGCAGGTAGCATTAAGTC, with worth: 3 and coverage: 4
Wed Jan 30 17:54:45 2019: Highest coverage kmer is: ATCAAGTGGTCACTGCTTATT, with worth: 3 and coverage: 4
Wed Jan 30 17:54:48 2019: Highest coverage kmer is: CAGCGCCAGGGTACACATAAA, with worth: 3 and coverage: 4
Wed Jan 30 17:54:52 2019: Highest coverage kmer is: CGGCAAAAAGGCACAGGTCGC, with worth: 3 and coverage: 4
Wed Jan 30 17:54:54 2019: Highest coverage kmer is: GGTAGAAAACCTTGGAGACAA, with worth: 3 and coverage: 4
Wed Jan 30 17:54:56 2019: Highest coverage kmer is: TGGTCCGGTCGTTCGCGACCA, with worth: 3 and coverage: 4
Wed Jan 30 17:54:58 2019: Highest coverage kmer is: AAAAAACCATGGAGACAAAAG, with worth: 3 and coverage: 3
Wed Jan 30 17:54:59 2019: Highest coverage kmer is: AAAAAAGCCGTACCGACAAAA, with worth: 3 and coverage: 3
Wed Jan 30 17:55:01 2019: Highest coverage kmer is: AAAAAGTTTTGGTTATTCTTG, with worth: 3 and coverage: 3
Wed Jan 30 17:55:03 2019: Highest coverage kmer is: AAAATCCAGGAGGTTTACGGT, with worth: 3 and coverage: 3
Wed Jan 30 17:55:04 2019: Highest coverage kmer is: AAAATTAAATAAAAGTGAAAA, with worth: 3 and coverage: 3
Wed Jan 30 17:55:06 2019: Highest coverage kmer is: AAAGAAACCTTGGAGACAGAA, with worth: 3 and coverage: 3
Wed Jan 30 17:55:07 2019: Highest coverage kmer is: AAAGGTACTGGTAATGCACGT, with worth: 3 and coverage: 3
Wed Jan 30 17:55:09 2019: Highest coverage kmer is: AAGAAGATGTATCGCCAAAAA, with worth: 3 and coverage: 3
Wed Jan 30 17:55:11 2019: Highest coverage kmer is: ATAGCTTCAAACTGAATAAGA, with worth: 3 and coverage: 3
Wed Jan 30 17:55:13 2019: Highest coverage kmer is: ATCAACAAGAAGGAGCGCAGG, with worth: 3 and coverage: 3
Wed Jan 30 17:55:14 2019: Highest coverage kmer is: CACCTACGACGTGATGAACGC, with worth: 3 and coverage: 3
Wed Jan 30 17:55:16 2019: Highest coverage kmer is: CCTTTGTACAAGGGTGGTGGT, with worth: 3 and coverage: 3
Wed Jan 30 17:55:18 2019: Highest coverage kmer is: CGGCCGTCAAAAAGGTGGTGG, with worth: 3 and coverage: 3
Wed Jan 30 17:55:21 2019: Highest coverage kmer is: AAGCGCTGGTTCACCAGGTTG, with worth: 2 and coverage: 944
Wed Jan 30 17:55:24 2019: Highest coverage kmer is: GCGTCAGGGCACTCGTGCTCA, with worth: 2 and coverage: 104
Wed Jan 30 17:55:28 2019: Highest coverage kmer is: ATTGAGGAGGTTCTTGCATAA, with worth: 2 and coverage: 102
Wed Jan 30 17:55:31 2019: Highest coverage kmer is: ACAGGTCGTGCCCGTCAAGGT, with worth: 2 and coverage: 60
Wed Jan 30 17:55:34 2019: Highest coverage kmer is: AAAGGAACAGGTCGTGCACGT, with worth: 2 and coverage: 56
Wed Jan 30 17:55:38 2019: Highest coverage kmer is: GAAGCCCTGGCGCCAGAAGGG, with worth: 2 and coverage: 39
Wed Jan 30 17:55:41 2019: Highest coverage kmer is: TAAAAAACCATGGCGTCAAAA, with worth: 2 and coverage: 36
Wed Jan 30 17:55:44 2019: Highest coverage kmer is: TCAACCGCAAGATGTACCGCG, with worth: 2 and coverage: 33
Wed Jan 30 17:55:47 2019: Highest coverage kmer is: CAATGTTTACGACATCCTGCG, with worth: 2 and coverage: 32
Wed Jan 30 17:55:51 2019: Highest coverage kmer is: CATCAACGTCTACGACATTCT, with worth: 2 and coverage: 31
Wed Jan 30 17:55:54 2019: Highest coverage kmer is: ACGTCAAGGTACAATCCGTGC, with worth: 2 and coverage: 30
Wed Jan 30 17:55:57 2019: Highest coverage kmer is: CAGGGTACCCACAAGACCAAG, with worth: 2 and coverage: 29
Wed Jan 30 17:56:00 2019: Highest coverage kmer is: GCAGAAGGGCACGGGTAACGC, with worth: 2 and coverage: 28
Wed Jan 30 17:56:03 2019: Highest coverage kmer is: GGTGTCGAAGCTCTGGAGGCT, with worth: 2 and coverage: 28
Wed Jan 30 17:56:06 2019: Highest coverage kmer is: AAGGGCACCGGCCGTGCCCGC, with worth: 2 and coverage: 22
Wed Jan 30 17:56:10 2019: Highest coverage kmer is: CAAAAAGGTACAGGTAGAGCA, with worth: 2 and coverage: 21
Wed Jan 30 17:56:13 2019: Highest coverage kmer is: ACTGGACGTGCTCGTCAAGGA, with worth: 2 and coverage: 17
Wed Jan 30 17:56:16 2019: Highest coverage kmer is: CAAGCCGTTCCGCCAGAAGGG, with worth: 2 and coverage: 16
Wed Jan 30 17:56:19 2019: Highest coverage kmer is: GGAGACAGAAGGGTACAGGTC, with worth: 2 and coverage: 16
Wed Jan 30 17:56:22 2019: Highest coverage kmer is: GGCGTCAGAAGGGCACCGGCC, with worth: 2 and coverage: 16
Wed Jan 30 17:56:25 2019: Highest coverage kmer is: AAAAACGTATATTTGTCGGCT, with worth: 2 and coverage: 14
Wed Jan 30 17:56:28 2019: Highest coverage kmer is: CGTCGTTTAGCAATTAAATCT, with worth: 2 and coverage: 12
Wed Jan 30 17:56:31 2019: Highest coverage kmer is: AGAAGGGTACCGGTCGCGCTC, with worth: 2 and coverage: 11
Wed Jan 30 17:56:34 2019: Highest coverage kmer is: AGAAGGTGAACCGCAAGATGT, with worth: 2 and coverage: 11
Wed Jan 30 17:56:37 2019: Highest coverage kmer is: ATGGAAAGAAAAGTTTTTTCT, with worth: 2 and coverage: 11
Wed Jan 30 17:56:40 2019: Highest coverage kmer is: CGCGGTCGAAAAGCTGGAGGC, with worth: 2 and coverage: 9
Wed Jan 30 17:56:43 2019: Highest coverage kmer is: AAAGGTACTGGTAGAGCTAGA, with worth: 2 and coverage: 8
Wed Jan 30 17:56:46 2019: Highest coverage kmer is: AAAGTTAACCGTAAGATGTAT, with worth: 2 and coverage: 7
Wed Jan 30 17:56:49 2019: Highest coverage kmer is: AGAAAGGTACTGGTCGTGCAC, with worth: 2 and coverage: 7
Wed Jan 30 17:56:52 2019: Highest coverage kmer is: CACCGCCAGCACCAAGACCCG, with worth: 2 and coverage: 7
Wed Jan 30 17:56:55 2019: Highest coverage kmer is: CGCCAAGCGCCGCGCCGGCAC, with worth: 2 and coverage: 7
Wed Jan 30 17:56:58 2019: Highest coverage kmer is: GGTGGCGGTAAAAAGCCATGG, with worth: 2 and coverage: 7
Wed Jan 30 17:57:01 2019: Highest coverage kmer is: TCTATTAGAGCTCCTCAATGG, with worth: 2 and coverage: 7
Wed Jan 30 17:57:03 2019: Highest coverage kmer is: AAGCCGTTCCGTCAGAAGGGT, with worth: 2 and coverage: 6
Wed Jan 30 17:57:06 2019: Highest coverage kmer is: ATTAAAAAGCAAAAAGGAACA, with worth: 2 and coverage: 6
Wed Jan 30 17:57:09 2019: Highest coverage kmer is: CTGGAGGCCCGTTTGAAATGA, with worth: 2 and coverage: 6
Wed Jan 30 17:57:12 2019: Highest coverage kmer is: GCCGGCACCATCCGCAGCCCG, with worth: 2 and coverage: 6
Wed Jan 30 17:57:15 2019: Highest coverage kmer is: GTTAACCGCAAAATGTATCGC, with worth: 2 and coverage: 6
Wed Jan 30 17:57:17 2019: Highest coverage kmer is: TCAAAAAGGTACCGGTCGTGC, with worth: 2 and coverage: 6
Wed Jan 30 17:57:20 2019: Highest coverage kmer is: AAAACCTTGGGCTCAAAAAGG, with worth: 2 and coverage: 5
Wed Jan 30 17:57:23 2019: Highest coverage kmer is: AAGCAAAAAGGTACAGGTGGT, with worth: 2 and coverage: 5
Wed Jan 30 17:57:26 2019: Highest coverage kmer is: AAGGTCAATCGCAAGATGTAT, with worth: 2 and coverage: 5
Wed Jan 30 17:57:28 2019: Highest coverage kmer is: ACAGCTTCAAGCTGAATAAGA, with worth: 2 and coverage: 5
Wed Jan 30 17:57:31 2019: Highest coverage kmer is: AGAAAGGCACTGGCCGCGCTC, with worth: 2 and coverage: 5
Wed Jan 30 17:57:34 2019: Highest coverage kmer is: AGCGCCATCGCGGCGACGACG, with worth: 2 and coverage: 5
Wed Jan 30 17:57:36 2019: Highest coverage kmer is: CAACGTCAGGGAACTCACAAA, with worth: 2 and coverage: 5
Wed Jan 30 17:57:39 2019: Highest coverage kmer is: GGAAGCAGAAGGGCACGGGCC, with worth: 2 and coverage: 5
Wed Jan 30 17:57:42 2019: Highest coverage kmer is: TGGCGCCAAAAAGGCACCGGC, with worth: 2 and coverage: 5
Wed Jan 30 17:57:44 2019: Highest coverage kmer is: AACAAGAAAATGTATCGCGGC, with worth: 2 and coverage: 4
Wed Jan 30 17:57:47 2019: Highest coverage kmer is: AAGCCTTGGCGTCAGAAGGGT, with worth: 2 and coverage: 4
Wed Jan 30 17:57:49 2019: Highest coverage kmer is: ACCCACAAGACCAAGGGCCGC, with worth: 2 and coverage: 4
Wed Jan 30 17:57:52 2019: Highest coverage kmer is: GGAGACAAAAAGGAACCGGTC, with worth: 2 and coverage: 4
Wed Jan 30 17:57:54 2019: Highest coverage kmer is: GGTGGTGGAAGAAAGCCATGG, with worth: 2 and coverage: 4
Wed Jan 30 17:57:57 2019: Highest coverage kmer is: GTTGAGGAGGCACTTGCATAA, with worth: 2 and coverage: 4
Wed Jan 30 17:58:00 2019: Highest coverage kmer is: AAAAAATTGCACCGTCAGAAG, with worth: 2 and coverage: 3
Wed Jan 30 17:58:03 2019: Highest coverage kmer is: AAAAGGGAACTGGTCGCGCTC, with worth: 2 and coverage: 3
Wed Jan 30 17:58:05 2019: Highest coverage kmer is: AAACCGTGGCGTCAAAAGGGT, with worth: 2 and coverage: 3
Wed Jan 30 17:58:07 2019: Highest coverage kmer is: AAGAAGCCGTGGCGCCAAAAA, with worth: 2 and coverage: 3
Wed Jan 30 17:58:10 2019: Highest coverage kmer is: AATACGATATCAAAACCCTCG, with worth: 2 and coverage: 3
Wed Jan 30 17:58:12 2019: Highest coverage kmer is: ACAGGCCGTGCACGTGCCGGT, with worth: 2 and coverage: 3
Wed Jan 30 17:58:15 2019: Highest coverage kmer is: AGCGGTGGTGGTAAGAAACCT, with worth: 2 and coverage: 3
Wed Jan 30 17:58:17 2019: Highest coverage kmer is: ATACAAGGGTGGTGGTACCAT, with worth: 2 and coverage: 3
Wed Jan 30 17:58:20 2019: Highest coverage kmer is: CCAAAAAGGTGCGCAGGCTGG, with worth: 2 and coverage: 3
Wed Jan 30 17:58:22 2019: Highest coverage kmer is: CCCAGGCAAACCGGAAACAGG, with worth: 2 and coverage: 3
Wed Jan 30 17:58:24 2019: Highest coverage kmer is: CCGCAATGGAAAGGCGGCGGT, with worth: 2 and coverage: 3
Wed Jan 30 17:58:27 2019: Highest coverage kmer is: CTGTCGGCCCGCAACCTGCCC, with worth: 2 and coverage: 3
Wed Jan 30 17:58:29 2019: Highest coverage kmer is: GAGATCAAGACCAAGAAGTTC, with worth: 2 and coverage: 3
Wed Jan 30 17:58:31 2019: Highest coverage kmer is: GCAAAAAGGAACCGGTCGCGC, with worth: 2 and coverage: 3
Wed Jan 30 17:58:33 2019: Highest coverage kmer is: GGGCGGCGGCGTGGTCTTCGG, with worth: 2 and coverage: 3
Wed Jan 30 17:58:36 2019: Highest coverage kmer is: GGTGGAGGTAAAAAGCCTTGG, with worth: 2 and coverage: 3
Wed Jan 30 17:58:38 2019: Highest coverage kmer is: GGTGGCGGAAGAAAACCATGG, with worth: 2 and coverage: 3
Wed Jan 30 17:58:40 2019: Highest coverage kmer is: GGTGGTGGCAAAAAACCTTGG, with worth: 2 and coverage: 3
Wed Jan 30 17:58:41 2019: Highest coverage kmer is: AAAAAATCTTATGATCATTCT, with worth: 2 and coverage: 2
Wed Jan 30 17:58:42 2019: Highest coverage kmer is: AAAAAATTAAATAAAAAAATG, with worth: 2 and coverage: 2
Wed Jan 30 17:58:43 2019: Highest coverage kmer is: AAAAACATACTGGTAATGCTC, with worth: 2 and coverage: 2
Wed Jan 30 17:58:43 2019: Highest coverage kmer is: AAAAACCCGGGAAATGGTTAA, with worth: 2 and coverage: 2
Wed Jan 30 17:58:44 2019: Highest coverage kmer is: AAAAACTATAGGTGATATTTC, with worth: 2 and coverage: 2
Wed Jan 30 17:58:45 2019: Highest coverage kmer is: AAAAACTCGGAATAATGGATG, with worth: 2 and coverage: 2
Wed Jan 30 17:58:46 2019: Highest coverage kmer is: AAAAAGGCACTGGACGTGCAC, with worth: 2 and coverage: 2
Wed Jan 30 17:58:47 2019: Highest coverage kmer is: AAAATGTATCGTGCTGGAATG, with worth: 2 and coverage: 2
Wed Jan 30 17:58:48 2019: Highest coverage kmer is: AAAATTTGATCAGCATGTTCG, with worth: 2 and coverage: 2
Wed Jan 30 17:58:49 2019: Highest coverage kmer is: AAACCGCCGCGCTCGACCCGA, with worth: 2 and coverage: 2
Wed Jan 30 17:58:50 2019: Highest coverage kmer is: AAACTCCTCCTTTCTGCGAGG, with worth: 2 and coverage: 2
Wed Jan 30 17:58:51 2019: Highest coverage kmer is: AAACTGAACAAGAAAGTAAAA, with worth: 2 and coverage: 2
Wed Jan 30 17:58:52 2019: Highest coverage kmer is: AAACTGCCGAAAAAAGTGCGC, with worth: 2 and coverage: 2
Wed Jan 30 17:58:53 2019: Highest coverage kmer is: AAAGATGTCAAAGTACTCAAG, with worth: 2 and coverage: 2
Wed Jan 30 17:58:53 2019: Highest coverage kmer is: AAAGCCCTGGCGGCAAAAGGG, with worth: 2 and coverage: 2
Wed Jan 30 17:58:54 2019: Highest coverage kmer is: AAAGGTACAGGAAATGCAAGG, with worth: 2 and coverage: 2
Wed Jan 30 17:58:55 2019: Highest coverage kmer is: AAATGAAAATGTCGTTTTTGA, with worth: 2 and coverage: 2
Wed Jan 30 17:58:56 2019: Highest coverage kmer is: AAGAAGCTTTGGAAGCAAAAG, with worth: 2 and coverage: 2
Wed Jan 30 17:58:57 2019: Highest coverage kmer is: AAGATCACCATCGTAGATCAG, with worth: 2 and coverage: 2
Wed Jan 30 17:58:58 2019: Highest coverage kmer is: AAGATTGAGGAGGTGCTGGGA, with worth: 2 and coverage: 2
Wed Jan 30 17:58:58 2019: Highest coverage kmer is: AAGCTGAAAAAGCAAAAAGGT, with worth: 2 and coverage: 2
Wed Jan 30 17:58:59 2019: Highest coverage kmer is: AAGGGAACAGGCCGTGCCCGT, with worth: 2 and coverage: 2
Wed Jan 30 17:59:00 2019: Highest coverage kmer is: AAGGGTACCGGTAACGCTCGT, with worth: 2 and coverage: 2
Wed Jan 30 17:59:01 2019: Highest coverage kmer is: AAGTAAGAGGCGGCGGAAGAA, with worth: 2 and coverage: 2
Wed Jan 30 17:59:02 2019: Highest coverage kmer is: AAGTCGTTGGAACAACTTTAT, with worth: 2 and coverage: 2
Wed Jan 30 17:59:02 2019: Highest coverage kmer is: AAGTCTCCTGTGTTTAGAGGT, with worth: 2 and coverage: 2
Wed Jan 30 17:59:03 2019: Highest coverage kmer is: AAGTGGTGGTGGTGCGAAGCC, with worth: 2 and coverage: 2
Wed Jan 30 17:59:04 2019: Highest coverage kmer is: ACACATAAATCAAAGGAAAGA, with worth: 2 and coverage: 2
Wed Jan 30 17:59:05 2019: Highest coverage kmer is: ACACGTGGAGAGGTAAGAGGT, with worth: 2 and coverage: 2
Wed Jan 30 17:59:06 2019: Highest coverage kmer is: ACATCGAGCGCGCCGAGGACA, with worth: 2 and coverage: 2
Wed Jan 30 17:59:06 2019: Highest coverage kmer is: ACCAGATCTTATTAAAAGAGC, with worth: 2 and coverage: 2
Wed Jan 30 17:59:07 2019: Highest coverage kmer is: ACCTGATTTAATAAAAAGAGC, with worth: 2 and coverage: 2
Wed Jan 30 17:59:08 2019: Highest coverage kmer is: ACGCACAAATCAAAGGAGCGT, with worth: 2 and coverage: 2
Wed Jan 30 17:59:09 2019: Highest coverage kmer is: ACTGGTGGAGCTCGTGCGGGT, with worth: 2 and coverage: 2
Wed Jan 30 17:59:09 2019: Highest coverage kmer is: AGCGGCGGCGGTAAAAAACCG, with worth: 2 and coverage: 2
Wed Jan 30 17:59:10 2019: Highest coverage kmer is: AGGCTCTGCAGGAGACGCTGA, with worth: 2 and coverage: 2
Wed Jan 30 17:59:11 2019: Highest coverage kmer is: ATGTGAAATCTTATCTTGCTT, with worth: 2 and coverage: 2
Wed Jan 30 17:59:12 2019: Highest coverage kmer is: ATTAAAAGAGCTGTAATTTCA, with worth: 2 and coverage: 2
Wed Jan 30 17:59:12 2019: Highest coverage kmer is: ATTTGTATGTAAAATCTTATC, with worth: 2 and coverage: 2
Wed Jan 30 17:59:13 2019: Highest coverage kmer is: CCAGGGAAGCATTCGCGCGCC, with worth: 2 and coverage: 2
Wed Jan 30 17:59:14 2019: Highest coverage kmer is: CCCCAAGCCGCGCAAATACAC, with worth: 2 and coverage: 2
Wed Jan 30 17:59:15 2019: Highest coverage kmer is: CCCTGGAGGCAGAAAGGCACA, with worth: 2 and coverage: 2
Wed Jan 30 17:59:15 2019: Highest coverage kmer is: CCTTGGCGCCAAAAAGGAACC, with worth: 2 and coverage: 2
Wed Jan 30 17:59:16 2019: Highest coverage kmer is: CGGTGGCGGTATCAAGCCTTT, with worth: 2 and coverage: 2
Wed Jan 30 17:59:17 2019: Highest coverage kmer is: GAGGAGGTGCTCGGAAAATGA, with worth: 2 and coverage: 2
Wed Jan 30 17:59:17 2019: Highest coverage kmer is: GCGTCAAAAAGGCACAGGGCG, with worth: 2 and coverage: 2
Wed Jan 30 17:59:18 2019: Highest coverage kmer is: GGGCCCCATCCCCGGGACTAC, with worth: 2 and coverage: 2
Wed Jan 30 17:59:19 2019: Highest coverage kmer is: GGGTGGTGTTGTTTTTGGACC, with worth: 2 and coverage: 2
Wed Jan 30 17:59:20 2019: Highest coverage kmer is: GGTGGCGGTGCTCGCCGTGGT, with worth: 2 and coverage: 2
Wed Jan 30 17:59:21 2019: Highest coverage kmer is: GTTTTCGGTATTGAGCCCAAT, with worth: 2 and coverage: 2
Wed Jan 30 17:59:22 2019: Highest coverage kmer is: TTTGACACTCCAAAGACCAAG, with worth: 2 and coverage: 2
Wed Jan 30 17:59:24 2019: Highest coverage kmer is: CGCGCAACCTGCACAAGGTTG, with worth: 1 and coverage: 521
Wed Jan 30 17:59:26 2019: Highest coverage kmer is: GCGTCAAAAAGGAACTGGACG, with worth: 1 and coverage: 358
Wed Jan 30 17:59:27 2019: Highest coverage kmer is: ATTTGACCAAACTGGTAAAGA, with worth: 1 and coverage: 239
Wed Jan 30 17:59:29 2019: Highest coverage kmer is: AGAAGGGTACGGGCCGCGCTC, with worth: 1 and coverage: 190
Wed Jan 30 17:59:31 2019: Highest coverage kmer is: GGTGGTGGTCGTAAACCATGG, with worth: 1 and coverage: 110
Wed Jan 30 17:59:32 2019: Highest coverage kmer is: TCAAAAAGGAACTGGTCGTGC, with worth: 1 and coverage: 87
Wed Jan 30 17:59:34 2019: Highest coverage kmer is: CTGCCGATCCAGGGCATCAAC, with worth: 1 and coverage: 73
Wed Jan 30 17:59:35 2019: Highest coverage kmer is: AGAAGGTCAACAAGAAGATGT, with worth: 1 and coverage: 64
Wed Jan 30 17:59:37 2019: Highest coverage kmer is: CAAGAAGGTCGAGGAGTGGCT, with worth: 1 and coverage: 63
Wed Jan 30 17:59:38 2019: Highest coverage kmer is: ACAGCCAGCGCACCCCGAAGA, with worth: 1 and coverage: 52
Wed Jan 30 17:59:40 2019: Highest coverage kmer is: CCTACATGGCTGGCGGTCGTC, with worth: 1 and coverage: 51
Wed Jan 30 17:59:41 2019: Highest coverage kmer is: AAGCCTTGGAGACAAAAGGGT, with worth: 1 and coverage: 42
Wed Jan 30 17:59:43 2019: Highest coverage kmer is: GGTCGCCAGAAGGGCGGCGGT, with worth: 1 and coverage: 39
Wed Jan 30 17:59:44 2019: Highest coverage kmer is: TCAACACCTACGACGTGCTCA, with worth: 1 and coverage: 34
Wed Jan 30 17:59:46 2019: Highest coverage kmer is: CACTCGACCAAGAAGCCTTTC, with worth: 1 and coverage: 30
Wed Jan 30 17:59:47 2019: Highest coverage kmer is: AAAAAGGTACCGGCCGCGCCC, with worth: 1 and coverage: 29
Wed Jan 30 17:59:49 2019: Highest coverage kmer is: AACTGGACGTGCACGTCAAGG, with worth: 1 and coverage: 28
Wed Jan 30 17:59:50 2019: Highest coverage kmer is: AAACGTATCTGTTTACAATAT, with worth: 1 and coverage: 27
Wed Jan 30 17:59:52 2019: Highest coverage kmer is: AACAAGAAGATGTATCGCGCT, with worth: 1 and coverage: 27
Wed Jan 30 17:59:53 2019: Highest coverage kmer is: GAAAAAATTCAGGAGGTCTAC, with worth: 1 and coverage: 27
Wed Jan 30 17:59:54 2019: Highest coverage kmer is: AAAGGTACTGGCCGCGCACGT, with worth: 1 and coverage: 24
Wed Jan 30 17:59:56 2019: Highest coverage kmer is: TCGCTGAACAAGAAGATCCGC, with worth: 1 and coverage: 24
Wed Jan 30 17:59:57 2019: Highest coverage kmer is: AAAAAGCCGTGGCGTCAGAAG, with worth: 1 and coverage: 23
Wed Jan 30 17:59:59 2019: Highest coverage kmer is: ACCCCCAAGAAGATGAAGGCA, with worth: 1 and coverage: 21
Wed Jan 30 18:00:00 2019: Highest coverage kmer is: AGAAGCTCGTTCTGACCAAGG, with worth: 1 and coverage: 21
Wed Jan 30 18:00:01 2019: Highest coverage kmer is: CACGAAGACTCGTGGCGAGGT, with worth: 1 and coverage: 21
Wed Jan 30 18:00:03 2019: Highest coverage kmer is: CGCCCGTCAGGGTTCCATCCG, with worth: 1 and coverage: 21
Wed Jan 30 18:00:04 2019: Highest coverage kmer is: CCGCGGCGACGTCCGCGGCGG, with worth: 1 and coverage: 20
Wed Jan 30 18:00:06 2019: Highest coverage kmer is: ACAAAAGGGAACAGGTAGAGC, with worth: 1 and coverage: 19
Wed Jan 30 18:00:07 2019: Highest coverage kmer is: ATTCGCACCAAAGCCAAGAGA, with worth: 1 and coverage: 19
Wed Jan 30 18:00:08 2019: Highest coverage kmer is: TTCGACAAGGTTCTAATGACT, with worth: 1 and coverage: 19
Wed Jan 30 18:00:10 2019: Highest coverage kmer is: GCAGAAGGGTACCGGCCGCGC, with worth: 1 and coverage: 17
Wed Jan 30 18:00:11 2019: Highest coverage kmer is: AAGGGTACTGGTCGCGCCCGT, with worth: 1 and coverage: 16
Wed Jan 30 18:00:12 2019: Highest coverage kmer is: AATAAAAAAATGTACAAACGT, with worth: 1 and coverage: 16
Wed Jan 30 18:00:14 2019: Highest coverage kmer is: ATGGAGACAAAAAGGAACAGG, with worth: 1 and coverage: 16
Wed Jan 30 18:00:15 2019: Highest coverage kmer is: AAACCTTGGCGTCAGAAAGGT, with worth: 1 and coverage: 14
Wed Jan 30 18:00:16 2019: Highest coverage kmer is: AAGATCTATCGCCAAAAAGGC, with worth: 1 and coverage: 14
Wed Jan 30 18:00:18 2019: Highest coverage kmer is: AAGATGAACCGCAAAGAGCGG, with worth: 1 and coverage: 14
Wed Jan 30 18:00:19 2019: Highest coverage kmer is: ACAGCTTCTACTAAGACTAGA, with worth: 1 and coverage: 14
Wed Jan 30 18:00:20 2019: Highest coverage kmer is: ACAGGTAATGCAAGACAAGGC, with worth: 1 and coverage: 14
Wed Jan 30 18:00:21 2019: Highest coverage kmer is: GTTCGCGGCGGCGGCAAGAAG, with worth: 1 and coverage: 13
Wed Jan 30 18:00:23 2019: Highest coverage kmer is: TTGGAGACAGAAGGGAACAGG, with worth: 1 and coverage: 13
Wed Jan 30 18:00:24 2019: Highest coverage kmer is: AAAATTGGCAGGGAGAACAAG, with worth: 1 and coverage: 12
Wed Jan 30 18:00:25 2019: Highest coverage kmer is: AAGCCCTTCAAGCAGAAGGGT, with worth: 1 and coverage: 12
Wed Jan 30 18:00:26 2019: Highest coverage kmer is: ACAAAAAGGAACTGGTAGAGC, with worth: 1 and coverage: 12
Wed Jan 30 18:00:28 2019: Highest coverage kmer is: ATCTTCGCTGATCAGCTCAAC, with worth: 1 and coverage: 11
Wed Jan 30 18:00:29 2019: Highest coverage kmer is: CAAAAAGGAACTGGTAACGCT, with worth: 1 and coverage: 11
Wed Jan 30 18:00:30 2019: Highest coverage kmer is: AAAGACAAGGTACTCATAAAT, with worth: 1 and coverage: 10
Wed Jan 30 18:00:31 2019: Highest coverage kmer is: GTGGTGGCCGTGTATTCGGTC, with worth: 1 and coverage: 10
Wed Jan 30 18:00:32 2019: Highest coverage kmer is: TGGTGGTGTAACTTTTGCAGC, with worth: 1 and coverage: 10
Wed Jan 30 18:00:34 2019: Highest coverage kmer is: TTAGAAACTCCAAAAACAAGA, with worth: 1 and coverage: 10
Wed Jan 30 18:00:35 2019: Highest coverage kmer is: AAAGGTACCGGTCGCGCCCGT, with worth: 1 and coverage: 9
Wed Jan 30 18:00:36 2019: Highest coverage kmer is: AAATGGCCAATGCTCGTCAAG, with worth: 1 and coverage: 9
Wed Jan 30 18:00:37 2019: Highest coverage kmer is: AGGTGGAGGTAGAGTTTTTGG, with worth: 1 and coverage: 9
Wed Jan 30 18:00:38 2019: Highest coverage kmer is: CAAAAAGGAACAGGTAGAGCT, with worth: 1 and coverage: 9
Wed Jan 30 18:00:39 2019: Highest coverage kmer is: GCACCAAAAACTAAAGAATTC, with worth: 1 and coverage: 8
Wed Jan 30 18:00:40 2019: Highest coverage kmer is: TCGCCAGAAAGGTGGTGGTGG, with worth: 1 and coverage: 8
Wed Jan 30 18:00:42 2019: Highest coverage kmer is: TTCGGAATCGAGCCAAACGAA, with worth: 1 and coverage: 8
Wed Jan 30 18:00:43 2019: Highest coverage kmer is: ACAGGTGCCAAGGTGCAGCTT, with worth: 1 and coverage: 7
Wed Jan 30 18:00:44 2019: Highest coverage kmer is: ACAGTACACGACCTGGACGGC, with worth: 1 and coverage: 7
Wed Jan 30 18:00:45 2019: Highest coverage kmer is: CGTTTGGCATTGAAGTCAGTG, with worth: 1 and coverage: 7
Wed Jan 30 18:00:46 2019: Highest coverage kmer is: GAAGCACCTAAGACAAAAGAA, with worth: 1 and coverage: 7
Wed Jan 30 18:00:47 2019: Highest coverage kmer is: TACTGGTAGAGCTAGACAAGG, with worth: 1 and coverage: 7
Wed Jan 30 18:00:48 2019: Highest coverage kmer is: AAAAAGGCACCGGCCGTGCGC, with worth: 1 and coverage: 6
Wed Jan 30 18:00:49 2019: Highest coverage kmer is: AAACCCTGGCGTCAAAAGGGT, with worth: 1 and coverage: 6
Wed Jan 30 18:00:50 2019: Highest coverage kmer is: AAGTCTAAAGAAAGAGCTGAG, with worth: 1 and coverage: 6
Wed Jan 30 18:00:51 2019: Highest coverage kmer is: AGCTCCCGGCGGTCTTCGAGA, with worth: 1 and coverage: 6
Wed Jan 30 18:00:52 2019: Highest coverage kmer is: ATTGATGAAAAAACTTATTTA, with worth: 1 and coverage: 6
Wed Jan 30 18:00:53 2019: Highest coverage kmer is: CGGTCGTCAGAAGGGCGGCGG, with worth: 1 and coverage: 6
Wed Jan 30 18:00:54 2019: Highest coverage kmer is: GAAACAAAAAGGAACCGGCCG, with worth: 1 and coverage: 6
Wed Jan 30 18:00:55 2019: Highest coverage kmer is: AAGAATAGATCTGCTGTTCGT, with worth: 1 and coverage: 5
Wed Jan 30 18:00:56 2019: Highest coverage kmer is: AAGATGAACAAGAAAGAGAAG, with worth: 1 and coverage: 5
Wed Jan 30 18:00:57 2019: Highest coverage kmer is: ATGGAAGTTAAAGTTTTAAAT, with worth: 1 and coverage: 5
Wed Jan 30 18:00:58 2019: Highest coverage kmer is: CAGCGCCAGGGTACGCACAAG, with worth: 1 and coverage: 5
Wed Jan 30 18:00:59 2019: Highest coverage kmer is: CGCGCTCGTCAGGGCTCAATC, with worth: 1 and coverage: 5
Wed Jan 30 18:01:00 2019: Highest coverage kmer is: CTTTTGGTCGTGAGTTTAACG, with worth: 1 and coverage: 5
Wed Jan 30 18:01:01 2019: Highest coverage kmer is: GCGTCAAAAAGGAACCGGTCG, with worth: 1 and coverage: 5
Wed Jan 30 18:01:02 2019: Highest coverage kmer is: TCCTCAATTTAGAGGTGGTGG, with worth: 1 and coverage: 5
Wed Jan 30 18:01:03 2019: Highest coverage kmer is: AAAAAACCTTGAAAACAAAAA, with worth: 1 and coverage: 4
Wed Jan 30 18:01:04 2019: Highest coverage kmer is: AAAAAGTAGGGACCCTGGAAA, with worth: 1 and coverage: 4
Wed Jan 30 18:01:05 2019: Highest coverage kmer is: AAAAATTGGCAAGGGGAAGAA, with worth: 1 and coverage: 4
Wed Jan 30 18:01:06 2019: Highest coverage kmer is: AAATCTAAAGAAAGAAGTGAA, with worth: 1 and coverage: 4
Wed Jan 30 18:01:07 2019: Highest coverage kmer is: AAGAAGAGCTCACCCACCAAA, with worth: 1 and coverage: 4
Wed Jan 30 18:01:08 2019: Highest coverage kmer is: AAGCCATGGAAGCAGAAGGGT, with worth: 1 and coverage: 4
Wed Jan 30 18:01:09 2019: Highest coverage kmer is: ACCGGCGGCGCACGTCACGGT, with worth: 1 and coverage: 4
Wed Jan 30 18:01:09 2019: Highest coverage kmer is: ATCAGCGTCAGGGTACAGCTA, with worth: 1 and coverage: 4
Wed Jan 30 18:01:10 2019: Highest coverage kmer is: ATCTGCTCGCAACATTCCTGG, with worth: 1 and coverage: 4
Wed Jan 30 18:01:11 2019: Highest coverage kmer is: CGCCGATCTGGCGTACCGGTG, with worth: 1 and coverage: 4
Wed Jan 30 18:01:12 2019: Highest coverage kmer is: CGGCGCGCTCTGGAACTAAGG, with worth: 1 and coverage: 4
Wed Jan 30 18:01:13 2019: Highest coverage kmer is: CTGAATGTTTACGACGTGCTG, with worth: 1 and coverage: 4
Wed Jan 30 18:01:14 2019: Highest coverage kmer is: CTGGAAAAACAAAAGATGCAG, with worth: 1 and coverage: 4
Wed Jan 30 18:01:15 2019: Highest coverage kmer is: GGGCGGCGGCGTGGCCTTCGG, with worth: 1 and coverage: 4
Wed Jan 30 18:01:15 2019: Highest coverage kmer is: TTCCGTGGTGGTGGTATTGTT, with worth: 1 and coverage: 4
Wed Jan 30 18:01:16 2019: Highest coverage kmer is: TTGGAATCGAGCCAAATGAGA, with worth: 1 and coverage: 4
Wed Jan 30 18:01:17 2019: Highest coverage kmer is: AAATATTCCAAATGTTAAAGT, with worth: 1 and coverage: 3
Wed Jan 30 18:01:18 2019: Highest coverage kmer is: AACATCCCAACAATGATGATG, with worth: 1 and coverage: 3
Wed Jan 30 18:01:19 2019: Highest coverage kmer is: AACCTGAAAGCAGACCGCAAA, with worth: 1 and coverage: 3
Wed Jan 30 18:01:19 2019: Highest coverage kmer is: AACGTCTACGACATCCTCCGC, with worth: 1 and coverage: 3
Wed Jan 30 18:01:20 2019: Highest coverage kmer is: AAGAAACCGTGGCGTCAGAAA, with worth: 1 and coverage: 3
Wed Jan 30 18:01:21 2019: Highest coverage kmer is: AAGCCTTGGCGTCAAAAAGGG, with worth: 1 and coverage: 3
Wed Jan 30 18:01:22 2019: Highest coverage kmer is: AAGTATTAGATATCAACGGAA, with worth: 1 and coverage: 3
Wed Jan 30 18:01:22 2019: Highest coverage kmer is: ACAAAAAGGAACAGGTAATGC, with worth: 1 and coverage: 3
Wed Jan 30 18:01:23 2019: Highest coverage kmer is: ATATTCAAGAAGCTTGGAATA, with worth: 1 and coverage: 3
Wed Jan 30 18:01:24 2019: Highest coverage kmer is: ATCTTTATCGGTGGTGGTAAG, with worth: 1 and coverage: 3
Wed Jan 30 18:01:25 2019: Highest coverage kmer is: ATTCAACGAATCCCTGGTGCA, with worth: 1 and coverage: 3
Wed Jan 30 18:01:25 2019: Highest coverage kmer is: CAAAAAGGGACAGGTAGAGCT, with worth: 1 and coverage: 3
Wed Jan 30 18:01:26 2019: Highest coverage kmer is: CAAGCCCCGGGATTACAGCTA, with worth: 1 and coverage: 3
Wed Jan 30 18:01:27 2019: Highest coverage kmer is: CAAGCCCTTCCGTCAGAAGGG, with worth: 1 and coverage: 3
Wed Jan 30 18:01:28 2019: Highest coverage kmer is: CAGAAGGGTACCGGTAGAGCA, with worth: 1 and coverage: 3
Wed Jan 30 18:01:28 2019: Highest coverage kmer is: CCAGAAGGGTACCGGTCGTGC, with worth: 1 and coverage: 3
Wed Jan 30 18:01:29 2019: Highest coverage kmer is: CGGCGGCACGGTCTTCGGTCC, with worth: 1 and coverage: 3
Wed Jan 30 18:01:30 2019: Highest coverage kmer is: CGTGGCGGTGGCCGCAAGCCA, with worth: 1 and coverage: 3
Wed Jan 30 18:01:30 2019: Highest coverage kmer is: GCTAGACAAGGTTCTACAAGA, with worth: 1 and coverage: 3
Wed Jan 30 18:01:31 2019: Highest coverage kmer is: GGAAAAGAAACCGGAAGAAAG, with worth: 1 and coverage: 3
Wed Jan 30 18:01:32 2019: Highest coverage kmer is: GGCGGCGGACGCAAGCCGTGG, with worth: 1 and coverage: 3
Wed Jan 30 18:01:32 2019: Highest coverage kmer is: GGTGGTGGTAAGAAGCCGTGG, with worth: 1 and coverage: 3
Wed Jan 30 18:01:33 2019: Highest coverage kmer is: TTTGGCCGCGATTACAACGAA, with worth: 1 and coverage: 3
Wed Jan 30 18:01:33 2019: Highest coverage kmer is: AAAAAGCTCTGGAAGCAGAAG, with worth: 1 and coverage: 2
Wed Jan 30 18:01:34 2019: Highest coverage kmer is: AAAAAGGAACGGGAAATGCTC, with worth: 1 and coverage: 2
Wed Jan 30 18:01:35 2019: Highest coverage kmer is: AAAAAGGCACCGGCCGGGCCC, with worth: 1 and coverage: 2
Wed Jan 30 18:01:35 2019: Highest coverage kmer is: AAACAGAAAGGTACTGGAAGA, with worth: 1 and coverage: 2
Wed Jan 30 18:01:36 2019: Highest coverage kmer is: AAACCATGGAAACAGAAAGGA, with worth: 1 and coverage: 2
Wed Jan 30 18:01:36 2019: Highest coverage kmer is: AAACCGTGGCGCCAAAAAGGT, with worth: 1 and coverage: 2
Wed Jan 30 18:01:37 2019: Highest coverage kmer is: AAAGGAATAAGCCTCGGTGCA, with worth: 1 and coverage: 2
Wed Jan 30 18:01:38 2019: Highest coverage kmer is: AAAGGCCGCAGCGAAGTGGCC, with worth: 1 and coverage: 2
Wed Jan 30 18:01:38 2019: Highest coverage kmer is: AAAGGCGAAGACACAGGCAAG, with worth: 1 and coverage: 2
Wed Jan 30 18:01:39 2019: Highest coverage kmer is: AAATGCTAATAGTGTTTTAGT, with worth: 1 and coverage: 2
Wed Jan 30 18:01:39 2019: Highest coverage kmer is: AACCGGACGTGCGCGTCAAGG, with worth: 1 and coverage: 2
Wed Jan 30 18:01:40 2019: Highest coverage kmer is: AACCTGCCGAATGTGCTGGTG, with worth: 1 and coverage: 2
Wed Jan 30 18:01:40 2019: Highest coverage kmer is: AACGTCTATGATATTTTGAAG, with worth: 1 and coverage: 2
Wed Jan 30 18:01:41 2019: Highest coverage kmer is: AAGCATTGGAGGCACGTTTAA, with worth: 1 and coverage: 2
Wed Jan 30 18:01:41 2019: Highest coverage kmer is: AAGTGTCTTGAGAGTAGGTTG, with worth: 1 and coverage: 2
Wed Jan 30 18:01:42 2019: Highest coverage kmer is: AATGCGCTGATCATTGGCGGC, with worth: 1 and coverage: 2
Wed Jan 30 18:01:42 2019: Highest coverage kmer is: ACAAAAAGGGACCGGGCGTGC, with worth: 1 and coverage: 2
Wed Jan 30 18:01:43 2019: Highest coverage kmer is: ACCAAGACCCGTGCAGAAGTC, with worth: 1 and coverage: 2
Wed Jan 30 18:01:43 2019: Highest coverage kmer is: ACCTCATAAAAAGGGCAGTCA, with worth: 1 and coverage: 2
Wed Jan 30 18:01:44 2019: Highest coverage kmer is: ACGGTTCCAATGCCAAGCCTT, with worth: 1 and coverage: 2
Wed Jan 30 18:01:44 2019: Highest coverage kmer is: ACTCCCAGAAGGTCAACAAAA, with worth: 1 and coverage: 2
Wed Jan 30 18:01:44 2019: Highest coverage kmer is: AGGGTTCGATTCGTGCTCCGC, with worth: 1 and coverage: 2
Wed Jan 30 18:01:45 2019: Highest coverage kmer is: AGGTGGCGGAATTATTTTTGG, with worth: 1 and coverage: 2
Wed Jan 30 18:01:45 2019: Highest coverage kmer is: ATATGACATTCTTAAATACGA, with worth: 1 and coverage: 2
Wed Jan 30 18:01:46 2019: Highest coverage kmer is: ATTTATTGATCACCTAGATCA, with worth: 1 and coverage: 2
Wed Jan 30 18:01:46 2019: Highest coverage kmer is: CAAACCCTGGAGACAGAAAGG, with worth: 1 and coverage: 2
Wed Jan 30 18:01:47 2019: Highest coverage kmer is: CAAGAAGGTTCGCCGGCTGGC, with worth: 1 and coverage: 2
Wed Jan 30 18:01:47 2019: Highest coverage kmer is: CACGTAATATTCCTAATGTAA, with worth: 1 and coverage: 2
Wed Jan 30 18:01:47 2019: Highest coverage kmer is: CAGGAGGTTTACAGTGACTAA, with worth: 1 and coverage: 2
Wed Jan 30 18:01:48 2019: Highest coverage kmer is: CCAAAAAGGGACAGGTCGTGC, with worth: 1 and coverage: 2
Wed Jan 30 18:01:48 2019: Highest coverage kmer is: CTTAATGTTTACGATATTCTT, with worth: 1 and coverage: 2
Wed Jan 30 18:01:48 2019: Highest coverage kmer is: GCGCCAAAAAGGAACCGGGCG, with worth: 1 and coverage: 2
Wed Jan 30 18:01:49 2019: Highest coverage kmer is: GCGCCCTCGACGAAGGCCGCG, with worth: 1 and coverage: 2
Wed Jan 30 18:01:49 2019: Highest coverage kmer is: GGGCGGCGGTGTTGCCTTCGG, with worth: 1 and coverage: 2
Wed Jan 30 18:01:49 2019: Highest coverage kmer is: GGTCCTCAGCCTCGCGATTAC, with worth: 1 and coverage: 2
Wed Jan 30 18:01:49 2019: Highest coverage kmer is: TATCGTCAGAAGGGTACCGGT, with worth: 1 and coverage: 2
Wed Jan 30 18:01:50 2019: Highest coverage kmer is: TCGCGGTGGTGGAAAGAAGCC, with worth: 1 and coverage: 2
Wed Jan 30 18:01:50 2019: Highest coverage kmer is: AAAAAAACGCTGGTTCTTCTT, with worth: 1 and coverage: 1
Wed Jan 30 18:01:50 2019: Highest coverage kmer is: AAAAAAACTAAGGACGCCCAC, with worth: 1 and coverage: 1
Wed Jan 30 18:01:50 2019: Highest coverage kmer is: AAAAAAACTCATATTTTTGAT, with worth: 1 and coverage: 1
Wed Jan 30 18:01:50 2019: Highest coverage kmer is: AAAAAAAGGTGAACAAAAAGA, with worth: 1 and coverage: 1
Wed Jan 30 18:01:50 2019: Highest coverage kmer is: AAAAAAAGGTTTATTCAGTCG, with worth: 1 and coverage: 1
Wed Jan 30 18:01:50 2019: Highest coverage kmer is: AAAAAAAGTTAGAAAGCTTGG, with worth: 1 and coverage: 1
Wed Jan 30 18:01:50 2019: Highest coverage kmer is: AAAAAAATGTATCGAGCTGGT, with worth: 1 and coverage: 1
Wed Jan 30 18:01:51 2019: Highest coverage kmer is: AAAAAACATGATTGTTGGTGC, with worth: 1 and coverage: 1
Wed Jan 30 18:01:51 2019: Highest coverage kmer is: AAAAAAGAAAATAAACTAGCA, with worth: 1 and coverage: 1
Wed Jan 30 18:01:51 2019: Highest coverage kmer is: AAAAAAGTAAGACGCCTGGCC, with worth: 1 and coverage: 1
Wed Jan 30 18:01:51 2019: Highest coverage kmer is: AAAAAAGTGAAATCGTTGGCT, with worth: 1 and coverage: 1
Wed Jan 30 18:01:51 2019: Highest coverage kmer is: AAAAACATACAGGCAGGGCAA, with worth: 1 and coverage: 1
Wed Jan 30 18:01:51 2019: Highest coverage kmer is: AAAAACCTTCTGCTGGTTAAA, with worth: 1 and coverage: 1
Wed Jan 30 18:01:51 2019: Highest coverage kmer is: AAAAACCTTGCTGGAGTCGAT, with worth: 1 and coverage: 1
Wed Jan 30 18:01:51 2019: Highest coverage kmer is: AAAAACGAAGGATGCTATAGC, with worth: 1 and coverage: 1
Wed Jan 30 18:01:51 2019: Highest coverage kmer is: AAAAAGAAGAGCGTTCTGCTT, with worth: 1 and coverage: 1
Wed Jan 30 18:01:52 2019: Highest coverage kmer is: AAAAAGAAGAGCGTTTTGATA, with worth: 1 and coverage: 1
Wed Jan 30 18:01:52 2019: Highest coverage kmer is: AAAAAGACAAGCGAGATTGCC, with worth: 1 and coverage: 1
Wed Jan 30 18:01:52 2019: Highest coverage kmer is: AAAAAGCCCCTTGCAGCCGCA, with worth: 1 and coverage: 1
Wed Jan 30 18:01:52 2019: Highest coverage kmer is: AAAAAGCCCTTCAAGCAGAAA, with worth: 1 and coverage: 1
Wed Jan 30 18:01:52 2019: Highest coverage kmer is: AAAAAGGTACAGGTAGGGCAC, with worth: 1 and coverage: 1
Wed Jan 30 18:01:52 2019: Highest coverage kmer is: AAAAAGGTACTGGTAGGGCTA, with worth: 1 and coverage: 1
Wed Jan 30 18:01:52 2019: Highest coverage kmer is: AAAAAGGTTCAGGACGCGCAA, with worth: 1 and coverage: 1
Wed Jan 30 18:01:52 2019: Highest coverage kmer is: AAAAAGTAAACAGGAAAGAAA, with worth: 1 and coverage: 1
Wed Jan 30 18:01:52 2019: Highest coverage kmer is: AAAAAGTTATTGCTTCTAGAT, with worth: 1 and coverage: 1
Wed Jan 30 18:01:52 2019: Highest coverage kmer is: AAAACCATGGGCTCAGAAGGG, with worth: 1 and coverage: 1
Wed Jan 30 18:01:52 2019: Highest coverage kmer is: AAAACGTCTCAAAGGCCAAAG, with worth: 1 and coverage: 1
Wed Jan 30 18:01:52 2019: Highest coverage kmer is: AAAACTATACGGGTTAGGGAG, with worth: 1 and coverage: 1
Wed Jan 30 18:01:52 2019: Highest coverage kmer is: AAAACTCTAAGAATATTTATT, with worth: 1 and coverage: 1
Wed Jan 30 18:01:52 2019: Highest coverage kmer is: AAAAGAACCACTGCGAAGTAC, with worth: 1 and coverage: 1
Wed Jan 30 18:01:52 2019: Highest coverage kmer is: AAAAGACCTGATAAAGACGCT, with worth: 1 and coverage: 1
Wed Jan 30 18:01:52 2019: Highest coverage kmer is: AAAAGCATACCGGGAGAGCTC, with worth: 1 and coverage: 1
Wed Jan 30 18:01:52 2019: Highest coverage kmer is: AAAAGCCGAAGACGAAGAACA, with worth: 1 and coverage: 1
Wed Jan 30 18:01:52 2019: Highest coverage kmer is: AAAAGCGCCCTCATCCTCCTG, with worth: 1 and coverage: 1
Wed Jan 30 18:01:53 2019: Highest coverage kmer is: AAAAGCTACGATCAGGAGAAG, with worth: 1 and coverage: 1
Wed Jan 30 18:01:53 2019: Highest coverage kmer is: AAACAAGAGGGAGAGGAGGCT, with worth: 1 and coverage: 1
Wed Jan 30 18:01:53 2019: Highest coverage kmer is: AAAGACAGGAACGCAGCCGTC, with worth: 1 and coverage: 1

Checking output for redundant kmers...

AACGAAGCTCTTGTACACCAA is redundant.
AAGGGTACGGGCCGCGCTCGT is redundant.
AACAGGTAGAGCAAGACAAGG is redundant.
GCCGCGTGACTACAGCCAGCG is redundant.
AAGCCATGGCGTCAAAAAGGA is redundant.
AAAATTCAGGAGGTCTACAGT is redundant.
AGAAGGGCACCGGCCGTGCCC is redundant.
AGAAGGGTACCGGCCGCGCTC is redundant.
AGCTCCTAAGACTAAAGAATT is redundant.
GGTAGAGCTAGACAAGGTTCT is redundant.
There are 559 21-mers in the representative list.
It took 34 minutes and 52 seconds to generate a list from 8000 sequences.
