Generating 21-mers
...

All 21-mers generated!

Wed Jan 30 17:19:51 2019: Highest coverage kmer is: AAGTTGAGGAGATGCTGGCAT, with worth: 1193 and coverage: 1193
Wed Jan 30 17:20:35 2019: Highest coverage kmer is: AAAAAAGTTGAGGAGGTGCTC, with worth: 869 and coverage: 869
Wed Jan 30 17:21:11 2019: Highest coverage kmer is: AAACCATGGCGTCAAAAAGGA, with worth: 478 and coverage: 478
Wed Jan 30 17:21:36 2019: Highest coverage kmer is: GCCGCGCGACTACAGCCAGCG, with worth: 465 and coverage: 465
Wed Jan 30 17:22:23 2019: Highest coverage kmer is: AGAAGGGCACCGGCCGCGCCC, with worth: 269 and coverage: 314
Wed Jan 30 17:22:46 2019: Highest coverage kmer is: TTCGAGGAGCTGCTGGGATGA, with worth: 260 and coverage: 260
Wed Jan 30 17:23:20 2019: Highest coverage kmer is: AACGAAGCTCTTGTACACCAA, with worth: 251 and coverage: 297
Wed Jan 30 17:23:39 2019: Highest coverage kmer is: AAGGGTACGGGCCGCGCTCGT, with worth: 204 and coverage: 204
Wed Jan 30 17:24:13 2019: Highest coverage kmer is: CAGCGCACCCCCAAGAAGATG, with worth: 187 and coverage: 246
Wed Jan 30 17:24:45 2019: Highest coverage kmer is: AAACCATGGCGTCAAAAAGGT, with worth: 181 and coverage: 185
Wed Jan 30 17:25:08 2019: Highest coverage kmer is: TCAACAAGAAGATGTACCGCG, with worth: 117 and coverage: 175
Wed Jan 30 17:25:41 2019: Highest coverage kmer is: ACCCCGAAGAAGATGAAGGCC, with worth: 87 and coverage: 196
Wed Jan 30 17:26:03 2019: Highest coverage kmer is: AAGATGTACAAGCAGAAGGGT, with worth: 78 and coverage: 187
Wed Jan 30 17:26:17 2019: Highest coverage kmer is: AAACCTTGGCGTCAAAAAGGT, with worth: 78 and coverage: 78
Wed Jan 30 17:26:46 2019: Highest coverage kmer is: GAAGCCGTGGCGCCAGAAGGG, with worth: 75 and coverage: 167
Wed Jan 30 17:27:00 2019: Highest coverage kmer is: AAACCTTGGAGACAAAAAGGT, with worth: 72 and coverage: 72
Wed Jan 30 17:27:13 2019: Highest coverage kmer is: AAGGCCATCGTTTTAGACAGC, with worth: 71 and coverage: 71
Wed Jan 30 17:27:27 2019: Highest coverage kmer is: GTCGAGGAGTGGCTGGCATGA, with worth: 71 and coverage: 71
Wed Jan 30 17:27:45 2019: Highest coverage kmer is: GTAGAGGAGGTGCTTGCATAA, with worth: 67 and coverage: 180
Wed Jan 30 17:28:04 2019: Highest coverage kmer is: GTACAAGCAGAAGGGCACCGG, with worth: 67 and coverage: 95
Wed Jan 30 17:28:18 2019: Highest coverage kmer is: AAAGCACAGAAGTATTCTAAA, with worth: 66 and coverage: 66
Wed Jan 30 17:28:33 2019: Highest coverage kmer is: ACAGGTAGAGCAAGACAAGGT, with worth: 66 and coverage: 66
Wed Jan 30 17:29:01 2019: Highest coverage kmer is: CCACAATGGCGTGGTGGTGGT, with worth: 60 and coverage: 305
Wed Jan 30 17:29:28 2019: Highest coverage kmer is: GCCGCGTGACTACAGCCAGCG, with worth: 51 and coverage: 100
Wed Jan 30 17:29:43 2019: Highest coverage kmer is: ATCGAGGAGGTGTACGCATAA, with worth: 47 and coverage: 47
Wed Jan 30 17:29:57 2019: Highest coverage kmer is: AAATAAAAATGTATATTTGTC, with worth: 46 and coverage: 46
Wed Jan 30 17:30:10 2019: Highest coverage kmer is: CTACTCGACCAAGAAGATCTA, with worth: 46 and coverage: 46
Wed Jan 30 17:30:18 2019: Highest coverage kmer is: AAGAAGTTCGGTCGCCAGAAG, with worth: 44 and coverage: 44
Wed Jan 30 17:30:31 2019: Highest coverage kmer is: CAGCGCACCCCGAAGAAGATG, with worth: 43 and coverage: 137
Wed Jan 30 17:30:45 2019: Highest coverage kmer is: TGGCGTCAAAAGGGTACTGGT, with worth: 41 and coverage: 45
Wed Jan 30 17:30:58 2019: Highest coverage kmer is: AAGCCATGGCGCCAAAAAGGT, with worth: 39 and coverage: 40
Wed Jan 30 17:31:11 2019: Highest coverage kmer is: AAATAAAAACGTATATTTGTC, with worth: 37 and coverage: 37
Wed Jan 30 17:31:25 2019: Highest coverage kmer is: GGTCGTGCTCGTCAAGGTTCT, with worth: 36 and coverage: 59
Wed Jan 30 17:31:49 2019: Highest coverage kmer is: AAAAAGTAAACCGTAAAATGT, with worth: 34 and coverage: 193
Wed Jan 30 17:32:13 2019: Highest coverage kmer is: AAGCCGTGGCGTCAGAAGGGT, with worth: 34 and coverage: 52
Wed Jan 30 17:32:37 2019: Highest coverage kmer is: AAGCCGTACCGCCAGAAGGGC, with worth: 33 and coverage: 232
Wed Jan 30 17:33:01 2019: Highest coverage kmer is: ATTGAGGAGGTGTACGCATAA, with worth: 33 and coverage: 38
Wed Jan 30 17:33:24 2019: Highest coverage kmer is: AAACCTTGGAAACAAAAAGGT, with worth: 32 and coverage: 38
Wed Jan 30 17:33:35 2019: Highest coverage kmer is: AAATAATAATGTATATTTGTC, with worth: 31 and coverage: 31
Wed Jan 30 17:33:46 2019: Highest coverage kmer is: AGTATTAAATACATCAGGAAA, with worth: 26 and coverage: 26
Wed Jan 30 17:33:59 2019: Highest coverage kmer is: GTTCAGAAGGTAGAGGAGGTG, with worth: 25 and coverage: 30
Wed Jan 30 17:34:12 2019: Highest coverage kmer is: ACTAAAAAGCCTTTTAGACAA, with worth: 25 and coverage: 25
Wed Jan 30 17:34:31 2019: Highest coverage kmer is: AAGCCATGGCGTCAAAAAGGT, with worth: 24 and coverage: 173
Wed Jan 30 17:34:48 2019: Highest coverage kmer is: ATTGAGGAGGTGCTTGCATAA, with worth: 22 and coverage: 148
Wed Jan 30 17:35:10 2019: Highest coverage kmer is: AGAAGGTCAACCGCAAGATGT, with worth: 22 and coverage: 73
Wed Jan 30 17:35:32 2019: Highest coverage kmer is: AATATGGAAGGCAAAGAAGTT, with worth: 22 and coverage: 28
Wed Jan 30 17:35:53 2019: Highest coverage kmer is: AAGCCATGGCGTCAAAAAGGA, with worth: 22 and coverage: 24
Wed Jan 30 17:36:15 2019: Highest coverage kmer is: CCAGCTCAACACCTACGACGT, with worth: 20 and coverage: 143
Wed Jan 30 17:36:37 2019: Highest coverage kmer is: CGCCGACATCCTGCACCGCGT, with worth: 20 and coverage: 42
Wed Jan 30 17:36:58 2019: Highest coverage kmer is: ATTGAGGAGGTGTATGCATAA, with worth: 20 and coverage: 33
Wed Jan 30 17:37:08 2019: Highest coverage kmer is: AAAAAGTTAATAAAAAACAAA, with worth: 19 and coverage: 19
Wed Jan 30 17:37:19 2019: Highest coverage kmer is: AAAATTGAGGTAGAACTCGGA, with worth: 18 and coverage: 194
Wed Jan 30 17:37:30 2019: Highest coverage kmer is: AAAATTCAGGAGGTCTACAGT, with worth: 18 and coverage: 24
Wed Jan 30 17:37:41 2019: Highest coverage kmer is: AGAAGCTGAACAAGAAGATGT, with worth: 17 and coverage: 127
Wed Jan 30 17:37:51 2019: Highest coverage kmer is: CCGGCGGCGGCAAGAAGCCGT, with worth: 17 and coverage: 63
Wed Jan 30 17:38:01 2019: Highest coverage kmer is: ATGGCGCCAAAAAGGAACTGG, with worth: 17 and coverage: 38
Wed Jan 30 17:38:09 2019: Highest coverage kmer is: CTGGAGGCTCGCCTGAAATGA, with worth: 17 and coverage: 33
Wed Jan 30 17:38:14 2019: Highest coverage kmer is: AAGAAAACCTTTCAAACAAAA, with worth: 17 and coverage: 17
Wed Jan 30 17:38:24 2019: Highest coverage kmer is: CAGCGCACGCCCAAGAAGATG, with worth: 16 and coverage: 74
Wed Jan 30 17:38:35 2019: Highest coverage kmer is: AAACAAAAAGGTACTGGTGGT, with worth: 16 and coverage: 17
Wed Jan 30 17:38:45 2019: Highest coverage kmer is: TAATAAAAAAATGTACAAACG, with worth: 16 and coverage: 17
Wed Jan 30 17:38:55 2019: Highest coverage kmer is: TCAACAAGAAGATGTATCGCG, with worth: 15 and coverage: 92
Wed Jan 30 17:39:00 2019: Highest coverage kmer is: ATGGATATTAACGTATTAGAT, with worth: 15 and coverage: 15
Wed Jan 30 17:39:11 2019: Highest coverage kmer is: AGAAGGGCACCGGTCGTGCCC, with worth: 14 and coverage: 38
Wed Jan 30 17:39:26 2019: Highest coverage kmer is: CAGCGCACCCCTAAGAAGATG, with worth: 14 and coverage: 29
Wed Jan 30 17:39:38 2019: Highest coverage kmer is: AAAACCATGGAGACAAAAAGG, with worth: 14 and coverage: 21
Wed Jan 30 17:39:49 2019: Highest coverage kmer is: GGCGTCAGAAGGGCACCGGCC, with worth: 14 and coverage: 16
Wed Jan 30 17:39:57 2019: Highest coverage kmer is: AAAACTAAAACAGTATCAGAA, with worth: 14 and coverage: 14
Wed Jan 30 17:40:09 2019: Highest coverage kmer is: CTCTTGAGGAGCGTTTTAAAT, with worth: 14 and coverage: 14
Wed Jan 30 17:40:27 2019: Highest coverage kmer is: AAAGGAACTGGACGTGCTCGT, with worth: 13 and coverage: 210
Wed Jan 30 17:40:45 2019: Highest coverage kmer is: ATGACATCCTCAAGCGTGACA, with worth: 13 and coverage: 32
Wed Jan 30 17:41:03 2019: Highest coverage kmer is: GATCACAGCCAAAAAGTTAAC, with worth: 13 and coverage: 25
Wed Jan 30 17:41:14 2019: Highest coverage kmer is: AAATAATAACGTATATTTGTC, with worth: 13 and coverage: 13
Wed Jan 30 17:41:31 2019: Highest coverage kmer is: CTCTTTCTCAAGTAGAGGAGG, with worth: 12 and coverage: 37
Wed Jan 30 17:41:49 2019: Highest coverage kmer is: AACGTCTACGACATCCTGAAG, with worth: 12 and coverage: 30
Wed Jan 30 17:42:06 2019: Highest coverage kmer is: AAGCCTTGGAAACAAAAAGGT, with worth: 12 and coverage: 22
Wed Jan 30 17:42:23 2019: Highest coverage kmer is: ATGGCGTCAAAAAGGCACAGG, with worth: 12 and coverage: 16
Wed Jan 30 17:42:39 2019: Highest coverage kmer is: AAAGCCTTGGAGACAAAAAGG, with worth: 12 and coverage: 15
Wed Jan 30 17:42:55 2019: Highest coverage kmer is: CCGCAGTTCCGCGGCGGCGGC, with worth: 11 and coverage: 92
Wed Jan 30 17:43:11 2019: Highest coverage kmer is: TGGCGCCAGAAGGGCACCGGC, with worth: 11 and coverage: 40
Wed Jan 30 17:43:26 2019: Highest coverage kmer is: CGCCCGTCAGGGTTCGATCCG, with worth: 11 and coverage: 25
Wed Jan 30 17:43:42 2019: Highest coverage kmer is: AAGGGTACTGGTCGTGCACGT, with worth: 11 and coverage: 16
Wed Jan 30 17:43:50 2019: Highest coverage kmer is: ACCCGCCGAAGGCCGAGAAGG, with worth: 11 and coverage: 11
Wed Jan 30 17:44:07 2019: Highest coverage kmer is: AGAAGGGTACCGGCCGCGCTC, with worth: 10 and coverage: 37
Wed Jan 30 17:44:21 2019: Highest coverage kmer is: CAACGTCTACGACATCCTGCG, with worth: 10 and coverage: 29
Wed Jan 30 17:44:37 2019: Highest coverage kmer is: GCCAACGTCTATGACATCCTG, with worth: 10 and coverage: 26
Wed Jan 30 17:44:53 2019: Highest coverage kmer is: ATCAGCTCAACACCTACGATG, with worth: 10 and coverage: 20
Wed Jan 30 17:45:07 2019: Highest coverage kmer is: ATCGAGGAGTGGCTGGCATGA, with worth: 10 and coverage: 19
Wed Jan 30 17:45:16 2019: Highest coverage kmer is: CGTCGTGGTGATATCAACTCT, with worth: 10 and coverage: 12
Wed Jan 30 17:45:24 2019: Highest coverage kmer is: AAAGCCTTGGAAGCAAAAAGG, with worth: 10 and coverage: 10
Wed Jan 30 17:45:32 2019: Highest coverage kmer is: CTGAAGGAGCGCCTGGCATGA, with worth: 10 and coverage: 10
Wed Jan 30 17:45:47 2019: Highest coverage kmer is: GAATAAAAATGTATATTTGTC, with worth: 10 and coverage: 10
Wed Jan 30 17:46:02 2019: Highest coverage kmer is: CAAAAAGGAACAGGTCGTGCT, with worth: 9 and coverage: 830
Wed Jan 30 17:46:18 2019: Highest coverage kmer is: CCGAACATCGACGTGCTGCCG, with worth: 9 and coverage: 17
Wed Jan 30 17:46:33 2019: Highest coverage kmer is: ATTTGCACCAAAGCCAAGAGA, with worth: 9 and coverage: 13
Wed Jan 30 17:46:49 2019: Highest coverage kmer is: AAAGTGAACCGTAAAATGTAC, with worth: 9 and coverage: 12
Wed Jan 30 17:47:04 2019: Highest coverage kmer is: CTGTCTCCGAAACTACTTTTG, with worth: 9 and coverage: 10
Wed Jan 30 17:47:14 2019: Highest coverage kmer is: AGATATTACAGGAAAAGATAC, with worth: 9 and coverage: 9
Wed Jan 30 17:47:28 2019: Highest coverage kmer is: GGTGGTGGTAAGAAGCCTTGG, with worth: 8 and coverage: 24
Wed Jan 30 17:47:42 2019: Highest coverage kmer is: GGCGGTCGCATCTTCCCGAAC, with worth: 8 and coverage: 17
Wed Jan 30 17:47:56 2019: Highest coverage kmer is: GAAGCAGAAGGGCACCGGCCG, with worth: 8 and coverage: 15
Wed Jan 30 17:48:10 2019: Highest coverage kmer is: AAGCCATGGCGTCAGAAGGGT, with worth: 8 and coverage: 14
Wed Jan 30 17:48:24 2019: Highest coverage kmer is: AAAGAAACAGGTGCCAAGGTG, with worth: 8 and coverage: 13
Wed Jan 30 17:48:36 2019: Highest coverage kmer is: AAGCCATGGCGCCAAAAAGGC, with worth: 8 and coverage: 13
Wed Jan 30 17:48:49 2019: Highest coverage kmer is: AAAACCTTGAAGACAAAAAGG, with worth: 8 and coverage: 11
Wed Jan 30 17:49:02 2019: Highest coverage kmer is: AAACCATGGCGTCAAAAAGGG, with worth: 8 and coverage: 11
Wed Jan 30 17:49:08 2019: Highest coverage kmer is: AAACCTTGAAAACAAAAAGGT, with worth: 8 and coverage: 8
Wed Jan 30 17:49:14 2019: Highest coverage kmer is: AGAGGAAGAAAATACAAAAAA, with worth: 8 and coverage: 8
Wed Jan 30 17:49:21 2019: Highest coverage kmer is: GGCCGCCCGCAACCTCGCGGG, with worth: 8 and coverage: 8
Wed Jan 30 17:49:35 2019: Highest coverage kmer is: CAACGAAGCGCTGGTTCACCA, with worth: 7 and coverage: 990
Wed Jan 30 17:49:49 2019: Highest coverage kmer is: CCAGCTGAACACCTACGACGT, with worth: 7 and coverage: 83
Wed Jan 30 17:50:03 2019: Highest coverage kmer is: CTACAAGCAGAAGGGCACCGG, with worth: 7 and coverage: 47
Wed Jan 30 17:50:16 2019: Highest coverage kmer is: CAAGAAGATCTATCGCCAGAA, with worth: 7 and coverage: 42
Wed Jan 30 17:50:30 2019: Highest coverage kmer is: CGCGCACCGGCAAGAAGTTCG, with worth: 7 and coverage: 18
Wed Jan 30 17:50:43 2019: Highest coverage kmer is: TGGAGACAGAAAGGAACAGGT, with worth: 7 and coverage: 17
Wed Jan 30 17:50:56 2019: Highest coverage kmer is: ATCGAGGAGGTGTATGCATAA, with worth: 7 and coverage: 11
Wed Jan 30 17:51:10 2019: Highest coverage kmer is: AAGCCTTGGCGTCAAAAAGGT, with worth: 7 and coverage: 10
Wed Jan 30 17:51:23 2019: Highest coverage kmer is: CAAGCCCTGGCGCCAGAAGGG, with worth: 7 and coverage: 9
Wed Jan 30 17:51:30 2019: Highest coverage kmer is: AACTTGAGGAGCAATGGGTAT, with worth: 7 and coverage: 7
Wed Jan 30 17:51:37 2019: Highest coverage kmer is: AAGCCTTATAGGCAGAAGCAT, with worth: 7 and coverage: 7
Wed Jan 30 17:51:44 2019: Highest coverage kmer is: CTACACCCTGCCCCGCAAGGT, with worth: 7 and coverage: 7
Wed Jan 30 17:51:57 2019: Highest coverage kmer is: AGCGGACCCCGAAGAAGATGA, with worth: 6 and coverage: 186
Wed Jan 30 17:52:10 2019: Highest coverage kmer is: AGAAGGGTACGGGCCGCGCCC, with worth: 6 and coverage: 83
Wed Jan 30 17:52:23 2019: Highest coverage kmer is: ACTGGCCGTGCTCGTGCTGGT, with worth: 6 and coverage: 45
Wed Jan 30 17:52:35 2019: Highest coverage kmer is: CGTAAGATTAAAAAACAAAAA, with worth: 6 and coverage: 28
Wed Jan 30 17:52:48 2019: Highest coverage kmer is: TGGAGACAAAAAGGAACAGGT, with worth: 6 and coverage: 26
Wed Jan 30 17:53:00 2019: Highest coverage kmer is: AGTAAGCGGTGGTGGTAAAAA, with worth: 6 and coverage: 19
Wed Jan 30 17:53:13 2019: Highest coverage kmer is: TGGCAGCTGGCCAAGCGCCGC, with worth: 6 and coverage: 19
Wed Jan 30 17:53:25 2019: Highest coverage kmer is: AAAGCAGGGGAGGTGCTTGCA, with worth: 6 and coverage: 18
Wed Jan 30 17:53:37 2019: Highest coverage kmer is: AAAAGGGTACAGGTCGTGCTC, with worth: 6 and coverage: 12
Wed Jan 30 17:53:50 2019: Highest coverage kmer is: CAGGAAAAGAAACCGGAAGAA, with worth: 6 and coverage: 12
Wed Jan 30 17:54:02 2019: Highest coverage kmer is: GCCGGCACCCACAAGGTGAAG, with worth: 6 and coverage: 12
Wed Jan 30 17:54:14 2019: Highest coverage kmer is: GTGGTGGTGGTAAGAAGCCTT, with worth: 6 and coverage: 10
Wed Jan 30 17:54:26 2019: Highest coverage kmer is: AAGCCATGGAGACAAAAAGGT, with worth: 6 and coverage: 8
Wed Jan 30 17:54:37 2019: Highest coverage kmer is: CAAACCCTGGCGGCAAAAAGG, with worth: 6 and coverage: 8
Wed Jan 30 17:54:40 2019: Highest coverage kmer is: AAAAAACCATGAAGACAAAAA, with worth: 6 and coverage: 6
Wed Jan 30 17:54:43 2019: Highest coverage kmer is: AACAGTACGAGACCTGGACGG, with worth: 6 and coverage: 6
Wed Jan 30 17:54:45 2019: Highest coverage kmer is: ATGGAAAAGAAAGTCTATTCA, with worth: 6 and coverage: 6
Wed Jan 30 17:54:49 2019: Highest coverage kmer is: GCACGTCACGGTAACCGTAAA, with worth: 6 and coverage: 6
Wed Jan 30 17:54:55 2019: Highest coverage kmer is: CAAGAAGATGATCGCCGCGGC, with worth: 5 and coverage: 382
Wed Jan 30 17:55:02 2019: Highest coverage kmer is: CGGTGGTCGGATTTTCCCGAA, with worth: 5 and coverage: 69
Wed Jan 30 17:55:08 2019: Highest coverage kmer is: GGCGTCAGAAGGGCACCGGTC, with worth: 5 and coverage: 63
Wed Jan 30 17:55:14 2019: Highest coverage kmer is: TCTATCCGTTCACCACAATGG, with worth: 5 and coverage: 61
Wed Jan 30 17:55:20 2019: Highest coverage kmer is: ATGAAAGTAGCAGTTTTAGAT, with worth: 5 and coverage: 22
Wed Jan 30 17:55:27 2019: Highest coverage kmer is: CGCTCTTGAAGTATCCGAAGC, with worth: 5 and coverage: 17
Wed Jan 30 17:55:33 2019: Highest coverage kmer is: AAAAACGTATATTTGTCGGCT, with worth: 5 and coverage: 16
Wed Jan 30 17:55:39 2019: Highest coverage kmer is: AAAGCCTTGGAGACAGAAGGG, with worth: 5 and coverage: 15
Wed Jan 30 17:55:45 2019: Highest coverage kmer is: GGTGGTGGTAAAAAGCCATGG, with worth: 5 and coverage: 14
Wed Jan 30 17:55:51 2019: Highest coverage kmer is: AAAATCAACAAAAAACAAAAG, with worth: 5 and coverage: 11
Wed Jan 30 17:55:57 2019: Highest coverage kmer is: AGAGGTGGAGGAAGAAAGCCT, with worth: 5 and coverage: 9
Wed Jan 30 17:56:03 2019: Highest coverage kmer is: GGTGGAGCACGTCGTGGTGAT, with worth: 5 and coverage: 9
Wed Jan 30 17:56:09 2019: Highest coverage kmer is: AAGCCTTGGAAACAAAAAGGA, with worth: 5 and coverage: 8
Wed Jan 30 17:56:14 2019: Highest coverage kmer is: ACCGCGTCGTCCGCTGGCAGC, with worth: 5 and coverage: 8
Wed Jan 30 17:56:24 2019: Highest coverage kmer is: GGACATCCTGCACCGCATGGT, with worth: 5 and coverage: 8
Wed Jan 30 17:56:35 2019: Highest coverage kmer is: TATGACATCCTGCGCCGTGAC, with worth: 5 and coverage: 8
Wed Jan 30 17:56:41 2019: Highest coverage kmer is: ACCAGCGCCAGGGTACGCACA, with worth: 5 and coverage: 7
Wed Jan 30 17:56:47 2019: Highest coverage kmer is: AAAAAGCCCTGGCGTCAAAAA, with worth: 5 and coverage: 6
Wed Jan 30 17:56:52 2019: Highest coverage kmer is: AAGAAGCCATGGCGCCAGAAG, with worth: 5 and coverage: 6
Wed Jan 30 17:56:56 2019: Highest coverage kmer is: TTCGAGGAGATGCTGGGATGA, with worth: 5 and coverage: 6
Wed Jan 30 17:56:58 2019: Highest coverage kmer is: AAAGCACAGAAGTACTCAAAA, with worth: 5 and coverage: 5
Wed Jan 30 17:57:01 2019: Highest coverage kmer is: AATCCGCTCTGCAATCGCAGC, with worth: 5 and coverage: 5
Wed Jan 30 17:57:03 2019: Highest coverage kmer is: AGGGCTGGAAAGGGCAAAATG, with worth: 5 and coverage: 5
Wed Jan 30 17:57:06 2019: Highest coverage kmer is: ATGCCTAAAGTAGCTTTATAT, with worth: 5 and coverage: 5
Wed Jan 30 17:57:09 2019: Highest coverage kmer is: GTACCGGTAGGGCAAGACAAG, with worth: 5 and coverage: 5
Wed Jan 30 17:57:11 2019: Highest coverage kmer is: TCAAAAAGGTGGCGGTAGAGC, with worth: 5 and coverage: 5
Wed Jan 30 17:57:17 2019: Highest coverage kmer is: CCAAAAACAAAAGAATTCAAA, with worth: 4 and coverage: 168
Wed Jan 30 17:57:22 2019: Highest coverage kmer is: TTCGGTATCGAACCAAACGAA, with worth: 4 and coverage: 107
Wed Jan 30 17:57:28 2019: Highest coverage kmer is: ATCTTCCCGAATTCGCCGGAA, with worth: 4 and coverage: 54
Wed Jan 30 17:57:33 2019: Highest coverage kmer is: CTCCGGCGGCGGCAAGAAGCC, with worth: 4 and coverage: 37
Wed Jan 30 17:57:42 2019: Highest coverage kmer is: AAGGGCACCGGCCGTGCCCGC, with worth: 4 and coverage: 20
Wed Jan 30 17:57:52 2019: Highest coverage kmer is: CCAAAAAGGCACCGGTGGCGC, with worth: 4 and coverage: 17
Wed Jan 30 17:58:02 2019: Highest coverage kmer is: GAAGCCGTTCCGTCAGAAGGG, with worth: 4 and coverage: 15
Wed Jan 30 17:58:12 2019: Highest coverage kmer is: GGTGGTGGTGTGATCTTTGGG, with worth: 4 and coverage: 12
Wed Jan 30 17:58:22 2019: Highest coverage kmer is: ACAAGAGCTCCACAGTGGACA, with worth: 4 and coverage: 11
Wed Jan 30 17:58:32 2019: Highest coverage kmer is: GGCTAATCAGCGTCAGGGTAC, with worth: 4 and coverage: 10
Wed Jan 30 17:58:42 2019: Highest coverage kmer is: GTGGTGGCCGTGTATTCGGTC, with worth: 4 and coverage: 8
Wed Jan 30 17:58:51 2019: Highest coverage kmer is: ACTACAGCTACACCCTGCCCA, with worth: 4 and coverage: 7
Wed Jan 30 17:59:01 2019: Highest coverage kmer is: CGTCACCAGCGAGGAGCCGTC, with worth: 4 and coverage: 7
Wed Jan 30 17:59:11 2019: Highest coverage kmer is: AAAACTTATTTAGCATTTAGA, with worth: 4 and coverage: 6
Wed Jan 30 17:59:20 2019: Highest coverage kmer is: AAAGGTGGTGGTACCATCTTC, with worth: 4 and coverage: 6
Wed Jan 30 17:59:29 2019: Highest coverage kmer is: AACTGGTCGTGCCCGTCAAGG, with worth: 4 and coverage: 6
Wed Jan 30 17:59:38 2019: Highest coverage kmer is: AGGTTCGCGGCGGTGGCCGTA, with worth: 4 and coverage: 6
Wed Jan 30 17:59:46 2019: Highest coverage kmer is: ACAAAAAGGTACTGGTAATGC, with worth: 4 and coverage: 5
Wed Jan 30 17:59:52 2019: Highest coverage kmer is: ACAAATGACCAATTCTCGCCA, with worth: 4 and coverage: 5
Wed Jan 30 17:59:58 2019: Highest coverage kmer is: TAATAAAAACGTATATTTGTC, with worth: 4 and coverage: 5
Wed Jan 30 18:00:02 2019: Highest coverage kmer is: AAAAAGTAGGGACCCTGGAAA, with worth: 4 and coverage: 4
Wed Jan 30 18:00:07 2019: Highest coverage kmer is: AAAAAGTTTTGGTTATTCTTG, with worth: 4 and coverage: 4
Wed Jan 30 18:00:11 2019: Highest coverage kmer is: AAAAATTAAAAAGCAAAAAGG, with worth: 4 and coverage: 4
Wed Jan 30 18:00:15 2019: Highest coverage kmer is: AACCATCCAGGAGGTCTACGG, with worth: 4 and coverage: 4
Wed Jan 30 18:00:19 2019: Highest coverage kmer is: AACGTCTATGACATCCTCAAC, with worth: 4 and coverage: 4
Wed Jan 30 18:00:23 2019: Highest coverage kmer is: AAGGTCGAGAAGATAATCTGG, with worth: 4 and coverage: 4
Wed Jan 30 18:00:28 2019: Highest coverage kmer is: ACCGCCCGTCATGGCGATCGT, with worth: 4 and coverage: 4
Wed Jan 30 18:00:32 2019: Highest coverage kmer is: AGCTTCAAACTGAACAAGAAA, with worth: 4 and coverage: 4
Wed Jan 30 18:00:38 2019: Highest coverage kmer is: ATCAGAGACAAGGTACGCACA, with worth: 4 and coverage: 4
Wed Jan 30 18:00:43 2019: Highest coverage kmer is: CCTTGGCGTCAAAAAGGCACA, with worth: 4 and coverage: 4
Wed Jan 30 18:00:52 2019: Highest coverage kmer is: TGGCGCCAGAAAGGCACCGGC, with worth: 3 and coverage: 551
Wed Jan 30 18:01:01 2019: Highest coverage kmer is: GAAGATGTACAAGCAGAAGGG, with worth: 3 and coverage: 72
Wed Jan 30 18:01:10 2019: Highest coverage kmer is: AGCGGACCCCCAAGAAGATGA, with worth: 3 and coverage: 70
Wed Jan 30 18:01:19 2019: Highest coverage kmer is: AAAGGTACTGGTCGTGCTCGT, with worth: 3 and coverage: 53
Wed Jan 30 18:01:28 2019: Highest coverage kmer is: AAGCCGCGCAGCTTCGAGCAG, with worth: 3 and coverage: 51
Wed Jan 30 18:01:37 2019: Highest coverage kmer is: TCAGCTCAACACCTACGACGT, with worth: 3 and coverage: 48
Wed Jan 30 18:01:45 2019: Highest coverage kmer is: CGCTCGTCAGGGCTCGATCCG, with worth: 3 and coverage: 47
Wed Jan 30 18:01:54 2019: Highest coverage kmer is: TCCGCAGTTCCGCGGCGGTGG, with worth: 3 and coverage: 47
Wed Jan 30 18:02:03 2019: Highest coverage kmer is: GAAGCCCTGGCGCCAGAAGGG, with worth: 3 and coverage: 37
Wed Jan 30 18:02:12 2019: Highest coverage kmer is: AAGAAGCCATGGCGTCAAAAG, with worth: 3 and coverage: 29
Wed Jan 30 18:02:21 2019: Highest coverage kmer is: ATTGAGGAGATGCTGGCATGA, with worth: 3 and coverage: 26
Wed Jan 30 18:02:29 2019: Highest coverage kmer is: AAAAAGCCGTGGCGTCAGAAG, with worth: 3 and coverage: 25
Wed Jan 30 18:02:38 2019: Highest coverage kmer is: CAAGCCGTGGCGCCAGAAGGG, with worth: 3 and coverage: 25
Wed Jan 30 18:02:46 2019: Highest coverage kmer is: CGTAGGTGGTGGACGTGTATT, with worth: 3 and coverage: 22
Wed Jan 30 18:02:54 2019: Highest coverage kmer is: GGTACAGGACGTGCTCGTCAA, with worth: 3 and coverage: 14
Wed Jan 30 18:03:03 2019: Highest coverage kmer is: GGTCGCAAACCTTGGCGGCAA, with worth: 3 and coverage: 13
Wed Jan 30 18:03:11 2019: Highest coverage kmer is: AAAAAACAAAAAGGAACAGGT, with worth: 3 and coverage: 12
Wed Jan 30 18:03:19 2019: Highest coverage kmer is: AAGCTGGAGGCGCGTTTCAAT, with worth: 3 and coverage: 12
Wed Jan 30 18:03:28 2019: Highest coverage kmer is: CCGCTGGCAGCTCGCCAAGCG, with worth: 3 and coverage: 12
Wed Jan 30 18:03:36 2019: Highest coverage kmer is: AAGCCTTGGAAGCAAAAGGGT, with worth: 3 and coverage: 11
Wed Jan 30 18:03:44 2019: Highest coverage kmer is: GCTCGTCAAGGGTCAATCCGT, with worth: 3 and coverage: 10
Wed Jan 30 18:03:52 2019: Highest coverage kmer is: AGAAGGTGAACCGCAAGATGT, with worth: 3 and coverage: 9
Wed Jan 30 18:04:00 2019: Highest coverage kmer is: AAATATAAGAGATTTAAAGAT, with worth: 3 and coverage: 8
Wed Jan 30 18:04:08 2019: Highest coverage kmer is: CAAAAAGGAACAGGTAGAGCT, with worth: 3 and coverage: 8
Wed Jan 30 18:04:13 2019: Highest coverage kmer is: CCGCTGTGGCGTGGCGGCGGC, with worth: 3 and coverage: 8
Wed Jan 30 18:04:17 2019: Highest coverage kmer is: CGCGCGTGGTGCACTGGCAGC, with worth: 3 and coverage: 8
Wed Jan 30 18:04:21 2019: Highest coverage kmer is: CAAAAAGGAACTGGTCGTGCA, with worth: 3 and coverage: 7
Wed Jan 30 18:04:25 2019: Highest coverage kmer is: GCTGGTACTATCCGCAGCCCA, with worth: 3 and coverage: 7
Wed Jan 30 18:04:30 2019: Highest coverage kmer is: ACCAGGTCGTCGTTGCGCAGC, with worth: 3 and coverage: 6
Wed Jan 30 18:04:34 2019: Highest coverage kmer is: ACGCCGGCCGAATCGTTCGGT, with worth: 3 and coverage: 6
Wed Jan 30 18:04:38 2019: Highest coverage kmer is: CACCGCCAGCACCAAGACCCG, with worth: 3 and coverage: 6
Wed Jan 30 18:04:43 2019: Highest coverage kmer is: CCAATTTGGGTAGGTGGTGGT, with worth: 3 and coverage: 6
Wed Jan 30 18:04:50 2019: Highest coverage kmer is: GGTGGTGGTGCTAAGCCATGG, with worth: 3 and coverage: 6
Wed Jan 30 18:04:58 2019: Highest coverage kmer is: AAAAGGGAACCGGTCGCGCTC, with worth: 3 and coverage: 5
Wed Jan 30 18:05:05 2019: Highest coverage kmer is: AAAGCCCTGGAGACAGAAGGG, with worth: 3 and coverage: 5
Wed Jan 30 18:05:13 2019: Highest coverage kmer is: AAAGCCTTGGCGCCAAAAAGG, with worth: 3 and coverage: 5
Wed Jan 30 18:05:20 2019: Highest coverage kmer is: AGAAGCTGAACAAGAAAATGT, with worth: 3 and coverage: 5
Wed Jan 30 18:05:28 2019: Highest coverage kmer is: CAAAAAGGAACTGGTAGAGCT, with worth: 3 and coverage: 5
Wed Jan 30 18:05:35 2019: Highest coverage kmer is: GGCGGCGGCAAGAAGCCATGG, with worth: 3 and coverage: 5
Wed Jan 30 18:05:43 2019: Highest coverage kmer is: AAAGGCACCGGCCGCGCCCGT, with worth: 3 and coverage: 4
Wed Jan 30 18:05:50 2019: Highest coverage kmer is: AAGAAGCTGTGGAAGCAGAAG, with worth: 3 and coverage: 4
Wed Jan 30 18:05:57 2019: Highest coverage kmer is: ACGATTTCAAACTGAACCGTA, with worth: 3 and coverage: 4
Wed Jan 30 18:06:04 2019: Highest coverage kmer is: AGCCCCGCGATTACAGCTTCA, with worth: 3 and coverage: 4
Wed Jan 30 18:06:09 2019: Highest coverage kmer is: ATATTCAAGAAGCTTGGAATA, with worth: 3 and coverage: 4
Wed Jan 30 18:06:13 2019: Highest coverage kmer is: ATGGCAGGTAAAAGAACTTCT, with worth: 3 and coverage: 4
Wed Jan 30 18:06:16 2019: Highest coverage kmer is: CCGATCTTCCGCGGTGGTGGT, with worth: 3 and coverage: 4
Wed Jan 30 18:06:17 2019: Highest coverage kmer is: AAAAAAGCCGTACCGACAAAA, with worth: 3 and coverage: 3
Wed Jan 30 18:06:19 2019: Highest coverage kmer is: AAAAAGATCGAGGAATGGTTG, with worth: 3 and coverage: 3
Wed Jan 30 18:06:20 2019: Highest coverage kmer is: AAAAAGGGACAGGCCGCGCTC, with worth: 3 and coverage: 3
Wed Jan 30 18:06:22 2019: Highest coverage kmer is: AAAATCCAGGAGGTTTACGGT, with worth: 3 and coverage: 3
Wed Jan 30 18:06:24 2019: Highest coverage kmer is: AAAATGTATCGCGGTGCCATG, with worth: 3 and coverage: 3
Wed Jan 30 18:06:25 2019: Highest coverage kmer is: AAAATTTGATCAGCATGTTCG, with worth: 3 and coverage: 3
Wed Jan 30 18:06:27 2019: Highest coverage kmer is: AAAGAAACCTTGGAGACAGAA, with worth: 3 and coverage: 3
Wed Jan 30 18:06:28 2019: Highest coverage kmer is: AAAGATGTCAAAGTACTCAAG, with worth: 3 and coverage: 3
Wed Jan 30 18:06:30 2019: Highest coverage kmer is: AAAGGTACTGGTAATGCACGT, with worth: 3 and coverage: 3
Wed Jan 30 18:06:32 2019: Highest coverage kmer is: AAATATTCCAAATGTTAAAGT, with worth: 3 and coverage: 3
Wed Jan 30 18:06:33 2019: Highest coverage kmer is: AAGGCTCGCACAACACGCGAA, with worth: 3 and coverage: 3
Wed Jan 30 18:06:35 2019: Highest coverage kmer is: AAGGGTACCGGTAACGCTCGT, with worth: 3 and coverage: 3
Wed Jan 30 18:06:36 2019: Highest coverage kmer is: AATCAGCAGCGACAGGTTGTG, with worth: 3 and coverage: 3
Wed Jan 30 18:06:38 2019: Highest coverage kmer is: AATTTGCATAATGTAACTTTG, with worth: 3 and coverage: 3
Wed Jan 30 18:06:40 2019: Highest coverage kmer is: ACAAAAAGGAACAGGTAATGC, with worth: 3 and coverage: 3
Wed Jan 30 18:06:43 2019: Highest coverage kmer is: ACCTGGCCAACCAACGTCAGG, with worth: 3 and coverage: 3
Wed Jan 30 18:06:46 2019: Highest coverage kmer is: AGAAGCTGAACAAAAAAATGT, with worth: 3 and coverage: 3
Wed Jan 30 18:06:49 2019: Highest coverage kmer is: AGAGGCTTAGGGAGATTTACG, with worth: 3 and coverage: 3
Wed Jan 30 18:06:52 2019: Highest coverage kmer is: AGGACGACTGACCGTCTGGAC, with worth: 3 and coverage: 3
Wed Jan 30 18:06:55 2019: Highest coverage kmer is: AGTAAGTTGGAAACCATTTTA, with worth: 3 and coverage: 3
Wed Jan 30 18:06:58 2019: Highest coverage kmer is: ATAGCTTCAAACTGAATAAGA, with worth: 3 and coverage: 3
Wed Jan 30 18:07:00 2019: Highest coverage kmer is: CAGAAGGGTACCGGTAGAGCA, with worth: 3 and coverage: 3
Wed Jan 30 18:07:03 2019: Highest coverage kmer is: CAGCGCCAGGGTACACATAAA, with worth: 3 and coverage: 3
Wed Jan 30 18:07:06 2019: Highest coverage kmer is: CCGAGTTCGGCGGGAAGATCA, with worth: 3 and coverage: 3
Wed Jan 30 18:07:09 2019: Highest coverage kmer is: CGATCCTGTTCGTCACGAGCG, with worth: 3 and coverage: 3
Wed Jan 30 18:07:11 2019: Highest coverage kmer is: CGGCGGTACGGTATTCGGACC, with worth: 3 and coverage: 3
Wed Jan 30 18:07:16 2019: Highest coverage kmer is: TAAATAAAAAAATGTACCGTG, with worth: 3 and coverage: 3
Wed Jan 30 18:07:22 2019: Highest coverage kmer is: GCGTCAAAAAGGAACTGGACG, with worth: 2 and coverage: 349
Wed Jan 30 18:07:28 2019: Highest coverage kmer is: CAAAAAGGTACTGGTCGCGCT, with worth: 2 and coverage: 213
Wed Jan 30 18:07:34 2019: Highest coverage kmer is: CGTAGCCCAATCTGGGTTGGT, with worth: 2 and coverage: 141
Wed Jan 30 18:07:41 2019: Highest coverage kmer is: GTACGTCAAGATCGTCTGATC, with worth: 2 and coverage: 140
Wed Jan 30 18:07:47 2019: Highest coverage kmer is: ATTGAGGAGGTTCTTGCATAA, with worth: 2 and coverage: 102
Wed Jan 30 18:07:53 2019: Highest coverage kmer is: GCGTCAGGGCACTCGTGCTCA, with worth: 2 and coverage: 94
Wed Jan 30 18:07:59 2019: Highest coverage kmer is: CTTGAGGAGCGTTTCAAATGA, with worth: 2 and coverage: 73
Wed Jan 30 18:08:05 2019: Highest coverage kmer is: AAAACCTTGGAGACAAAAAGG, with worth: 2 and coverage: 67
Wed Jan 30 18:08:11 2019: Highest coverage kmer is: AAAGGAACAGGTCGTGCACGT, with worth: 2 and coverage: 59
Wed Jan 30 18:08:17 2019: Highest coverage kmer is: ACAGGTCGTGCCCGTCAAGGT, with worth: 2 and coverage: 56
Wed Jan 30 18:08:23 2019: Highest coverage kmer is: AAAATCAATAAAAAACAAAAA, with worth: 2 and coverage: 52
Wed Jan 30 18:08:29 2019: Highest coverage kmer is: AGGGCATCAACGTCTACGACA, with worth: 2 and coverage: 52
Wed Jan 30 18:08:34 2019: Highest coverage kmer is: GGTCGCCAGAAGGGCGGCGGT, with worth: 2 and coverage: 38
Wed Jan 30 18:08:40 2019: Highest coverage kmer is: GGTGGTGGTAAAAAACCATGG, with worth: 2 and coverage: 35
Wed Jan 30 18:08:46 2019: Highest coverage kmer is: CAAAAAGCCGTGGCGCCAGAA, with worth: 2 and coverage: 32
Wed Jan 30 18:08:52 2019: Highest coverage kmer is: CTATCGCCAGAAGGGCACCGG, with worth: 2 and coverage: 31
Wed Jan 30 18:08:58 2019: Highest coverage kmer is: TCAACCGCAAGATGTACCGCG, with worth: 2 and coverage: 29
Wed Jan 30 18:09:03 2019: Highest coverage kmer is: ACAGTCAAAAAGTTAATAAAA, with worth: 2 and coverage: 19
Wed Jan 30 18:09:09 2019: Highest coverage kmer is: GCACCAAAGCCAAGAGATTAT, with worth: 2 and coverage: 19
Wed Jan 30 18:09:15 2019: Highest coverage kmer is: GCCCGTCAGGGTTCGATCCGC, with worth: 2 and coverage: 19
Wed Jan 30 18:09:20 2019: Highest coverage kmer is: CAAGCCGTTCCGCCAGAAGGG, with worth: 2 and coverage: 18
Wed Jan 30 18:09:26 2019: Highest coverage kmer is: CGCGCTTCCCTTCGTCAAGGT, with worth: 2 and coverage: 18
Wed Jan 30 18:09:32 2019: Highest coverage kmer is: AAAAGAGACCGGAAGAAAAGT, with worth: 2 and coverage: 16
Wed Jan 30 18:09:37 2019: Highest coverage kmer is: AGCTATTCTTACAAATTACCT, with worth: 2 and coverage: 15
Wed Jan 30 18:09:43 2019: Highest coverage kmer is: AAACCTTGGCGTCAGAAAGGT, with worth: 2 and coverage: 13
Wed Jan 30 18:09:48 2019: Highest coverage kmer is: GCTAACCAGCGTCAGGGTACA, with worth: 2 and coverage: 11
Wed Jan 30 18:09:54 2019: Highest coverage kmer is: TGGAGACAGAAGGGAACAGGT, with worth: 2 and coverage: 11
Wed Jan 30 18:09:59 2019: Highest coverage kmer is: AGAAGGTTAACCGCAAGATGT, with worth: 2 and coverage: 10
Wed Jan 30 18:10:05 2019: Highest coverage kmer is: TAAGCCTTGGAGACAAAAAGG, with worth: 2 and coverage: 10
Wed Jan 30 18:10:10 2019: Highest coverage kmer is: AAGCCCTGGCGCCAGAAAGGC, with worth: 2 and coverage: 9
Wed Jan 30 18:10:15 2019: Highest coverage kmer is: AATGTTTATGATATTTTGCGT, with worth: 2 and coverage: 9
Wed Jan 30 18:10:21 2019: Highest coverage kmer is: AAAAAGGCACCGGCCGTGCGC, with worth: 2 and coverage: 8
Wed Jan 30 18:10:26 2019: Highest coverage kmer is: AGGGTTCCATCCGTGCTCCGC, with worth: 2 and coverage: 8
Wed Jan 30 18:10:32 2019: Highest coverage kmer is: AAACCATGGAAACAAAAAGGT, with worth: 2 and coverage: 7
Wed Jan 30 18:10:37 2019: Highest coverage kmer is: GACGAGAACTTCTCGCAGAAG, with worth: 2 and coverage: 7
Wed Jan 30 18:10:42 2019: Highest coverage kmer is: GTATCGCCAGAAGGGCACCGG, with worth: 2 and coverage: 7
Wed Jan 30 18:10:47 2019: Highest coverage kmer is: TCTATTAGAGCTCCTCAATGG, with worth: 2 and coverage: 7
Wed Jan 30 18:10:53 2019: Highest coverage kmer is: AAACAAAAAGGTACAGGTACT, with worth: 2 and coverage: 6
Wed Jan 30 18:10:58 2019: Highest coverage kmer is: AAAGGTACTGGTAGAGCTAGA, with worth: 2 and coverage: 6
Wed Jan 30 18:11:03 2019: Highest coverage kmer is: AAGAAACAAAAAGGAACAGGT, with worth: 2 and coverage: 6
Wed Jan 30 18:11:08 2019: Highest coverage kmer is: ACAAAAAGGAACAGGACGTGC, with worth: 2 and coverage: 6
Wed Jan 30 18:11:13 2019: Highest coverage kmer is: ATCTGCTCGCAACATTCCTGG, with worth: 2 and coverage: 6
Wed Jan 30 18:11:18 2019: Highest coverage kmer is: CCTGGCCAACCAGCGCCAGGG, with worth: 2 and coverage: 6
Wed Jan 30 18:11:23 2019: Highest coverage kmer is: CCCAGGCAAACCGGAAACAGG, with worth: 2 and coverage: 5
Wed Jan 30 18:11:28 2019: Highest coverage kmer is: TTCCGTGGTGGTGGTATTGTT, with worth: 2 and coverage: 5
Wed Jan 30 18:11:33 2019: Highest coverage kmer is: AACCGTAAGGCTTACCGTGCT, with worth: 2 and coverage: 4
Wed Jan 30 18:11:38 2019: Highest coverage kmer is: AACCTTTATTTATATGTAAAA, with worth: 2 and coverage: 4
Wed Jan 30 18:11:43 2019: Highest coverage kmer is: AAGCAAAAAGGTACAGGTGGT, with worth: 2 and coverage: 4
Wed Jan 30 18:11:47 2019: Highest coverage kmer is: AGAAAGGCACCGGCGGCGCTC, with worth: 2 and coverage: 4
Wed Jan 30 18:11:52 2019: Highest coverage kmer is: AGCCAAATGATCACGCTATCT, with worth: 2 and coverage: 4
Wed Jan 30 18:11:57 2019: Highest coverage kmer is: AGCGGTGGTGGTAAGAAACCT, with worth: 2 and coverage: 4
Wed Jan 30 18:12:02 2019: Highest coverage kmer is: CAAGCCCAGAGATTACAGCTA, with worth: 2 and coverage: 4
Wed Jan 30 18:12:07 2019: Highest coverage kmer is: CTGAATGTTTACGACGTGCTG, with worth: 2 and coverage: 4
Wed Jan 30 18:12:11 2019: Highest coverage kmer is: CTGACCAAGAAGTTCCGCAAA, with worth: 2 and coverage: 4
Wed Jan 30 18:12:16 2019: Highest coverage kmer is: GAGATCAAGACCAAGAAGTTC, with worth: 2 and coverage: 4
Wed Jan 30 18:12:21 2019: Highest coverage kmer is: GGAGACAAAAAGGAACCGGTC, with worth: 2 and coverage: 4
Wed Jan 30 18:12:26 2019: Highest coverage kmer is: GGCGGCGGACGCAAGCCGTGG, with worth: 2 and coverage: 4
Wed Jan 30 18:12:30 2019: Highest coverage kmer is: GGCGGCGTGGCCTTTGGCCCC, with worth: 2 and coverage: 4
Wed Jan 30 18:12:35 2019: Highest coverage kmer is: GTTGAGGAGGCACTTGCATAA, with worth: 2 and coverage: 4
Wed Jan 30 18:12:39 2019: Highest coverage kmer is: TCAGCGTCAGGGTACGCACAA, with worth: 2 and coverage: 4
Wed Jan 30 18:12:44 2019: Highest coverage kmer is: AAATCGAATTGAACGATAGCG, with worth: 2 and coverage: 3
Wed Jan 30 18:12:48 2019: Highest coverage kmer is: AACAAGAAAATGTATCGCGGC, with worth: 2 and coverage: 3
Wed Jan 30 18:12:53 2019: Highest coverage kmer is: AAGCAATTTTTGATGCAATTT, with worth: 2 and coverage: 3
Wed Jan 30 18:12:57 2019: Highest coverage kmer is: AAGCAGAAGGGTACGGGTCGT, with worth: 2 and coverage: 3
Wed Jan 30 18:13:02 2019: Highest coverage kmer is: ACACATAAATCTAAAGAAAGA, with worth: 2 and coverage: 3
Wed Jan 30 18:13:06 2019: Highest coverage kmer is: AGCGCACACCAAAGAAGATGA, with worth: 2 and coverage: 3
Wed Jan 30 18:13:11 2019: Highest coverage kmer is: ATCAAAATTTGATTTTTCAGG, with worth: 2 and coverage: 3
Wed Jan 30 18:13:15 2019: Highest coverage kmer is: ATCGTATATAACAGCAAAGGC, with worth: 2 and coverage: 3
Wed Jan 30 18:13:19 2019: Highest coverage kmer is: ATGAAGGTAGCAGTATTAGAT, with worth: 2 and coverage: 3
Wed Jan 30 18:13:24 2019: Highest coverage kmer is: ATGGAAGCAGAAGGGCACTGG, with worth: 2 and coverage: 3
Wed Jan 30 18:13:28 2019: Highest coverage kmer is: CAAGCCCTGGCGGCAGAAAGG, with worth: 2 and coverage: 3
Wed Jan 30 18:13:32 2019: Highest coverage kmer is: CCGTTGTGGCGTGGTGGTGGT, with worth: 2 and coverage: 3
Wed Jan 30 18:13:36 2019: Highest coverage kmer is: CTGTCGGCCCGCAACCTGCCC, with worth: 2 and coverage: 3
Wed Jan 30 18:13:40 2019: Highest coverage kmer is: CTGTTTTCGGTATTGAGCCCA, with worth: 2 and coverage: 3
Wed Jan 30 18:13:44 2019: Highest coverage kmer is: GCAAAAAGGAACCGGTCGCGC, with worth: 2 and coverage: 3
Wed Jan 30 18:13:48 2019: Highest coverage kmer is: GGGCGGCGGCGTGGTCTTCGG, with worth: 2 and coverage: 3
Wed Jan 30 18:13:53 2019: Highest coverage kmer is: GGTGGAGGTAAAAAGCCTTGG, with worth: 2 and coverage: 3
Wed Jan 30 18:13:56 2019: Highest coverage kmer is: GGTGGTGGCAAAAAACCTTGG, with worth: 2 and coverage: 3
Wed Jan 30 18:13:59 2019: Highest coverage kmer is: GTTCGCGGTGGTGGTCGTAAG, with worth: 2 and coverage: 3
Wed Jan 30 18:14:00 2019: Highest coverage kmer is: AAAAACTCGGAATAATGGATG, with worth: 2 and coverage: 2
Wed Jan 30 18:14:02 2019: Highest coverage kmer is: AAAAAGGAACAGGTAACGCAC, with worth: 2 and coverage: 2
Wed Jan 30 18:14:04 2019: Highest coverage kmer is: AAAAAGTGAACAAAAAGCAAA, with worth: 2 and coverage: 2
Wed Jan 30 18:14:05 2019: Highest coverage kmer is: AAAAATTAAAAGACAAAAAGG, with worth: 2 and coverage: 2
Wed Jan 30 18:14:07 2019: Highest coverage kmer is: AAAACAAAAATCAACCGGAAA, with worth: 2 and coverage: 2
Wed Jan 30 18:14:09 2019: Highest coverage kmer is: AAAATGTATCGTGCTGGAATG, with worth: 2 and coverage: 2
Wed Jan 30 18:14:10 2019: Highest coverage kmer is: AAACCCTGGCGACAGAAAGGA, with worth: 2 and coverage: 2
Wed Jan 30 18:14:12 2019: Highest coverage kmer is: AAACCCTGGCGCCAGAAAGGC, with worth: 2 and coverage: 2
Wed Jan 30 18:14:13 2019: Highest coverage kmer is: AAACTCCTCCTTTCTGCGAGG, with worth: 2 and coverage: 2
Wed Jan 30 18:14:15 2019: Highest coverage kmer is: AAACTGCCGAAAAAAGTGCGC, with worth: 2 and coverage: 2
Wed Jan 30 18:14:16 2019: Highest coverage kmer is: AAAGAATAAACAGAAAAGAAA, with worth: 2 and coverage: 2
Wed Jan 30 18:14:18 2019: Highest coverage kmer is: AAAGCCCTGGCGGCAAAAGGG, with worth: 2 and coverage: 2
Wed Jan 30 18:14:19 2019: Highest coverage kmer is: AAAGGTAAGATGAGAGGAAGA, with worth: 2 and coverage: 2
Wed Jan 30 18:14:21 2019: Highest coverage kmer is: AAAGGTACAGGAAATGCAAGG, with worth: 2 and coverage: 2
Wed Jan 30 18:14:22 2019: Highest coverage kmer is: AACGCACACCAAAGAAAATGA, with worth: 2 and coverage: 2
Wed Jan 30 18:14:24 2019: Highest coverage kmer is: AAGATCGAGGAGGTGCTCGGC, with worth: 2 and coverage: 2
Wed Jan 30 18:14:25 2019: Highest coverage kmer is: AAGGGAACAGGCCGTGCCCGT, with worth: 2 and coverage: 2
Wed Jan 30 18:14:27 2019: Highest coverage kmer is: ACAAAAAGGGACCGGGCGTGC, with worth: 2 and coverage: 2
Wed Jan 30 18:14:28 2019: Highest coverage kmer is: ACCGGATGGTGCGCTACCAGC, with worth: 2 and coverage: 2
Wed Jan 30 18:14:30 2019: Highest coverage kmer is: ACGGTTTTGATGAGAACTTGT, with worth: 2 and coverage: 2
Wed Jan 30 18:14:31 2019: Highest coverage kmer is: ACTACTCTTTCAAATTGAATA, with worth: 2 and coverage: 2
Wed Jan 30 18:14:32 2019: Highest coverage kmer is: ATACAGAAAACCAAAAAGTGT, with worth: 2 and coverage: 2
Wed Jan 30 18:14:34 2019: Highest coverage kmer is: ATGTGAAATCTTATCTTGCTT, with worth: 2 and coverage: 2
Wed Jan 30 18:14:35 2019: Highest coverage kmer is: CAAAAGGGAACTGGCCGTGCA, with worth: 2 and coverage: 2
Wed Jan 30 18:14:37 2019: Highest coverage kmer is: CAAGCCCTGGCGGCAGAAGGG, with worth: 2 and coverage: 2
Wed Jan 30 18:14:38 2019: Highest coverage kmer is: CAGCGTCAAGGTACGCACAAA, with worth: 2 and coverage: 2
Wed Jan 30 18:14:39 2019: Highest coverage kmer is: CCAGGGAAGCATTCGCGCGCC, with worth: 2 and coverage: 2
Wed Jan 30 18:14:41 2019: Highest coverage kmer is: CCCCAAGCCGCGCAAATACAC, with worth: 2 and coverage: 2
Wed Jan 30 18:14:42 2019: Highest coverage kmer is: CTTGCCAATAAGCGCCAGGGA, with worth: 2 and coverage: 2
Wed Jan 30 18:14:43 2019: Highest coverage kmer is: GCGCCAAAAAGGAACCGGGCG, with worth: 2 and coverage: 2
Wed Jan 30 18:14:44 2019: Highest coverage kmer is: GGGCCCCATCCCCGGGACTAC, with worth: 2 and coverage: 2
Wed Jan 30 18:14:46 2019: Highest coverage kmer is: GGGTGGTGTTGTTTTTGGACC, with worth: 2 and coverage: 2
Wed Jan 30 18:14:47 2019: Highest coverage kmer is: GGTGGGTATCGCCGGTTGGCA, with worth: 2 and coverage: 2
Wed Jan 30 18:14:48 2019: Highest coverage kmer is: GGTGGTGGTCGTGTTTTTGGT, with worth: 2 and coverage: 2
Wed Jan 30 18:14:50 2019: Highest coverage kmer is: GTACAAAAACTCGTTCCGAAG, with worth: 2 and coverage: 2
Wed Jan 30 18:14:51 2019: Highest coverage kmer is: GTAGAGGAGGTGCTGGCATAA, with worth: 2 and coverage: 2
Wed Jan 30 18:14:53 2019: Highest coverage kmer is: GTTGCCAAAGTTGAGGAGGTG, with worth: 2 and coverage: 2
Wed Jan 30 18:14:56 2019: Highest coverage kmer is: CTGTTCCTGGCTGCGCGCAAC, with worth: 1 and coverage: 564
Wed Jan 30 18:14:59 2019: Highest coverage kmer is: CGCGCAACCTGCACAAGGTTG, with worth: 1 and coverage: 556
Wed Jan 30 18:15:02 2019: Highest coverage kmer is: GCGCCAGAAAGGTACCGGCCG, with worth: 1 and coverage: 204
Wed Jan 30 18:15:05 2019: Highest coverage kmer is: GCCGCGTGACTACTCGCAGCG, with worth: 1 and coverage: 136
Wed Jan 30 18:15:08 2019: Highest coverage kmer is: GGTGGTGGTCGTAAACCATGG, with worth: 1 and coverage: 104
Wed Jan 30 18:15:12 2019: Highest coverage kmer is: TTAGAGGAGCAATGGGTATGA, with worth: 1 and coverage: 96
Wed Jan 30 18:15:15 2019: Highest coverage kmer is: CAAAAAGGAACTGGTCGTGCT, with worth: 1 and coverage: 92
Wed Jan 30 18:15:18 2019: Highest coverage kmer is: AGAAGGGCACCGGTCGCGCCC, with worth: 1 and coverage: 79
Wed Jan 30 18:15:21 2019: Highest coverage kmer is: CTGATCATCATCGATGATCTG, with worth: 1 and coverage: 78
Wed Jan 30 18:15:24 2019: Highest coverage kmer is: AAAACCTTGGCGTCAAAAAGG, with worth: 1 and coverage: 74
Wed Jan 30 18:15:27 2019: Highest coverage kmer is: TGAACAAGAAGATGTACCGCG, with worth: 1 and coverage: 64
Wed Jan 30 18:15:30 2019: Highest coverage kmer is: TGTAAGTGGTGGTGGTAAAAA, with worth: 1 and coverage: 57
Wed Jan 30 18:15:32 2019: Highest coverage kmer is: CAAAAAGCCATGGCGCCAGAA, with worth: 1 and coverage: 56
Wed Jan 30 18:15:35 2019: Highest coverage kmer is: ACAGCCAGCGCACCCCGAAGA, with worth: 1 and coverage: 55
Wed Jan 30 18:15:38 2019: Highest coverage kmer is: GGTGGCAAGAAGCCGTGGCGT, with worth: 1 and coverage: 54
Wed Jan 30 18:15:41 2019: Highest coverage kmer is: CCGGTGGTGGCAAGAAGCCGT, with worth: 1 and coverage: 48
Wed Jan 30 18:15:44 2019: Highest coverage kmer is: AAGCCCTACAAGCAGAAGGGC, with worth: 1 and coverage: 39
Wed Jan 30 18:15:47 2019: Highest coverage kmer is: TCAACACCTACGACGTGCTCA, with worth: 1 and coverage: 37
Wed Jan 30 18:15:50 2019: Highest coverage kmer is: CGGCCCCAAGCCGCGCGACTA, with worth: 1 and coverage: 36
Wed Jan 30 18:15:53 2019: Highest coverage kmer is: AAGAAGCCTTGGAGACAAAAG, with worth: 1 and coverage: 30
Wed Jan 30 18:15:55 2019: Highest coverage kmer is: AAGGGTACTGGTCGTGCCCGT, with worth: 1 and coverage: 29
Wed Jan 30 18:15:58 2019: Highest coverage kmer is: AACTGGACGTGCACGTCAAGG, with worth: 1 and coverage: 25
Wed Jan 30 18:16:01 2019: Highest coverage kmer is: AAACGTATCTGTTTACAATAT, with worth: 1 and coverage: 23
Wed Jan 30 18:16:04 2019: Highest coverage kmer is: CAAAAAGTTAACCGTAAAATG, with worth: 1 and coverage: 22
Wed Jan 30 18:16:07 2019: Highest coverage kmer is: CACGAAGACTCGTGGCGAGGT, with worth: 1 and coverage: 22
Wed Jan 30 18:16:09 2019: Highest coverage kmer is: GAAAAAATTCAGGAGGTCTAC, with worth: 1 and coverage: 22
Wed Jan 30 18:16:12 2019: Highest coverage kmer is: ACAAAAGGGAACAGGTAGAGC, with worth: 1 and coverage: 20
Wed Jan 30 18:16:15 2019: Highest coverage kmer is: AGAAGCTCGTTCTGACCAAGG, with worth: 1 and coverage: 20
Wed Jan 30 18:16:17 2019: Highest coverage kmer is: CAAGCCATGGCGCCAAAAAGG, with worth: 1 and coverage: 20
Wed Jan 30 18:16:20 2019: Highest coverage kmer is: ACCTGGCAGCTCGAGAAGCGT, with worth: 1 and coverage: 19
Wed Jan 30 18:16:23 2019: Highest coverage kmer is: ATCGAGGAGATGCTGGGATGA, with worth: 1 and coverage: 19
Wed Jan 30 18:16:25 2019: Highest coverage kmer is: CTCGTCCTCAGGATCACTCCC, with worth: 1 and coverage: 19
Wed Jan 30 18:16:28 2019: Highest coverage kmer is: ATGGAGACAAAAAGGAACAGG, with worth: 1 and coverage: 18
Wed Jan 30 18:16:31 2019: Highest coverage kmer is: AAGGGCACCGGTCGTGCCCGC, with worth: 1 and coverage: 15
Wed Jan 30 18:16:33 2019: Highest coverage kmer is: AAGGGTACTGGTCGCGCCCGT, with worth: 1 and coverage: 15
Wed Jan 30 18:16:36 2019: Highest coverage kmer is: ACAGCTTCTACTAAGACTAGA, with worth: 1 and coverage: 15
Wed Jan 30 18:16:38 2019: Highest coverage kmer is: CTATCGCCAAAAAGGCACCGG, with worth: 1 and coverage: 15
Wed Jan 30 18:16:41 2019: Highest coverage kmer is: AATAAAAAAATGTACAAACGT, with worth: 1 and coverage: 14
Wed Jan 30 18:16:43 2019: Highest coverage kmer is: ACGGCCCGGTGCCGCGCGACT, with worth: 1 and coverage: 14
Wed Jan 30 18:16:46 2019: Highest coverage kmer is: AGAAGGGCACCGGTCGGGCCC, with worth: 1 and coverage: 14
Wed Jan 30 18:16:48 2019: Highest coverage kmer is: AAGGTTGCTTGGCAGCTCCTC, with worth: 1 and coverage: 13
Wed Jan 30 18:16:51 2019: Highest coverage kmer is: CCGAACGCCGGCCTGAACGTC, with worth: 1 and coverage: 13
Wed Jan 30 18:16:53 2019: Highest coverage kmer is: GGTGGTGGTCGTGTATTCGGT, with worth: 1 and coverage: 13
Wed Jan 30 18:16:56 2019: Highest coverage kmer is: TCAAAAGGGTACAGGTCGTGC, with worth: 1 and coverage: 12
Wed Jan 30 18:16:58 2019: Highest coverage kmer is: AGGTTCGCGGCGGCGGCAAGA, with worth: 1 and coverage: 11
Wed Jan 30 18:17:01 2019: Highest coverage kmer is: CGTAACCTGCCGAACGTGAAA, with worth: 1 and coverage: 11
Wed Jan 30 18:17:03 2019: Highest coverage kmer is: AAGATGAACCGCAAAGAGCGG, with worth: 1 and coverage: 10
Wed Jan 30 18:17:05 2019: Highest coverage kmer is: ACGATCTGACCAAGAAATTCC, with worth: 1 and coverage: 9
Wed Jan 30 18:17:08 2019: Highest coverage kmer is: ATACCTTGATGTTAAGCAATA, with worth: 1 and coverage: 9
Wed Jan 30 18:17:10 2019: Highest coverage kmer is: ATTTAGCAAACCAAAGACAAG, with worth: 1 and coverage: 9
Wed Jan 30 18:17:13 2019: Highest coverage kmer is: CAAAAAGGAACTGGTAACGCT, with worth: 1 and coverage: 9
Wed Jan 30 18:17:15 2019: Highest coverage kmer is: CGCCAAGCGCCGCGCCGGCAC, with worth: 1 and coverage: 9
Wed Jan 30 18:17:17 2019: Highest coverage kmer is: TTAAACGAAAAATTTGAAAAA, with worth: 1 and coverage: 9
Wed Jan 30 18:17:19 2019: Highest coverage kmer is: ACGCCAGGGCTCGACTCGCGC, with worth: 1 and coverage: 8
Wed Jan 30 18:17:22 2019: Highest coverage kmer is: ACTGGTCGTGCACGTCAAGGT, with worth: 1 and coverage: 8
Wed Jan 30 18:17:24 2019: Highest coverage kmer is: AGAAGGGTACCGGTCGCGCTC, with worth: 1 and coverage: 8
Wed Jan 30 18:17:26 2019: Highest coverage kmer is: AGCAGCTCGCCAGGGCACCCA, with worth: 1 and coverage: 8
Wed Jan 30 18:17:29 2019: Highest coverage kmer is: ATGAACCGCAAAGAGCGCCGT, with worth: 1 and coverage: 8
Wed Jan 30 18:17:31 2019: Highest coverage kmer is: CGTTTGGCATTGAAGTCAGTG, with worth: 1 and coverage: 8
Wed Jan 30 18:17:33 2019: Highest coverage kmer is: GCGTCAAAAAGGCACCGGCCG, with worth: 1 and coverage: 8
Wed Jan 30 18:17:35 2019: Highest coverage kmer is: TCGCCAGAAAGGTGGTGGTGG, with worth: 1 and coverage: 8
Wed Jan 30 18:17:37 2019: Highest coverage kmer is: AAACCCTGGCGTCAAAAGGGT, with worth: 1 and coverage: 7
Wed Jan 30 18:17:39 2019: Highest coverage kmer is: AACAACATCAATGTTTATGAT, with worth: 1 and coverage: 7
Wed Jan 30 18:17:42 2019: Highest coverage kmer is: ACAGTACACGACCTGGACGGC, with worth: 1 and coverage: 7
Wed Jan 30 18:17:44 2019: Highest coverage kmer is: CAAGAAGCCGTATCGCCAGAA, with worth: 1 and coverage: 7
Wed Jan 30 18:17:46 2019: Highest coverage kmer is: CCCGCGCCGCCCGCAACCTCG, with worth: 1 and coverage: 7
Wed Jan 30 18:17:48 2019: Highest coverage kmer is: CTCGTCGTGGTGATATCAATT, with worth: 1 and coverage: 7
Wed Jan 30 18:17:50 2019: Highest coverage kmer is: GCTAAAGAAAGAGCTGAAGTT, with worth: 1 and coverage: 7
Wed Jan 30 18:17:52 2019: Highest coverage kmer is: TGGTGGTGTAACTTTTGCAGC, with worth: 1 and coverage: 7
Wed Jan 30 18:17:54 2019: Highest coverage kmer is: AAAGGTACCGGTCGCGCCCGT, with worth: 1 and coverage: 6
Wed Jan 30 18:17:56 2019: Highest coverage kmer is: ACCGTGTGGTCCGTTGGCAGC, with worth: 1 and coverage: 6
Wed Jan 30 18:17:58 2019: Highest coverage kmer is: ACTGGACGCGCACGTCAAGGT, with worth: 1 and coverage: 6
Wed Jan 30 18:18:00 2019: Highest coverage kmer is: ACTGGTAGAGCTAGACAAGGT, with worth: 1 and coverage: 6
Wed Jan 30 18:18:02 2019: Highest coverage kmer is: CGGTCGTCAGAAGGGCGGCGG, with worth: 1 and coverage: 6
Wed Jan 30 18:18:04 2019: Highest coverage kmer is: CGTGGCGTCAAAAAGGCACCG, with worth: 1 and coverage: 6
Wed Jan 30 18:18:06 2019: Highest coverage kmer is: GCGTCGATCCTCTCCGAGCTG, with worth: 1 and coverage: 6
Wed Jan 30 18:18:08 2019: Highest coverage kmer is: AAAACCTTGGGCTCAAAAAGG, with worth: 1 and coverage: 5
Wed Jan 30 18:18:10 2019: Highest coverage kmer is: AAGAATAGATCTGCTGTTCGT, with worth: 1 and coverage: 5
Wed Jan 30 18:18:12 2019: Highest coverage kmer is: AAGATGAACAAGAAAGAGAAG, with worth: 1 and coverage: 5
Wed Jan 30 18:18:14 2019: Highest coverage kmer is: AAGCCATGGAAGCAGAAGGGT, with worth: 1 and coverage: 5
Wed Jan 30 18:18:16 2019: Highest coverage kmer is: ATGGAAGTTAAAGTTTTAAAT, with worth: 1 and coverage: 5
Wed Jan 30 18:18:17 2019: Highest coverage kmer is: ATTGAGGAGGTGCTCGCATAA, with worth: 1 and coverage: 5
Wed Jan 30 18:18:19 2019: Highest coverage kmer is: CAGAGGCAGGAAATACAAGCA, with worth: 1 and coverage: 5
Wed Jan 30 18:18:21 2019: Highest coverage kmer is: CAGCGCCAGGGTACGCACAAG, with worth: 1 and coverage: 5
Wed Jan 30 18:18:23 2019: Highest coverage kmer is: CGCCGATCTGGCGTACCGGTG, with worth: 1 and coverage: 5
Wed Jan 30 18:18:25 2019: Highest coverage kmer is: GGGCGGCGGCGTGGCCTTCGG, with worth: 1 and coverage: 5
Wed Jan 30 18:18:26 2019: Highest coverage kmer is: GGTAAGAAGATGTACAAGCAG, with worth: 1 and coverage: 5
Wed Jan 30 18:18:28 2019: Highest coverage kmer is: TCCTCAATTTAGAGGTGGTGG, with worth: 1 and coverage: 5
Wed Jan 30 18:18:30 2019: Highest coverage kmer is: AAAGGTGGTGGTGGCGCACGT, with worth: 1 and coverage: 4
Wed Jan 30 18:18:32 2019: Highest coverage kmer is: AAGGCAAAGAACAATGCGATT, with worth: 1 and coverage: 4
Wed Jan 30 18:18:33 2019: Highest coverage kmer is: AAGTCTAAAGAAAGAGCTGAG, with worth: 1 and coverage: 4
Wed Jan 30 18:18:35 2019: Highest coverage kmer is: ACCGGCCGTGCTCGTCAGGGT, with worth: 1 and coverage: 4
Wed Jan 30 18:18:37 2019: Highest coverage kmer is: ATCAGCGTCAGGGTACAGCTA, with worth: 1 and coverage: 4
Wed Jan 30 18:18:38 2019: Highest coverage kmer is: CAAAAGGGTACTGGTCGGGCA, with worth: 1 and coverage: 4
Wed Jan 30 18:18:40 2019: Highest coverage kmer is: CCATCCGTGCTCCCCAGTGGA, with worth: 1 and coverage: 4
Wed Jan 30 18:18:42 2019: Highest coverage kmer is: CTATAAATTACCGAAAAAAGT, with worth: 1 and coverage: 4
Wed Jan 30 18:18:43 2019: Highest coverage kmer is: GCAGTGAAGAAACTTGAGGAG, with worth: 1 and coverage: 4
Wed Jan 30 18:18:45 2019: Highest coverage kmer is: AACATCCCAACAATGATGATG, with worth: 1 and coverage: 3
Wed Jan 30 18:18:47 2019: Highest coverage kmer is: AAGAAACCGTGGCGTCAGAAA, with worth: 1 and coverage: 3
Wed Jan 30 18:18:48 2019: Highest coverage kmer is: AAGAGCAGGTTCTATCAAGTC, with worth: 1 and coverage: 3
Wed Jan 30 18:18:50 2019: Highest coverage kmer is: AAGGGCACCGGTCGTGCGCGC, with worth: 1 and coverage: 3
Wed Jan 30 18:18:51 2019: Highest coverage kmer is: ACCGGTCGTGCGCGCCAGGGT, with worth: 1 and coverage: 3
Wed Jan 30 18:18:53 2019: Highest coverage kmer is: ACTCGCATGGCAATCCGCTCG, with worth: 1 and coverage: 3
Wed Jan 30 18:18:54 2019: Highest coverage kmer is: AGAGCTCCAACATGGAGAAAA, with worth: 1 and coverage: 3
Wed Jan 30 18:18:56 2019: Highest coverage kmer is: AGCTTCAAACTCAACAAGAAG, with worth: 1 and coverage: 3
Wed Jan 30 18:18:57 2019: Highest coverage kmer is: ATCGCCAAAAAGGCACAGGTG, with worth: 1 and coverage: 3
Wed Jan 30 18:18:59 2019: Highest coverage kmer is: ATCTTTATCGGTGGTGGTAAG, with worth: 1 and coverage: 3
Wed Jan 30 18:19:00 2019: Highest coverage kmer is: ATTCAACGAATCCCTGGTGCA, with worth: 1 and coverage: 3
Wed Jan 30 18:19:02 2019: Highest coverage kmer is: CAAGCCCCGGGATTACAGCTA, with worth: 1 and coverage: 3
Wed Jan 30 18:19:03 2019: Highest coverage kmer is: CAAGCCCTTCCGTCAGAAGGG, with worth: 1 and coverage: 3
Wed Jan 30 18:19:05 2019: Highest coverage kmer is: CAAGCCTTGGCGTCAAAAGGG, with worth: 1 and coverage: 3
Wed Jan 30 18:19:06 2019: Highest coverage kmer is: CAGGGTACGCACAAGTCGAAA, with worth: 1 and coverage: 3
Wed Jan 30 18:19:07 2019: Highest coverage kmer is: CCAGAAGGGAACCGGCAACGC, with worth: 1 and coverage: 3
Wed Jan 30 18:19:09 2019: Highest coverage kmer is: CCGTCTGGCGATTAAATCCGC, with worth: 1 and coverage: 3
Wed Jan 30 18:19:10 2019: Highest coverage kmer is: CGGCGCGCTCTGGAACTAAGG, with worth: 1 and coverage: 3
Wed Jan 30 18:19:11 2019: Highest coverage kmer is: CTTTCAGGAAGAAACATTCCT, with worth: 1 and coverage: 3
Wed Jan 30 18:19:13 2019: Highest coverage kmer is: GGTGGTGGTAAGAAGCCGTGG, with worth: 1 and coverage: 3
Wed Jan 30 18:19:14 2019: Highest coverage kmer is: TATCGTCAGAAGGGTACCGGT, with worth: 1 and coverage: 3
Wed Jan 30 18:19:15 2019: Highest coverage kmer is: TTTGGCCGCGATTACAACGAA, with worth: 1 and coverage: 3
Wed Jan 30 18:19:17 2019: Highest coverage kmer is: AAAAAATCTTATGATCATTCT, with worth: 1 and coverage: 2
Wed Jan 30 18:19:18 2019: Highest coverage kmer is: AAAAAGGAACGGGAAATGCTC, with worth: 1 and coverage: 2
Wed Jan 30 18:19:19 2019: Highest coverage kmer is: AAAAGTTAAACAAAAAAATGT, with worth: 1 and coverage: 2
Wed Jan 30 18:19:20 2019: Highest coverage kmer is: AAACCATGGAAACAGAAAGGA, with worth: 1 and coverage: 2
Wed Jan 30 18:19:22 2019: Highest coverage kmer is: AAACCGCCGCGCTCGACCCGA, with worth: 1 and coverage: 2
Wed Jan 30 18:19:23 2019: Highest coverage kmer is: AAACCGTGGCGCCAAAAAGGT, with worth: 1 and coverage: 2
Wed Jan 30 18:19:24 2019: Highest coverage kmer is: AAAGGAATAAGCCTCGGTGCA, with worth: 1 and coverage: 2
Wed Jan 30 18:19:25 2019: Highest coverage kmer is: AAAGGATGCAGTTGCAAAGAT, with worth: 1 and coverage: 2
Wed Jan 30 18:19:26 2019: Highest coverage kmer is: AACCTGCCGAATGTGCTGGTG, with worth: 1 and coverage: 2
Wed Jan 30 18:19:28 2019: Highest coverage kmer is: AACGATCACGCTATCTATTTG, with worth: 1 and coverage: 2
Wed Jan 30 18:19:29 2019: Highest coverage kmer is: AACGTCTATGATATTTTGAAG, with worth: 1 and coverage: 2
Wed Jan 30 18:19:30 2019: Highest coverage kmer is: AAGCAAAAGGGAACTGGCCGC, with worth: 1 and coverage: 2
Wed Jan 30 18:19:31 2019: Highest coverage kmer is: AAGCAATATTTGGCTAACCAA, with worth: 1 and coverage: 2
Wed Jan 30 18:19:32 2019: Highest coverage kmer is: AAGCATTGGAGGCACGTTTAA, with worth: 1 and coverage: 2
Wed Jan 30 18:19:33 2019: Highest coverage kmer is: AAGCCTTGGCGTCAAAAAGGG, with worth: 1 and coverage: 2
Wed Jan 30 18:19:34 2019: Highest coverage kmer is: AAGTGGTGGTGGTGCGAAGCC, with worth: 1 and coverage: 2
Wed Jan 30 18:19:35 2019: Highest coverage kmer is: AAGTGTCTTGAGAGTAGGTTG, with worth: 1 and coverage: 2
Wed Jan 30 18:19:36 2019: Highest coverage kmer is: AAGTTTCTGGTGGTGGAAGAA, with worth: 1 and coverage: 2
Wed Jan 30 18:19:37 2019: Highest coverage kmer is: AATGTTTATGATATTTTGAAA, with worth: 1 and coverage: 2
Wed Jan 30 18:19:38 2019: Highest coverage kmer is: ACCTCATAAAAAGGGCAGTCA, with worth: 1 and coverage: 2
Wed Jan 30 18:19:39 2019: Highest coverage kmer is: ACCTGATTTAATAAAAAGAGC, with worth: 1 and coverage: 2
Wed Jan 30 18:19:40 2019: Highest coverage kmer is: ACGAAGACCCGCGCAGAGGTC, with worth: 1 and coverage: 2
Wed Jan 30 18:19:41 2019: Highest coverage kmer is: ACTCCCAGAAGGTCAACAAAA, with worth: 1 and coverage: 2
Wed Jan 30 18:19:42 2019: Highest coverage kmer is: ACTTGAAAATCAAAAAGTTTT, with worth: 1 and coverage: 2
Wed Jan 30 18:19:43 2019: Highest coverage kmer is: AGTTAAATGATAGCATTTTTG, with worth: 1 and coverage: 2
Wed Jan 30 18:19:44 2019: Highest coverage kmer is: ATTAAAAGAGCTGTAATTTCA, with worth: 1 and coverage: 2
Wed Jan 30 18:19:44 2019: Highest coverage kmer is: ATTTATTGATCACCTAGATCA, with worth: 1 and coverage: 2
Wed Jan 30 18:19:45 2019: Highest coverage kmer is: CAAACCCTGGAGACAGAAAGG, with worth: 1 and coverage: 2
Wed Jan 30 18:19:46 2019: Highest coverage kmer is: CAGGAGGTTTACAGTGACTAA, with worth: 1 and coverage: 2
Wed Jan 30 18:19:47 2019: Highest coverage kmer is: CCAAAAAGGGACAGGTCGTGC, with worth: 1 and coverage: 2
Wed Jan 30 18:19:48 2019: Highest coverage kmer is: CCAAAAAGGTGGTGGTGGTGC, with worth: 1 and coverage: 2
Wed Jan 30 18:19:49 2019: Highest coverage kmer is: CGGCGCGCAACATTCCGGGCG, with worth: 1 and coverage: 2
Wed Jan 30 18:19:49 2019: Highest coverage kmer is: CTCAAAAAGGTACTGGTAACG, with worth: 1 and coverage: 2
Wed Jan 30 18:19:50 2019: Highest coverage kmer is: CTGAAGTTAGTGGCGGTGGAA, with worth: 1 and coverage: 2
Wed Jan 30 18:19:51 2019: Highest coverage kmer is: GGCGGTGGAAGAAAGCCTTGG, with worth: 1 and coverage: 2
Wed Jan 30 18:19:52 2019: Highest coverage kmer is: GGGCGGCGGTGTTGCCTTCGG, with worth: 1 and coverage: 2
Wed Jan 30 18:19:52 2019: Highest coverage kmer is: GGTGGTGGTCGTAAGCCGTGG, with worth: 1 and coverage: 2
Wed Jan 30 18:19:53 2019: Highest coverage kmer is: TGCGCCCTCGACGAAGGCCGC, with worth: 1 and coverage: 2
Wed Jan 30 18:19:54 2019: Highest coverage kmer is: TGGAGCCAAAAAGGTGGCGGT, with worth: 1 and coverage: 2
Wed Jan 30 18:19:54 2019: Highest coverage kmer is: TTCCGCAACATCCCGACGGTG, with worth: 1 and coverage: 2
Wed Jan 30 18:19:55 2019: Highest coverage kmer is: AAAAAAACGCTGGTTCTTCTT, with worth: 1 and coverage: 1
Wed Jan 30 18:19:55 2019: Highest coverage kmer is: AAAAAAACTAAGGACGCCCAC, with worth: 1 and coverage: 1
Wed Jan 30 18:19:55 2019: Highest coverage kmer is: AAAAAAACTAGCCCTTAAGAT, with worth: 1 and coverage: 1
Wed Jan 30 18:19:55 2019: Highest coverage kmer is: AAAAAAAGGTTTATTCAGTCG, with worth: 1 and coverage: 1
Wed Jan 30 18:19:56 2019: Highest coverage kmer is: AAAAAAAGTTAGAAAGCTTGG, with worth: 1 and coverage: 1
Wed Jan 30 18:19:56 2019: Highest coverage kmer is: AAAAAAAGTTTCTGTTTTAGA, with worth: 1 and coverage: 1
Wed Jan 30 18:19:56 2019: Highest coverage kmer is: AAAAAAATCAGCGGGATCGAG, with worth: 1 and coverage: 1
Wed Jan 30 18:19:56 2019: Highest coverage kmer is: AAAAAACATGATTGTTGGTGC, with worth: 1 and coverage: 1
Wed Jan 30 18:19:57 2019: Highest coverage kmer is: AAAAAACTTTATCGTCAGAAA, with worth: 1 and coverage: 1
Wed Jan 30 18:19:57 2019: Highest coverage kmer is: AAAAAAGAAAGAAAGCTAGCA, with worth: 1 and coverage: 1
Wed Jan 30 18:19:57 2019: Highest coverage kmer is: AAAAAAGAAAGGACTTTAGCT, with worth: 1 and coverage: 1
Wed Jan 30 18:19:57 2019: Highest coverage kmer is: AAAAAAGTAAGACGCCTGGCC, with worth: 1 and coverage: 1
Wed Jan 30 18:19:58 2019: Highest coverage kmer is: AAAAAATAGTACACAAAATGC, with worth: 1 and coverage: 1
Wed Jan 30 18:19:58 2019: Highest coverage kmer is: AAAAAATCAGCACTAAGGGAT, with worth: 1 and coverage: 1
Wed Jan 30 18:19:58 2019: Highest coverage kmer is: AAAAACAAAAGTTATTGACTT, with worth: 1 and coverage: 1
Wed Jan 30 18:19:58 2019: Highest coverage kmer is: AAAAACACCCTGATCGTCATT, with worth: 1 and coverage: 1
Wed Jan 30 18:19:58 2019: Highest coverage kmer is: AAAAACATACAGGCAGGGCAA, with worth: 1 and coverage: 1
Wed Jan 30 18:19:59 2019: Highest coverage kmer is: AAAAACCTTGCTGGAGTCGAT, with worth: 1 and coverage: 1
Wed Jan 30 18:19:59 2019: Highest coverage kmer is: AAAAACGAAGGATGCTATAGC, with worth: 1 and coverage: 1
Wed Jan 30 18:19:59 2019: Highest coverage kmer is: AAAAACTCGTGAGATCGTTGA, with worth: 1 and coverage: 1
Wed Jan 30 18:19:59 2019: Highest coverage kmer is: AAAAAGAAGAGCGTTCTGCTT, with worth: 1 and coverage: 1
Wed Jan 30 18:19:59 2019: Highest coverage kmer is: AAAAAGAAGAGCGTTTTGATA, with worth: 1 and coverage: 1
Wed Jan 30 18:19:59 2019: Highest coverage kmer is: AAAAAGACAAGCGAGATTGCC, with worth: 1 and coverage: 1
Wed Jan 30 18:19:59 2019: Highest coverage kmer is: AAAAAGCCCCTTGCAGCCGCA, with worth: 1 and coverage: 1
Wed Jan 30 18:20:00 2019: Highest coverage kmer is: AAAAAGCCCTTCAAGCAGAAA, with worth: 1 and coverage: 1
Wed Jan 30 18:20:00 2019: Highest coverage kmer is: AAAAAGGAGAAAAGAACGGCC, with worth: 1 and coverage: 1
Wed Jan 30 18:20:00 2019: Highest coverage kmer is: AAAAAGGTACAGGTAGGGCAC, with worth: 1 and coverage: 1
Wed Jan 30 18:20:00 2019: Highest coverage kmer is: AAAAAGGTACTGGTAGGGCTA, with worth: 1 and coverage: 1
Wed Jan 30 18:20:00 2019: Highest coverage kmer is: AAAAAGGTTCAGGACGCGCAA, with worth: 1 and coverage: 1
Wed Jan 30 18:20:00 2019: Highest coverage kmer is: AAAAAGTAAACAGGAAAGAAA, with worth: 1 and coverage: 1
Wed Jan 30 18:20:00 2019: Highest coverage kmer is: AAAACACGAGGATTAGGGCTG, with worth: 1 and coverage: 1
Wed Jan 30 18:20:00 2019: Highest coverage kmer is: AAAACGTCTCAAAGGCCAAAG, with worth: 1 and coverage: 1
Wed Jan 30 18:20:00 2019: Highest coverage kmer is: AAAACTATACGGGTTAGGGAG, with worth: 1 and coverage: 1
Wed Jan 30 18:20:01 2019: Highest coverage kmer is: AAAAGAATGGTGGAAATCCTG, with worth: 1 and coverage: 1
Wed Jan 30 18:20:01 2019: Highest coverage kmer is: AAAAGACCTGATAAAGACGCT, with worth: 1 and coverage: 1
Wed Jan 30 18:20:01 2019: Highest coverage kmer is: AAAAGCATACCGGGAGAGCTC, with worth: 1 and coverage: 1
Wed Jan 30 18:20:01 2019: Highest coverage kmer is: AAAAGCGCCCTCATCCTCCTG, with worth: 1 and coverage: 1
Wed Jan 30 18:20:01 2019: Highest coverage kmer is: AAAAGCTACGATCAGGAGAAG, with worth: 1 and coverage: 1
Wed Jan 30 18:20:01 2019: Highest coverage kmer is: AAACAAGAGGGAGAGGAGGCT, with worth: 1 and coverage: 1
Wed Jan 30 18:20:01 2019: Highest coverage kmer is: AAACAGCGAGCTATGCTACCA, with worth: 1 and coverage: 1

Checking output for redundant kmers...

GCCGCGCGACTACAGCCAGCG is redundant.
AACGAAGCTCTTGTACACCAA is redundant.
AAGATGTACAAGCAGAAGGGT is redundant.
AAGCCATGGCGTCAAAAAGGA is redundant.
GGTGGTGGTAAGAAGCCTTGG is redundant.
GCCGGCACCCACAAGGTGAAG is redundant.
There are 577 21-mers in the representative list.
It took 60 minutes and 38 seconds to generate a list from 8000 sequences.
