Generating 21-mers
...

All 21-mers generated!

Wed Jan 30 17:27:16 2019: Highest coverage kmer is: GTTGAGGAGATGCTGGCATGA, with worth: 1190 and coverage: 1190
Wed Jan 30 17:27:40 2019: Highest coverage kmer is: AAAAAAGTTGAGGAGGTGCTC, with worth: 875 and coverage: 875
Wed Jan 30 17:27:59 2019: Highest coverage kmer is: AAACCATGGCGTCAAAAAGGA, with worth: 491 and coverage: 491
Wed Jan 30 17:28:12 2019: Highest coverage kmer is: GCCGCGCGACTACAGCCAGCG, with worth: 448 and coverage: 448
Wed Jan 30 17:28:28 2019: Highest coverage kmer is: TTCGAGGAGCTGCTGGGATGA, with worth: 273 and coverage: 273
Wed Jan 30 17:28:49 2019: Highest coverage kmer is: AGAAGGGCACCGGCCGCGCCC, with worth: 270 and coverage: 315
Wed Jan 30 17:29:07 2019: Highest coverage kmer is: AACGAAGCTCTTGTACACCAA, with worth: 256 and coverage: 306
Wed Jan 30 17:29:17 2019: Highest coverage kmer is: AAGGGTACGGGCCGCGCTCGT, with worth: 214 and coverage: 214
Wed Jan 30 17:29:37 2019: Highest coverage kmer is: CAGCGCACCCCCAAGAAGATG, with worth: 195 and coverage: 254
Wed Jan 30 17:29:55 2019: Highest coverage kmer is: AAACCATGGCGTCAAAAAGGT, with worth: 163 and coverage: 167
Wed Jan 30 17:30:13 2019: Highest coverage kmer is: TCAACAAGAAGATGTACCGCG, with worth: 123 and coverage: 183
Wed Jan 30 17:30:28 2019: Highest coverage kmer is: CCCGAAGAAGATGAAGGCCGC, with worth: 86 and coverage: 198
Wed Jan 30 17:30:36 2019: Highest coverage kmer is: AAACCTTGGAGACAAAAAGGT, with worth: 84 and coverage: 84
Wed Jan 30 17:30:44 2019: Highest coverage kmer is: AAACCTTGGCGTCAAAAAGGT, with worth: 80 and coverage: 80
Wed Jan 30 17:30:59 2019: Highest coverage kmer is: AGAAGGGTACGGGCCGCGCCC, with worth: 78 and coverage: 86
Wed Jan 30 17:31:09 2019: Highest coverage kmer is: AGAAGGTCAACCGCAAGATGT, with worth: 71 and coverage: 72
Wed Jan 30 17:31:17 2019: Highest coverage kmer is: AAGGCCATCGTTTTAGACAGC, with worth: 69 and coverage: 69
Wed Jan 30 17:31:24 2019: Highest coverage kmer is: GTAGAGGAGGTGCTTGCATAA, with worth: 68 and coverage: 181
Wed Jan 30 17:31:32 2019: Highest coverage kmer is: AAAGCACAGAAGTATTCTAAA, with worth: 68 and coverage: 68
Wed Jan 30 17:31:47 2019: Highest coverage kmer is: GTACAAGCAGAAGGGCACCGG, with worth: 65 and coverage: 94
Wed Jan 30 17:32:01 2019: Highest coverage kmer is: CCACAATGGCGTGGTGGTGGT, with worth: 59 and coverage: 310
Wed Jan 30 17:32:11 2019: Highest coverage kmer is: GAAGCCGTGGCGCCAGAAGGG, with worth: 58 and coverage: 166
Wed Jan 30 17:32:20 2019: Highest coverage kmer is: AACAGGTAGAGCAAGACAAGG, with worth: 57 and coverage: 57
Wed Jan 30 17:32:31 2019: Highest coverage kmer is: CTACTCGACCAAGAAGATCTA, with worth: 51 and coverage: 51
Wed Jan 30 17:32:45 2019: Highest coverage kmer is: GCCGCGTGACTACAGCCAGCG, with worth: 47 and coverage: 96
Wed Jan 30 17:32:59 2019: Highest coverage kmer is: AAAGGTACTGGCCGTGCACGT, with worth: 46 and coverage: 113
Wed Jan 30 17:33:08 2019: Highest coverage kmer is: ATCGAGGAGGTGTACGCATAA, with worth: 46 and coverage: 46
Wed Jan 30 17:33:15 2019: Highest coverage kmer is: AAATAAAAATGTATATTTGTC, with worth: 45 and coverage: 45
Wed Jan 30 17:33:28 2019: Highest coverage kmer is: CAGCGCACCCCGAAGAAGATG, with worth: 43 and coverage: 142
Wed Jan 30 17:33:42 2019: Highest coverage kmer is: AAGCCATGGCGCCAAAAAGGT, with worth: 39 and coverage: 47
Wed Jan 30 17:33:55 2019: Highest coverage kmer is: AAAATTGAGGTAGAACTCGGA, with worth: 38 and coverage: 215
Wed Jan 30 17:34:03 2019: Highest coverage kmer is: GGTCGTGCTCGTCAAGGTTCT, with worth: 37 and coverage: 57
Wed Jan 30 17:34:10 2019: Highest coverage kmer is: AAGAAGTTCGGTCGCCAGAAG, with worth: 37 and coverage: 37
Wed Jan 30 17:34:22 2019: Highest coverage kmer is: AAATAAAAACGTATATTTGTC, with worth: 36 and coverage: 36
Wed Jan 30 17:34:34 2019: Highest coverage kmer is: GTTCAGAAGGTAGAGGAGGTG, with worth: 35 and coverage: 35
Wed Jan 30 17:34:47 2019: Highest coverage kmer is: GTCGAGGAGTGGCTGGCATGA, with worth: 31 and coverage: 69
Wed Jan 30 17:34:59 2019: Highest coverage kmer is: TGGCGTCAAAAGGGTACTGGT, with worth: 31 and coverage: 39
Wed Jan 30 17:35:07 2019: Highest coverage kmer is: AAATAATAATGTATATTTGTC, with worth: 31 and coverage: 31
Wed Jan 30 17:35:19 2019: Highest coverage kmer is: AAGCCGTGGCGTCAGAAGGGT, with worth: 30 and coverage: 53
Wed Jan 30 17:35:27 2019: Highest coverage kmer is: ATTGAGGAGGTGCTTGCATAA, with worth: 28 and coverage: 152
Wed Jan 30 17:35:36 2019: Highest coverage kmer is: ATTGAGGAGGTGTACGCATAA, with worth: 27 and coverage: 32
Wed Jan 30 17:35:42 2019: Highest coverage kmer is: AGTATTAAATACATCAGGAAA, with worth: 27 and coverage: 27
Wed Jan 30 17:35:54 2019: Highest coverage kmer is: AAGCCGTACCGCCAGAAGGGC, with worth: 25 and coverage: 217
Wed Jan 30 17:36:06 2019: Highest coverage kmer is: AAACCTTGGAAACAAAAAGGT, with worth: 22 and coverage: 34
Wed Jan 30 17:36:18 2019: Highest coverage kmer is: ATTGAGGAGGTGTATGCATAA, with worth: 22 and coverage: 33
Wed Jan 30 17:36:29 2019: Highest coverage kmer is: AAAGCCATGGCGTCAAAAAGG, with worth: 22 and coverage: 29
Wed Jan 30 17:36:40 2019: Highest coverage kmer is: AAAATTCAGGAGGTCTACAGT, with worth: 22 and coverage: 27
Wed Jan 30 17:36:51 2019: Highest coverage kmer is: GGCGCCAACGTCTACGACATC, with worth: 21 and coverage: 30
Wed Jan 30 17:36:57 2019: Highest coverage kmer is: AAAAAGCCTTTTAGACAAAAA, with worth: 21 and coverage: 21
Wed Jan 30 17:37:09 2019: Highest coverage kmer is: CCAGCTCAACACCTACGACGT, with worth: 20 and coverage: 128
Wed Jan 30 17:37:18 2019: Highest coverage kmer is: AATATGGAAGGCAAAGAAGTT, with worth: 20 and coverage: 26
Wed Jan 30 17:37:24 2019: Highest coverage kmer is: AAAAAGTTAATAAAAAACAAA, with worth: 19 and coverage: 19
Wed Jan 30 17:37:35 2019: Highest coverage kmer is: CAAGAAGATCTATCGCCAGAA, with worth: 18 and coverage: 44
Wed Jan 30 17:37:46 2019: Highest coverage kmer is: AGAAGGGCACCGGTCGTGCCC, with worth: 18 and coverage: 39
Wed Jan 30 17:37:57 2019: Highest coverage kmer is: ATGGCGCCAAAAAGGAACTGG, with worth: 18 and coverage: 36
Wed Jan 30 17:38:07 2019: Highest coverage kmer is: GGTGGTAAGAAGCCATGGCGT, with worth: 17 and coverage: 31
Wed Jan 30 17:38:18 2019: Highest coverage kmer is: AGGGCATCAACGTCTACGACA, with worth: 15 and coverage: 60
Wed Jan 30 17:38:28 2019: Highest coverage kmer is: TAATAAAAAAATGTACAAACG, with worth: 15 and coverage: 16
Wed Jan 30 17:38:38 2019: Highest coverage kmer is: CAGCGCACGCCCAAGAAGATG, with worth: 14 and coverage: 69
Wed Jan 30 17:38:48 2019: Highest coverage kmer is: TGAACAAGAAGATGTACCGCG, with worth: 14 and coverage: 67
Wed Jan 30 17:38:57 2019: Highest coverage kmer is: CGCCCGTCAGGGTTCGATCCG, with worth: 14 and coverage: 28
Wed Jan 30 17:39:06 2019: Highest coverage kmer is: CGTCAGAAGGGCACCGGCCGT, with worth: 14 and coverage: 19
Wed Jan 30 17:39:15 2019: Highest coverage kmer is: AGAGGTGGAGGAAGAAAACCT, with worth: 14 and coverage: 15
Wed Jan 30 17:39:20 2019: Highest coverage kmer is: AAAACTAAAACAGTATCAGAA, with worth: 14 and coverage: 14
Wed Jan 30 17:39:25 2019: Highest coverage kmer is: CGGTGCTCGTCGTGGTGATAT, with worth: 14 and coverage: 14
Wed Jan 30 17:39:35 2019: Highest coverage kmer is: ATGTACCGTGCCGGTATGGCG, with worth: 13 and coverage: 75
Wed Jan 30 17:39:42 2019: Highest coverage kmer is: CTGGCAGCTGGCCAAGCGCCG, with worth: 13 and coverage: 20
Wed Jan 30 17:39:50 2019: Highest coverage kmer is: AAAACCATGGAGACAAAAAGG, with worth: 13 and coverage: 19
Wed Jan 30 17:39:55 2019: Highest coverage kmer is: CGTCGTCTCCGACGACTTCGA, with worth: 13 and coverage: 13
Wed Jan 30 17:40:03 2019: Highest coverage kmer is: TTGGAAGCAAAAGGGTACTGG, with worth: 13 and coverage: 13
Wed Jan 30 17:40:13 2019: Highest coverage kmer is: AAAGGAACTGGACGTGCTCGT, with worth: 12 and coverage: 215
Wed Jan 30 17:40:22 2019: Highest coverage kmer is: AAGATGTACAAGCAGAAGGGT, with worth: 12 and coverage: 195
Wed Jan 30 17:40:32 2019: Highest coverage kmer is: TCAACAAGAAGATGTATCGCG, with worth: 12 and coverage: 95
Wed Jan 30 17:40:41 2019: Highest coverage kmer is: ATGACATCCTCAAGCGTGACA, with worth: 12 and coverage: 32
Wed Jan 30 17:40:51 2019: Highest coverage kmer is: AAAGCCTTGGAGACAAAAAGG, with worth: 12 and coverage: 16
Wed Jan 30 17:41:00 2019: Highest coverage kmer is: AGAAGGGTACCGGCCGCGCTC, with worth: 11 and coverage: 43
Wed Jan 30 17:41:09 2019: Highest coverage kmer is: TGGCGCCAGAAGGGCACCGGC, with worth: 11 and coverage: 43
Wed Jan 30 17:41:18 2019: Highest coverage kmer is: CGTAAGATTAAAAAACAAAAA, with worth: 11 and coverage: 28
Wed Jan 30 17:41:26 2019: Highest coverage kmer is: AAGCCTTGGAAACAAAAAGGT, with worth: 11 and coverage: 25
Wed Jan 30 17:41:35 2019: Highest coverage kmer is: ATGGAATTGGTATTGAAAGAC, with worth: 11 and coverage: 24
Wed Jan 30 17:41:43 2019: Highest coverage kmer is: CAGCGCACCCCTAAGAAGATG, with worth: 11 and coverage: 24
Wed Jan 30 17:41:52 2019: Highest coverage kmer is: AACGTCTATGACATCCTGAAG, with worth: 11 and coverage: 23
Wed Jan 30 17:42:01 2019: Highest coverage kmer is: ATCGAGGAGTGGCTGGCATGA, with worth: 11 and coverage: 19
Wed Jan 30 17:42:09 2019: Highest coverage kmer is: GCGTCAAAAAGGCACAGGTCG, with worth: 11 and coverage: 12
Wed Jan 30 17:42:13 2019: Highest coverage kmer is: AAAGAAACAGGTGCCAAGGTG, with worth: 11 and coverage: 11
Wed Jan 30 17:42:18 2019: Highest coverage kmer is: AAAGCCTTGGAAGCAAAAAGG, with worth: 11 and coverage: 11
Wed Jan 30 17:42:22 2019: Highest coverage kmer is: CTCTTGAGGAGCGTTTTAAAT, with worth: 11 and coverage: 11
Wed Jan 30 17:42:30 2019: Highest coverage kmer is: AAGCCATGGCGTCAAAAAGGT, with worth: 10 and coverage: 171
Wed Jan 30 17:42:38 2019: Highest coverage kmer is: ATGAAAGTAGCAGTTTTAGAT, with worth: 10 and coverage: 22
Wed Jan 30 17:42:47 2019: Highest coverage kmer is: ATCAGCTCAACACCTACGATG, with worth: 10 and coverage: 19
Wed Jan 30 17:42:55 2019: Highest coverage kmer is: AAACCATGGCGTCAAAAAGGG, with worth: 10 and coverage: 14
Wed Jan 30 17:43:03 2019: Highest coverage kmer is: CGCACCGGCAAGAAGTTCGGC, with worth: 10 and coverage: 13
Wed Jan 30 17:43:11 2019: Highest coverage kmer is: CTGTCTCCGAAACTACTTTTG, with worth: 10 and coverage: 11
Wed Jan 30 17:43:19 2019: Highest coverage kmer is: CAAAAAGGAACAGGTCGTGCT, with worth: 9 and coverage: 833
Wed Jan 30 17:43:27 2019: Highest coverage kmer is: TCAAAAAGGAACTGGTCGTGC, with worth: 9 and coverage: 93
Wed Jan 30 17:43:36 2019: Highest coverage kmer is: CCGGCGGCGGCAAGAAGCCGT, with worth: 9 and coverage: 56
Wed Jan 30 17:43:44 2019: Highest coverage kmer is: AACGTCTATGACATCCTGCGC, with worth: 9 and coverage: 26
Wed Jan 30 17:43:51 2019: Highest coverage kmer is: GGCGGCGGCAAGAAGCCCTGG, with worth: 9 and coverage: 17
Wed Jan 30 17:43:59 2019: Highest coverage kmer is: AAATAATAACGTATATTTGTC, with worth: 9 and coverage: 11
Wed Jan 30 17:44:04 2019: Highest coverage kmer is: AAACCTTGAAAACAAAAAGGT, with worth: 9 and coverage: 9
Wed Jan 30 17:44:12 2019: Highest coverage kmer is: CCGCAGTTCCGCGGCGGCGGC, with worth: 8 and coverage: 97
Wed Jan 30 17:44:20 2019: Highest coverage kmer is: CGCCGACATCCTGCACCGCGT, with worth: 8 and coverage: 42
Wed Jan 30 17:44:27 2019: Highest coverage kmer is: CTCTTTCTCAAGTAGAGGAGG, with worth: 8 and coverage: 36
Wed Jan 30 17:44:34 2019: Highest coverage kmer is: AAGAAGCCTTGGAGACAAAAG, with worth: 8 and coverage: 28
Wed Jan 30 17:44:42 2019: Highest coverage kmer is: AGTAAGCGGTGGTGGTAAAAA, with worth: 8 and coverage: 28
Wed Jan 30 17:44:49 2019: Highest coverage kmer is: TTCGAGGAGAAGCTGGCATGA, with worth: 8 and coverage: 21
Wed Jan 30 17:44:56 2019: Highest coverage kmer is: CAACATCCCGAACATCGACGT, with worth: 8 and coverage: 15
Wed Jan 30 17:45:03 2019: Highest coverage kmer is: ATGGATATTAACGTATTAGAT, with worth: 8 and coverage: 12
Wed Jan 30 17:45:10 2019: Highest coverage kmer is: AAAACCTTGAAGACAAAAAGG, with worth: 8 and coverage: 11
Wed Jan 30 17:45:17 2019: Highest coverage kmer is: ATCGAGGAGGTGTATGCATAA, with worth: 8 and coverage: 11
Wed Jan 30 17:45:24 2019: Highest coverage kmer is: GTGGTGGTGGTAAGAAGCCTT, with worth: 8 and coverage: 11
Wed Jan 30 17:45:30 2019: Highest coverage kmer is: TAAAGGTGAAGATACCGGAAG, with worth: 8 and coverage: 10
Wed Jan 30 17:45:34 2019: Highest coverage kmer is: AACTTCCAGCTATTTTTAATG, with worth: 8 and coverage: 8
Wed Jan 30 17:45:37 2019: Highest coverage kmer is: AAGCCATGGAGACAAAAAGGT, with worth: 8 and coverage: 8
Wed Jan 30 17:45:41 2019: Highest coverage kmer is: CTGAAGGAGCGCCTGGCATGA, with worth: 8 and coverage: 8
Wed Jan 30 17:45:48 2019: Highest coverage kmer is: CTCAAGGAGATGTTCGCATGA, with worth: 7 and coverage: 58
Wed Jan 30 17:45:55 2019: Highest coverage kmer is: ATGGCGTCAGAAGGGTACTGG, with worth: 7 and coverage: 44
Wed Jan 30 17:46:02 2019: Highest coverage kmer is: AAACAAAAAGGTACTGGTGGT, with worth: 7 and coverage: 11
Wed Jan 30 17:46:09 2019: Highest coverage kmer is: CAAGCCCTGGCGCCAGAAGGG, with worth: 7 and coverage: 9
Wed Jan 30 17:46:14 2019: Highest coverage kmer is: CGAGGAGGTGGCCGACCGATG, with worth: 7 and coverage: 8
Wed Jan 30 17:46:17 2019: Highest coverage kmer is: AAGCCTTATAGGCAGAAGCAT, with worth: 7 and coverage: 7
Wed Jan 30 17:46:21 2019: Highest coverage kmer is: ACTACAGCTACACCCTGCCCA, with worth: 7 and coverage: 7
Wed Jan 30 17:46:24 2019: Highest coverage kmer is: AGAAGCTGAACAAGAAAATGT, with worth: 7 and coverage: 7
Wed Jan 30 17:46:31 2019: Highest coverage kmer is: CCAGCTGAACACCTACGACGT, with worth: 6 and coverage: 80
Wed Jan 30 17:46:37 2019: Highest coverage kmer is: ATCGAGGAGATGCTGGGATGA, with worth: 6 and coverage: 21
Wed Jan 30 17:46:44 2019: Highest coverage kmer is: AAAGCAGGGGAGGTGCTTGCA, with worth: 6 and coverage: 19
Wed Jan 30 17:46:50 2019: Highest coverage kmer is: AAAGCCTTGGAGACAGAAGGG, with worth: 6 and coverage: 18
Wed Jan 30 17:46:57 2019: Highest coverage kmer is: AAAAGGGTACAGGTCGTGCTC, with worth: 6 and coverage: 11
Wed Jan 30 17:47:03 2019: Highest coverage kmer is: GGTGGTGGTCGTGTATTCGGT, with worth: 6 and coverage: 11
Wed Jan 30 17:47:10 2019: Highest coverage kmer is: AGATATTACAGGAAAAGATAC, with worth: 6 and coverage: 10
Wed Jan 30 17:47:16 2019: Highest coverage kmer is: CGCGCGTGGTGCACTGGCAGC, with worth: 6 and coverage: 8
Wed Jan 30 17:47:22 2019: Highest coverage kmer is: AACGAGCCTCTGGTTCATCAG, with worth: 6 and coverage: 7
Wed Jan 30 17:47:27 2019: Highest coverage kmer is: CTACGGTGCCGACGAGTTCGC, with worth: 6 and coverage: 7
Wed Jan 30 17:47:32 2019: Highest coverage kmer is: AAAAAACCATGAAGACAAAAA, with worth: 6 and coverage: 6
Wed Jan 30 17:47:37 2019: Highest coverage kmer is: AACCATCCAGGAGGTCTACGG, with worth: 6 and coverage: 6
Wed Jan 30 17:47:41 2019: Highest coverage kmer is: ACCGGAAGAGCAAGACACGGT, with worth: 6 and coverage: 6
Wed Jan 30 17:47:47 2019: Highest coverage kmer is: ATGGAAAAGAAAGTCTATTCA, with worth: 6 and coverage: 6
Wed Jan 30 17:47:53 2019: Highest coverage kmer is: CAAGAAGATGATCGCCGCGGC, with worth: 5 and coverage: 376
Wed Jan 30 17:48:00 2019: Highest coverage kmer is: CGGTGGTCGGATTTTCCCGAA, with worth: 5 and coverage: 74
Wed Jan 30 17:48:06 2019: Highest coverage kmer is: ATCTTCCCGAATTCGCCGGAA, with worth: 5 and coverage: 54
Wed Jan 30 17:48:12 2019: Highest coverage kmer is: TGGAGACAAAAAGGAACAGGT, with worth: 5 and coverage: 26
Wed Jan 30 17:48:19 2019: Highest coverage kmer is: CAAGCCATGGCGCCAAAAAGG, with worth: 5 and coverage: 20
Wed Jan 30 17:48:25 2019: Highest coverage kmer is: GGTCGCAAACCTTGGCGGCAA, with worth: 5 and coverage: 18
Wed Jan 30 17:48:32 2019: Highest coverage kmer is: GCACCAAAGCCAAGAGATTAT, with worth: 5 and coverage: 16
Wed Jan 30 17:48:38 2019: Highest coverage kmer is: AAATCAAAAGAAAGAAGCGAA, with worth: 5 and coverage: 14
Wed Jan 30 17:48:44 2019: Highest coverage kmer is: ACAAAAAGGAACTGGTCGTGC, with worth: 5 and coverage: 14
Wed Jan 30 17:48:50 2019: Highest coverage kmer is: TGGAGACAGAAAGGAACAGGT, with worth: 5 and coverage: 11
Wed Jan 30 17:48:55 2019: Highest coverage kmer is: AGAGGTGGAGGAAGAAAGCCT, with worth: 5 and coverage: 9
Wed Jan 30 17:49:01 2019: Highest coverage kmer is: AACTTGAGGAGCAATGGGTAT, with worth: 5 and coverage: 8
Wed Jan 30 17:49:07 2019: Highest coverage kmer is: AGGTTCGCGGCGGTGGCCGTA, with worth: 5 and coverage: 8
Wed Jan 30 17:49:13 2019: Highest coverage kmer is: GAATAAAAATGTATATTTGTC, with worth: 5 and coverage: 8
Wed Jan 30 17:49:18 2019: Highest coverage kmer is: AAGCTCGTCCTGACCAAGGCA, with worth: 5 and coverage: 7
Wed Jan 30 17:49:24 2019: Highest coverage kmer is: CCGCCCGCAACCTCGCGGGCG, with worth: 5 and coverage: 7
Wed Jan 30 17:49:30 2019: Highest coverage kmer is: AGCCCGAAGACCAAGGAATTC, with worth: 5 and coverage: 6
Wed Jan 30 17:49:36 2019: Highest coverage kmer is: CCTTGGCGTCAAAAAGGAACA, with worth: 5 and coverage: 6
Wed Jan 30 17:49:41 2019: Highest coverage kmer is: CTGACGAGATCTTTGGTCTCG, with worth: 5 and coverage: 6
Wed Jan 30 17:49:44 2019: Highest coverage kmer is: AAAAACCATAGACCTTACAGG, with worth: 5 and coverage: 5
Wed Jan 30 17:49:46 2019: Highest coverage kmer is: AAAAAGATCGAGGAATGGTTG, with worth: 5 and coverage: 5
Wed Jan 30 17:49:49 2019: Highest coverage kmer is: AAAAATTGGCAAGGGGAAGAA, with worth: 5 and coverage: 5
Wed Jan 30 17:49:52 2019: Highest coverage kmer is: AAAACCTTGGAGACAAAAGGG, with worth: 5 and coverage: 5
Wed Jan 30 17:49:54 2019: Highest coverage kmer is: AAGAAGCTGTGGAAGCAGAAG, with worth: 5 and coverage: 5
Wed Jan 30 17:49:57 2019: Highest coverage kmer is: ACTCGCATGGCAATCCGCTCG, with worth: 5 and coverage: 5
Wed Jan 30 17:50:00 2019: Highest coverage kmer is: ATGGAAGTAATCGTATATAAC, with worth: 5 and coverage: 5
Wed Jan 30 17:50:02 2019: Highest coverage kmer is: CAAAGGCGAAGACACCGGCCG, with worth: 5 and coverage: 5
Wed Jan 30 17:50:05 2019: Highest coverage kmer is: CTACACCCTGCCCCGCAAGGT, with worth: 5 and coverage: 5
Wed Jan 30 17:50:08 2019: Highest coverage kmer is: TCAAAAAGGTGGCGGTAGAGC, with worth: 5 and coverage: 5
Wed Jan 30 17:50:13 2019: Highest coverage kmer is: AGCGGACCCCGAAGAAGATGA, with worth: 4 and coverage: 183
Wed Jan 30 17:50:19 2019: Highest coverage kmer is: CTTGAGGAGCGTTTCAAATGA, with worth: 4 and coverage: 76
Wed Jan 30 17:50:24 2019: Highest coverage kmer is: GGCGTCAGAAGGGCACCGGTC, with worth: 4 and coverage: 60
Wed Jan 30 17:50:30 2019: Highest coverage kmer is: GCTCGTCAGGGCTCGATCCGC, with worth: 4 and coverage: 48
Wed Jan 30 17:50:35 2019: Highest coverage kmer is: AAACCTTGGAAACAAAAAGGA, with worth: 4 and coverage: 46
Wed Jan 30 17:50:40 2019: Highest coverage kmer is: CTGGAGGCTCGCCTGAAATGA, with worth: 4 and coverage: 37
Wed Jan 30 17:50:46 2019: Highest coverage kmer is: CTGATCATCGACGGCGCCGAG, with worth: 4 and coverage: 34
Wed Jan 30 17:50:51 2019: Highest coverage kmer is: TATCGCCAGAAGGGCACCGGC, with worth: 4 and coverage: 28
Wed Jan 30 17:50:56 2019: Highest coverage kmer is: AAGAAGCCATGGAAGCAGAAG, with worth: 4 and coverage: 14
Wed Jan 30 17:51:02 2019: Highest coverage kmer is: AAGCCCTGGCGCCAGAAAGGC, with worth: 4 and coverage: 9
Wed Jan 30 17:51:07 2019: Highest coverage kmer is: AGAAGGTGAACCGCAAGATGT, with worth: 4 and coverage: 9
Wed Jan 30 17:51:12 2019: Highest coverage kmer is: ATGGCAGTTTTAAACATATAT, with worth: 4 and coverage: 9
Wed Jan 30 17:51:17 2019: Highest coverage kmer is: TAAGCCTTGGAGACAAAAAGG, with worth: 4 and coverage: 9
Wed Jan 30 17:51:22 2019: Highest coverage kmer is: AAGCCTTGGCGTCAAAAAGGT, with worth: 4 and coverage: 8
Wed Jan 30 17:51:27 2019: Highest coverage kmer is: GCGAACGTCTACGACATCCTG, with worth: 4 and coverage: 7
Wed Jan 30 17:51:32 2019: Highest coverage kmer is: AAGGTCAATCGCAAGATGTAT, with worth: 4 and coverage: 6
Wed Jan 30 17:51:37 2019: Highest coverage kmer is: ATTGATGAAAAAACTTATTTA, with worth: 4 and coverage: 6
Wed Jan 30 17:51:42 2019: Highest coverage kmer is: CACCGCCAGCACCAAGACCCG, with worth: 4 and coverage: 6
Wed Jan 30 17:51:47 2019: Highest coverage kmer is: AAAAATTGGCAAGGAGAGCAA, with worth: 4 and coverage: 5
Wed Jan 30 17:51:52 2019: Highest coverage kmer is: ACAAAAAGGTACTGGTAATGC, with worth: 4 and coverage: 5
Wed Jan 30 17:51:56 2019: Highest coverage kmer is: AGCCAAATGATCACGCTATCT, with worth: 4 and coverage: 5
Wed Jan 30 17:52:01 2019: Highest coverage kmer is: CGGCGGCAAAAAGCCGTGGCG, with worth: 4 and coverage: 5
Wed Jan 30 17:52:04 2019: Highest coverage kmer is: TCAGCGTCAGGGTACGCACAA, with worth: 4 and coverage: 5
Wed Jan 30 17:52:06 2019: Highest coverage kmer is: AAAAATTGAGTATTTTGCATG, with worth: 4 and coverage: 4
Wed Jan 30 17:52:09 2019: Highest coverage kmer is: AAAGCACAGAAGTACTCAAAA, with worth: 4 and coverage: 4
Wed Jan 30 17:52:11 2019: Highest coverage kmer is: AAAGCAGTACATGGCCAACCA, with worth: 4 and coverage: 4
Wed Jan 30 17:52:13 2019: Highest coverage kmer is: AAAGGTACTGGTAATGCACGT, with worth: 4 and coverage: 4
Wed Jan 30 17:52:15 2019: Highest coverage kmer is: AAAGGTGGTGGTACCATCTTC, with worth: 4 and coverage: 4
Wed Jan 30 17:52:17 2019: Highest coverage kmer is: AAGGTCGAGAAGATAATCTGG, with worth: 4 and coverage: 4
Wed Jan 30 17:52:19 2019: Highest coverage kmer is: AGGGCTGGAAAGGGCAAAATG, with worth: 4 and coverage: 4
Wed Jan 30 17:52:22 2019: Highest coverage kmer is: ATACAAGGGTGGTGGTACCAT, with worth: 4 and coverage: 4
Wed Jan 30 17:52:24 2019: Highest coverage kmer is: ATCAAAATTTGATTTTTCAGG, with worth: 4 and coverage: 4
Wed Jan 30 17:52:26 2019: Highest coverage kmer is: ATCGCCAAAAAGGCACAGGTG, with worth: 4 and coverage: 4
Wed Jan 30 17:52:28 2019: Highest coverage kmer is: ATGCCTAAAGTAGCTTTATAT, with worth: 4 and coverage: 4
Wed Jan 30 17:52:31 2019: Highest coverage kmer is: CCGAAGACGAAAGAAGTCGTC, with worth: 4 and coverage: 4
Wed Jan 30 17:52:35 2019: Highest coverage kmer is: CTCAAAAAGGTACTGGTAACG, with worth: 4 and coverage: 4
Wed Jan 30 17:52:40 2019: Highest coverage kmer is: AAACTTCCTAAAAAAGTTCGT, with worth: 3 and coverage: 144
Wed Jan 30 17:52:44 2019: Highest coverage kmer is: TCAAAAAGGTACTGGCCGTGC, with worth: 3 and coverage: 134
Wed Jan 30 17:52:49 2019: Highest coverage kmer is: GAAGATGTACAAGCAGAAGGG, with worth: 3 and coverage: 73
Wed Jan 30 17:52:53 2019: Highest coverage kmer is: ACTGGCCGTGCTCGTGCTGGT, with worth: 3 and coverage: 48
Wed Jan 30 17:52:58 2019: Highest coverage kmer is: TCAGCTCAACACCTACGACGT, with worth: 3 and coverage: 48
Wed Jan 30 17:53:02 2019: Highest coverage kmer is: AACCTGTACAAGGTTGACGTA, with worth: 3 and coverage: 29
Wed Jan 30 17:53:07 2019: Highest coverage kmer is: TGGTAAAAAACCATGGCGTCA, with worth: 3 and coverage: 29
Wed Jan 30 17:53:11 2019: Highest coverage kmer is: AAGGGCACCGGCCGTGCCCGC, with worth: 3 and coverage: 23
Wed Jan 30 17:53:15 2019: Highest coverage kmer is: ACAGTCAAAAAGTTAATAAAA, with worth: 3 and coverage: 22
Wed Jan 30 17:53:20 2019: Highest coverage kmer is: TTCGGTCGTGAATACAACGAA, with worth: 3 and coverage: 20
Wed Jan 30 17:53:24 2019: Highest coverage kmer is: CGTGCCCGTCAAGGTTCTATC, with worth: 3 and coverage: 18
Wed Jan 30 17:53:28 2019: Highest coverage kmer is: CCGTTCACCACAATGGGTTGG, with worth: 3 and coverage: 17
Wed Jan 30 17:53:33 2019: Highest coverage kmer is: AAAAAACAAAAAGGAACAGGT, with worth: 3 and coverage: 15
Wed Jan 30 17:53:37 2019: Highest coverage kmer is: TCGAAGCTCCAAAAACAAAAG, with worth: 3 and coverage: 14
Wed Jan 30 17:53:41 2019: Highest coverage kmer is: AACGTGCATCAATGCGTCAAG, with worth: 3 and coverage: 12
Wed Jan 30 17:53:46 2019: Highest coverage kmer is: ATGGAAAGAAAAGTTTTTTCT, with worth: 3 and coverage: 10
Wed Jan 30 17:53:50 2019: Highest coverage kmer is: GGTGGTGGTGTGATCTTTGGG, with worth: 3 and coverage: 10
Wed Jan 30 17:53:54 2019: Highest coverage kmer is: AAAAGGTGAACAAGAAGGTCA, with worth: 3 and coverage: 8
Wed Jan 30 17:53:58 2019: Highest coverage kmer is: AAAATCAACAAAAAACAAAAG, with worth: 3 and coverage: 8
Wed Jan 30 17:54:02 2019: Highest coverage kmer is: ACCAGGTCGTCGTTGCGCAGC, with worth: 3 and coverage: 7
Wed Jan 30 17:54:07 2019: Highest coverage kmer is: CCGCACATCGACGTGCTGCCG, with worth: 3 and coverage: 7
Wed Jan 30 17:54:11 2019: Highest coverage kmer is: TCAGAAGGGTACCGGCCGTGC, with worth: 3 and coverage: 6
Wed Jan 30 17:54:15 2019: Highest coverage kmer is: CGTGCCGGTATGGCATCCAGC, with worth: 3 and coverage: 5
Wed Jan 30 17:54:19 2019: Highest coverage kmer is: AAAAAGTAAATAAAAAAATGT, with worth: 3 and coverage: 4
Wed Jan 30 17:54:23 2019: Highest coverage kmer is: AACGTCTATGACATCCTCAAC, with worth: 3 and coverage: 4
Wed Jan 30 17:54:27 2019: Highest coverage kmer is: AAGCAGAAGGGTACGGGTCGT, with worth: 3 and coverage: 4
Wed Jan 30 17:54:31 2019: Highest coverage kmer is: ATATTCAAGAAGCTTGGAATA, with worth: 3 and coverage: 4
Wed Jan 30 17:54:35 2019: Highest coverage kmer is: ATCAAGTGGTCACTGCTTATT, with worth: 3 and coverage: 4
Wed Jan 30 17:54:38 2019: Highest coverage kmer is: CCCGTGGCCGCAAGTACAAGA, with worth: 3 and coverage: 4
Wed Jan 30 17:54:42 2019: Highest coverage kmer is: CGGTCGTCAGAAGGGCGGCGG, with worth: 3 and coverage: 4
Wed Jan 30 17:54:44 2019: Highest coverage kmer is: TTTAACGAGTCGCTGGTGCAC, with worth: 3 and coverage: 4
Wed Jan 30 17:54:46 2019: Highest coverage kmer is: AAAAAACCATGGAGACAAAAG, with worth: 3 and coverage: 3
Wed Jan 30 17:54:48 2019: Highest coverage kmer is: AAAAAACTGAAAAAGTTTTGG, with worth: 3 and coverage: 3
Wed Jan 30 17:54:49 2019: Highest coverage kmer is: AAAAAAGCCGTACCGACAAAA, with worth: 3 and coverage: 3
Wed Jan 30 17:54:51 2019: Highest coverage kmer is: AAAATCCAGGAGGTTTACGGT, with worth: 3 and coverage: 3
Wed Jan 30 17:54:53 2019: Highest coverage kmer is: AAAATTTGATCAGCATGTTCG, with worth: 3 and coverage: 3
Wed Jan 30 17:54:54 2019: Highest coverage kmer is: AAAGATGTCAAAGTACTCAAG, with worth: 3 and coverage: 3
Wed Jan 30 17:54:56 2019: Highest coverage kmer is: AAAGGTACAGGTAGAGCAAGG, with worth: 3 and coverage: 3
Wed Jan 30 17:54:58 2019: Highest coverage kmer is: AAATTCCTGTTTATAACGCAT, with worth: 3 and coverage: 3
Wed Jan 30 17:54:59 2019: Highest coverage kmer is: AAGCCTTGGCGCCAAAAAGGG, with worth: 3 and coverage: 3
Wed Jan 30 17:55:01 2019: Highest coverage kmer is: AAGGGTACCGGTAACGCTCGT, with worth: 3 and coverage: 3
Wed Jan 30 17:55:03 2019: Highest coverage kmer is: AAGGTCAATAAAAAGCAAAAA, with worth: 3 and coverage: 3
Wed Jan 30 17:55:04 2019: Highest coverage kmer is: AATTTGCATAATGTAACTTTG, with worth: 3 and coverage: 3
Wed Jan 30 17:55:06 2019: Highest coverage kmer is: ACGGGCAACGCCCGCCACGGC, with worth: 3 and coverage: 3
Wed Jan 30 17:55:08 2019: Highest coverage kmer is: AGAGGCTTAGGGAGATTTACG, with worth: 3 and coverage: 3
Wed Jan 30 17:55:10 2019: Highest coverage kmer is: AGCCCCGCGATTACAGCTTCA, with worth: 3 and coverage: 3
Wed Jan 30 17:55:11 2019: Highest coverage kmer is: CAGCGTCAGGGTACCCACAAG, with worth: 3 and coverage: 3
Wed Jan 30 17:55:13 2019: Highest coverage kmer is: CGATCCTGTTCGTCACGAGCG, with worth: 3 and coverage: 3
Wed Jan 30 17:55:15 2019: Highest coverage kmer is: CGGACGCAAGCCGTGGCGCCA, with worth: 3 and coverage: 3
Wed Jan 30 17:55:16 2019: Highest coverage kmer is: CGGCGGTACGGTATTCGGACC, with worth: 3 and coverage: 3
Wed Jan 30 17:55:20 2019: Highest coverage kmer is: AAGCGCTGGTTCACCAGGTTG, with worth: 2 and coverage: 958
Wed Jan 30 17:55:24 2019: Highest coverage kmer is: GCGTCAAAAAGGAACTGGACG, with worth: 2 and coverage: 356
Wed Jan 30 17:55:27 2019: Highest coverage kmer is: CAAAAAGGTACTGGTCGCGCT, with worth: 2 and coverage: 217
Wed Jan 30 17:55:31 2019: Highest coverage kmer is: AAGAAGATGAAGGCCGCCGCC, with worth: 2 and coverage: 182
Wed Jan 30 17:55:34 2019: Highest coverage kmer is: GCGTCAGGGCACTCGTGCTCA, with worth: 2 and coverage: 92
Wed Jan 30 17:55:38 2019: Highest coverage kmer is: CTGCCGATCCAGGGCATCAAC, with worth: 2 and coverage: 74
Wed Jan 30 17:55:41 2019: Highest coverage kmer is: AAAGGAACAGGTCGTGCACGT, with worth: 2 and coverage: 58
Wed Jan 30 17:55:45 2019: Highest coverage kmer is: CAAAAAGCCATGGCGCCAGAA, with worth: 2 and coverage: 58
Wed Jan 30 17:55:48 2019: Highest coverage kmer is: ACAGGTCGTGCCCGTCAAGGT, with worth: 2 and coverage: 53
Wed Jan 30 17:55:52 2019: Highest coverage kmer is: GCCGCGCAGCTTCGAGCAGAA, with worth: 2 and coverage: 51
Wed Jan 30 17:55:55 2019: Highest coverage kmer is: CAAGCCCTTCAAGCAGAAGGG, with worth: 2 and coverage: 45
Wed Jan 30 17:55:58 2019: Highest coverage kmer is: GAAGCCCTGGCGCCAGAAGGG, with worth: 2 and coverage: 42
Wed Jan 30 17:56:02 2019: Highest coverage kmer is: GTATATTTGTCAGCTCGTAAC, with worth: 2 and coverage: 36
Wed Jan 30 17:56:05 2019: Highest coverage kmer is: CAACGTCTACGACATCCTGCG, with worth: 2 and coverage: 35
Wed Jan 30 17:56:08 2019: Highest coverage kmer is: AAAAAGCCGTGGCGTCAGAAG, with worth: 2 and coverage: 26
Wed Jan 30 17:56:12 2019: Highest coverage kmer is: GCCCGTCAGGGTTCGATCCGC, with worth: 2 and coverage: 22
Wed Jan 30 17:56:15 2019: Highest coverage kmer is: CAAGCCGTTCCGCCAGAAGGG, with worth: 2 and coverage: 18
Wed Jan 30 17:56:18 2019: Highest coverage kmer is: CACCGGTGGCGCACGTCACGG, with worth: 2 and coverage: 18
Wed Jan 30 17:56:22 2019: Highest coverage kmer is: AAGGCGCCGATCTTCCGCAAG, with worth: 2 and coverage: 17
Wed Jan 30 17:56:25 2019: Highest coverage kmer is: GGAGACAGAAGGGTACAGGTC, with worth: 2 and coverage: 16
Wed Jan 30 17:56:28 2019: Highest coverage kmer is: CTATCGCCAAAAAGGCACCGG, with worth: 2 and coverage: 15
Wed Jan 30 17:56:31 2019: Highest coverage kmer is: AAAAACGTATATTTGTCGGCT, with worth: 2 and coverage: 14
Wed Jan 30 17:56:35 2019: Highest coverage kmer is: CAACGTCTATGACATTCTGCG, with worth: 2 and coverage: 14
Wed Jan 30 17:56:38 2019: Highest coverage kmer is: GCAGAAGGGCACCGGTCGGGC, with worth: 2 and coverage: 14
Wed Jan 30 17:56:41 2019: Highest coverage kmer is: AGCTCCAAAAACTGCTGAGTT, with worth: 2 and coverage: 13
Wed Jan 30 17:56:44 2019: Highest coverage kmer is: ACGTTCTGAAGTACGCGGCGG, with worth: 2 and coverage: 12
Wed Jan 30 17:56:47 2019: Highest coverage kmer is: AGGGTACGCACAAGTCCAAGG, with worth: 2 and coverage: 12
Wed Jan 30 17:56:50 2019: Highest coverage kmer is: CAAGATGAACCGCAAAGAGCG, with worth: 2 and coverage: 12
Wed Jan 30 17:56:54 2019: Highest coverage kmer is: GACAGGCGGCGGAGTTGTATT, with worth: 2 and coverage: 12
Wed Jan 30 17:56:57 2019: Highest coverage kmer is: TGGAGACAGAAGGGAACAGGT, with worth: 2 and coverage: 12
Wed Jan 30 17:57:00 2019: Highest coverage kmer is: GGTGGTGGTAAAAAGCCATGG, with worth: 2 and coverage: 11
Wed Jan 30 17:57:03 2019: Highest coverage kmer is: AATGTTTATGATATTTTGCGT, with worth: 2 and coverage: 9
Wed Jan 30 17:57:06 2019: Highest coverage kmer is: AAACCATGGAAACAAAAAGGT, with worth: 2 and coverage: 7
Wed Jan 30 17:57:09 2019: Highest coverage kmer is: AAAGGTACTGGTAGAGCTAGA, with worth: 2 and coverage: 7
Wed Jan 30 17:57:12 2019: Highest coverage kmer is: AGAGGAAGAAAATACAAAAAA, with worth: 2 and coverage: 7
Wed Jan 30 17:57:15 2019: Highest coverage kmer is: CAAAAAGGAACAGGTAGAGCT, with worth: 2 and coverage: 7
Wed Jan 30 17:57:18 2019: Highest coverage kmer is: CCAGAAGGGCACGGGCCGCGC, with worth: 2 and coverage: 7
Wed Jan 30 17:57:21 2019: Highest coverage kmer is: GGCCGCCCGCAACCTCGCGGG, with worth: 2 and coverage: 7
Wed Jan 30 17:57:24 2019: Highest coverage kmer is: GGTGGTGGTAGAAAACCATGG, with worth: 2 and coverage: 7
Wed Jan 30 17:57:27 2019: Highest coverage kmer is: GATGTTAAGCAATACTTGGCT, with worth: 2 and coverage: 6
Wed Jan 30 17:57:30 2019: Highest coverage kmer is: GCCATGGAGACAAAAAGGAAC, with worth: 2 and coverage: 6
Wed Jan 30 17:57:33 2019: Highest coverage kmer is: GGTGGTGGCAGAAAACCCTGG, with worth: 2 and coverage: 6
Wed Jan 30 17:57:36 2019: Highest coverage kmer is: GTTAACCGCAAAATGTATCGC, with worth: 2 and coverage: 6
Wed Jan 30 17:57:39 2019: Highest coverage kmer is: TCTATTAGAGCTCCTCAATGG, with worth: 2 and coverage: 6
Wed Jan 30 17:57:41 2019: Highest coverage kmer is: AAAACTTTGGAGGAAGCATTA, with worth: 2 and coverage: 5
Wed Jan 30 17:57:44 2019: Highest coverage kmer is: AGAAAGGCACTGGCCGCGCTC, with worth: 2 and coverage: 5
Wed Jan 30 17:57:47 2019: Highest coverage kmer is: ATCTGCTCGCAACATTCCTGG, with worth: 2 and coverage: 5
Wed Jan 30 17:57:50 2019: Highest coverage kmer is: CCAAAGACAAGGTACGCACAA, with worth: 2 and coverage: 5
Wed Jan 30 17:57:53 2019: Highest coverage kmer is: CCAATTTGGGTAGGTGGTGGT, with worth: 2 and coverage: 5
Wed Jan 30 17:57:56 2019: Highest coverage kmer is: GGTGGTGGAAGAAAGCCATGG, with worth: 2 and coverage: 5
Wed Jan 30 17:57:58 2019: Highest coverage kmer is: AAAACCTTGGGCTCAAAAAGG, with worth: 2 and coverage: 4
Wed Jan 30 17:58:01 2019: Highest coverage kmer is: AACAAGAAAATGTATCGCGGC, with worth: 2 and coverage: 4
Wed Jan 30 17:58:04 2019: Highest coverage kmer is: AACAGTACACGACCTGGACGG, with worth: 2 and coverage: 4
Wed Jan 30 17:58:07 2019: Highest coverage kmer is: AAGCCCAGAGATTACAGCTAT, with worth: 2 and coverage: 4
Wed Jan 30 17:58:09 2019: Highest coverage kmer is: ACAGCTTCAAGCTGAATAAGA, with worth: 2 and coverage: 4
Wed Jan 30 17:58:12 2019: Highest coverage kmer is: ATCCGTTCTCCACAATGGGTT, with worth: 2 and coverage: 4
Wed Jan 30 17:58:15 2019: Highest coverage kmer is: CACGACACGCTGGTCCTGACC, with worth: 2 and coverage: 4
Wed Jan 30 17:58:18 2019: Highest coverage kmer is: CCGATCTTCCGCGGTGGTGGT, with worth: 2 and coverage: 4
Wed Jan 30 17:58:20 2019: Highest coverage kmer is: CCGCAATGGAAAGGCGGCGGT, with worth: 2 and coverage: 4
Wed Jan 30 17:58:23 2019: Highest coverage kmer is: CCTGGCTGCGCGCAACCTGCC, with worth: 2 and coverage: 4
Wed Jan 30 17:58:26 2019: Highest coverage kmer is: GGAGACAAAAAGGAACCGGTC, with worth: 2 and coverage: 4
Wed Jan 30 17:58:28 2019: Highest coverage kmer is: GTTGAGGAGGCACTTGCATAA, with worth: 2 and coverage: 4
Wed Jan 30 17:58:31 2019: Highest coverage kmer is: TCGCGTAACCTGCCGAACGTG, with worth: 2 and coverage: 4
Wed Jan 30 17:58:34 2019: Highest coverage kmer is: AAAAAGCCCTGGCGTCAAAAA, with worth: 2 and coverage: 3
Wed Jan 30 17:58:36 2019: Highest coverage kmer is: AAACCGTGGCGTCAAAAGGGT, with worth: 2 and coverage: 3
Wed Jan 30 17:58:39 2019: Highest coverage kmer is: AAGACCAAGAGCTTTGTCGCC, with worth: 2 and coverage: 3
Wed Jan 30 17:58:42 2019: Highest coverage kmer is: AAGCAATTTTTGATGCAATTT, with worth: 2 and coverage: 3
Wed Jan 30 17:58:44 2019: Highest coverage kmer is: AAGCAGTACTTGGCTAATCAA, with worth: 2 and coverage: 3
Wed Jan 30 17:58:47 2019: Highest coverage kmer is: AAGCCAAGAGATTACAGCTAC, with worth: 2 and coverage: 3
Wed Jan 30 17:58:49 2019: Highest coverage kmer is: AATGATCACGCAATTTACTTA, with worth: 2 and coverage: 3
Wed Jan 30 17:58:52 2019: Highest coverage kmer is: ACACATAAATCTAAAGAAAGA, with worth: 2 and coverage: 3
Wed Jan 30 17:58:54 2019: Highest coverage kmer is: ACCAGATCTTATTAAAAGAGC, with worth: 2 and coverage: 3
Wed Jan 30 17:58:56 2019: Highest coverage kmer is: AGCGCACACCAAAGAAGATGA, with worth: 2 and coverage: 3
Wed Jan 30 17:58:59 2019: Highest coverage kmer is: AGCTTCAAACTGAACAAGAAA, with worth: 2 and coverage: 3
Wed Jan 30 17:59:01 2019: Highest coverage kmer is: ATCAAAAAGCAAAAAGGTACT, with worth: 2 and coverage: 3
Wed Jan 30 17:59:03 2019: Highest coverage kmer is: CCGTTGTGGCGTGGTGGTGGT, with worth: 2 and coverage: 3
Wed Jan 30 17:59:05 2019: Highest coverage kmer is: CCTTTGTACAAGGGTGGTGGT, with worth: 2 and coverage: 3
Wed Jan 30 17:59:07 2019: Highest coverage kmer is: GCAGTGAAGAAACTTGAGGAG, with worth: 2 and coverage: 3
Wed Jan 30 17:59:09 2019: Highest coverage kmer is: GTGGTGGTGGCAAAAAACCTT, with worth: 2 and coverage: 3
Wed Jan 30 17:59:10 2019: Highest coverage kmer is: AAAAAACCATGAAAACAAAAA, with worth: 2 and coverage: 2
Wed Jan 30 17:59:11 2019: Highest coverage kmer is: AAAAACCCGGGAAATGGTTAA, with worth: 2 and coverage: 2
Wed Jan 30 17:59:12 2019: Highest coverage kmer is: AAAAAGCCTTGGCGGCAAAAG, with worth: 2 and coverage: 2
Wed Jan 30 17:59:13 2019: Highest coverage kmer is: AAAAAGGAACAGGTAACGCAC, with worth: 2 and coverage: 2
Wed Jan 30 17:59:14 2019: Highest coverage kmer is: AAAAAGGCACTGGACGTGCAC, with worth: 2 and coverage: 2
Wed Jan 30 17:59:14 2019: Highest coverage kmer is: AAAAAGTGAACAAAAAGCAAA, with worth: 2 and coverage: 2
Wed Jan 30 17:59:15 2019: Highest coverage kmer is: AAAAATTAAAAGACAAAAAGG, with worth: 2 and coverage: 2
Wed Jan 30 17:59:16 2019: Highest coverage kmer is: AAAACCATGGAGGCAAAAAGG, with worth: 2 and coverage: 2
Wed Jan 30 17:59:17 2019: Highest coverage kmer is: AAAATTAAATAAAAGTGAAAA, with worth: 2 and coverage: 2
Wed Jan 30 17:59:18 2019: Highest coverage kmer is: AAACCCTGGCGCCAGAAAGGC, with worth: 2 and coverage: 2
Wed Jan 30 17:59:19 2019: Highest coverage kmer is: AAACCGCCGCGCTCGACCCGA, with worth: 2 and coverage: 2
Wed Jan 30 17:59:20 2019: Highest coverage kmer is: AAACCGTGGCGTCAGAAAGGA, with worth: 2 and coverage: 2
Wed Jan 30 17:59:21 2019: Highest coverage kmer is: AAACTCCTCCTTTCTGCGAGG, with worth: 2 and coverage: 2
Wed Jan 30 17:59:22 2019: Highest coverage kmer is: AAACTGAACAAGAAAGTAAAA, with worth: 2 and coverage: 2
Wed Jan 30 17:59:23 2019: Highest coverage kmer is: AAAGAATAAACAGAAAAGAAA, with worth: 2 and coverage: 2
Wed Jan 30 17:59:24 2019: Highest coverage kmer is: AAAGCCCTGGCGGCAAAAGGG, with worth: 2 and coverage: 2
Wed Jan 30 17:59:25 2019: Highest coverage kmer is: AAAGGAATAAGCCTCGGTGCA, with worth: 2 and coverage: 2
Wed Jan 30 17:59:26 2019: Highest coverage kmer is: AAAGGTAAGATGAGAGGAAGA, with worth: 2 and coverage: 2
Wed Jan 30 17:59:27 2019: Highest coverage kmer is: AAAGGTACAGGAAATGCAAGG, with worth: 2 and coverage: 2
Wed Jan 30 17:59:28 2019: Highest coverage kmer is: AAATATAAAAGGAGAAGATAC, with worth: 2 and coverage: 2
Wed Jan 30 17:59:28 2019: Highest coverage kmer is: AAATGAAAATGTCGTTTTTGA, with worth: 2 and coverage: 2
Wed Jan 30 17:59:29 2019: Highest coverage kmer is: AAATTGGCAGCTTGCAAAAAG, with worth: 2 and coverage: 2
Wed Jan 30 17:59:30 2019: Highest coverage kmer is: AACCTCGCGGGTGTCGACGTG, with worth: 2 and coverage: 2
Wed Jan 30 17:59:31 2019: Highest coverage kmer is: AACGTCAAGGTACGCACAAAG, with worth: 2 and coverage: 2
Wed Jan 30 17:59:32 2019: Highest coverage kmer is: AAGACTTTGATTTTGACACTC, with worth: 2 and coverage: 2
Wed Jan 30 17:59:33 2019: Highest coverage kmer is: AAGATTGAGGAGGTGCTGGGA, with worth: 2 and coverage: 2
Wed Jan 30 17:59:34 2019: Highest coverage kmer is: AAGCCTTTTCGTCAAAAAGGA, with worth: 2 and coverage: 2
Wed Jan 30 17:59:34 2019: Highest coverage kmer is: AAGGGAACAGGCCGTGCCCGT, with worth: 2 and coverage: 2
Wed Jan 30 17:59:35 2019: Highest coverage kmer is: AAGTGGTGGTGGTGCGAAGCC, with worth: 2 and coverage: 2
Wed Jan 30 17:59:36 2019: Highest coverage kmer is: AAGTGGTGGTGGTGCTAAGCC, with worth: 2 and coverage: 2
Wed Jan 30 17:59:37 2019: Highest coverage kmer is: ACACGTGGAGAGGTAAGAGGT, with worth: 2 and coverage: 2
Wed Jan 30 17:59:38 2019: Highest coverage kmer is: ACCATGCCATTTACCTTGATG, with worth: 2 and coverage: 2
Wed Jan 30 17:59:38 2019: Highest coverage kmer is: ACCGCCCGTCATGGCGATCGT, with worth: 2 and coverage: 2
Wed Jan 30 17:59:39 2019: Highest coverage kmer is: ACTGGTGGAGCTCGTGCGGGT, with worth: 2 and coverage: 2
Wed Jan 30 17:59:40 2019: Highest coverage kmer is: ATGTGAAATCTTATCTTGCTT, with worth: 2 and coverage: 2
Wed Jan 30 17:59:41 2019: Highest coverage kmer is: CAAGCCCTGGCGGCAGAAGGG, with worth: 2 and coverage: 2
Wed Jan 30 17:59:41 2019: Highest coverage kmer is: CACGACCAAGAAGCCCTATCG, with worth: 2 and coverage: 2
Wed Jan 30 17:59:42 2019: Highest coverage kmer is: CCCCAAGCCGCGCAAATACAC, with worth: 2 and coverage: 2
Wed Jan 30 17:59:43 2019: Highest coverage kmer is: CCTATCTTCGTTGGTGGTGGT, with worth: 2 and coverage: 2
Wed Jan 30 17:59:44 2019: Highest coverage kmer is: CGGCAAAAAACCCTGGCGCCA, with worth: 2 and coverage: 2
Wed Jan 30 17:59:44 2019: Highest coverage kmer is: CGGTGGCGGTATCAAGCCTTT, with worth: 2 and coverage: 2
Wed Jan 30 17:59:45 2019: Highest coverage kmer is: CGTCAGGGTACTCATAAAGCC, with worth: 2 and coverage: 2
Wed Jan 30 17:59:46 2019: Highest coverage kmer is: CGTGGTTGAAGATTTCAGCCT, with worth: 2 and coverage: 2
Wed Jan 30 17:59:47 2019: Highest coverage kmer is: CTTACAAATGCAAGAGCAGGA, with worth: 2 and coverage: 2
Wed Jan 30 17:59:47 2019: Highest coverage kmer is: GCGGCAAAAGGGAACCGGTCG, with worth: 2 and coverage: 2
Wed Jan 30 17:59:48 2019: Highest coverage kmer is: GCGTCAAAAAGGCACAGGGCG, with worth: 2 and coverage: 2
Wed Jan 30 17:59:49 2019: Highest coverage kmer is: GGGCCCCATCCCCGGGACTAC, with worth: 2 and coverage: 2
Wed Jan 30 17:59:50 2019: Highest coverage kmer is: GTAGAGGAGGTGCTGGCATAA, with worth: 2 and coverage: 2
Wed Jan 30 17:59:51 2019: Highest coverage kmer is: TGCAAGACAAGGCTCCATCCG, with worth: 2 and coverage: 2
Wed Jan 30 17:59:52 2019: Highest coverage kmer is: AAACCGTGGCGCCAGAAAGGC, with worth: 1 and coverage: 769
Wed Jan 30 17:59:54 2019: Highest coverage kmer is: CGCGCAACCTGCACAAGGTTG, with worth: 1 and coverage: 546
Wed Jan 30 17:59:56 2019: Highest coverage kmer is: AAAAAGTAAACCGTAAAATGT, with worth: 1 and coverage: 207
Wed Jan 30 17:59:58 2019: Highest coverage kmer is: AGCATTATTCAAACAAGATGG, with worth: 1 and coverage: 125
Wed Jan 30 17:59:59 2019: Highest coverage kmer is: TTCGGTATCGAACCAAACGAA, with worth: 1 and coverage: 107
Wed Jan 30 18:00:01 2019: Highest coverage kmer is: TTAGAGGAGCAATGGGTATGA, with worth: 1 and coverage: 85
Wed Jan 30 18:00:03 2019: Highest coverage kmer is: AAGATGTATCGCGCAGCAATG, with worth: 1 and coverage: 72
Wed Jan 30 18:00:05 2019: Highest coverage kmer is: AGAAGGTCAACAAGAAGATGT, with worth: 1 and coverage: 70
Wed Jan 30 18:00:06 2019: Highest coverage kmer is: GGCGGCGGCAAGAAGCCGTGG, with worth: 1 and coverage: 62
Wed Jan 30 18:00:08 2019: Highest coverage kmer is: AAGTTCGCGGTGGTGGTCGTA, with worth: 1 and coverage: 61
Wed Jan 30 18:00:10 2019: Highest coverage kmer is: CTTAAAATCAATAAAAAACAA, with worth: 1 and coverage: 54
Wed Jan 30 18:00:11 2019: Highest coverage kmer is: GGTGGCAAGAAGCCGTGGCGT, with worth: 1 and coverage: 52
Wed Jan 30 18:00:13 2019: Highest coverage kmer is: ACCTTCGCGGCCAAGCCGCGC, with worth: 1 and coverage: 50
Wed Jan 30 18:00:14 2019: Highest coverage kmer is: TGGAAACAAAAAGGAACAGGT, with worth: 1 and coverage: 42
Wed Jan 30 18:00:16 2019: Highest coverage kmer is: CCGGTGGTGGCAAGAAGCCGT, with worth: 1 and coverage: 39
Wed Jan 30 18:00:18 2019: Highest coverage kmer is: AAGCCCTACAAGCAGAAGGGC, with worth: 1 and coverage: 38
Wed Jan 30 18:00:19 2019: Highest coverage kmer is: AAGCCGTGGAAGCAGAAGGGC, with worth: 1 and coverage: 36
Wed Jan 30 18:00:21 2019: Highest coverage kmer is: AACAAGAAGATGTATCGCGCT, with worth: 1 and coverage: 35
Wed Jan 30 18:00:22 2019: Highest coverage kmer is: TCAACACCTACGACGTGCTCA, with worth: 1 and coverage: 35
Wed Jan 30 18:00:24 2019: Highest coverage kmer is: ATAACATTAAAGGTGAAGACA, with worth: 1 and coverage: 34
Wed Jan 30 18:00:26 2019: Highest coverage kmer is: GGTCGCCAGAAGGGCGGCGGT, with worth: 1 and coverage: 34
Wed Jan 30 18:00:27 2019: Highest coverage kmer is: AAAAAGGTACAGGTCGTGCTC, with worth: 1 and coverage: 30
Wed Jan 30 18:00:29 2019: Highest coverage kmer is: CACTCGACCAAGAAGCCTTTC, with worth: 1 and coverage: 30
Wed Jan 30 18:00:30 2019: Highest coverage kmer is: AACTGGACGTGCACGTCAAGG, with worth: 1 and coverage: 26
Wed Jan 30 18:00:32 2019: Highest coverage kmer is: ACCGGTCGCGCCCGTCAGGGT, with worth: 1 and coverage: 26
Wed Jan 30 18:00:33 2019: Highest coverage kmer is: CACCGGCGGCGCACGCCACGG, with worth: 1 and coverage: 26
Wed Jan 30 18:00:35 2019: Highest coverage kmer is: AAAAAGGTACCGGCCGCGCCC, with worth: 1 and coverage: 25
Wed Jan 30 18:00:36 2019: Highest coverage kmer is: ATCTGTTTACAATATGGAAGG, with worth: 1 and coverage: 25
Wed Jan 30 18:00:38 2019: Highest coverage kmer is: AAACGTATCTGTTTACAATAT, with worth: 1 and coverage: 24
Wed Jan 30 18:00:39 2019: Highest coverage kmer is: ACCCCCAAGAAGATGAAGGCA, with worth: 1 and coverage: 23
Wed Jan 30 18:00:41 2019: Highest coverage kmer is: GGCCGCGCCCGTCAGGGTTCC, with worth: 1 and coverage: 23
Wed Jan 30 18:00:42 2019: Highest coverage kmer is: AAAAAACAAAAAGGAACTGGT, with worth: 1 and coverage: 22
Wed Jan 30 18:00:44 2019: Highest coverage kmer is: CAAAAAGTTAACCGTAAAATG, with worth: 1 and coverage: 21
Wed Jan 30 18:00:45 2019: Highest coverage kmer is: CAGGGTACGCACAAGACCAAG, with worth: 1 and coverage: 21
Wed Jan 30 18:00:47 2019: Highest coverage kmer is: CCGCGGCGACGTCCGCGGCGG, with worth: 1 and coverage: 19
Wed Jan 30 18:00:48 2019: Highest coverage kmer is: AAAAAGTGAACAAAAAAATGT, with worth: 1 and coverage: 18
Wed Jan 30 18:00:50 2019: Highest coverage kmer is: GTTCGCTGGCAGCTTGCAAAG, with worth: 1 and coverage: 18
Wed Jan 30 18:00:51 2019: Highest coverage kmer is: ACCTTCCCAAGAAGGTTCGCG, with worth: 1 and coverage: 17
Wed Jan 30 18:00:53 2019: Highest coverage kmer is: ACGGCCCGGTGCCGCGCGACT, with worth: 1 and coverage: 17
Wed Jan 30 18:00:54 2019: Highest coverage kmer is: AAGGGTACTGGTCGCGCCCGT, with worth: 1 and coverage: 16
Wed Jan 30 18:00:55 2019: Highest coverage kmer is: TTCGACAAGGTTCTAATGACT, with worth: 1 and coverage: 15
Wed Jan 30 18:00:57 2019: Highest coverage kmer is: AAGGGCACCGGTCGTGCCCGC, with worth: 1 and coverage: 14
Wed Jan 30 18:00:58 2019: Highest coverage kmer is: AAGGGTACTGGTCGTGCACGT, with worth: 1 and coverage: 14
Wed Jan 30 18:00:59 2019: Highest coverage kmer is: AAAAATTGGCAAGGAGAACAA, with worth: 1 and coverage: 13
Wed Jan 30 18:01:01 2019: Highest coverage kmer is: AAAATTGGCAGGGAGAACAAG, with worth: 1 and coverage: 13
Wed Jan 30 18:01:02 2019: Highest coverage kmer is: ATCTTCGCTGATCAGCTCAAC, with worth: 1 and coverage: 12
Wed Jan 30 18:01:04 2019: Highest coverage kmer is: GTTCGCGGCGGCGGCAAGAAG, with worth: 1 and coverage: 12
Wed Jan 30 18:01:05 2019: Highest coverage kmer is: AAGCCCTTCAAGCAGAAGGGT, with worth: 1 and coverage: 11
Wed Jan 30 18:01:06 2019: Highest coverage kmer is: AGAAGGGTACCGGTCGCGCTC, with worth: 1 and coverage: 11
Wed Jan 30 18:01:08 2019: Highest coverage kmer is: TTAGAAACTCCAAAAACAAGA, with worth: 1 and coverage: 11
Wed Jan 30 18:01:09 2019: Highest coverage kmer is: AAATGGCCAATGCTCGTCAAG, with worth: 1 and coverage: 10
Wed Jan 30 18:01:10 2019: Highest coverage kmer is: AACGAGACGCTGGTGCACCAG, with worth: 1 and coverage: 10
Wed Jan 30 18:01:11 2019: Highest coverage kmer is: AAGTGAGCGGCGGCGGCCGCA, with worth: 1 and coverage: 10
Wed Jan 30 18:01:13 2019: Highest coverage kmer is: CAAAAAGGAACTGGTAACGCT, with worth: 1 and coverage: 10
Wed Jan 30 18:01:14 2019: Highest coverage kmer is: CGTGCTCGTCAAGGGTCAATC, with worth: 1 and coverage: 10
Wed Jan 30 18:01:15 2019: Highest coverage kmer is: ACTCACAAATCGAAAGAAAGA, with worth: 1 and coverage: 9
Wed Jan 30 18:01:17 2019: Highest coverage kmer is: AAGCCGTTCCGTCAGAAGGGT, with worth: 1 and coverage: 8
Wed Jan 30 18:01:18 2019: Highest coverage kmer is: GAAGCTCCAAAAACTAAAGAG, with worth: 1 and coverage: 8
Wed Jan 30 18:01:19 2019: Highest coverage kmer is: TGGTGGTGTAACTTTTGCAGC, with worth: 1 and coverage: 8
Wed Jan 30 18:01:20 2019: Highest coverage kmer is: AATAAAAACGTATATTTGTCC, with worth: 1 and coverage: 7
Wed Jan 30 18:01:22 2019: Highest coverage kmer is: ACAAGGTACTCAATCTGCTAA, with worth: 1 and coverage: 7
Wed Jan 30 18:01:23 2019: Highest coverage kmer is: AGAAAGGTACTGGTCGTGCAC, with worth: 1 and coverage: 7
Wed Jan 30 18:01:24 2019: Highest coverage kmer is: TACTGGTAGAGCTAGACAAGG, with worth: 1 and coverage: 7
Wed Jan 30 18:01:25 2019: Highest coverage kmer is: TGGAGACAAAAAGGAACAGGA, with worth: 1 and coverage: 7
Wed Jan 30 18:01:26 2019: Highest coverage kmer is: AAACCCTGGCGTCAAAAGGGT, with worth: 1 and coverage: 6
Wed Jan 30 18:01:28 2019: Highest coverage kmer is: AAAGGTACCGGTCGCGCCCGT, with worth: 1 and coverage: 6
Wed Jan 30 18:01:29 2019: Highest coverage kmer is: ACAGGTGCCAAGGTGCAGCTT, with worth: 1 and coverage: 6
Wed Jan 30 18:01:30 2019: Highest coverage kmer is: ACTGGACGCGCACGTCAAGGT, with worth: 1 and coverage: 6
Wed Jan 30 18:01:31 2019: Highest coverage kmer is: ATGCAACGCGCATCAATGCGT, with worth: 1 and coverage: 6
Wed Jan 30 18:01:32 2019: Highest coverage kmer is: ATGGAACTGAGCGTATTTAAT, with worth: 1 and coverage: 6
Wed Jan 30 18:01:34 2019: Highest coverage kmer is: CGTAGGTGGTGGTCGTGTATT, with worth: 1 and coverage: 6
Wed Jan 30 18:01:35 2019: Highest coverage kmer is: CTCGTCGTGGTGATATCAATT, with worth: 1 and coverage: 6
Wed Jan 30 18:01:36 2019: Highest coverage kmer is: CTGTTCGTGGCGGTGGTAAGA, with worth: 1 and coverage: 6
Wed Jan 30 18:01:37 2019: Highest coverage kmer is: AAAAAACCTTGAAAACAAAAA, with worth: 1 and coverage: 5
Wed Jan 30 18:01:38 2019: Highest coverage kmer is: AAAAAGGGACTGGACGTGCTC, with worth: 1 and coverage: 5
Wed Jan 30 18:01:39 2019: Highest coverage kmer is: AAGATGAACAAGAAAGAGAAG, with worth: 1 and coverage: 5
Wed Jan 30 18:01:40 2019: Highest coverage kmer is: AAGCCATGGAAGCAGAAGGGT, with worth: 1 and coverage: 5
Wed Jan 30 18:01:41 2019: Highest coverage kmer is: AAGCCTTGGCGCCAGAAGGGC, with worth: 1 and coverage: 5
Wed Jan 30 18:01:42 2019: Highest coverage kmer is: AAGTCTAAAGAAAGAGCTGAG, with worth: 1 and coverage: 5
Wed Jan 30 18:01:44 2019: Highest coverage kmer is: ACCGGCGGCGCACGTCACGGT, with worth: 1 and coverage: 5
Wed Jan 30 18:01:45 2019: Highest coverage kmer is: CCTGACCTGATTAAAAAGGCA, with worth: 1 and coverage: 5
Wed Jan 30 18:01:46 2019: Highest coverage kmer is: CTATAAATTACCGAAAAAAGT, with worth: 1 and coverage: 5
Wed Jan 30 18:01:47 2019: Highest coverage kmer is: GAAGCACCTAAGACAAAAGAA, with worth: 1 and coverage: 5
Wed Jan 30 18:01:48 2019: Highest coverage kmer is: GTAGCTAAGATTGAGGAGGTG, with worth: 1 and coverage: 5
Wed Jan 30 18:01:49 2019: Highest coverage kmer is: AAAGGTGGTGGTGGCGCACGT, with worth: 1 and coverage: 4
Wed Jan 30 18:01:50 2019: Highest coverage kmer is: AAATCTAAAGAAAGAAGTGAA, with worth: 1 and coverage: 4
Wed Jan 30 18:01:51 2019: Highest coverage kmer is: ACCGGCCGTGCTCGTCAGGGT, with worth: 1 and coverage: 4
Wed Jan 30 18:01:52 2019: Highest coverage kmer is: AGCACTAGCTCGTTGGGGAGC, with worth: 1 and coverage: 4
Wed Jan 30 18:01:53 2019: Highest coverage kmer is: ATGGAAGTTAAAGTTTTAAAT, with worth: 1 and coverage: 4
Wed Jan 30 18:01:54 2019: Highest coverage kmer is: CGCCGATCTGGCGTACCGGTG, with worth: 1 and coverage: 4
Wed Jan 30 18:01:55 2019: Highest coverage kmer is: CGGCGCGCTCTGGAACTAAGG, with worth: 1 and coverage: 4
Wed Jan 30 18:01:56 2019: Highest coverage kmer is: GGCGGCGGCCGCAAACCCTGG, with worth: 1 and coverage: 4
Wed Jan 30 18:01:57 2019: Highest coverage kmer is: GGTGGTGGTAAGAAGCCGTGG, with worth: 1 and coverage: 4
Wed Jan 30 18:01:58 2019: Highest coverage kmer is: TGGCGCCAAAAAGGCACCGGC, with worth: 1 and coverage: 4
Wed Jan 30 18:01:59 2019: Highest coverage kmer is: TTCCGTGGTGGTGGTATTGTT, with worth: 1 and coverage: 4
Wed Jan 30 18:02:00 2019: Highest coverage kmer is: AAAAGGGAACAGGTAGAGCTA, with worth: 1 and coverage: 3
Wed Jan 30 18:02:00 2019: Highest coverage kmer is: AACATCCCAACAATGATGATG, with worth: 1 and coverage: 3
Wed Jan 30 18:02:01 2019: Highest coverage kmer is: AACCTGAAAGCAGACCGCAAA, with worth: 1 and coverage: 3
Wed Jan 30 18:02:02 2019: Highest coverage kmer is: AACCTTTATTTATATGTAAAA, with worth: 1 and coverage: 3
Wed Jan 30 18:02:03 2019: Highest coverage kmer is: AACGTCTACGACATCCTCCGC, with worth: 1 and coverage: 3
Wed Jan 30 18:02:04 2019: Highest coverage kmer is: AAGCCTTGGCGTCAAAAAGGG, with worth: 1 and coverage: 3
Wed Jan 30 18:02:05 2019: Highest coverage kmer is: AAGCCTTTCAAGCAGAAGGGA, with worth: 1 and coverage: 3
Wed Jan 30 18:02:06 2019: Highest coverage kmer is: AAGTATTAGATATCAACGGAA, with worth: 1 and coverage: 3
Wed Jan 30 18:02:07 2019: Highest coverage kmer is: AAGTTTCTGGTGGTGGAAGAA, with worth: 1 and coverage: 3
Wed Jan 30 18:02:08 2019: Highest coverage kmer is: AGCATGTTCGCATCAATAAAA, with worth: 1 and coverage: 3
Wed Jan 30 18:02:09 2019: Highest coverage kmer is: AGCTTCAAACTCAACAAGAAG, with worth: 1 and coverage: 3
Wed Jan 30 18:02:09 2019: Highest coverage kmer is: AGGACGACTGACCGTCTGGAC, with worth: 1 and coverage: 3
Wed Jan 30 18:02:10 2019: Highest coverage kmer is: ATCAGCGTCAGGGTACAGCTA, with worth: 1 and coverage: 3
Wed Jan 30 18:02:11 2019: Highest coverage kmer is: ATCTTTATCGGTGGTGGTAAG, with worth: 1 and coverage: 3
Wed Jan 30 18:02:12 2019: Highest coverage kmer is: ATTCAACGAATCCCTGGTGCA, with worth: 1 and coverage: 3
Wed Jan 30 18:02:13 2019: Highest coverage kmer is: CAAGCCCCGGGATTACAGCTA, with worth: 1 and coverage: 3
Wed Jan 30 18:02:14 2019: Highest coverage kmer is: CAAGCCCTTCCGTCAGAAGGG, with worth: 1 and coverage: 3
Wed Jan 30 18:02:14 2019: Highest coverage kmer is: CAGCAAACAACTGCTGCACGA, with worth: 1 and coverage: 3
Wed Jan 30 18:02:15 2019: Highest coverage kmer is: CAGGGTACGCACAAGTCGAAA, with worth: 1 and coverage: 3
Wed Jan 30 18:02:16 2019: Highest coverage kmer is: CCAGAAGGGAACCGGCAACGC, with worth: 1 and coverage: 3
Wed Jan 30 18:02:17 2019: Highest coverage kmer is: CCAGAAGGGTACCGGTCGTGC, with worth: 1 and coverage: 3
Wed Jan 30 18:02:17 2019: Highest coverage kmer is: CGGCGGCACGGTCTTCGGTCC, with worth: 1 and coverage: 3
Wed Jan 30 18:02:18 2019: Highest coverage kmer is: CGGTAAAAAGCCCTGGCGTCA, with worth: 1 and coverage: 3
Wed Jan 30 18:02:19 2019: Highest coverage kmer is: CTATGACATCCTCAACCATGA, with worth: 1 and coverage: 3
Wed Jan 30 18:02:20 2019: Highest coverage kmer is: CTTTCAGGAAGAAACATTCCT, with worth: 1 and coverage: 3
Wed Jan 30 18:02:20 2019: Highest coverage kmer is: GGCGGAATTATTTTTGGACCG, with worth: 1 and coverage: 3
Wed Jan 30 18:02:21 2019: Highest coverage kmer is: GGTACGGTCCACGGACCTCAG, with worth: 1 and coverage: 3
Wed Jan 30 18:02:22 2019: Highest coverage kmer is: TCGCGGTGGCGGAAAAAAGCC, with worth: 1 and coverage: 3
Wed Jan 30 18:02:23 2019: Highest coverage kmer is: AAAAAAAGAAAACTAAATAAA, with worth: 1 and coverage: 2
Wed Jan 30 18:02:23 2019: Highest coverage kmer is: AAAAAACCATGAGCACAAAAA, with worth: 1 and coverage: 2
Wed Jan 30 18:02:24 2019: Highest coverage kmer is: AAAAAATCTTATGATCATTCT, with worth: 1 and coverage: 2
Wed Jan 30 18:02:25 2019: Highest coverage kmer is: AAAAAGGAACGGGAAATGCTC, with worth: 1 and coverage: 2
Wed Jan 30 18:02:25 2019: Highest coverage kmer is: AAAAAGGCACCGGCCGGGCCC, with worth: 1 and coverage: 2
Wed Jan 30 18:02:26 2019: Highest coverage kmer is: AAAAGAAACCGGAAGAAAGGT, with worth: 1 and coverage: 2
Wed Jan 30 18:02:27 2019: Highest coverage kmer is: AAACCGTGGCGCCAAAAAGGT, with worth: 1 and coverage: 2
Wed Jan 30 18:02:27 2019: Highest coverage kmer is: AAACGCCAGGCTGGCACGCAC, with worth: 1 and coverage: 2
Wed Jan 30 18:02:28 2019: Highest coverage kmer is: AAAGCGGTAAAACAAAGGACT, with worth: 1 and coverage: 2
Wed Jan 30 18:02:29 2019: Highest coverage kmer is: AAAGGTACTGGAAGAGCAAGA, with worth: 1 and coverage: 2
Wed Jan 30 18:02:29 2019: Highest coverage kmer is: AACCGGACGTGCGCGTCAAGG, with worth: 1 and coverage: 2
Wed Jan 30 18:02:30 2019: Highest coverage kmer is: AACCTGCCGAATGTGCTGGTG, with worth: 1 and coverage: 2
Wed Jan 30 18:02:31 2019: Highest coverage kmer is: AACGATCACGCTATCTATTTG, with worth: 1 and coverage: 2
Wed Jan 30 18:02:31 2019: Highest coverage kmer is: AACGTCTATGATATTTTGAAG, with worth: 1 and coverage: 2
Wed Jan 30 18:02:32 2019: Highest coverage kmer is: AAGAAGCTTTGGAAGCAAAAG, with worth: 1 and coverage: 2
Wed Jan 30 18:02:32 2019: Highest coverage kmer is: AAGACTCGCGGCGAAGTCCGT, with worth: 1 and coverage: 2
Wed Jan 30 18:02:33 2019: Highest coverage kmer is: AAGCAATATTTGGCTAACCAA, with worth: 1 and coverage: 2
Wed Jan 30 18:02:33 2019: Highest coverage kmer is: AAGCATTGGAGGCACGTTTAA, with worth: 1 and coverage: 2
Wed Jan 30 18:02:34 2019: Highest coverage kmer is: AAGCGGTGGTGGAAGGAAACC, with worth: 1 and coverage: 2
Wed Jan 30 18:02:35 2019: Highest coverage kmer is: AAGTGTCTTGAGAGTAGGTTG, with worth: 1 and coverage: 2
Wed Jan 30 18:02:35 2019: Highest coverage kmer is: AATACAGACCTGATTTAATTA, with worth: 1 and coverage: 2
Wed Jan 30 18:02:36 2019: Highest coverage kmer is: AATGCCAAGCCCTATAAGCAG, with worth: 1 and coverage: 2
Wed Jan 30 18:02:36 2019: Highest coverage kmer is: ACCAGGTTGTTGTAGCTCAGC, with worth: 1 and coverage: 2
Wed Jan 30 18:02:37 2019: Highest coverage kmer is: ACCGCATGGTTCGTTACCAGC, with worth: 1 and coverage: 2
Wed Jan 30 18:02:37 2019: Highest coverage kmer is: ACCTCATAAAAAGGGCAGTCA, with worth: 1 and coverage: 2
Wed Jan 30 18:02:38 2019: Highest coverage kmer is: ACCTGATTTAATAAAAAGAGC, with worth: 1 and coverage: 2
Wed Jan 30 18:02:38 2019: Highest coverage kmer is: ACGAAGACCCGCGCAGAGGTC, with worth: 1 and coverage: 2
Wed Jan 30 18:02:39 2019: Highest coverage kmer is: ACGGTTCCAATGCCAAGCCTT, with worth: 1 and coverage: 2
Wed Jan 30 18:02:39 2019: Highest coverage kmer is: ACTCCCAGAAGGTCAACAAAA, with worth: 1 and coverage: 2
Wed Jan 30 18:02:40 2019: Highest coverage kmer is: AGCATCACTTCGCCCGTGTTT, with worth: 1 and coverage: 2
Wed Jan 30 18:02:40 2019: Highest coverage kmer is: AGGGCCGGTAAGGGTAAGATG, with worth: 1 and coverage: 2
Wed Jan 30 18:02:41 2019: Highest coverage kmer is: ATCTGTTTTAACTGATAAAGT, with worth: 1 and coverage: 2
Wed Jan 30 18:02:41 2019: Highest coverage kmer is: ATGAACCGCAAAGAGCGTCGT, with worth: 1 and coverage: 2
Wed Jan 30 18:02:41 2019: Highest coverage kmer is: ATTAAAAGAGCTGTAATTTCA, with worth: 1 and coverage: 2
Wed Jan 30 18:02:42 2019: Highest coverage kmer is: ATTTATTGATCACCTAGATCA, with worth: 1 and coverage: 2
Wed Jan 30 18:02:42 2019: Highest coverage kmer is: CACGTAATATTCCTAATGTAA, with worth: 1 and coverage: 2
Wed Jan 30 18:02:43 2019: Highest coverage kmer is: CCAAAAAGGGACAGGTCGTGC, with worth: 1 and coverage: 2
Wed Jan 30 18:02:43 2019: Highest coverage kmer is: CCAAAAAGGTGGTGGTGGTGC, with worth: 1 and coverage: 2
Wed Jan 30 18:02:44 2019: Highest coverage kmer is: CGGCCCGCAACCTGCCCCGGG, with worth: 1 and coverage: 2
Wed Jan 30 18:02:44 2019: Highest coverage kmer is: CGGCGCGCAACATTCCGGGCG, with worth: 1 and coverage: 2
Wed Jan 30 18:02:44 2019: Highest coverage kmer is: CGTCAAGGGACAGCTTCGACC, with worth: 1 and coverage: 2
Wed Jan 30 18:02:45 2019: Highest coverage kmer is: CTGAAGTTAGTGGCGGTGGAA, with worth: 1 and coverage: 2
Wed Jan 30 18:02:45 2019: Highest coverage kmer is: CTTAATGTTTACGATATTCTT, with worth: 1 and coverage: 2
Wed Jan 30 18:02:45 2019: Highest coverage kmer is: GCGCCCTCGACGAAGGCCGCG, with worth: 1 and coverage: 2
Wed Jan 30 18:02:46 2019: Highest coverage kmer is: GGGCGGCGGTGTTGCCTTCGG, with worth: 1 and coverage: 2
Wed Jan 30 18:02:46 2019: Highest coverage kmer is: GGTCCTCAGCCTCGCGATTAC, with worth: 1 and coverage: 2
Wed Jan 30 18:02:46 2019: Highest coverage kmer is: GGTGGTGGTCGTAAGCCGTGG, with worth: 1 and coverage: 2
Wed Jan 30 18:02:47 2019: Highest coverage kmer is: TCGCGTAGCCCCATCTGGCGC, with worth: 1 and coverage: 2
Wed Jan 30 18:02:47 2019: Highest coverage kmer is: TGGAGCCAAAAAGGTGGCGGT, with worth: 1 and coverage: 2
Wed Jan 30 18:02:47 2019: Highest coverage kmer is: AAAAAAACGCTGGTTCTTCTT, with worth: 1 and coverage: 1
Wed Jan 30 18:02:47 2019: Highest coverage kmer is: AAAAAAACTAAGGACGCCCAC, with worth: 1 and coverage: 1
Wed Jan 30 18:02:47 2019: Highest coverage kmer is: AAAAAAAGGTTTATTCAGTCG, with worth: 1 and coverage: 1
Wed Jan 30 18:02:48 2019: Highest coverage kmer is: AAAAAAAGTTTCTGTTTTAGA, with worth: 1 and coverage: 1
Wed Jan 30 18:02:48 2019: Highest coverage kmer is: AAAAAAATGTATCGAGCTGGT, with worth: 1 and coverage: 1
Wed Jan 30 18:02:48 2019: Highest coverage kmer is: AAAAAACATGATTGTTGGTGC, with worth: 1 and coverage: 1
Wed Jan 30 18:02:48 2019: Highest coverage kmer is: AAAAAAGAAAGAAAGCTAGCA, with worth: 1 and coverage: 1
Wed Jan 30 18:02:48 2019: Highest coverage kmer is: AAAAAAGACCAGGGATGCTGT, with worth: 1 and coverage: 1
Wed Jan 30 18:02:48 2019: Highest coverage kmer is: AAAAAAGTAAGACGCCTGGCC, with worth: 1 and coverage: 1
Wed Jan 30 18:02:48 2019: Highest coverage kmer is: AAAAAAGTGAAATCGTTGGCT, with worth: 1 and coverage: 1
Wed Jan 30 18:02:48 2019: Highest coverage kmer is: AAAAAATAGTACACAAAATGC, with worth: 1 and coverage: 1
Wed Jan 30 18:02:48 2019: Highest coverage kmer is: AAAAACAAAAGTTATTGACTT, with worth: 1 and coverage: 1
Wed Jan 30 18:02:49 2019: Highest coverage kmer is: AAAAACATACAGGCAGGGCAA, with worth: 1 and coverage: 1
Wed Jan 30 18:02:49 2019: Highest coverage kmer is: AAAAACCTTCTGCTGGTTAAA, with worth: 1 and coverage: 1
Wed Jan 30 18:02:49 2019: Highest coverage kmer is: AAAAACGAAGGATGCTATAGC, with worth: 1 and coverage: 1
Wed Jan 30 18:02:49 2019: Highest coverage kmer is: AAAAACTCGTGAGATCGTTGA, with worth: 1 and coverage: 1
Wed Jan 30 18:02:49 2019: Highest coverage kmer is: AAAAAGAAGAGCGTTTTGATA, with worth: 1 and coverage: 1
Wed Jan 30 18:02:49 2019: Highest coverage kmer is: AAAAAGCCCCTTGCAGCCGCA, with worth: 1 and coverage: 1
Wed Jan 30 18:02:49 2019: Highest coverage kmer is: AAAAAGGAGAAAAGAACGGCC, with worth: 1 and coverage: 1
Wed Jan 30 18:02:49 2019: Highest coverage kmer is: AAAAAGGTACAGGTAGGGCAC, with worth: 1 and coverage: 1
Wed Jan 30 18:02:49 2019: Highest coverage kmer is: AAAAAGGTACTGGTAGGGCTA, with worth: 1 and coverage: 1
Wed Jan 30 18:02:49 2019: Highest coverage kmer is: AAAAAGGTCAGGCAACTGGCT, with worth: 1 and coverage: 1
Wed Jan 30 18:02:49 2019: Highest coverage kmer is: AAAAAGGTTCAGGACGCGCAA, with worth: 1 and coverage: 1
Wed Jan 30 18:02:49 2019: Highest coverage kmer is: AAAAAGTAAACAGGAAAGAAA, with worth: 1 and coverage: 1
Wed Jan 30 18:02:49 2019: Highest coverage kmer is: AAAACACGAGGATTAGGGCTG, with worth: 1 and coverage: 1
Wed Jan 30 18:02:49 2019: Highest coverage kmer is: AAAACCATGGGCTCAGAAGGG, with worth: 1 and coverage: 1
Wed Jan 30 18:02:49 2019: Highest coverage kmer is: AAAACGTCTCAAAGGCCAAAG, with worth: 1 and coverage: 1
Wed Jan 30 18:02:50 2019: Highest coverage kmer is: AAAACTATACGGGTTAGGGAG, with worth: 1 and coverage: 1
Wed Jan 30 18:02:50 2019: Highest coverage kmer is: AAAAGAACCACTGCGAAGTAC, with worth: 1 and coverage: 1
Wed Jan 30 18:02:50 2019: Highest coverage kmer is: AAAAGACCTGATAAAGACGCT, with worth: 1 and coverage: 1
Wed Jan 30 18:02:50 2019: Highest coverage kmer is: AAAAGCATACCGGGAGAGCTC, with worth: 1 and coverage: 1
Wed Jan 30 18:02:50 2019: Highest coverage kmer is: AAACAAGAGGGAGAGGAGGCT, with worth: 1 and coverage: 1
Wed Jan 30 18:02:50 2019: Highest coverage kmer is: AAACAGCGAGCTATGCTACCA, with worth: 1 and coverage: 1
Wed Jan 30 18:02:50 2019: Highest coverage kmer is: AAAGACAGGAACGCAGCCGTC, with worth: 1 and coverage: 1

Checking output for redundant kmers...

AACGAAGCTCTTGTACACCAA is redundant.
TGGCGTCAAAAGGGTACTGGT is redundant.
CAGCGCACGCCCAAGAAGATG is redundant.
ATGTACCGTGCCGGTATGGCG is redundant.
AGAAGGTGAACCGCAAGATGT is redundant.
There are 581 21-mers in the representative list.
It took 35 minutes and 50 seconds to generate a list from 8000 sequences.
