Generating 21-mers
...

All 21-mers generated!

Tue Mar 12 17:11:12 2019: Removing kmers that do not meet oligo standards...
Tue Mar 12 17:13:26 2019: Done. Kmers cleansed...
Tue Mar 12 17:13:33 2019: Highest coverage kmer is: GTTGAGGAGATGCTGGCATGA, with worth: 1493 and coverage: 1493
Tue Mar 12 17:13:54 2019: Highest coverage kmer is: GGTGGCGGACGTAAACCATGG, with worth: 1088 and coverage: 1088
Tue Mar 12 17:14:09 2019: Highest coverage kmer is: AACATCGCGCTGATGCACCAG, with worth: 529 and coverage: 529
Tue Mar 12 17:14:27 2019: Highest coverage kmer is: CCACAATGGCGTGGTGGTGGT, with worth: 365 and coverage: 384
Tue Mar 12 17:14:37 2019: Highest coverage kmer is: TTCGAGGAGCTGCTGGGATGA, with worth: 334 and coverage: 334
Tue Mar 12 17:14:53 2019: Highest coverage kmer is: CCGCCAGAAGGGCACCGGCCG, with worth: 311 and coverage: 341
Tue Mar 12 17:15:08 2019: Highest coverage kmer is: TCGTCAAGGTACTCGTGCTCA, with worth: 287 and coverage: 374
Tue Mar 12 17:15:17 2019: Highest coverage kmer is: AAGGGTACGGGCCGCGCTCGT, with worth: 249 and coverage: 249
Tue Mar 12 17:15:33 2019: Highest coverage kmer is: GTAGAGGAGGTGCTTGCATAA, with worth: 217 and coverage: 220
Tue Mar 12 17:15:42 2019: Highest coverage kmer is: ATTGAGGAGGTGCTTGCATAA, with worth: 186 and coverage: 186
Tue Mar 12 17:15:54 2019: Highest coverage kmer is: TCAACAAGAAGATGTACCGCG, with worth: 141 and coverage: 215
Tue Mar 12 17:16:06 2019: Highest coverage kmer is: CAAGCCGTTCAAGCAGAAGGG, with worth: 135 and coverage: 135
Tue Mar 12 17:16:19 2019: Highest coverage kmer is: TACAAGCAGAAGGGCACCGGC, with worth: 125 and coverage: 127
Tue Mar 12 17:16:34 2019: Highest coverage kmer is: AAACCACAAGATCACAGCCAA, with worth: 116 and coverage: 223
Tue Mar 12 17:16:47 2019: Highest coverage kmer is: TTAGAGGAGCAATGGGTATGA, with worth: 110 and coverage: 110
Tue Mar 12 17:16:59 2019: Highest coverage kmer is: GAAGCCGTACCGGCAGAAGGG, with worth: 101 and coverage: 117
Tue Mar 12 17:17:11 2019: Highest coverage kmer is: AGAAGGGTACGGGCCGCGCCC, with worth: 92 and coverage: 102
Tue Mar 12 17:17:20 2019: Highest coverage kmer is: CGTGCTCGTCAAGGTTCTATC, with worth: 89 and coverage: 218
Tue Mar 12 17:17:32 2019: Highest coverage kmer is: AGAAGGTCAACCGCAAGATGT, with worth: 88 and coverage: 89
Tue Mar 12 17:17:39 2019: Highest coverage kmer is: AGACAGCCATTTGAAAGAAAA, with worth: 82 and coverage: 82
Tue Mar 12 17:17:45 2019: Highest coverage kmer is: AAAGCACAGAAGTATTCTAAA, with worth: 80 and coverage: 80
Tue Mar 12 17:17:52 2019: Highest coverage kmer is: ACAGGTAGAGCAAGACAAGGT, with worth: 76 and coverage: 76
Tue Mar 12 17:17:58 2019: Highest coverage kmer is: ATGTAAGTGGTGGTGGTAAAA, with worth: 74 and coverage: 74
Tue Mar 12 17:18:10 2019: Highest coverage kmer is: CGCTGATCCACCAGGTCGTCG, with worth: 67 and coverage: 300
Tue Mar 12 17:18:23 2019: Highest coverage kmer is: GGCGGCGGCAAGAAGCCGTGG, with worth: 67 and coverage: 83
Tue Mar 12 17:18:35 2019: Highest coverage kmer is: CAGCTCAACACCTACGACGTG, with worth: 61 and coverage: 179
Tue Mar 12 17:18:48 2019: Highest coverage kmer is: ATCGAGGAGGTGTACGCATAA, with worth: 60 and coverage: 60
Tue Mar 12 17:19:00 2019: Highest coverage kmer is: TCTATTCGTAGCCCAATCTGG, with worth: 52 and coverage: 226
Tue Mar 12 17:19:06 2019: Highest coverage kmer is: AAAGGTTACGTTAAACGAATC, with worth: 51 and coverage: 51
Tue Mar 12 17:19:12 2019: Highest coverage kmer is: CGCCGACATCCTGCACCGCGT, with worth: 50 and coverage: 50
Tue Mar 12 17:19:22 2019: Highest coverage kmer is: GGTGGTGGACGTAAACCATGG, with worth: 44 and coverage: 245
Tue Mar 12 17:19:32 2019: Highest coverage kmer is: CCCGAAGAAGATGAAGGCCGC, with worth: 40 and coverage: 247
Tue Mar 12 17:19:42 2019: Highest coverage kmer is: GTTCAGAAGGTAGAGGAGGTG, with worth: 40 and coverage: 41
Tue Mar 12 17:19:52 2019: Highest coverage kmer is: CTGGAGGCTCGCCTGAAATGA, with worth: 39 and coverage: 45
Tue Mar 12 17:19:58 2019: Highest coverage kmer is: ATATTTGTCGTCACGCAATTT, with worth: 38 and coverage: 38
Tue Mar 12 17:20:10 2019: Highest coverage kmer is: GTCGAGGAGTGGCTGGCATGA, with worth: 37 and coverage: 84
Tue Mar 12 17:20:20 2019: Highest coverage kmer is: ATTGAGGAGGTGTACGCATAA, with worth: 37 and coverage: 41
Tue Mar 12 17:20:31 2019: Highest coverage kmer is: GCAAGCCCTTCAAGCAGAAGG, with worth: 36 and coverage: 52
Tue Mar 12 17:20:42 2019: Highest coverage kmer is: CTCTTTCTCAAGTAGAGGAGG, with worth: 35 and coverage: 43
Tue Mar 12 17:20:53 2019: Highest coverage kmer is: AAGGGTACGGGCCGTGCTCGT, with worth: 35 and coverage: 40
Tue Mar 12 17:21:03 2019: Highest coverage kmer is: AAGAAGTTCGGTCGCCAGAAG, with worth: 34 and coverage: 46
Tue Mar 12 17:21:15 2019: Highest coverage kmer is: ATTGAGGAGATGCTGGCATGA, with worth: 34 and coverage: 36
Tue Mar 12 17:21:25 2019: Highest coverage kmer is: CTAAGCCGCAAGATCACAGCC, with worth: 34 and coverage: 36
Tue Mar 12 17:21:31 2019: Highest coverage kmer is: AAATTCAGGAGGTCTACAGTG, with worth: 32 and coverage: 32
Tue Mar 12 17:21:40 2019: Highest coverage kmer is: ATGACATCCTCAAGCGTGACA, with worth: 31 and coverage: 38
Tue Mar 12 17:21:47 2019: Highest coverage kmer is: AGTATTAAATACATCAGGAAA, with worth: 31 and coverage: 31
Tue Mar 12 17:21:56 2019: Highest coverage kmer is: GCGCCAGAAGGGCACCGGCCG, with worth: 26 and coverage: 45
Tue Mar 12 17:22:06 2019: Highest coverage kmer is: AATATGGAAGGCAAAGAAGTT, with worth: 26 and coverage: 34
Tue Mar 12 17:22:16 2019: Highest coverage kmer is: ATCCGTTCACCACAATGGCGT, with worth: 25 and coverage: 137
Tue Mar 12 17:22:25 2019: Highest coverage kmer is: AAATAATAATGTATATTTGTC, with worth: 25 and coverage: 37
Tue Mar 12 17:22:32 2019: Highest coverage kmer is: ATCGAGGAGATGCTGGGATGA, with worth: 24 and coverage: 24
Tue Mar 12 17:22:42 2019: Highest coverage kmer is: ATCAGCTCAACACCTACGATG, with worth: 22 and coverage: 25
Tue Mar 12 17:22:47 2019: Highest coverage kmer is: AAAGGTACAGGTAGAGCAAGA, with worth: 22 and coverage: 22
Tue Mar 12 17:22:56 2019: Highest coverage kmer is: AAAGGAACTGGACGTGCTCGT, with worth: 21 and coverage: 262
Tue Mar 12 17:23:05 2019: Highest coverage kmer is: GAAGCCGTACCGCCAGAAGGG, with worth: 21 and coverage: 226
Tue Mar 12 17:23:14 2019: Highest coverage kmer is: TGAACAAGAAGATGTACCGCG, with worth: 21 and coverage: 88
Tue Mar 12 17:23:22 2019: Highest coverage kmer is: TACAAGCAGAAGGGCACCGGT, with worth: 21 and coverage: 55
Tue Mar 12 17:23:27 2019: Highest coverage kmer is: AAGAGGATTTACTTACGGAGA, with worth: 21 and coverage: 21
Tue Mar 12 17:23:36 2019: Highest coverage kmer is: ACAGGTCGTGCTCGTCAAGGT, with worth: 20 and coverage: 1072
Tue Mar 12 17:23:45 2019: Highest coverage kmer is: ACTGGTAGAGCAAGACAAGGT, with worth: 20 and coverage: 26
Tue Mar 12 17:23:54 2019: Highest coverage kmer is: CGTCAGGGTTCGATCCGTGCT, with worth: 20 and coverage: 24
Tue Mar 12 17:24:01 2019: Highest coverage kmer is: ATTGAAAGACGCGCAAAGCGC, with worth: 19 and coverage: 99
Tue Mar 12 17:24:10 2019: Highest coverage kmer is: CGACGACGTGGTGTTCAGCGT, with worth: 18 and coverage: 485
Tue Mar 12 17:24:17 2019: Highest coverage kmer is: AACGTCTACGACATCCTGAAG, with worth: 18 and coverage: 35
Tue Mar 12 17:24:22 2019: Highest coverage kmer is: AATGAAGAAGTTGGTGAGATT, with worth: 18 and coverage: 18
Tue Mar 12 17:24:28 2019: Highest coverage kmer is: GTATATTTGTCGGCTCGTAAT, with worth: 18 and coverage: 18
Tue Mar 12 17:24:37 2019: Highest coverage kmer is: TCAACAAGAAGATGTATCGCG, with worth: 17 and coverage: 120
Tue Mar 12 17:24:45 2019: Highest coverage kmer is: CAGCTCAACACCTACGACGTC, with worth: 17 and coverage: 49
Tue Mar 12 17:24:50 2019: Highest coverage kmer is: AAAGAAACAGGTGCCAAGGTG, with worth: 17 and coverage: 17
Tue Mar 12 17:24:59 2019: Highest coverage kmer is: AAATTGAGGAACAGTTACAAT, with worth: 17 and coverage: 17
Tue Mar 12 17:25:07 2019: Highest coverage kmer is: ATCCGTGCTCCACAATGGCGT, with worth: 16 and coverage: 1071
Tue Mar 12 17:25:16 2019: Highest coverage kmer is: AGGGCATCAACGTCTACGACA, with worth: 16 and coverage: 72
Tue Mar 12 17:25:24 2019: Highest coverage kmer is: GGTGGTGGTAAGAAGCCATGG, with worth: 16 and coverage: 40
Tue Mar 12 17:25:31 2019: Highest coverage kmer is: GCCAACGTCTATGACATCCTG, with worth: 16 and coverage: 31
Tue Mar 12 17:25:36 2019: Highest coverage kmer is: ACCCGCCGAAGGCCGAGAAGG, with worth: 16 and coverage: 16
Tue Mar 12 17:25:44 2019: Highest coverage kmer is: AAAGGAACTGGTCGTGCTCGT, with worth: 15 and coverage: 116
Tue Mar 12 17:25:53 2019: Highest coverage kmer is: AAACTACCTTCGGACGTGAGT, with worth: 14 and coverage: 56
Tue Mar 12 17:26:01 2019: Highest coverage kmer is: TTCGAGGAGAAGCTGGCATGA, with worth: 14 and coverage: 23
Tue Mar 12 17:26:05 2019: Highest coverage kmer is: AAGAGCTGGTTCAACTAGAAC, with worth: 14 and coverage: 14
Tue Mar 12 17:26:11 2019: Highest coverage kmer is: GAGGCTCTTGAGGAGCGTTTT, with worth: 14 and coverage: 14
Tue Mar 12 17:26:19 2019: Highest coverage kmer is: AGATCGAGGAGTTGCTGTCAT, with worth: 13 and coverage: 134
Tue Mar 12 17:26:27 2019: Highest coverage kmer is: ATGAAGAGCATTCTTTCTGAG, with worth: 13 and coverage: 115
Tue Mar 12 17:26:35 2019: Highest coverage kmer is: AAAGGGTACTGGTCGTGCTCG, with worth: 13 and coverage: 43
Tue Mar 12 17:26:43 2019: Highest coverage kmer is: TATCGCCAGAAGGGCACCGGC, with worth: 13 and coverage: 32
Tue Mar 12 17:26:51 2019: Highest coverage kmer is: GATGTTAAGCAATATCTTGCT, with worth: 13 and coverage: 28
Tue Mar 12 17:26:58 2019: Highest coverage kmer is: GGCGGCGGCAAGAAGCCCTGG, with worth: 13 and coverage: 21
Tue Mar 12 17:27:05 2019: Highest coverage kmer is: GAAGCCGTTCCGTCAGAAGGG, with worth: 13 and coverage: 18
Tue Mar 12 17:27:10 2019: Highest coverage kmer is: GGTCGTAAACCTTGGAAACAA, with worth: 13 and coverage: 13
Tue Mar 12 17:27:17 2019: Highest coverage kmer is: CAAGAAGATGAAGGCCGCCGC, with worth: 12 and coverage: 160
Tue Mar 12 17:27:25 2019: Highest coverage kmer is: ATTGAGGAGGTTCTTGCATAA, with worth: 12 and coverage: 129
Tue Mar 12 17:27:33 2019: Highest coverage kmer is: AAAGGAACTGGACGTGCGCGT, with worth: 12 and coverage: 33
Tue Mar 12 17:27:40 2019: Highest coverage kmer is: ATCGAGGAGTGGCTGGCATGA, with worth: 12 and coverage: 22
Tue Mar 12 17:27:48 2019: Highest coverage kmer is: GCACCAAAGCCAAGAGATTAT, with worth: 12 and coverage: 22
Tue Mar 12 17:27:55 2019: Highest coverage kmer is: AAATAATAACGTATATTTGTC, with worth: 12 and coverage: 14
Tue Mar 12 17:28:03 2019: Highest coverage kmer is: AGCTCCTAAGACTAAAGAATT, with worth: 12 and coverage: 14
Tue Mar 12 17:28:08 2019: Highest coverage kmer is: AAAGTTGCTGTATTAAAGCAA, with worth: 12 and coverage: 12
Tue Mar 12 17:28:14 2019: Highest coverage kmer is: AGGGCATCAATGTTTACGACA, with worth: 11 and coverage: 131
Tue Mar 12 17:28:20 2019: Highest coverage kmer is: CGCTCGTCAGGGCTCGATCCG, with worth: 11 and coverage: 63
Tue Mar 12 17:28:26 2019: Highest coverage kmer is: CCGTTCACCACAATGGGTTGG, with worth: 11 and coverage: 23
Tue Mar 12 17:28:30 2019: Highest coverage kmer is: AAAGGCTCTTAATAGACTCTC, with worth: 11 and coverage: 11
Tue Mar 12 17:28:34 2019: Highest coverage kmer is: AACGAGCCTCTGGTTCATCAG, with worth: 11 and coverage: 11
Tue Mar 12 17:28:41 2019: Highest coverage kmer is: AAAGGTACTGGTCGCGCTCGT, with worth: 10 and coverage: 218
Tue Mar 12 17:28:48 2019: Highest coverage kmer is: CAGCTCAACACCTACGATGTG, with worth: 10 and coverage: 25
Tue Mar 12 17:28:55 2019: Highest coverage kmer is: ATGGATATTAACGTATTAGAT, with worth: 10 and coverage: 16
Tue Mar 12 17:29:03 2019: Highest coverage kmer is: AAGAAGCCTTGGCGTCAGAAG, with worth: 10 and coverage: 11
Tue Mar 12 17:29:06 2019: Highest coverage kmer is: ATCAAGCCGTAGTTCGTCAAT, with worth: 10 and coverage: 10
Tue Mar 12 17:29:10 2019: Highest coverage kmer is: ATTTAAGTCTGTATTAAGTTT, with worth: 10 and coverage: 10
Tue Mar 12 17:29:14 2019: Highest coverage kmer is: CTGAAGGAGCGCCTGGCATGA, with worth: 10 and coverage: 10
Tue Mar 12 17:29:21 2019: Highest coverage kmer is: AGAAGGTCAACAAGAAGATGT, with worth: 9 and coverage: 85
Tue Mar 12 17:29:28 2019: Highest coverage kmer is: AAGCCGTGGCGTCAGAAGGGC, with worth: 9 and coverage: 82
Tue Mar 12 17:29:35 2019: Highest coverage kmer is: GTTCCGCCAGAAGGGCACCGG, with worth: 9 and coverage: 45
Tue Mar 12 17:29:42 2019: Highest coverage kmer is: GCTGCTCGTCAGGGCACCCAC, with worth: 9 and coverage: 39
Tue Mar 12 17:29:49 2019: Highest coverage kmer is: AAGTAAGCGGTGGTGGTAAAA, with worth: 9 and coverage: 29
Tue Mar 12 17:29:56 2019: Highest coverage kmer is: AAATTGAGGAGGTGTATGCAT, with worth: 9 and coverage: 27
Tue Mar 12 17:30:02 2019: Highest coverage kmer is: CCGAACATCGACGTGCTGCCG, with worth: 9 and coverage: 27
Tue Mar 12 17:30:09 2019: Highest coverage kmer is: ACAAAGCTAAAGAAAGAGCTG, with worth: 9 and coverage: 22
Tue Mar 12 17:30:16 2019: Highest coverage kmer is: CGGAAGAAAGCCTTGGAGACA, with worth: 9 and coverage: 21
Tue Mar 12 17:30:23 2019: Highest coverage kmer is: CTGAAGTACGTGGTGGTGGTA, with worth: 9 and coverage: 15
Tue Mar 12 17:30:30 2019: Highest coverage kmer is: GGTACAGGACGTGCTCGTCAA, with worth: 9 and coverage: 14
Tue Mar 12 17:30:35 2019: Highest coverage kmer is: CCAGGTACTCACCCAGGAAGA, with worth: 9 and coverage: 9
Tue Mar 12 17:30:42 2019: Highest coverage kmer is: GTAGAGGAGGTGCTCGCATAA, with worth: 8 and coverage: 82
Tue Mar 12 17:30:48 2019: Highest coverage kmer is: AAAGGTACAGGTCGCGCTCGT, with worth: 8 and coverage: 34
Tue Mar 12 17:30:55 2019: Highest coverage kmer is: AACGTCTATGACATCCTGCGC, with worth: 8 and coverage: 33
Tue Mar 12 17:31:02 2019: Highest coverage kmer is: AACGTCTACGACATCCTGCGC, with worth: 8 and coverage: 32
Tue Mar 12 17:31:08 2019: Highest coverage kmer is: CGCACCGGCAAGAAGTTCGGC, with worth: 8 and coverage: 16
Tue Mar 12 17:31:16 2019: Highest coverage kmer is: AAAGGTACTGGACGTGCTCGT, with worth: 8 and coverage: 13
Tue Mar 12 17:31:22 2019: Highest coverage kmer is: GTGGTGGTGGTAAGAAGCCTT, with worth: 8 and coverage: 11
Tue Mar 12 17:31:29 2019: Highest coverage kmer is: AGAGGTGGAGGAAGAAAGCCT, with worth: 8 and coverage: 10
Tue Mar 12 17:31:35 2019: Highest coverage kmer is: ATGTAAGCGGTGGTGGTAAAA, with worth: 8 and coverage: 10
Tue Mar 12 17:31:41 2019: Highest coverage kmer is: ATTGAGGAGGTGCTCGCATAA, with worth: 8 and coverage: 9
Tue Mar 12 17:31:48 2019: Highest coverage kmer is: GGACATCCTGCACCGCATGGT, with worth: 8 and coverage: 9
Tue Mar 12 17:31:51 2019: Highest coverage kmer is: AAATTGAGGAGTTGCTGAAAT, with worth: 8 and coverage: 8
Tue Mar 12 17:31:55 2019: Highest coverage kmer is: CGTAAAGGTAACATCCGTAAC, with worth: 8 and coverage: 8
Tue Mar 12 17:31:58 2019: Highest coverage kmer is: GGCCGCCCGCAACCTCGCGGG, with worth: 8 and coverage: 8
Tue Mar 12 17:32:04 2019: Highest coverage kmer is: GAACAAGAAGATGTATCGCGC, with worth: 7 and coverage: 113
Tue Mar 12 17:32:11 2019: Highest coverage kmer is: AGCTACTCGACCAAGAAGATC, with worth: 7 and coverage: 46
Tue Mar 12 17:32:17 2019: Highest coverage kmer is: AAGACAAGGAACTCAATCAGC, with worth: 7 and coverage: 26
Tue Mar 12 17:32:23 2019: Highest coverage kmer is: GGCGGTGGCCGTAAACCATGG, with worth: 7 and coverage: 19
Tue Mar 12 17:32:29 2019: Highest coverage kmer is: GAAGCAGAAGGGCACCGGCCG, with worth: 7 and coverage: 17
Tue Mar 12 17:32:35 2019: Highest coverage kmer is: GGTGGCGTAACATTCGCTGCT, with worth: 7 and coverage: 15
Tue Mar 12 17:32:41 2019: Highest coverage kmer is: TCTTGAAGTTTCCGAAGCTAC, with worth: 7 and coverage: 12
Tue Mar 12 17:32:47 2019: Highest coverage kmer is: AAAGGTACTGGTAGAGCTAGA, with worth: 7 and coverage: 8
Tue Mar 12 17:32:53 2019: Highest coverage kmer is: CTACGGTGCCGACGAGTTCGC, with worth: 7 and coverage: 8
Tue Mar 12 17:32:59 2019: Highest coverage kmer is: GTTAGCCTGATCGCTTTCGAC, with worth: 7 and coverage: 8
Tue Mar 12 17:33:02 2019: Highest coverage kmer is: AAAGCGTTTAGCACGTAAGTC, with worth: 7 and coverage: 7
Tue Mar 12 17:33:05 2019: Highest coverage kmer is: AAGCCTTATAGGCAGAAGCAT, with worth: 7 and coverage: 7
Tue Mar 12 17:33:08 2019: Highest coverage kmer is: CACCGCCAGCACCAAGACCCG, with worth: 7 and coverage: 7
Tue Mar 12 17:33:11 2019: Highest coverage kmer is: CAGAGGCAGGAAATACAAGCA, with worth: 7 and coverage: 7
Tue Mar 12 17:33:15 2019: Highest coverage kmer is: CTATCGAGGAGGTGTATGCAT, with worth: 7 and coverage: 7
Tue Mar 12 17:33:19 2019: Highest coverage kmer is: GTTGAGGAGGTGTACGCATAA, with worth: 7 and coverage: 7
Tue Mar 12 17:33:25 2019: Highest coverage kmer is: AAGAAGATGATCGCCGCCGCC, with worth: 6 and coverage: 87
Tue Mar 12 17:33:31 2019: Highest coverage kmer is: TTCAAGCAGAAGGGCACCGGC, with worth: 6 and coverage: 87
Tue Mar 12 17:33:37 2019: Highest coverage kmer is: AAAGGTACTGGTCGTGCTCGT, with worth: 6 and coverage: 66
Tue Mar 12 17:33:42 2019: Highest coverage kmer is: TGGAAGCAGAAGGGCACCGGT, with worth: 6 and coverage: 48
Tue Mar 12 17:33:48 2019: Highest coverage kmer is: CCGTCAGAAGGGCACCGGCCG, with worth: 6 and coverage: 25
Tue Mar 12 17:33:54 2019: Highest coverage kmer is: CGCTCTTGAAGTATCCGAAGC, with worth: 6 and coverage: 19
Tue Mar 12 17:34:00 2019: Highest coverage kmer is: GGTGAAATCGAATTAAACGAT, with worth: 6 and coverage: 19
Tue Mar 12 17:34:05 2019: Highest coverage kmer is: TGGAGACAGAAAGGAACAGGT, with worth: 6 and coverage: 17
Tue Mar 12 17:34:11 2019: Highest coverage kmer is: CCAGAAGGGCACCGGCAACGC, with worth: 6 and coverage: 12
Tue Mar 12 17:34:16 2019: Highest coverage kmer is: CCACAATGGGTTGGCGGTGGT, with worth: 6 and coverage: 11
Tue Mar 12 17:34:22 2019: Highest coverage kmer is: GGCTAATCAGCGTCAGGGTAC, with worth: 6 and coverage: 11
Tue Mar 12 17:34:27 2019: Highest coverage kmer is: ACCAAGAGATTACTCTTTCAA, with worth: 6 and coverage: 10
Tue Mar 12 17:34:33 2019: Highest coverage kmer is: ACCGCGTCGTCCGCTGGCAGC, with worth: 6 and coverage: 10
Tue Mar 12 17:34:38 2019: Highest coverage kmer is: AAAGGTGAACAAGAAGGTCAA, with worth: 6 and coverage: 9
Tue Mar 12 17:34:44 2019: Highest coverage kmer is: AACTTGAGGAGCAATGGGTAT, with worth: 6 and coverage: 9
Tue Mar 12 17:34:49 2019: Highest coverage kmer is: CGAGGAGGTGGCCGACCGATG, with worth: 6 and coverage: 9
Tue Mar 12 17:34:54 2019: Highest coverage kmer is: ACCAGCGCCAGGGTACGCACA, with worth: 6 and coverage: 7
Tue Mar 12 17:35:00 2019: Highest coverage kmer is: ACCCACAAGGTGAAGGGCATG, with worth: 6 and coverage: 7
Tue Mar 12 17:35:05 2019: Highest coverage kmer is: GGTCGCAAACCCTGGCGGCAA, with worth: 6 and coverage: 7
Tue Mar 12 17:35:08 2019: Highest coverage kmer is: AAACCTATTGGGTTAAATGTT, with worth: 6 and coverage: 6
Tue Mar 12 17:35:11 2019: Highest coverage kmer is: AAAGAAAGTCTATTCAGTCGA, with worth: 6 and coverage: 6
Tue Mar 12 17:35:14 2019: Highest coverage kmer is: AAAGAGACAGGTGCCAAGGTG, with worth: 6 and coverage: 6
Tue Mar 12 17:35:17 2019: Highest coverage kmer is: AACCATCCAGGAGGTCTACGG, with worth: 6 and coverage: 6
Tue Mar 12 17:35:19 2019: Highest coverage kmer is: AAGTTTCTGGATCAGGTAGAA, with worth: 6 and coverage: 6
Tue Mar 12 17:35:23 2019: Highest coverage kmer is: GCACGTCACGGTAACCGTAAA, with worth: 6 and coverage: 6
Tue Mar 12 17:35:27 2019: Highest coverage kmer is: GGTGGTACTGTTCACGGACCT, with worth: 6 and coverage: 6
Tue Mar 12 17:35:32 2019: Highest coverage kmer is: AAAGGAACAGGTCGTGCTCGT, with worth: 5 and coverage: 1047
Tue Mar 12 17:35:38 2019: Highest coverage kmer is: CTCAACACCTATGACGTGCTG, with worth: 5 and coverage: 458
Tue Mar 12 17:35:43 2019: Highest coverage kmer is: AAATTGAGGTAGAACTCGGAT, with worth: 5 and coverage: 261
Tue Mar 12 17:35:48 2019: Highest coverage kmer is: CAAGCCGTACCGCCAGAAGGG, with worth: 5 and coverage: 76
Tue Mar 12 17:35:54 2019: Highest coverage kmer is: AAAGTGGAGGAGGTGTACGCA, with worth: 5 and coverage: 60
Tue Mar 12 17:35:59 2019: Highest coverage kmer is: GGTCGTGCCCGTCAAGGTTCA, with worth: 5 and coverage: 60
Tue Mar 12 17:36:04 2019: Highest coverage kmer is: ACTGGCCGTGCTCGTGCTGGT, with worth: 5 and coverage: 57
Tue Mar 12 17:36:09 2019: Highest coverage kmer is: TTCGGTCGTGAATACAACGAA, with worth: 5 and coverage: 22
Tue Mar 12 17:36:14 2019: Highest coverage kmer is: ATATTTGTCGTCACGTAATTT, with worth: 5 and coverage: 15
Tue Mar 12 17:36:20 2019: Highest coverage kmer is: CGGTGCAGTTGCATTTGGTCC, with worth: 5 and coverage: 13
Tue Mar 12 17:36:25 2019: Highest coverage kmer is: GACGTGCTGCCGAACGCCGGC, with worth: 5 and coverage: 13
Tue Mar 12 17:36:30 2019: Highest coverage kmer is: GGCGGCGGTCGTAAACCATGG, with worth: 5 and coverage: 12
Tue Mar 12 17:36:35 2019: Highest coverage kmer is: CCGCTGGCAGCGTAACAACGC, with worth: 5 and coverage: 10
Tue Mar 12 17:36:40 2019: Highest coverage kmer is: GGTCAGGAGACCGGAAGAAAG, with worth: 5 and coverage: 10
Tue Mar 12 17:36:45 2019: Highest coverage kmer is: CGATCTTCCCAAGAAGGTCCG, with worth: 5 and coverage: 9
Tue Mar 12 17:36:50 2019: Highest coverage kmer is: GGTCGCAAACCTTGGCGTCAA, with worth: 5 and coverage: 9
Tue Mar 12 17:36:55 2019: Highest coverage kmer is: AAACAGCTTTATCTAAATTAA, with worth: 5 and coverage: 7
Tue Mar 12 17:37:00 2019: Highest coverage kmer is: AAACTTATTTAGCATTTAGAA, with worth: 5 and coverage: 7
Tue Mar 12 17:37:04 2019: Highest coverage kmer is: CGAAAGTAGAGGAGGTGCTCG, with worth: 5 and coverage: 7
Tue Mar 12 17:37:09 2019: Highest coverage kmer is: CGGTCGTCAGAAGGGCGGCGG, with worth: 5 and coverage: 7
Tue Mar 12 17:37:12 2019: Highest coverage kmer is: AAACAAGAGGAGAAGTCTCCG, with worth: 5 and coverage: 5
Tue Mar 12 17:37:14 2019: Highest coverage kmer is: AAAGATCGAGGAATGGTTGGT, with worth: 5 and coverage: 5
Tue Mar 12 17:37:17 2019: Highest coverage kmer is: AACCGTAAGGCTTACCGTGCT, with worth: 5 and coverage: 5
Tue Mar 12 17:37:19 2019: Highest coverage kmer is: AACTGGTCGTGCAAGACAAGG, with worth: 5 and coverage: 5
Tue Mar 12 17:37:22 2019: Highest coverage kmer is: ACGCGCAAGCTGATCCGTCAG, with worth: 5 and coverage: 5
Tue Mar 12 17:37:24 2019: Highest coverage kmer is: ACTCGCATGGCAATCCGCTCG, with worth: 5 and coverage: 5
Tue Mar 12 17:37:27 2019: Highest coverage kmer is: AGCTGCTAGACAAGGAACTGC, with worth: 5 and coverage: 5
Tue Mar 12 17:37:29 2019: Highest coverage kmer is: AGGGCACGCACAAGTCGAAGC, with worth: 5 and coverage: 5
Tue Mar 12 17:37:32 2019: Highest coverage kmer is: ATGCCTAAAGTAGCTTTATAT, with worth: 5 and coverage: 5
Tue Mar 12 17:37:35 2019: Highest coverage kmer is: ATGTACCGTGCAGCAATGCGC, with worth: 5 and coverage: 5
Tue Mar 12 17:37:38 2019: Highest coverage kmer is: CTTCAAACTGAATAAGAAAGT, with worth: 5 and coverage: 5
Tue Mar 12 17:37:42 2019: Highest coverage kmer is: TAGGTGTTTATGATGATGTAA, with worth: 5 and coverage: 5
Tue Mar 12 17:37:46 2019: Highest coverage kmer is: ACTCAAATTGAGGAGGTGCTT, with worth: 4 and coverage: 159
Tue Mar 12 17:37:51 2019: Highest coverage kmer is: ATCGAGGAGGTTCTTGCATAA, with worth: 4 and coverage: 147
Tue Mar 12 17:37:56 2019: Highest coverage kmer is: CTTGAGGAGCGTTTCAAATGA, with worth: 4 and coverage: 87
Tue Mar 12 17:38:00 2019: Highest coverage kmer is: TGGCGTCAGAAGGGCACCGGT, with worth: 4 and coverage: 81
Tue Mar 12 17:38:05 2019: Highest coverage kmer is: GGCGGTGGACGTAAACCATGG, with worth: 4 and coverage: 51
Tue Mar 12 17:38:10 2019: Highest coverage kmer is: AAAGGTACTGGCCGTGCGCGT, with worth: 4 and coverage: 48
Tue Mar 12 17:38:15 2019: Highest coverage kmer is: AAAGGTACAGGTCGTGCTCGT, with worth: 4 and coverage: 37
Tue Mar 12 17:38:19 2019: Highest coverage kmer is: GCCCGTCAGGGTTCGATCCGC, with worth: 4 and coverage: 23
Tue Mar 12 17:38:24 2019: Highest coverage kmer is: CCAAGAGACTACAGATTCAAA, with worth: 4 and coverage: 21
Tue Mar 12 17:38:28 2019: Highest coverage kmer is: GGTCGCAAACCTTGGCGGCAA, with worth: 4 and coverage: 21
Tue Mar 12 17:38:33 2019: Highest coverage kmer is: GTGCGCTGGCAGCTCGCCAAG, with worth: 4 and coverage: 21
Tue Mar 12 17:38:37 2019: Highest coverage kmer is: GTATTTGCACCAAAGCCAAGA, with worth: 4 and coverage: 19
Tue Mar 12 17:38:42 2019: Highest coverage kmer is: AAACAATTTGAGGAAGCACTA, with worth: 4 and coverage: 18
Tue Mar 12 17:38:46 2019: Highest coverage kmer is: GTAGAGGAGGTGCTTGCGTAA, with worth: 4 and coverage: 17
Tue Mar 12 17:38:51 2019: Highest coverage kmer is: TCTATTCGCTCACCACAATGG, with worth: 4 and coverage: 16
Tue Mar 12 17:38:55 2019: Highest coverage kmer is: ACGTTCTGAAGTACGCGGCGG, with worth: 4 and coverage: 14
Tue Mar 12 17:38:59 2019: Highest coverage kmer is: AGGTTCGCGGCGGTGGCCGTA, with worth: 4 and coverage: 9
Tue Mar 12 17:39:04 2019: Highest coverage kmer is: TATAACTAACTCAGAATTAAG, with worth: 4 and coverage: 9
Tue Mar 12 17:39:08 2019: Highest coverage kmer is: ACCGTGTGGTCCGTTGGCAGC, with worth: 4 and coverage: 8
Tue Mar 12 17:39:12 2019: Highest coverage kmer is: ACTACAGCTACACCCTGCCCA, with worth: 4 and coverage: 8
Tue Mar 12 17:39:17 2019: Highest coverage kmer is: GCGCATGATCTGCCCAAGAAG, with worth: 4 and coverage: 8
Tue Mar 12 17:39:21 2019: Highest coverage kmer is: GGTAAGAAGCCTTGGCGTCAA, with worth: 4 and coverage: 8
Tue Mar 12 17:39:26 2019: Highest coverage kmer is: GGTGGCGGCAAGAAGCCATGG, with worth: 4 and coverage: 8
Tue Mar 12 17:39:30 2019: Highest coverage kmer is: AAATTGGCAAGGAGAGCAAGT, with worth: 4 and coverage: 6
Tue Mar 12 17:39:34 2019: Highest coverage kmer is: ACTTGGCTAACCAAAGACAAG, with worth: 4 and coverage: 6
Tue Mar 12 17:39:38 2019: Highest coverage kmer is: CCAATTTGGGTAGGTGGTGGT, with worth: 4 and coverage: 6
Tue Mar 12 17:39:43 2019: Highest coverage kmer is: GCCAGCACCAAGACCCGCGCG, with worth: 4 and coverage: 6
Tue Mar 12 17:39:47 2019: Highest coverage kmer is: GGCGGCGGCAAGAAGCCATGG, with worth: 4 and coverage: 6
Tue Mar 12 17:39:51 2019: Highest coverage kmer is: AAGAAGCTGTGGAAGCAGAAG, with worth: 4 and coverage: 5
Tue Mar 12 17:39:55 2019: Highest coverage kmer is: ACCCGTATCGAGGAGGTATTC, with worth: 4 and coverage: 5
Tue Mar 12 17:39:59 2019: Highest coverage kmer is: GGCGGCGGACGCAAGCCGTGG, with worth: 4 and coverage: 5
Tue Mar 12 17:40:03 2019: Highest coverage kmer is: TTAGCTTTCAAATCAGCATTA, with worth: 4 and coverage: 5
Tue Mar 12 17:40:05 2019: Highest coverage kmer is: AAACGTGCATTGCGTAGTATA, with worth: 4 and coverage: 4
Tue Mar 12 17:40:07 2019: Highest coverage kmer is: AAAGGTACAGGTAGAGCAAGG, with worth: 4 and coverage: 4
Tue Mar 12 17:40:09 2019: Highest coverage kmer is: AAAGGTACTGGTAATGCACGT, with worth: 4 and coverage: 4
Tue Mar 12 17:40:11 2019: Highest coverage kmer is: AAATCAAGAGCAGAAGTTAGT, with worth: 4 and coverage: 4
Tue Mar 12 17:40:13 2019: Highest coverage kmer is: AAATTCAGGAGGTTTATGCAT, with worth: 4 and coverage: 4
Tue Mar 12 17:40:15 2019: Highest coverage kmer is: AAATTCAGGAGGTTTATGGTG, with worth: 4 and coverage: 4
Tue Mar 12 17:40:17 2019: Highest coverage kmer is: AAGGTCGAGAAGATAATCTGG, with worth: 4 and coverage: 4
Tue Mar 12 17:40:19 2019: Highest coverage kmer is: AATCCGTATTCGGAATCGAGC, with worth: 4 and coverage: 4
Tue Mar 12 17:40:22 2019: Highest coverage kmer is: AGCTTCAAACTGAACAAGAAA, with worth: 4 and coverage: 4
Tue Mar 12 17:40:24 2019: Highest coverage kmer is: ATCAAGTGGTCACTGCTTATT, with worth: 4 and coverage: 4
Tue Mar 12 17:40:26 2019: Highest coverage kmer is: CAAGCCCTATAAGCAGAAGGG, with worth: 4 and coverage: 4
Tue Mar 12 17:40:28 2019: Highest coverage kmer is: CAGCGCCAGGGTACACATAAA, with worth: 4 and coverage: 4
Tue Mar 12 17:40:30 2019: Highest coverage kmer is: CCGAAGATCGACGTGCTGCCG, with worth: 4 and coverage: 4
Tue Mar 12 17:40:32 2019: Highest coverage kmer is: CCGTATTCGGTATCGAACCGC, with worth: 4 and coverage: 4
Tue Mar 12 17:40:34 2019: Highest coverage kmer is: CGGCGGTACGGTATTCGGACC, with worth: 4 and coverage: 4
Tue Mar 12 17:40:37 2019: Highest coverage kmer is: GCCACGCAAGACAGGGCTCCA, with worth: 4 and coverage: 4
Tue Mar 12 17:40:41 2019: Highest coverage kmer is: GCGCCAGAAAGGCACCGGCCG, with worth: 3 and coverage: 674
Tue Mar 12 17:40:45 2019: Highest coverage kmer is: CTCAAGGAGATGTTCGCATGA, with worth: 3 and coverage: 71
Tue Mar 12 17:40:49 2019: Highest coverage kmer is: GCCGCGCAGCTTCGAGCAGAA, with worth: 3 and coverage: 61
Tue Mar 12 17:40:53 2019: Highest coverage kmer is: TCAACCGCAAGATGTACCGCG, with worth: 3 and coverage: 39
Tue Mar 12 17:40:57 2019: Highest coverage kmer is: GCAGAAGGGCACGGGTAACGC, with worth: 3 and coverage: 33
Tue Mar 12 17:41:01 2019: Highest coverage kmer is: ATCCGTTCACCACAATGGCGC, with worth: 3 and coverage: 30
Tue Mar 12 17:41:05 2019: Highest coverage kmer is: AAAGCCGTGGCGTCAGAAGGG, with worth: 3 and coverage: 29
Tue Mar 12 17:41:08 2019: Highest coverage kmer is: AAACGTATATTTGTCAGCTCG, with worth: 3 and coverage: 18
Tue Mar 12 17:41:12 2019: Highest coverage kmer is: CAACATCCCGAACATCGACGT, with worth: 3 and coverage: 18
Tue Mar 12 17:41:16 2019: Highest coverage kmer is: GTCAACCGCAAGATGTATCGC, with worth: 3 and coverage: 18
Tue Mar 12 17:41:20 2019: Highest coverage kmer is: AGAAGGTGAACCGCAAGATGT, with worth: 3 and coverage: 11
Tue Mar 12 17:41:24 2019: Highest coverage kmer is: CCAGAAAGGCACCGGCGGCGC, with worth: 3 and coverage: 11
Tue Mar 12 17:41:27 2019: Highest coverage kmer is: CGTGCTCGGCATTCATCTGCT, with worth: 3 and coverage: 10
Tue Mar 12 17:41:31 2019: Highest coverage kmer is: CCCACAATGGCGTGGCGGTGG, with worth: 3 and coverage: 9
Tue Mar 12 17:41:35 2019: Highest coverage kmer is: ACAGGTAGAGCTAGACAAGGT, with worth: 3 and coverage: 8
Tue Mar 12 17:41:39 2019: Highest coverage kmer is: CCAGAAGGGCACGGGCCGCGC, with worth: 3 and coverage: 8
Tue Mar 12 17:41:42 2019: Highest coverage kmer is: CTCCGGCACGACCAAGAAGCC, with worth: 3 and coverage: 8
Tue Mar 12 17:41:46 2019: Highest coverage kmer is: GGTCGTATGTTCGGTCCAAGA, with worth: 3 and coverage: 8
Tue Mar 12 17:41:50 2019: Highest coverage kmer is: GGTGGTGGCAAGAAGCCATGG, with worth: 3 and coverage: 8
Tue Mar 12 17:41:53 2019: Highest coverage kmer is: TGAAGGTGAAGGTCCAGAAAA, with worth: 3 and coverage: 8
Tue Mar 12 17:41:57 2019: Highest coverage kmer is: ATTGAGCCTAACGATCACGTT, with worth: 3 and coverage: 7
Tue Mar 12 17:42:00 2019: Highest coverage kmer is: GGTGGTGGTGCTAAGCCATGG, with worth: 3 and coverage: 7
Tue Mar 12 17:42:04 2019: Highest coverage kmer is: ACCATCCGCAGCCCGCTGTGG, with worth: 3 and coverage: 6
Tue Mar 12 17:42:08 2019: Highest coverage kmer is: AGAACAAGTTCATCGTTGTTG, with worth: 3 and coverage: 6
Tue Mar 12 17:42:11 2019: Highest coverage kmer is: GATGTTAAGCAATACTTGGCT, with worth: 3 and coverage: 6
Tue Mar 12 17:42:15 2019: Highest coverage kmer is: GGTATTGATCCAGTAAGCCTA, with worth: 3 and coverage: 6
Tue Mar 12 17:42:18 2019: Highest coverage kmer is: AAACCGGAAACAGGACTACGG, with worth: 3 and coverage: 5
Tue Mar 12 17:42:22 2019: Highest coverage kmer is: AAACGTATATTTGTCCGCTCG, with worth: 3 and coverage: 5
Tue Mar 12 17:42:25 2019: Highest coverage kmer is: AAAGCCGTGGAGACAGAAGGG, with worth: 3 and coverage: 5
Tue Mar 12 17:42:29 2019: Highest coverage kmer is: AGGTGGTGGTAGAGCATTTGG, with worth: 3 and coverage: 5
Tue Mar 12 17:42:32 2019: Highest coverage kmer is: CAAAGGCGAAGACACCGGCCG, with worth: 3 and coverage: 5
Tue Mar 12 17:42:35 2019: Highest coverage kmer is: CCGCAATGGAAAGGCGGCGGT, with worth: 3 and coverage: 5
Tue Mar 12 17:42:39 2019: Highest coverage kmer is: CGAAGTCCGTGGCGGTGGCAA, with worth: 3 and coverage: 5
Tue Mar 12 17:42:42 2019: Highest coverage kmer is: TCAGCGTCAGGGTACGCACAA, with worth: 3 and coverage: 5
Tue Mar 12 17:42:45 2019: Highest coverage kmer is: AACCTTTATTTATATGTAAAA, with worth: 3 and coverage: 4
Tue Mar 12 17:42:49 2019: Highest coverage kmer is: AACGTCAAGGTACGCACAAAG, with worth: 3 and coverage: 4
Tue Mar 12 17:42:52 2019: Highest coverage kmer is: ACAAGTCTAAAGAAAGAGCTG, with worth: 3 and coverage: 4
Tue Mar 12 17:42:55 2019: Highest coverage kmer is: ACGTGCAGGTAGCATTAAGTC, with worth: 3 and coverage: 4
Tue Mar 12 17:42:58 2019: Highest coverage kmer is: AGAGCAGGTAGTATCAAGTCT, with worth: 3 and coverage: 4
Tue Mar 12 17:43:01 2019: Highest coverage kmer is: ATTCTTTCTGAGCTGGCTCGT, with worth: 3 and coverage: 4
Tue Mar 12 17:43:04 2019: Highest coverage kmer is: CGGAATTGAGCCAAATGATCA, with worth: 3 and coverage: 4
Tue Mar 12 17:43:07 2019: Highest coverage kmer is: CTGAATGTTTACGACGTGCTG, with worth: 3 and coverage: 4
Tue Mar 12 17:43:11 2019: Highest coverage kmer is: GCAGATGCGTGGTGGTGGTGT, with worth: 3 and coverage: 4
Tue Mar 12 17:43:13 2019: Highest coverage kmer is: GGTGGTGGACGCAAGCCTTGG, with worth: 3 and coverage: 4
Tue Mar 12 17:43:16 2019: Highest coverage kmer is: GGTTCTGCAAGATATGGTGAT, with worth: 3 and coverage: 4
Tue Mar 12 17:43:18 2019: Highest coverage kmer is: TGAGCCAAACGATCATGCGAT, with worth: 3 and coverage: 4
Tue Mar 12 17:43:20 2019: Highest coverage kmer is: TTATACAAGGGTGGTGGTACC, with worth: 3 and coverage: 4
Tue Mar 12 17:43:22 2019: Highest coverage kmer is: AAACAAGAGGCAAAGTAAGCG, with worth: 3 and coverage: 3
Tue Mar 12 17:43:23 2019: Highest coverage kmer is: AAACCGCAAAGAAAGAAGAGC, with worth: 3 and coverage: 3
Tue Mar 12 17:43:25 2019: Highest coverage kmer is: AAAGATGCGTATGCGATGTTT, with worth: 3 and coverage: 3
Tue Mar 12 17:43:27 2019: Highest coverage kmer is: AAAGCTAAGAACAACTCTGTT, with worth: 3 and coverage: 3
Tue Mar 12 17:43:28 2019: Highest coverage kmer is: AAAGGTGGCGGTAGAGCAAGA, with worth: 3 and coverage: 3
Tue Mar 12 17:43:30 2019: Highest coverage kmer is: AAAGTTCTTGTTTCTAAAGAA, with worth: 3 and coverage: 3
Tue Mar 12 17:43:31 2019: Highest coverage kmer is: AAATCCAGGAGGTTTACGGTG, with worth: 3 and coverage: 3
Tue Mar 12 17:43:33 2019: Highest coverage kmer is: AAATGTATATTTGTCCTCTCG, with worth: 3 and coverage: 3
Tue Mar 12 17:43:34 2019: Highest coverage kmer is: AACATCATCGTTACCCAGTCG, with worth: 3 and coverage: 3
Tue Mar 12 17:43:36 2019: Highest coverage kmer is: AACTGAAGGTTATTGACCAAC, with worth: 3 and coverage: 3
Tue Mar 12 17:43:38 2019: Highest coverage kmer is: AAGGGAACAGGTAGAGCTAGG, with worth: 3 and coverage: 3
Tue Mar 12 17:43:40 2019: Highest coverage kmer is: AATCAGCAGCGACAGGTTGTG, with worth: 3 and coverage: 3
Tue Mar 12 17:43:41 2019: Highest coverage kmer is: ACCAAAGGTTGAGAAGATAAT, with worth: 3 and coverage: 3
Tue Mar 12 17:43:43 2019: Highest coverage kmer is: ACCTACAACCTGGCGATGAAC, with worth: 3 and coverage: 3
Tue Mar 12 17:43:45 2019: Highest coverage kmer is: AGAGGCTTAGGGAGATTTACG, with worth: 3 and coverage: 3
Tue Mar 12 17:43:46 2019: Highest coverage kmer is: ATATGCCTACAAGATGCCTAA, with worth: 3 and coverage: 3
Tue Mar 12 17:43:48 2019: Highest coverage kmer is: ATTATGGCGTGGCGGTGGTGT, with worth: 3 and coverage: 3
Tue Mar 12 17:43:51 2019: Highest coverage kmer is: CGATCCTGTTCGTCACGAGCG, with worth: 3 and coverage: 3
Tue Mar 12 17:43:53 2019: Highest coverage kmer is: GTAGAGGAGGTGTACGCATAA, with worth: 3 and coverage: 3
Tue Mar 12 17:43:55 2019: Highest coverage kmer is: TCCAATCTGGCGTAAAGGTGG, with worth: 3 and coverage: 3
Tue Mar 12 17:43:58 2019: Highest coverage kmer is: ATCCGCTCACCACAATGGCGT, with worth: 2 and coverage: 297
Tue Mar 12 17:44:02 2019: Highest coverage kmer is: GCGTCAGGGCACTCGTGCTCA, with worth: 2 and coverage: 120
Tue Mar 12 17:44:05 2019: Highest coverage kmer is: GGCCGCGCTCGTGCCGGTATG, with worth: 2 and coverage: 119
Tue Mar 12 17:44:08 2019: Highest coverage kmer is: AAGCCGTACCGGCAGAAGGGC, with worth: 2 and coverage: 112
Tue Mar 12 17:44:11 2019: Highest coverage kmer is: TGAAGCACCAAAGACTAAAGA, with worth: 2 and coverage: 67
Tue Mar 12 17:44:14 2019: Highest coverage kmer is: CAGCCAGAAGGTCAACAAGAA, with worth: 2 and coverage: 61
Tue Mar 12 17:44:17 2019: Highest coverage kmer is: GGTGGTGGACGCAAACCATGG, with worth: 2 and coverage: 51
Tue Mar 12 17:44:20 2019: Highest coverage kmer is: TGTATATTTGTCAGCTCGTAA, with worth: 2 and coverage: 44
Tue Mar 12 17:44:23 2019: Highest coverage kmer is: GGTCGCCAGAAGGGCGGCGGT, with worth: 2 and coverage: 41
Tue Mar 12 17:44:26 2019: Highest coverage kmer is: ACGTCAAGGTACAATCCGTGC, with worth: 2 and coverage: 39
Tue Mar 12 17:44:29 2019: Highest coverage kmer is: TGTCGAAGCTCTGGAGGCTCG, with worth: 2 and coverage: 36
Tue Mar 12 17:44:32 2019: Highest coverage kmer is: GGTAAGAAGCCTTGGAGACAA, with worth: 2 and coverage: 33
Tue Mar 12 17:44:34 2019: Highest coverage kmer is: CGGTGGCATCGTCCACGGCCC, with worth: 2 and coverage: 31
Tue Mar 12 17:44:37 2019: Highest coverage kmer is: GGTACTGGTCGTGCCCGTGCT, with worth: 2 and coverage: 30
Tue Mar 12 17:44:40 2019: Highest coverage kmer is: AGGGTTCGACCCGCGCTCCGC, with worth: 2 and coverage: 29
Tue Mar 12 17:44:43 2019: Highest coverage kmer is: ATGTCGTCGTCGCCACTGTGG, with worth: 2 and coverage: 25
Tue Mar 12 17:44:46 2019: Highest coverage kmer is: ACGGGTAACGCCCGTCAGGGC, with worth: 2 and coverage: 19
Tue Mar 12 17:44:49 2019: Highest coverage kmer is: GGCGGCGGTCGCAAGCCTTGG, with worth: 2 and coverage: 16
Tue Mar 12 17:44:52 2019: Highest coverage kmer is: AAACCTTGGCGTCAGAAAGGT, with worth: 2 and coverage: 15
Tue Mar 12 17:44:55 2019: Highest coverage kmer is: AGGCGGCGGAGTTGTATTCGC, with worth: 2 and coverage: 14
Tue Mar 12 17:44:57 2019: Highest coverage kmer is: GGTGGCCGCAAGCCGTGGCGC, with worth: 2 and coverage: 14
Tue Mar 12 17:45:00 2019: Highest coverage kmer is: AGGGTACGCACAAGTCCAAGG, with worth: 2 and coverage: 13
Tue Mar 12 17:45:03 2019: Highest coverage kmer is: CAAGATGAACCGCAAAGAGCG, with worth: 2 and coverage: 13
Tue Mar 12 17:45:06 2019: Highest coverage kmer is: CGGTCGTGCCCGTCAGGGTTC, with worth: 2 and coverage: 12
Tue Mar 12 17:45:09 2019: Highest coverage kmer is: ACTCATAAATCTAAAGAAAGA, with worth: 2 and coverage: 11
Tue Mar 12 17:45:12 2019: Highest coverage kmer is: GCTAACCAGCGTCAGGGTACA, with worth: 2 and coverage: 11
Tue Mar 12 17:45:14 2019: Highest coverage kmer is: GTCCTACTCGACCAAGAAGAT, with worth: 2 and coverage: 11
Tue Mar 12 17:45:17 2019: Highest coverage kmer is: AAGTAAGAGGTGGAGGAAGAA, with worth: 2 and coverage: 10
Tue Mar 12 17:45:20 2019: Highest coverage kmer is: CGTGCTGGTACTATCCGCAGC, with worth: 2 and coverage: 10
Tue Mar 12 17:45:23 2019: Highest coverage kmer is: TCGTCGCCGAGCGCGGCCACG, with worth: 2 and coverage: 10
Tue Mar 12 17:45:25 2019: Highest coverage kmer is: AAAGGGCACTGGTCGTGCTCG, with worth: 2 and coverage: 9
Tue Mar 12 17:45:28 2019: Highest coverage kmer is: AAGTTCCGCAAGCTGGGTCTG, with worth: 2 and coverage: 9
Tue Mar 12 17:45:31 2019: Highest coverage kmer is: CGTGCCCGCCAGGGTTCCATC, with worth: 2 and coverage: 8
Tue Mar 12 17:45:34 2019: Highest coverage kmer is: AAAGGTACTGGTACAGCTCGT, with worth: 2 and coverage: 7
Tue Mar 12 17:45:36 2019: Highest coverage kmer is: AAGCTGAACAAGAAAGTAAAA, with worth: 2 and coverage: 7
Tue Mar 12 17:45:39 2019: Highest coverage kmer is: AGAAAGGTACTGGTCGTGCAC, with worth: 2 and coverage: 7
Tue Mar 12 17:45:42 2019: Highest coverage kmer is: CTAATAAGAGACAAGGAACTC, with worth: 2 and coverage: 7
Tue Mar 12 17:45:44 2019: Highest coverage kmer is: GGTGGAGTTGTATTTGCTCCA, with worth: 2 and coverage: 7
Tue Mar 12 17:45:47 2019: Highest coverage kmer is: GTAGAGGAGGTGCTTGGATAA, with worth: 2 and coverage: 7
Tue Mar 12 17:45:50 2019: Highest coverage kmer is: TGCACGTCAAGGTTCAATCCG, with worth: 2 and coverage: 7
Tue Mar 12 17:45:52 2019: Highest coverage kmer is: AAGGTCAATCGCAAGATGTAT, with worth: 2 and coverage: 6
Tue Mar 12 17:45:55 2019: Highest coverage kmer is: ACCACAATGGGTAGGCGGCGG, with worth: 2 and coverage: 6
Tue Mar 12 17:45:57 2019: Highest coverage kmer is: ACTGGACGCGCACGTCAAGGT, with worth: 2 and coverage: 6
Tue Mar 12 17:46:00 2019: Highest coverage kmer is: ATCTGCTCGCAACATTCCTGG, with worth: 2 and coverage: 6
Tue Mar 12 17:46:03 2019: Highest coverage kmer is: GGCGGTGGTAAGAAGCCATGG, with worth: 2 and coverage: 6
Tue Mar 12 17:46:05 2019: Highest coverage kmer is: GGTGGTGGAAGAAAGCCATGG, with worth: 2 and coverage: 6
Tue Mar 12 17:46:08 2019: Highest coverage kmer is: GGTGGTGGTCGTAAGCCCTGG, with worth: 2 and coverage: 6
Tue Mar 12 17:46:10 2019: Highest coverage kmer is: AAAGGTACAGGTAGAGCTAGA, with worth: 2 and coverage: 5
Tue Mar 12 17:46:13 2019: Highest coverage kmer is: AAGGTTGAGGAGTGGCTGGCA, with worth: 2 and coverage: 5
Tue Mar 12 17:46:16 2019: Highest coverage kmer is: AGAAAGGCACTGGCCGCGCTC, with worth: 2 and coverage: 5
Tue Mar 12 17:46:18 2019: Highest coverage kmer is: AGAAGCTCGTGCTGACCAAGG, with worth: 2 and coverage: 5
Tue Mar 12 17:46:21 2019: Highest coverage kmer is: ATAGCGTATTTGGCGTTGAAG, with worth: 2 and coverage: 5
Tue Mar 12 17:46:23 2019: Highest coverage kmer is: ATGTATCGCGCTGCGATGCGT, with worth: 2 and coverage: 5
Tue Mar 12 17:46:26 2019: Highest coverage kmer is: CAACGTCAGGGAACTCACAAA, with worth: 2 and coverage: 5
Tue Mar 12 17:46:28 2019: Highest coverage kmer is: CGCGGTGGTGGCCGCAAGCCT, with worth: 2 and coverage: 5
Tue Mar 12 17:46:31 2019: Highest coverage kmer is: CTCCGAGCTGGTGCGTCAGGA, with worth: 2 and coverage: 5
Tue Mar 12 17:46:33 2019: Highest coverage kmer is: TTCCGTGGTGGTGGTATTGTT, with worth: 2 and coverage: 5
Tue Mar 12 17:46:36 2019: Highest coverage kmer is: AAAGTTCGCCGTCTGGCGATC, with worth: 2 and coverage: 4
Tue Mar 12 17:46:38 2019: Highest coverage kmer is: AAGCCGTGGAAGCAGAAGGGT, with worth: 2 and coverage: 4
Tue Mar 12 17:46:41 2019: Highest coverage kmer is: ACGTTCTGAAGTGCGTGGCGG, with worth: 2 and coverage: 4
Tue Mar 12 17:46:43 2019: Highest coverage kmer is: AGAAAGGTGGTGGCGGTGCAC, with worth: 2 and coverage: 4
Tue Mar 12 17:46:46 2019: Highest coverage kmer is: AGCGGTGGTGGTAAGAAACCT, with worth: 2 and coverage: 4
Tue Mar 12 17:46:48 2019: Highest coverage kmer is: ATCAGAGACAAGGTACGCACA, with worth: 2 and coverage: 4
Tue Mar 12 17:46:50 2019: Highest coverage kmer is: ATTCGTAGTCCAATCTGGCGT, with worth: 2 and coverage: 4
Tue Mar 12 17:46:53 2019: Highest coverage kmer is: CAAGCCCAGAGATTACAGCTA, with worth: 2 and coverage: 4
Tue Mar 12 17:46:55 2019: Highest coverage kmer is: CGTCAAGGTTCCATTCGCGCT, with worth: 2 and coverage: 4
Tue Mar 12 17:46:58 2019: Highest coverage kmer is: CTCCTTTATGGCGTGGTGGTG, with worth: 2 and coverage: 4
Tue Mar 12 17:47:00 2019: Highest coverage kmer is: GAGATCAAGACCAAGAAGTTC, with worth: 2 and coverage: 4
Tue Mar 12 17:47:02 2019: Highest coverage kmer is: GAGCTGGCTCGTCAGGAGCGT, with worth: 2 and coverage: 4
Tue Mar 12 17:47:05 2019: Highest coverage kmer is: GCGCTCGATCCTCTCCGAGCT, with worth: 2 and coverage: 4
Tue Mar 12 17:47:07 2019: Highest coverage kmer is: GTTCGCGGTGGTGGTCGTAAG, with worth: 2 and coverage: 4
Tue Mar 12 17:47:09 2019: Highest coverage kmer is: AAAGAAACCTTGGAGACAGAA, with worth: 2 and coverage: 3
Tue Mar 12 17:47:12 2019: Highest coverage kmer is: AAAGAGCTTCAAGAAGACAAG, with worth: 2 and coverage: 3
Tue Mar 12 17:47:14 2019: Highest coverage kmer is: AACGAAGCCCTGGTGCATCAG, with worth: 2 and coverage: 3
Tue Mar 12 17:47:16 2019: Highest coverage kmer is: AAGAAGCCTTTCAAGCAGAAG, with worth: 2 and coverage: 3
Tue Mar 12 17:47:19 2019: Highest coverage kmer is: AAGACTCGCGGAGAGGTCCGC, with worth: 2 and coverage: 3
Tue Mar 12 17:47:21 2019: Highest coverage kmer is: AATGAGCTTAATGCGTATTTA, with worth: 2 and coverage: 3
Tue Mar 12 17:47:23 2019: Highest coverage kmer is: AATTTGCATAATGTAACTTTG, with worth: 2 and coverage: 3
Tue Mar 12 17:47:25 2019: Highest coverage kmer is: ACACATAAATCTAAAGAAAGA, with worth: 2 and coverage: 3
Tue Mar 12 17:47:28 2019: Highest coverage kmer is: ACAGCTTCAAACTCAACAAGA, with worth: 2 and coverage: 3
Tue Mar 12 17:47:30 2019: Highest coverage kmer is: ACGCGATTTACCTCGACGTGA, with worth: 2 and coverage: 3
Tue Mar 12 17:47:32 2019: Highest coverage kmer is: AGCGCACACCAAAGAAGATGA, with worth: 2 and coverage: 3
Tue Mar 12 17:47:34 2019: Highest coverage kmer is: AGGACGACTGACCGTCTGGAC, with worth: 2 and coverage: 3
Tue Mar 12 17:47:36 2019: Highest coverage kmer is: ATGAAGGTAGCAGTATTAGAT, with worth: 2 and coverage: 3
Tue Mar 12 17:47:39 2019: Highest coverage kmer is: CCGCAATGGGTTGGCGGTGGA, with worth: 2 and coverage: 3
Tue Mar 12 17:47:41 2019: Highest coverage kmer is: CCGTTGTGGCGTGGTGGTGGT, with worth: 2 and coverage: 3
Tue Mar 12 17:47:43 2019: Highest coverage kmer is: CTGTCGGCCCGCAACCTGCCC, with worth: 2 and coverage: 3
Tue Mar 12 17:47:45 2019: Highest coverage kmer is: CTTGATGTGAAGCAATATCTT, with worth: 2 and coverage: 3
Tue Mar 12 17:47:47 2019: Highest coverage kmer is: GCGCATGACCTGACCAAGAAG, with worth: 2 and coverage: 3
Tue Mar 12 17:47:49 2019: Highest coverage kmer is: GCGTCAAGGTACGCACAAATC, with worth: 2 and coverage: 3
Tue Mar 12 17:47:51 2019: Highest coverage kmer is: GGGCGGCGGCGTGGTCTTCGG, with worth: 2 and coverage: 3
Tue Mar 12 17:47:53 2019: Highest coverage kmer is: GTAAATGATGTAAATACTTAC, with worth: 2 and coverage: 3
Tue Mar 12 17:47:55 2019: Highest coverage kmer is: TATAGAGCCTAACGATCACGC, with worth: 2 and coverage: 3
Tue Mar 12 17:47:57 2019: Highest coverage kmer is: TGGACCAAGACCAAGAAACTA, with worth: 2 and coverage: 3
Tue Mar 12 17:47:58 2019: Highest coverage kmer is: AAACAAATTGAGGAGCGATTG, with worth: 2 and coverage: 2
Tue Mar 12 17:47:59 2019: Highest coverage kmer is: AAACATACTGGAAGAGCAAGA, with worth: 2 and coverage: 2
Tue Mar 12 17:48:00 2019: Highest coverage kmer is: AAACATACTGGTAATGCTCGT, with worth: 2 and coverage: 2
Tue Mar 12 17:48:01 2019: Highest coverage kmer is: AAACATAGTGGTTACTGTTGA, with worth: 2 and coverage: 2
Tue Mar 12 17:48:01 2019: Highest coverage kmer is: AAACCCTGGCGACAGAAAGGA, with worth: 2 and coverage: 2
Tue Mar 12 17:48:02 2019: Highest coverage kmer is: AAACCGCCGCGCTCGACCCGA, with worth: 2 and coverage: 2
Tue Mar 12 17:48:03 2019: Highest coverage kmer is: AAACGGAGGAGGTGTTAGCGT, with worth: 2 and coverage: 2
Tue Mar 12 17:48:04 2019: Highest coverage kmer is: AAACTAAGTATTGCTTCACTA, with worth: 2 and coverage: 2
Tue Mar 12 17:48:05 2019: Highest coverage kmer is: AAACTCCTCCTTTCTGCGAGG, with worth: 2 and coverage: 2
Tue Mar 12 17:48:06 2019: Highest coverage kmer is: AAACTTAAATGCTGAATTATT, with worth: 2 and coverage: 2
Tue Mar 12 17:48:07 2019: Highest coverage kmer is: AAAGCAATACCTGGCTGCCCA, with worth: 2 and coverage: 2
Tue Mar 12 17:48:08 2019: Highest coverage kmer is: AAAGCGGATCGAGGAGGTGTT, with worth: 2 and coverage: 2
Tue Mar 12 17:48:09 2019: Highest coverage kmer is: AAAGGAACCGGGCGTGCCCGT, with worth: 2 and coverage: 2
Tue Mar 12 17:48:10 2019: Highest coverage kmer is: AAAGGAACGGGAAATGCTCGT, with worth: 2 and coverage: 2
Tue Mar 12 17:48:11 2019: Highest coverage kmer is: AAAGGAATAAGCCTCGGTGCA, with worth: 2 and coverage: 2
Tue Mar 12 17:48:12 2019: Highest coverage kmer is: AAAGGCGAAGACACAGGCAAG, with worth: 2 and coverage: 2
Tue Mar 12 17:48:12 2019: Highest coverage kmer is: AAAGGTAAGATGAGAGGAAGA, with worth: 2 and coverage: 2
Tue Mar 12 17:48:13 2019: Highest coverage kmer is: AAAGGTACAGGAAATGCAAGG, with worth: 2 and coverage: 2
Tue Mar 12 17:48:14 2019: Highest coverage kmer is: AAAGTTAAACGACTTGCTTTT, with worth: 2 and coverage: 2
Tue Mar 12 17:48:15 2019: Highest coverage kmer is: AAATTCAGGAGGTTTACAATG, with worth: 2 and coverage: 2
Tue Mar 12 17:48:16 2019: Highest coverage kmer is: AACATACAAGGACAGGAAACC, with worth: 2 and coverage: 2
Tue Mar 12 17:48:17 2019: Highest coverage kmer is: AAGATTGAGGAGGTGCTGGGA, with worth: 2 and coverage: 2
Tue Mar 12 17:48:18 2019: Highest coverage kmer is: AAGCGGCGGAGGACGCAAACC, with worth: 2 and coverage: 2
Tue Mar 12 17:48:19 2019: Highest coverage kmer is: AAGGAATCGAATCATTCCCAA, with worth: 2 and coverage: 2
Tue Mar 12 17:48:20 2019: Highest coverage kmer is: AAGGGAACAGGCCGTGCCCGT, with worth: 2 and coverage: 2
Tue Mar 12 17:48:20 2019: Highest coverage kmer is: AAGGGTAGAGAGAATAAAGAC, with worth: 2 and coverage: 2
Tue Mar 12 17:48:21 2019: Highest coverage kmer is: AAGGGTATCTCTGAGGTTAGT, with worth: 2 and coverage: 2
Tue Mar 12 17:48:22 2019: Highest coverage kmer is: AAGTCGTTGGAACAACTTTAT, with worth: 2 and coverage: 2
Tue Mar 12 17:48:23 2019: Highest coverage kmer is: AAGTGGTGGTGGTGCGAAGCC, with worth: 2 and coverage: 2
Tue Mar 12 17:48:24 2019: Highest coverage kmer is: AATCACACTTGATGATAAAGT, with worth: 2 and coverage: 2
Tue Mar 12 17:48:25 2019: Highest coverage kmer is: AATCTCGTCCTTTCTGCCCGG, with worth: 2 and coverage: 2
Tue Mar 12 17:48:26 2019: Highest coverage kmer is: AATGTTTATGATGTATTAAAT, with worth: 2 and coverage: 2
Tue Mar 12 17:48:27 2019: Highest coverage kmer is: ACAGGTTCTGCCCGTCAGGGC, with worth: 2 and coverage: 2
Tue Mar 12 17:48:27 2019: Highest coverage kmer is: ACCATGCCATTTACCTTGATG, with worth: 2 and coverage: 2
Tue Mar 12 17:48:28 2019: Highest coverage kmer is: ACGTGGAGAGGTAAGAGGTGG, with worth: 2 and coverage: 2
Tue Mar 12 17:48:29 2019: Highest coverage kmer is: AGAAAGGAACAGGTCGTGCAC, with worth: 2 and coverage: 2
Tue Mar 12 17:48:30 2019: Highest coverage kmer is: AGAGGCGGCGGTAAGCGCCCC, with worth: 2 and coverage: 2
Tue Mar 12 17:48:31 2019: Highest coverage kmer is: AGATTAACACTCTGGACTGAA, with worth: 2 and coverage: 2
Tue Mar 12 17:48:32 2019: Highest coverage kmer is: AGTTGAATTAAACAAAGATAA, with worth: 2 and coverage: 2
Tue Mar 12 17:48:32 2019: Highest coverage kmer is: ATCAGCTAGAAACTTACCAAA, with worth: 2 and coverage: 2
Tue Mar 12 17:48:33 2019: Highest coverage kmer is: ATGGAATTAGCAGTATTAAAA, with worth: 2 and coverage: 2
Tue Mar 12 17:48:34 2019: Highest coverage kmer is: ATGGCTGTGGTTAAAGTATAC, with worth: 2 and coverage: 2
Tue Mar 12 17:48:35 2019: Highest coverage kmer is: CAAGATGAACCGCAAGGAGCG, with worth: 2 and coverage: 2
Tue Mar 12 17:48:36 2019: Highest coverage kmer is: CAGGAGGTTTACAGTGACTAA, with worth: 2 and coverage: 2
Tue Mar 12 17:48:36 2019: Highest coverage kmer is: CAGGGAACTCATAAATCAAAA, with worth: 2 and coverage: 2
Tue Mar 12 17:48:37 2019: Highest coverage kmer is: CCCGCAACCTCGCGGGTGTCG, with worth: 2 and coverage: 2
Tue Mar 12 17:48:38 2019: Highest coverage kmer is: CCCTGGAGGCAGAAAGGCACA, with worth: 2 and coverage: 2
Tue Mar 12 17:48:39 2019: Highest coverage kmer is: CCGCGCAGTTACGCCCAGAAG, with worth: 2 and coverage: 2
Tue Mar 12 17:48:40 2019: Highest coverage kmer is: CCTATCTTCGTTGGTGGTGGT, with worth: 2 and coverage: 2
Tue Mar 12 17:48:40 2019: Highest coverage kmer is: CGCCAGGGAAGCATTCGCGCG, with worth: 2 and coverage: 2
Tue Mar 12 17:48:41 2019: Highest coverage kmer is: CGGTGGCGGTATCAAGCCTTT, with worth: 2 and coverage: 2
Tue Mar 12 17:48:42 2019: Highest coverage kmer is: CGTCAGGGTACTCATAAAGCC, with worth: 2 and coverage: 2
Tue Mar 12 17:48:43 2019: Highest coverage kmer is: CGTGGTTGAAGATTTCAGCCT, with worth: 2 and coverage: 2
Tue Mar 12 17:48:43 2019: Highest coverage kmer is: CTGGAAGCACCCAAGACCAAG, with worth: 2 and coverage: 2
Tue Mar 12 17:48:44 2019: Highest coverage kmer is: CTGGAGGAGCAATGGGTATGA, with worth: 2 and coverage: 2
Tue Mar 12 17:48:45 2019: Highest coverage kmer is: CTTGCCAATAAGCGCCAGGGA, with worth: 2 and coverage: 2
Tue Mar 12 17:48:46 2019: Highest coverage kmer is: CTTTAAGCTGAATAAGAAAGT, with worth: 2 and coverage: 2
Tue Mar 12 17:48:46 2019: Highest coverage kmer is: GCCGCTCAGCGTCAGGGTACC, with worth: 2 and coverage: 2
Tue Mar 12 17:48:47 2019: Highest coverage kmer is: GCGCCAGAAGGGAACGGGTCG, with worth: 2 and coverage: 2
Tue Mar 12 17:48:48 2019: Highest coverage kmer is: GGGCGGCGGTGTTGCCTTCGG, with worth: 2 and coverage: 2
Tue Mar 12 17:48:49 2019: Highest coverage kmer is: GGGCGGTCGCAAGCCTTGGCG, with worth: 2 and coverage: 2
Tue Mar 12 17:48:50 2019: Highest coverage kmer is: GGTGGTGTTACATTTGCGGCT, with worth: 2 and coverage: 2
Tue Mar 12 17:48:50 2019: Highest coverage kmer is: GTAGAGGAGGTGCTGGCATAA, with worth: 2 and coverage: 2
Tue Mar 12 17:48:51 2019: Highest coverage kmer is: TGTTGGTGGTGGTGTGGCTCA, with worth: 2 and coverage: 2
Tue Mar 12 17:48:53 2019: Highest coverage kmer is: ATGGAATTAGTATTGAAAGAC, with worth: 1 and coverage: 1276
Tue Mar 12 17:48:55 2019: Highest coverage kmer is: ACGTAACCTGCACAAGGTTGA, with worth: 1 and coverage: 366
Tue Mar 12 17:48:57 2019: Highest coverage kmer is: ATCCGTAGCCCAATCTGGCGT, with worth: 1 and coverage: 232
Tue Mar 12 17:48:58 2019: Highest coverage kmer is: CCGTACCGGCAGAAGGGCACC, with worth: 1 and coverage: 110
Tue Mar 12 17:49:00 2019: Highest coverage kmer is: ATGTACCGTGCCGGTATGGCG, with worth: 1 and coverage: 98
Tue Mar 12 17:49:02 2019: Highest coverage kmer is: ATTCGGACCTACACCAAGAAG, with worth: 1 and coverage: 96
Tue Mar 12 17:49:03 2019: Highest coverage kmer is: AAGTTTCTGGCGGTGGCGCTA, with worth: 1 and coverage: 82
Tue Mar 12 17:49:05 2019: Highest coverage kmer is: CAAGATAAGACAGAGGAGTAA, with worth: 1 and coverage: 82
Tue Mar 12 17:49:06 2019: Highest coverage kmer is: CTAAAGGTAGAAGTGATGTAA, with worth: 1 and coverage: 73
Tue Mar 12 17:49:08 2019: Highest coverage kmer is: TGTGGCGTGGCGGTGGTCGGA, with worth: 1 and coverage: 73
Tue Mar 12 17:49:10 2019: Highest coverage kmer is: ACAGGTCGTGCCCGTCAAGGT, with worth: 1 and coverage: 69
Tue Mar 12 17:49:11 2019: Highest coverage kmer is: GGTGGCAAGAAGCCGTGGCGT, with worth: 1 and coverage: 66
Tue Mar 12 17:49:13 2019: Highest coverage kmer is: CCCGAACTCGCCCGACGAAAA, with worth: 1 and coverage: 65
Tue Mar 12 17:49:14 2019: Highest coverage kmer is: AAGACACGTTCAGAAGTTTCT, with worth: 1 and coverage: 63
Tue Mar 12 17:49:16 2019: Highest coverage kmer is: CCGGTGGTGGCAAGAAGCCGT, with worth: 1 and coverage: 59
Tue Mar 12 17:49:17 2019: Highest coverage kmer is: CTACCGCCAGAAGGGCACCGG, with worth: 1 and coverage: 48
Tue Mar 12 17:49:19 2019: Highest coverage kmer is: TTCTGAGCTAGTTCGTCAAGA, with worth: 1 and coverage: 48
Tue Mar 12 17:49:21 2019: Highest coverage kmer is: TCAACACCTACGACGTGCTCA, with worth: 1 and coverage: 43
Tue Mar 12 17:49:22 2019: Highest coverage kmer is: AACAAGAAGATGTATCGCGCT, with worth: 1 and coverage: 39
Tue Mar 12 17:49:24 2019: Highest coverage kmer is: AAGGGTACTGGTCGTGCCCGT, with worth: 1 and coverage: 36
Tue Mar 12 17:49:25 2019: Highest coverage kmer is: GTTAAGCAAATCGAGGAGATG, with worth: 1 and coverage: 36
Tue Mar 12 17:49:27 2019: Highest coverage kmer is: CCGGTCGCGCCCGTCAGGGTT, with worth: 1 and coverage: 35
Tue Mar 12 17:49:28 2019: Highest coverage kmer is: GCACCAGGTCGTGGTGGCCCA, with worth: 1 and coverage: 35
Tue Mar 12 17:49:30 2019: Highest coverage kmer is: GGTACGGGCCGTGCTCGTGCC, with worth: 1 and coverage: 35
Tue Mar 12 17:49:31 2019: Highest coverage kmer is: TTCCGCCAGAAGGGCACCGGC, with worth: 1 and coverage: 32
Tue Mar 12 17:49:33 2019: Highest coverage kmer is: AACCGCAAGATGTACCGCGCG, with worth: 1 and coverage: 29
Tue Mar 12 17:49:34 2019: Highest coverage kmer is: ATCAACGTCTATGACATCCTG, with worth: 1 and coverage: 28
Tue Mar 12 17:49:36 2019: Highest coverage kmer is: AAGGGTACAGGTCGTGCTCGT, with worth: 1 and coverage: 27
Tue Mar 12 17:49:37 2019: Highest coverage kmer is: CACGAAGACTCGTGGCGAGGT, with worth: 1 and coverage: 27
Tue Mar 12 17:49:39 2019: Highest coverage kmer is: GGCCGCGCCCGTCAGGGTTCC, with worth: 1 and coverage: 27
Tue Mar 12 17:49:40 2019: Highest coverage kmer is: AAAGGTACTGGCCGCGCACGT, with worth: 1 and coverage: 26
Tue Mar 12 17:49:42 2019: Highest coverage kmer is: CGTAGGTGGTGGACGTGTATT, with worth: 1 and coverage: 26
Tue Mar 12 17:49:43 2019: Highest coverage kmer is: GAAGCCCTACCGCCAGAAGGG, with worth: 1 and coverage: 25
Tue Mar 12 17:49:45 2019: Highest coverage kmer is: TCGCTGAACAAGAAGATCCGC, with worth: 1 and coverage: 24
Tue Mar 12 17:49:46 2019: Highest coverage kmer is: AATCTGGCGTTCCGGTGGCGT, with worth: 1 and coverage: 22
Tue Mar 12 17:49:48 2019: Highest coverage kmer is: AAAGCCTTGGAGACAGAAGGG, with worth: 1 and coverage: 21
Tue Mar 12 17:49:49 2019: Highest coverage kmer is: TTCGACAAGGTTCTAATGACT, with worth: 1 and coverage: 21
Tue Mar 12 17:49:51 2019: Highest coverage kmer is: AAAGAGAGAAGAGCGGCTATT, with worth: 1 and coverage: 20
Tue Mar 12 17:49:52 2019: Highest coverage kmer is: GTCGTCACCTGGCAGCTCGAG, with worth: 1 and coverage: 18
Tue Mar 12 17:49:53 2019: Highest coverage kmer is: CTATTCGTAGCCCAATCTGGC, with worth: 1 and coverage: 17
Tue Mar 12 17:49:55 2019: Highest coverage kmer is: ACAGCTTCTACTAAGACTAGA, with worth: 1 and coverage: 16
Tue Mar 12 17:49:56 2019: Highest coverage kmer is: CCCGTCAGGGTTCCATCCGCG, with worth: 1 and coverage: 16
Tue Mar 12 17:49:58 2019: Highest coverage kmer is: AAGGTTGCTTGGCAGCTCCTC, with worth: 1 and coverage: 15
Tue Mar 12 17:49:59 2019: Highest coverage kmer is: CTGGTTCACCAGGTTGTCGTT, with worth: 1 and coverage: 15
Tue Mar 12 17:50:00 2019: Highest coverage kmer is: AAAGTTCGTCGTTTAGCTCTT, with worth: 1 and coverage: 14
Tue Mar 12 17:50:02 2019: Highest coverage kmer is: AAATTGGCAGGGAGAACAAGT, with worth: 1 and coverage: 14
Tue Mar 12 17:50:03 2019: Highest coverage kmer is: ATCTTTGGTATCGAGCCAAAC, with worth: 1 and coverage: 14
Tue Mar 12 17:50:05 2019: Highest coverage kmer is: AGGCGGCGGACGCAAACCATG, with worth: 1 and coverage: 13
Tue Mar 12 17:50:06 2019: Highest coverage kmer is: CCGGTCGTGCCCGCCAAGGTT, with worth: 1 and coverage: 13
Tue Mar 12 17:50:07 2019: Highest coverage kmer is: ACGATCTGACCAAGAAATTCC, with worth: 1 and coverage: 12
Tue Mar 12 17:50:09 2019: Highest coverage kmer is: CCGCGCAGCTACGACCAGCGC, with worth: 1 and coverage: 12
Tue Mar 12 17:50:10 2019: Highest coverage kmer is: CTCGCCAAGCGCCGCGCCGGC, with worth: 1 and coverage: 11
Tue Mar 12 17:50:12 2019: Highest coverage kmer is: AAAGGAACTGGTAGAGCAAGA, with worth: 1 and coverage: 10
Tue Mar 12 17:50:13 2019: Highest coverage kmer is: ACCGTGTGGTGCGCTGGCAGC, with worth: 1 and coverage: 10
Tue Mar 12 17:50:14 2019: Highest coverage kmer is: ACTGGTCGCGCTCGTGCAGGT, with worth: 1 and coverage: 10
Tue Mar 12 17:50:16 2019: Highest coverage kmer is: CCGCAATGGCGCGGCGGCGGT, with worth: 1 and coverage: 10
Tue Mar 12 17:50:17 2019: Highest coverage kmer is: CGTGCTGAAGTACGTGGTGGT, with worth: 1 and coverage: 10
Tue Mar 12 17:50:18 2019: Highest coverage kmer is: GGTGGTGGACGTAAACCTTGG, with worth: 1 and coverage: 10
Tue Mar 12 17:50:20 2019: Highest coverage kmer is: GTGTTCTCGGTCGAGGCTCTG, with worth: 1 and coverage: 10
Tue Mar 12 17:50:21 2019: Highest coverage kmer is: AAGCCGTTCCGTCAGAAGGGT, with worth: 1 and coverage: 9
Tue Mar 12 17:50:22 2019: Highest coverage kmer is: GCTCGTCAAGGATCAATTAGA, with worth: 1 and coverage: 9
Tue Mar 12 17:50:24 2019: Highest coverage kmer is: ACAAGGTACTCAATCTGCTAA, with worth: 1 and coverage: 8
Tue Mar 12 17:50:25 2019: Highest coverage kmer is: ATGAACCGCAAAGAGCGCCGT, with worth: 1 and coverage: 8
Tue Mar 12 17:50:26 2019: Highest coverage kmer is: GCTAAAGAAAGAGCTGAAGTT, with worth: 1 and coverage: 8
Tue Mar 12 17:50:27 2019: Highest coverage kmer is: TTCGGAATCGAGCCAAACGAA, with worth: 1 and coverage: 8
Tue Mar 12 17:50:29 2019: Highest coverage kmer is: AAAGGCACAGGCCGTGCTCGT, with worth: 1 and coverage: 7
Tue Mar 12 17:50:30 2019: Highest coverage kmer is: AACAACATCAATGTTTATGAT, with worth: 1 and coverage: 7
Tue Mar 12 17:50:31 2019: Highest coverage kmer is: AAGCCCTGGAAGCAGAAGGGT, with worth: 1 and coverage: 7
Tue Mar 12 17:50:33 2019: Highest coverage kmer is: ACAGTACACGACCTGGACGGC, with worth: 1 and coverage: 7
Tue Mar 12 17:50:34 2019: Highest coverage kmer is: CCCATCTGGCGTGGCGGCGGC, with worth: 1 and coverage: 7
Tue Mar 12 17:50:35 2019: Highest coverage kmer is: CCGGTAACGCCCGTCACGGCG, with worth: 1 and coverage: 7
Tue Mar 12 17:50:36 2019: Highest coverage kmer is: CCGGTAACGCTCGTCAGGGCT, with worth: 1 and coverage: 7
Tue Mar 12 17:50:38 2019: Highest coverage kmer is: CTCGTCAAGGTTCTATTAGAG, with worth: 1 and coverage: 7
Tue Mar 12 17:50:39 2019: Highest coverage kmer is: GCGCCAGAAGGGTACTGGTCG, with worth: 1 and coverage: 7
Tue Mar 12 17:50:40 2019: Highest coverage kmer is: AAAGTGGAGGAGGTGTATGCA, with worth: 1 and coverage: 6
Tue Mar 12 17:50:41 2019: Highest coverage kmer is: AAGATGAACAAGAAAGAGAAG, with worth: 1 and coverage: 6
Tue Mar 12 17:50:43 2019: Highest coverage kmer is: AAGCCCTGGCGGCAGAAAGGC, with worth: 1 and coverage: 6
Tue Mar 12 17:50:44 2019: Highest coverage kmer is: AATCCGCTCTGCAATCGCAGC, with worth: 1 and coverage: 6
Tue Mar 12 17:50:45 2019: Highest coverage kmer is: AGCTTGCTAACAAGCGTCAGG, with worth: 1 and coverage: 6
Tue Mar 12 17:50:46 2019: Highest coverage kmer is: ATCTGGCGTGGAGGCGGTCGC, with worth: 1 and coverage: 6
Tue Mar 12 17:50:48 2019: Highest coverage kmer is: ATGGCGCTGAGCGACAAGGCG, with worth: 1 and coverage: 6
Tue Mar 12 17:50:49 2019: Highest coverage kmer is: CGGCGCGAACGTCTACGACAT, with worth: 1 and coverage: 6
Tue Mar 12 17:50:50 2019: Highest coverage kmer is: CTGTTCGTGGCGGTGGTAAGA, with worth: 1 and coverage: 6
Tue Mar 12 17:50:51 2019: Highest coverage kmer is: GCGCCAGAAAGGCACAGGCCG, with worth: 1 and coverage: 6
Tue Mar 12 17:50:52 2019: Highest coverage kmer is: GGCCAACCAGCGTCAGGGCAC, with worth: 1 and coverage: 6
Tue Mar 12 17:50:53 2019: Highest coverage kmer is: GGCCAACTGCCGTCAGGGCAC, with worth: 1 and coverage: 6
Tue Mar 12 17:50:55 2019: Highest coverage kmer is: AAAGTTAGAAGACTTGCTCTT, with worth: 1 and coverage: 5
Tue Mar 12 17:50:56 2019: Highest coverage kmer is: AAGCCCTGGCGTCAGAAGGGT, with worth: 1 and coverage: 5
Tue Mar 12 17:50:57 2019: Highest coverage kmer is: AAGGTTCGTCGTTTGGCGATC, with worth: 1 and coverage: 5
Tue Mar 12 17:50:58 2019: Highest coverage kmer is: ACGCAAGCCTTGGAAACAAAA, with worth: 1 and coverage: 5
Tue Mar 12 17:50:59 2019: Highest coverage kmer is: ACTGGACGTGCTCGTCAGGGT, with worth: 1 and coverage: 5
Tue Mar 12 17:51:00 2019: Highest coverage kmer is: ATGAGTAAAGCAATAGTATTA, with worth: 1 and coverage: 5
Tue Mar 12 17:51:02 2019: Highest coverage kmer is: ATGGAAGTAGCAGTATTAAAT, with worth: 1 and coverage: 5
Tue Mar 12 17:51:03 2019: Highest coverage kmer is: CAGCGCCAGGGTACGCACAAG, with worth: 1 and coverage: 5
Tue Mar 12 17:51:04 2019: Highest coverage kmer is: CTCGTCAAGGTACTCGTGCAC, with worth: 1 and coverage: 5
Tue Mar 12 17:51:05 2019: Highest coverage kmer is: GGAAGCAGAAGGGCACGGGCC, with worth: 1 and coverage: 5
Tue Mar 12 17:51:06 2019: Highest coverage kmer is: GGGCGGCGGCGTGGCCTTCGG, with worth: 1 and coverage: 5
Tue Mar 12 17:51:07 2019: Highest coverage kmer is: GGTCCAAGACCAAGAAATTAC, with worth: 1 and coverage: 5
Tue Mar 12 17:51:08 2019: Highest coverage kmer is: GGTGGTGGTAAGAAACCATGG, with worth: 1 and coverage: 5
Tue Mar 12 17:51:09 2019: Highest coverage kmer is: TCAGAAGTTCGCGGCGGTGGT, with worth: 1 and coverage: 5
Tue Mar 12 17:51:10 2019: Highest coverage kmer is: TCCTCAATTTAGAGGTGGTGG, with worth: 1 and coverage: 5
Tue Mar 12 17:51:11 2019: Highest coverage kmer is: TCGCCGATCTGGCGTACCGGT, with worth: 1 and coverage: 5
Tue Mar 12 17:51:13 2019: Highest coverage kmer is: TCGTAAACCTTGGCGGCAAAA, with worth: 1 and coverage: 5
Tue Mar 12 17:51:14 2019: Highest coverage kmer is: TTTAACGAGTCGCTGGTGCAC, with worth: 1 and coverage: 5
Tue Mar 12 17:51:15 2019: Highest coverage kmer is: AAATCTAAAGAAAGAAGTGAA, with worth: 1 and coverage: 4
Tue Mar 12 17:51:16 2019: Highest coverage kmer is: AACGTCTACGACATCCTCCGC, with worth: 1 and coverage: 4
Tue Mar 12 17:51:17 2019: Highest coverage kmer is: AAGGCTCGCACAACACGCGAA, with worth: 1 and coverage: 4
Tue Mar 12 17:51:18 2019: Highest coverage kmer is: AAGTTTCTGGTGGTGGAAGAA, with worth: 1 and coverage: 4
Tue Mar 12 17:51:19 2019: Highest coverage kmer is: ACGATTTCAAACTGAACCGTA, with worth: 1 and coverage: 4
Tue Mar 12 17:51:20 2019: Highest coverage kmer is: AGGGCACTCACGACACCAAGA, with worth: 1 and coverage: 4
Tue Mar 12 17:51:21 2019: Highest coverage kmer is: AGGGTTCCATCCGTGCTCCCC, with worth: 1 and coverage: 4
Tue Mar 12 17:51:22 2019: Highest coverage kmer is: AGGTGGTGGTCGTGCATTTGG, with worth: 1 and coverage: 4
Tue Mar 12 17:51:23 2019: Highest coverage kmer is: ATCAGCGTCAGGGTACAGCTA, with worth: 1 and coverage: 4
Tue Mar 12 17:51:24 2019: Highest coverage kmer is: CAAGAAACCTTGGCGTCAAAA, with worth: 1 and coverage: 4
Tue Mar 12 17:51:25 2019: Highest coverage kmer is: CACATGGTAGGTGGAGGAGTT, with worth: 1 and coverage: 4
Tue Mar 12 17:51:26 2019: Highest coverage kmer is: CGTCTGGCGATTAAATCCGCT, with worth: 1 and coverage: 4
Tue Mar 12 17:51:27 2019: Highest coverage kmer is: CGTGCTGGCACCATTCGCAGC, with worth: 1 and coverage: 4
Tue Mar 12 17:51:28 2019: Highest coverage kmer is: CGTGGCGGTGGCCGCAAGCCA, with worth: 1 and coverage: 4
Tue Mar 12 17:51:29 2019: Highest coverage kmer is: GGCCAATCAGCGTCAGGGTAC, with worth: 1 and coverage: 4
Tue Mar 12 17:51:30 2019: Highest coverage kmer is: GGGTTGGCGGTGGAGTAGTAT, with worth: 1 and coverage: 4
Tue Mar 12 17:51:31 2019: Highest coverage kmer is: GGTGGTGGTAAGAAGCCGTGG, with worth: 1 and coverage: 4
Tue Mar 12 17:51:32 2019: Highest coverage kmer is: GGTGGTGGTCGTAAGCCGTGG, with worth: 1 and coverage: 4
Tue Mar 12 17:51:33 2019: Highest coverage kmer is: AAAGGGAACTGGTCGCGCTCG, with worth: 1 and coverage: 3
Tue Mar 12 17:51:34 2019: Highest coverage kmer is: AAAGGGACTGGACGTGCTCGT, with worth: 1 and coverage: 3
Tue Mar 12 17:51:35 2019: Highest coverage kmer is: AACCAGAGACAGGGCACACAG, with worth: 1 and coverage: 3
Tue Mar 12 17:51:36 2019: Highest coverage kmer is: AAGAAACCGTGGCGTCAGAAA, with worth: 1 and coverage: 3
Tue Mar 12 17:51:37 2019: Highest coverage kmer is: AAGAAGCCTTGGAAGCAGAAG, with worth: 1 and coverage: 3
Tue Mar 12 17:51:38 2019: Highest coverage kmer is: AAGACCAAGAGCTTTGTCGCC, with worth: 1 and coverage: 3
Tue Mar 12 17:51:39 2019: Highest coverage kmer is: AAGCCAAGAGATTACAGCTAC, with worth: 1 and coverage: 3
Tue Mar 12 17:51:40 2019: Highest coverage kmer is: AAGTTAGAGGTGGTGGTAAAA, with worth: 1 and coverage: 3
Tue Mar 12 17:51:41 2019: Highest coverage kmer is: AATGGGTAGGTGGTGGAGTTG, with worth: 1 and coverage: 3
Tue Mar 12 17:51:42 2019: Highest coverage kmer is: ACGTTTGGGTTGGCGGTGCTG, with worth: 1 and coverage: 3
Tue Mar 12 17:51:43 2019: Highest coverage kmer is: AGCTTCAAACTCAACAAGAAG, with worth: 1 and coverage: 3
Tue Mar 12 17:51:44 2019: Highest coverage kmer is: ATCCTGCGCCGCGACACCCTG, with worth: 1 and coverage: 3
Tue Mar 12 17:51:45 2019: Highest coverage kmer is: ATCTTTATCGGTGGTGGTAAG, with worth: 1 and coverage: 3
Tue Mar 12 17:51:46 2019: Highest coverage kmer is: ATTCAACGAATCCCTGGTGCA, with worth: 1 and coverage: 3
Tue Mar 12 17:51:47 2019: Highest coverage kmer is: CAAGACCAAGGTGCTGGCTGA, with worth: 1 and coverage: 3
Tue Mar 12 17:51:47 2019: Highest coverage kmer is: CACAGTTCCGTGGTGGTGGTA, with worth: 1 and coverage: 3
Tue Mar 12 17:51:48 2019: Highest coverage kmer is: CACCCACTCGGTCAAGACCCG, with worth: 1 and coverage: 3
Tue Mar 12 17:51:49 2019: Highest coverage kmer is: CAGCAAACAACTGCTGCACGA, with worth: 1 and coverage: 3
Tue Mar 12 17:51:50 2019: Highest coverage kmer is: CAGGGTACGCACAAGTCGAAA, with worth: 1 and coverage: 3
Tue Mar 12 17:51:51 2019: Highest coverage kmer is: CCAGAAGGGAACCGGCAACGC, with worth: 1 and coverage: 3
Tue Mar 12 17:51:52 2019: Highest coverage kmer is: CCGCAAGCCCTTCCGTCAGAA, with worth: 1 and coverage: 3
Tue Mar 12 17:51:53 2019: Highest coverage kmer is: CCGGTAATGCCCGTATGGGTA, with worth: 1 and coverage: 3
Tue Mar 12 17:51:54 2019: Highest coverage kmer is: CCGGTGGTGTGACTTTCGCGG, with worth: 1 and coverage: 3
Tue Mar 12 17:51:55 2019: Highest coverage kmer is: CCTTGGAAACAGAAAGGTACT, with worth: 1 and coverage: 3
Tue Mar 12 17:51:55 2019: Highest coverage kmer is: CGCTCGCGCTGGTATGACGTC, with worth: 1 and coverage: 3
Tue Mar 12 17:51:56 2019: Highest coverage kmer is: CGTAGTATAATCTCCGAGCTT, with worth: 1 and coverage: 3
Tue Mar 12 17:51:57 2019: Highest coverage kmer is: CTAAGATTGAGGAGGTGCTGG, with worth: 1 and coverage: 3
Tue Mar 12 17:51:58 2019: Highest coverage kmer is: CTATGACATCCTCAACCATGA, with worth: 1 and coverage: 3
Tue Mar 12 17:51:59 2019: Highest coverage kmer is: CTTACCGTGCTGGTATGCAAA, with worth: 1 and coverage: 3
Tue Mar 12 17:52:00 2019: Highest coverage kmer is: CTTTCAGGAAGAAACATTCCT, with worth: 1 and coverage: 3
Tue Mar 12 17:52:00 2019: Highest coverage kmer is: GCCGTGCTCGTCAGGGTTCCA, with worth: 1 and coverage: 3
Tue Mar 12 17:52:01 2019: Highest coverage kmer is: GCTAGACAAGGTTCTACAAGA, with worth: 1 and coverage: 3
Tue Mar 12 17:52:02 2019: Highest coverage kmer is: GGTACGGTCCACGGACCTCAG, with worth: 1 and coverage: 3
Tue Mar 12 17:52:03 2019: Highest coverage kmer is: GTATTTGGTCCAACTCCAAGA, with worth: 1 and coverage: 3
Tue Mar 12 17:52:04 2019: Highest coverage kmer is: GTTTCCGGTGGTGGAAGAAAA, with worth: 1 and coverage: 3
Tue Mar 12 17:52:05 2019: Highest coverage kmer is: TTCGGAATTGAGCCAAATCAA, with worth: 1 and coverage: 3
Tue Mar 12 17:52:05 2019: Highest coverage kmer is: TTTGGCCGCGATTACAACGAA, with worth: 1 and coverage: 3
Tue Mar 12 17:52:06 2019: Highest coverage kmer is: AAACGCCAGGCTGGCACGCAC, with worth: 1 and coverage: 2
Tue Mar 12 17:52:07 2019: Highest coverage kmer is: AAAGAGCAGTTATATCATCAC, with worth: 1 and coverage: 2
Tue Mar 12 17:52:08 2019: Highest coverage kmer is: AAAGATACCGGAAAGAAAGTA, with worth: 1 and coverage: 2
Tue Mar 12 17:52:09 2019: Highest coverage kmer is: AAAGGAACAGGTAACGCACGT, with worth: 1 and coverage: 2
Tue Mar 12 17:52:09 2019: Highest coverage kmer is: AAAGGCCGCAGCGAAGTGGCC, with worth: 1 and coverage: 2
Tue Mar 12 17:52:10 2019: Highest coverage kmer is: AAAGTTAGAAGATTAGCTTTA, with worth: 1 and coverage: 2
Tue Mar 12 17:52:11 2019: Highest coverage kmer is: AAATCGTTCTGAAGTGAGTCA, with worth: 1 and coverage: 2
Tue Mar 12 17:52:12 2019: Highest coverage kmer is: AACCCGCTCTATAAAGGTGGT, with worth: 1 and coverage: 2
Tue Mar 12 17:52:12 2019: Highest coverage kmer is: AACCTGCCGAATGTGCTGGTG, with worth: 1 and coverage: 2
Tue Mar 12 17:52:13 2019: Highest coverage kmer is: AAGCATTGGAGGCACGTTTAA, with worth: 1 and coverage: 2
Tue Mar 12 17:52:14 2019: Highest coverage kmer is: AAGCGGTGGTGGAAGGAAACC, with worth: 1 and coverage: 2
Tue Mar 12 17:52:15 2019: Highest coverage kmer is: AAGGGAACTGGCCGCGCCCGT, with worth: 1 and coverage: 2
Tue Mar 12 17:52:15 2019: Highest coverage kmer is: AAGTATCACTTCTCCTGTATT, with worth: 1 and coverage: 2
Tue Mar 12 17:52:16 2019: Highest coverage kmer is: AAGTGTCTTGAGAGTAGGTTG, with worth: 1 and coverage: 2
Tue Mar 12 17:52:17 2019: Highest coverage kmer is: AATACAGACCTGATTTAATTA, with worth: 1 and coverage: 2
Tue Mar 12 17:52:17 2019: Highest coverage kmer is: AATGCCAAGCCCTATAAGCAG, with worth: 1 and coverage: 2
Tue Mar 12 17:52:18 2019: Highest coverage kmer is: AATGCCCGTTCAGGCAACCGC, with worth: 1 and coverage: 2
Tue Mar 12 17:52:19 2019: Highest coverage kmer is: AATTGAGCCAAACGATCATGC, with worth: 1 and coverage: 2
Tue Mar 12 17:52:20 2019: Highest coverage kmer is: ACACGCTCGTGCTGACGAAGG, with worth: 1 and coverage: 2
Tue Mar 12 17:52:20 2019: Highest coverage kmer is: ACCAAGACCCGTGCAGAAGTC, with worth: 1 and coverage: 2
Tue Mar 12 17:52:21 2019: Highest coverage kmer is: ACCAGGTTGTTGTAGCTCAGC, with worth: 1 and coverage: 2
Tue Mar 12 17:52:22 2019: Highest coverage kmer is: ACCGCATGGTTCGTTACCAGC, with worth: 1 and coverage: 2
Tue Mar 12 17:52:22 2019: Highest coverage kmer is: ACGAAGACCCGCGCAGAGGTC, with worth: 1 and coverage: 2
Tue Mar 12 17:52:23 2019: Highest coverage kmer is: ACGCACAAATCAAAGGAGCGT, with worth: 1 and coverage: 2
Tue Mar 12 17:52:24 2019: Highest coverage kmer is: ACGGTTCCAATGCCAAGCCTT, with worth: 1 and coverage: 2
Tue Mar 12 17:52:24 2019: Highest coverage kmer is: ACGTGCAGGTAGCATCAAATC, with worth: 1 and coverage: 2
Tue Mar 12 17:52:25 2019: Highest coverage kmer is: ACTCCCAGAAGGTCAACAAAA, with worth: 1 and coverage: 2
Tue Mar 12 17:52:26 2019: Highest coverage kmer is: AGAATTTATATTTATCTTCTC, with worth: 1 and coverage: 2
Tue Mar 12 17:52:26 2019: Highest coverage kmer is: AGAGCCGGATCAATTCGTTCT, with worth: 1 and coverage: 2
Tue Mar 12 17:52:27 2019: Highest coverage kmer is: AGAGCTGGTTCATTAAGAAGC, with worth: 1 and coverage: 2
Tue Mar 12 17:52:28 2019: Highest coverage kmer is: AGCATCACTTCGCCCGTGTTT, with worth: 1 and coverage: 2
Tue Mar 12 17:52:28 2019: Highest coverage kmer is: AGCCATAAGGTCAATCGCAAG, with worth: 1 and coverage: 2
Tue Mar 12 17:52:29 2019: Highest coverage kmer is: AGCTTAGGTGCAAGAAACCAC, with worth: 1 and coverage: 2
Tue Mar 12 17:52:30 2019: Highest coverage kmer is: AGGGCCGGTAAGGGTAAGATG, with worth: 1 and coverage: 2
Tue Mar 12 17:52:30 2019: Highest coverage kmer is: AGGGTTCGATTCGTGCTCCGC, with worth: 1 and coverage: 2
Tue Mar 12 17:52:31 2019: Highest coverage kmer is: ATATGACATTCTTAAATACGA, with worth: 1 and coverage: 2
Tue Mar 12 17:52:31 2019: Highest coverage kmer is: ATCTATTTGGACGTAAAGCAA, with worth: 1 and coverage: 2
Tue Mar 12 17:52:32 2019: Highest coverage kmer is: ATGCCATTTATTTGGATGTAA, with worth: 1 and coverage: 2
Tue Mar 12 17:52:33 2019: Highest coverage kmer is: ATTGAGGCTTTGGAGGATCGT, with worth: 1 and coverage: 2
Tue Mar 12 17:52:33 2019: Highest coverage kmer is: CAAACCCTGGAGACAGAAAGG, with worth: 1 and coverage: 2
Tue Mar 12 17:52:34 2019: Highest coverage kmer is: CAAATTCGGCTCACACTAAAA, with worth: 1 and coverage: 2
Tue Mar 12 17:52:34 2019: Highest coverage kmer is: CAATGTTTACGACATCCTCAA, with worth: 1 and coverage: 2
Tue Mar 12 17:52:35 2019: Highest coverage kmer is: CAGCGCCAGGGAACGCACAAA, with worth: 1 and coverage: 2
Tue Mar 12 17:52:35 2019: Highest coverage kmer is: CTTAATGTTTACGATATTCTT, with worth: 1 and coverage: 2
Tue Mar 12 17:52:36 2019: Highest coverage kmer is: GAACGTGCAGAAATTGTAGGT, with worth: 1 and coverage: 2
Tue Mar 12 17:52:37 2019: Highest coverage kmer is: GAAGAAGAATACAGACCAGAT, with worth: 1 and coverage: 2
Tue Mar 12 17:52:37 2019: Highest coverage kmer is: GAGAGGCGGCGGTGTTGTTTT, with worth: 1 and coverage: 2
Tue Mar 12 17:52:38 2019: Highest coverage kmer is: GCGCCCTCGACGAAGGCCGCG, with worth: 1 and coverage: 2
Tue Mar 12 17:52:38 2019: Highest coverage kmer is: GGAGGCGGTCAAGCACTATCG, with worth: 1 and coverage: 2
Tue Mar 12 17:52:39 2019: Highest coverage kmer is: GGCGAAGTCAGTGGCGGTGGC, with worth: 1 and coverage: 2
Tue Mar 12 17:52:39 2019: Highest coverage kmer is: GGTGAAATGGAATTAAATGAT, with worth: 1 and coverage: 2
Tue Mar 12 17:52:40 2019: Highest coverage kmer is: GTATTCGGTGTTGAGCCAAAC, with worth: 1 and coverage: 2
Tue Mar 12 17:52:40 2019: Highest coverage kmer is: GTGATAGAGTTAAGTGTCAGG, with worth: 1 and coverage: 2
Tue Mar 12 17:52:41 2019: Highest coverage kmer is: TACTTAGAAGTAAAGCAATAT, with worth: 1 and coverage: 2
Tue Mar 12 17:52:41 2019: Highest coverage kmer is: TATTCGCTCGCCACAATGGGT, with worth: 1 and coverage: 2
Tue Mar 12 17:52:42 2019: Highest coverage kmer is: TCAAATCGTTCTCCATTATGG, with worth: 1 and coverage: 2
Tue Mar 12 17:52:42 2019: Highest coverage kmer is: AAACAAACGTAAACGTGTCTT, with worth: 1 and coverage: 1
Tue Mar 12 17:52:42 2019: Highest coverage kmer is: AAACAAAGCAGGCGGTGGCTC, with worth: 1 and coverage: 1
Tue Mar 12 17:52:42 2019: Highest coverage kmer is: AAACAAAGGCATTGGTAAATG, with worth: 1 and coverage: 1
Tue Mar 12 17:52:43 2019: Highest coverage kmer is: AAACAAAGGCGGAAGTCTCTG, with worth: 1 and coverage: 1
Tue Mar 12 17:52:43 2019: Highest coverage kmer is: AAACAAATAAAGTCAGAGTGA, with worth: 1 and coverage: 1
Tue Mar 12 17:52:43 2019: Highest coverage kmer is: AAACAACACAAAGAAGAGGTG, with worth: 1 and coverage: 1
Tue Mar 12 17:52:43 2019: Highest coverage kmer is: AAACAACAGTTTATGATGCAA, with worth: 1 and coverage: 1
Tue Mar 12 17:52:43 2019: Highest coverage kmer is: AAACAAGAAGGAAAGGAGAAT, with worth: 1 and coverage: 1
Tue Mar 12 17:52:44 2019: Highest coverage kmer is: AAACAAGAAGGAAATGAGAAA, with worth: 1 and coverage: 1
Tue Mar 12 17:52:44 2019: Highest coverage kmer is: AAACAAGAAGGAGAAGCGTAA, with worth: 1 and coverage: 1
Tue Mar 12 17:52:44 2019: Highest coverage kmer is: AAACAAGAGGGAGAGGAGGCT, with worth: 1 and coverage: 1
Tue Mar 12 17:52:44 2019: Highest coverage kmer is: AAACAAGAGGGAGCGCAAGCT, with worth: 1 and coverage: 1
Tue Mar 12 17:52:45 2019: Highest coverage kmer is: AAACAAGATTAACCCTAACCT, with worth: 1 and coverage: 1
Tue Mar 12 17:52:45 2019: Highest coverage kmer is: AAACAAGCAAATTCTTGTCAG, with worth: 1 and coverage: 1
Tue Mar 12 17:52:45 2019: Highest coverage kmer is: AAACAAGGAATCAGCGGAAGA, with worth: 1 and coverage: 1
Tue Mar 12 17:52:45 2019: Highest coverage kmer is: AAACAATCAAGTTCTGATGCT, with worth: 1 and coverage: 1
Tue Mar 12 17:52:45 2019: Highest coverage kmer is: AAACACACCAATTTCAATTCA, with worth: 1 and coverage: 1
Tue Mar 12 17:52:46 2019: Highest coverage kmer is: AAACACCTCATCTGGGAGGTC, with worth: 1 and coverage: 1
Tue Mar 12 17:52:46 2019: Highest coverage kmer is: AAACACCTCCAGAAAGAGCAG, with worth: 1 and coverage: 1
Tue Mar 12 17:52:46 2019: Highest coverage kmer is: AAACACGAAAGAAAGACGCCT, with worth: 1 and coverage: 1
Tue Mar 12 17:52:46 2019: Highest coverage kmer is: AAACACTCAACGAAAGAAGCA, with worth: 1 and coverage: 1
Tue Mar 12 17:52:46 2019: Highest coverage kmer is: AAACACTGCTCAAACCAAGAA, with worth: 1 and coverage: 1
Tue Mar 12 17:52:47 2019: Highest coverage kmer is: AAACACTGCTGGCCGGTTCAA, with worth: 1 and coverage: 1
Tue Mar 12 17:52:47 2019: Highest coverage kmer is: AAACAGAAAGCATTCTGGTCA, with worth: 1 and coverage: 1
Tue Mar 12 17:52:47 2019: Highest coverage kmer is: AAACAGAACAATCCGGTTGGC, with worth: 1 and coverage: 1
Tue Mar 12 17:52:47 2019: Highest coverage kmer is: AAACAGAATATAGACCTGATT, with worth: 1 and coverage: 1
Tue Mar 12 17:52:47 2019: Highest coverage kmer is: AAACAGCCGCAGCAGAGGAGG, with worth: 1 and coverage: 1
Tue Mar 12 17:52:47 2019: Highest coverage kmer is: AAACAGCGAGCTATGCTACCA, with worth: 1 and coverage: 1
Tue Mar 12 17:52:48 2019: Highest coverage kmer is: AAACAGCTTGAGGAGAGATTG, with worth: 1 and coverage: 1
Tue Mar 12 17:52:48 2019: Highest coverage kmer is: AAACAGGAAAGAAAGGCTTAT, with worth: 1 and coverage: 1
Tue Mar 12 17:52:48 2019: Highest coverage kmer is: AAACAGGAAGGAAGTCGGCGA, with worth: 1 and coverage: 1
Tue Mar 12 17:52:48 2019: Highest coverage kmer is: AAACAGGATATAGGTAATATC, with worth: 1 and coverage: 1
Tue Mar 12 17:52:48 2019: Highest coverage kmer is: AAACAGGCTGCTGAGATGCTG, with worth: 1 and coverage: 1
Tue Mar 12 17:52:48 2019: Highest coverage kmer is: AAACAGTATCGTTGTGCAATC, with worth: 1 and coverage: 1
Tue Mar 12 17:52:49 2019: Highest coverage kmer is: AAACAGTCCTCCTACAGGTCA, with worth: 1 and coverage: 1
Tue Mar 12 17:52:49 2019: Highest coverage kmer is: AAACAGTGGAGGCAGAAAGGA, with worth: 1 and coverage: 1
Tue Mar 12 17:52:49 2019: Highest coverage kmer is: AAACATCTGCACATTCCTGGG, with worth: 1 and coverage: 1
Tue Mar 12 17:52:49 2019: Highest coverage kmer is: AAACATTGGTGCATCAACTGG, with worth: 1 and coverage: 1
Tue Mar 12 17:52:49 2019: Highest coverage kmer is: AAACCAAAGATGCGGCAAATT, with worth: 1 and coverage: 1
Tue Mar 12 17:52:49 2019: Highest coverage kmer is: AAACCAAGACCGTTGTCAAGG, with worth: 1 and coverage: 1
Tue Mar 12 17:52:50 2019: Highest coverage kmer is: AAACCAATGCAAATTACAAAG, with worth: 1 and coverage: 1
Tue Mar 12 17:52:50 2019: Highest coverage kmer is: AAACCAGACAGTTCGCCGATA, with worth: 1 and coverage: 1
Tue Mar 12 17:52:50 2019: Highest coverage kmer is: AAACCAGGGAAATGGCCCGTA, with worth: 1 and coverage: 1
Tue Mar 12 17:52:50 2019: Highest coverage kmer is: AAACCATGAGCATCTGATCTT, with worth: 1 and coverage: 1
Tue Mar 12 17:52:50 2019: Highest coverage kmer is: AAACCCAGCTTCCTGATGAAA, with worth: 1 and coverage: 1
Tue Mar 12 17:52:50 2019: Highest coverage kmer is: AAACCCATGTCTGCCGATGGT, with worth: 1 and coverage: 1
Tue Mar 12 17:52:50 2019: Highest coverage kmer is: AAACCCGAAGCGAGGTTCGTG, with worth: 1 and coverage: 1
Tue Mar 12 17:52:51 2019: Highest coverage kmer is: AAACCCTGATCGTGCTCGATA, with worth: 1 and coverage: 1
Tue Mar 12 17:52:51 2019: Highest coverage kmer is: AAACCCTGGTGGTGCTGCCTG, with worth: 1 and coverage: 1
Tue Mar 12 17:52:51 2019: Highest coverage kmer is: AAACCGAGGGATTATAGTTTT, with worth: 1 and coverage: 1
Tue Mar 12 17:52:51 2019: Highest coverage kmer is: AAACCGCAGCGCGGTAGCCGG, with worth: 1 and coverage: 1
Tue Mar 12 17:52:51 2019: Highest coverage kmer is: AAACCGTCGCGCAGGGACCGT, with worth: 1 and coverage: 1
Tue Mar 12 17:52:51 2019: Highest coverage kmer is: AAACCGTTCCGCCGTTAGCGG, with worth: 1 and coverage: 1
Tue Mar 12 17:52:51 2019: Highest coverage kmer is: AAACCTAAATTATATGCCCAA, with worth: 1 and coverage: 1
Tue Mar 12 17:52:51 2019: Highest coverage kmer is: AAACCTAGTTAGTGTAACACA, with worth: 1 and coverage: 1
Tue Mar 12 17:52:51 2019: Highest coverage kmer is: AAACCTGCCACAAGTAGAGGT, with worth: 1 and coverage: 1
Tue Mar 12 17:52:52 2019: Highest coverage kmer is: AAACCTTATAGACAGAAGCAT, with worth: 1 and coverage: 1
Tue Mar 12 17:52:52 2019: Highest coverage kmer is: AAACCTTCTGGTTGTTGAGGA, with worth: 1 and coverage: 1
Tue Mar 12 17:52:52 2019: Highest coverage kmer is: AAACCTTGCTGGAGTCGATGT, with worth: 1 and coverage: 1
Tue Mar 12 17:52:52 2019: Highest coverage kmer is: AAACCTTGGAATAGCCAGGGT, with worth: 1 and coverage: 1
Tue Mar 12 17:52:52 2019: Highest coverage kmer is: AAACGAAGCGCGGCCATAATT, with worth: 1 and coverage: 1
Tue Mar 12 17:52:52 2019: Highest coverage kmer is: AAACGACATTGAATCCGTCGC, with worth: 1 and coverage: 1
Tue Mar 12 17:52:52 2019: Highest coverage kmer is: AAACGAGCAGGTAAGAATATC, with worth: 1 and coverage: 1
Tue Mar 12 17:52:52 2019: Highest coverage kmer is: AAACGCAATTATGACTTGAAA, with worth: 1 and coverage: 1
Tue Mar 12 17:52:52 2019: Highest coverage kmer is: AAACGCATCCGTGGAGGAAAG, with worth: 1 and coverage: 1
Tue Mar 12 17:52:52 2019: Highest coverage kmer is: AAACGCATGTACGAAGACTAG, with worth: 1 and coverage: 1
Tue Mar 12 17:52:53 2019: Highest coverage kmer is: AAACGCCGCGCACGAAAGAAA, with worth: 1 and coverage: 1
Tue Mar 12 17:52:53 2019: Highest coverage kmer is: AAACGCGGAGCGGTGCCGAGG, with worth: 1 and coverage: 1
Tue Mar 12 17:52:53 2019: Highest coverage kmer is: AAACGGCGCGATGAAGTCGCC, with worth: 1 and coverage: 1
Tue Mar 12 17:52:53 2019: Highest coverage kmer is: AAACGTCAAGTTCAATTCCGT, with worth: 1 and coverage: 1
Tue Mar 12 17:52:53 2019: Highest coverage kmer is: AAACGTCTATGACCTGCTGAA, with worth: 1 and coverage: 1
Tue Mar 12 17:52:53 2019: Highest coverage kmer is: AAACGTGCCGGACGTGCAGGT, with worth: 1 and coverage: 1
Tue Mar 12 17:52:53 2019: Highest coverage kmer is: AAACTAAAGAAATGGTTGCAA, with worth: 1 and coverage: 1
Tue Mar 12 17:52:53 2019: Highest coverage kmer is: AAACTAAATCTTGAAGGAAAA, with worth: 1 and coverage: 1
Tue Mar 12 17:52:53 2019: Highest coverage kmer is: AAACTAAGGACGCCCACGCTT, with worth: 1 and coverage: 1
Tue Mar 12 17:52:53 2019: Highest coverage kmer is: AAACTATACGGGTTAGGGAGT, with worth: 1 and coverage: 1
Tue Mar 12 17:52:53 2019: Highest coverage kmer is: AAACTATTCGTGGTGGTGGCA, with worth: 1 and coverage: 1
Tue Mar 12 17:52:53 2019: Highest coverage kmer is: AAACTCAAATTGCGTTGAAGT, with worth: 1 and coverage: 1
Tue Mar 12 17:52:53 2019: Highest coverage kmer is: AAACTCAACCGCAAGGTTAAG, with worth: 1 and coverage: 1
Tue Mar 12 17:52:54 2019: Highest coverage kmer is: AAACTCGTGAGATCGTTGATG, with worth: 1 and coverage: 1
Tue Mar 12 17:52:54 2019: Highest coverage kmer is: AAACTCTGCTGTAGGCGGTCA, with worth: 1 and coverage: 1
Tue Mar 12 17:52:54 2019: Highest coverage kmer is: AAACTCTTATTGTTGCTCCTT, with worth: 1 and coverage: 1
Tue Mar 12 17:52:54 2019: Highest coverage kmer is: AAACTGATCGACCGGGAGCTG, with worth: 1 and coverage: 1
Tue Mar 12 17:52:54 2019: Highest coverage kmer is: AAACTGCCCAAGAAGGTGCGC, with worth: 1 and coverage: 1
Tue Mar 12 17:52:54 2019: Highest coverage kmer is: AAACTTCCAATCGTGGTGGAA, with worth: 1 and coverage: 1
Tue Mar 12 17:52:54 2019: Highest coverage kmer is: AAACTTGAAATAACTCATTCT, with worth: 1 and coverage: 1
Tue Mar 12 17:52:54 2019: Highest coverage kmer is: AAACTTGAGGAGAGATTGTCG, with worth: 1 and coverage: 1
Tue Mar 12 17:52:54 2019: Highest coverage kmer is: AAAGAAAGTTGCAGAGCTTTT, with worth: 1 and coverage: 1
Tue Mar 12 17:52:54 2019: Highest coverage kmer is: AAAGAACCACTGCGAAGTACT, with worth: 1 and coverage: 1
Tue Mar 12 17:52:54 2019: Highest coverage kmer is: AAAGAAGGTCAGAAGACTTGC, with worth: 1 and coverage: 1
Tue Mar 12 17:52:54 2019: Highest coverage kmer is: AAAGAATGGTGGAAATCCTGA, with worth: 1 and coverage: 1
Tue Mar 12 17:52:54 2019: Highest coverage kmer is: AAAGACAAGCGAGATTGCCTT, with worth: 1 and coverage: 1
Tue Mar 12 17:52:54 2019: Highest coverage kmer is: AAAGACAAGGAACTAGCGCAC, with worth: 1 and coverage: 1
Tue Mar 12 17:52:54 2019: Highest coverage kmer is: AAAGACAGGAACGCAGCCGTC, with worth: 1 and coverage: 1
Tue Mar 12 17:52:54 2019: Highest coverage kmer is: AAAGACCAGCGATAGAGGTTC, with worth: 1 and coverage: 1
Tue Mar 12 17:52:54 2019: Highest coverage kmer is: AAAGACGCTTAGCGTTAAGGA, with worth: 1 and coverage: 1
Tue Mar 12 17:52:54 2019: Highest coverage kmer is: AAAGACTTTGTTGCTAAATTA, with worth: 1 and coverage: 1
Tue Mar 12 17:52:54 2019: Highest coverage kmer is: AAAGAGAACAGGTCGTGCTAG, with worth: 1 and coverage: 1
Tue Mar 12 17:52:54 2019: Highest coverage kmer is: AAAGATGCAGCGGCAATAGTA, with worth: 1 and coverage: 1
Tue Mar 12 17:52:54 2019: Highest coverage kmer is: AAAGCCGAAGACGAAGAACAT, with worth: 1 and coverage: 1
Tue Mar 12 17:52:54 2019: Highest coverage kmer is: AAAGCCGTTCCGAAGTCAGTG, with worth: 1 and coverage: 1
Tue Mar 12 17:52:54 2019: Highest coverage kmer is: AAAGCGCCCTCATCCTCCTGG, with worth: 1 and coverage: 1
Tue Mar 12 17:52:54 2019: Highest coverage kmer is: AAAGGAACAGGCCGCGCAAGA, with worth: 1 and coverage: 1
Tue Mar 12 17:52:54 2019: Highest coverage kmer is: AAAGGGACCGGGCGTGCTCGC, with worth: 1 and coverage: 1
Tue Mar 12 17:52:54 2019: Highest coverage kmer is: AAAGTCGGTACAGTGGACTTG, with worth: 1 and coverage: 1

Checking output for redundant kmers...

GGTGGCGGACGTAAACCATGG is redundant.
ATTGAGGAGGTGCTTGCATAA is redundant.
AAACCACAAGATCACAGCCAA is redundant.
GAAGCCGTACCGGCAGAAGGG is redundant.
CGTGCTCGTCAAGGTTCTATC is redundant.
ATGTAAGTGGTGGTGGTAAAA is redundant.
TCTATTCGTAGCCCAATCTGG is redundant.
ACAGGTCGTGCTCGTCAAGGT is redundant.
ACTGGTAGAGCAAGACAAGGT is redundant.
ATTGAAAGACGCGCAAAGCGC is redundant.
AACGTCTATGACATCCTGCGC is redundant.
AAATCAAGAGCAGAAGTTAGT is redundant.
ACAGGTAGAGCTAGACAAGGT is redundant.
AAAGGGCACTGGTCGTGCTCG is redundant.
There are 787 21-mers in the representative list.
It took 41 minutes and 55 seconds to generate a list from 10000 sequences.
